<?xml version="1.0"?>
<!DOCTYPE coverage SYSTEM "http://cobertura.sourceforge.net/xml/coverage-04.dtd">

<coverage line-rate="0.5608080808080808" branch-rate="0.5689149560117303" lines-covered="1388" lines-valid="2475" branches-covered="582" branches-valid="1023" complexity="3.3439153439153437" version="2.0.3" timestamp="1403199956001">
	<sources>
		<source>/home/travis/build/griffon/griffon/subprojects/griffon-swing/src/main/java</source>
		<source>/home/travis/build/griffon/griffon/subprojects/griffon-swing/src/main/groovy</source>
	</sources>
	<packages>
		<package name="griffon.swing" line-rate="0.0" branch-rate="0.0" complexity="1.68">
			<classes>
				<class name="griffon.swing.AbstractGriffonApplet" filename="griffon/swing/AbstractGriffonApplet.java" line-rate="0.0" branch-rate="0.0" complexity="1.7179487179487178">
					<methods>
						<method name="&lt;clinit&gt;" signature="()V" line-rate="0.0" branch-rate="1.0">
							<lines>
								<line number="62" hits="0" branch="false"/>
							</lines>
						</method>
						<method name="&lt;init&gt;" signature="()V" line-rate="0.0" branch-rate="1.0">
							<lines>
								<line number="73" hits="0" branch="false"/>
								<line number="74" hits="0" branch="false"/>
							</lines>
						</method>
						<method name="&lt;init&gt;" signature="([Ljava/lang/String;)V" line-rate="0.0" branch-rate="1.0">
							<lines>
								<line number="61" hits="0" branch="false"/>
								<line number="63" hits="0" branch="false"/>
								<line number="64" hits="0" branch="false"/>
								<line number="66" hits="0" branch="false"/>
								<line number="68" hits="0" branch="false"/>
								<line number="76" hits="0" branch="false"/>
								<line number="77" hits="0" branch="false"/>
								<line number="78" hits="0" branch="false"/>
								<line number="79" hits="0" branch="false"/>
								<line number="80" hits="0" branch="false"/>
							</lines>
						</method>
						<method name="addShutdownHandler" signature="(Lgriffon/core/ShutdownHandler;)V" line-rate="0.0" branch-rate="0.0">
							<lines>
								<line number="139" hits="0" branch="false"/>
								<line number="140" hits="0" branch="true" condition-coverage="0% (0/2)">
									<conditions>
										<condition number="0" type="jump" coverage="0%"/>
									</conditions>
								</line>
								<line number="141" hits="0" branch="false"/>
							</lines>
						</method>
						<method name="canShutdown" signature="()Z" line-rate="0.0" branch-rate="0.0">
							<lines>
								<line number="278" hits="0" branch="false"/>
								<line number="279" hits="0" branch="false"/>
								<line number="280" hits="0" branch="true" condition-coverage="0% (0/2)">
									<conditions>
										<condition number="0" type="jump" coverage="0%"/>
									</conditions>
								</line>
								<line number="281" hits="0" branch="true" condition-coverage="0% (0/2)">
									<conditions>
										<condition number="0" type="jump" coverage="0%"/>
									</conditions>
								</line>
								<line number="282" hits="0" branch="false"/>
								<line number="283" hits="0" branch="true" condition-coverage="0% (0/2)">
									<conditions>
										<condition number="0" type="jump" coverage="0%"/>
									</conditions>
								</line>
								<line number="285" hits="0" branch="false"/>
								<line number="286" hits="0" branch="false"/>
								<line number="287" hits="0" branch="false"/>
								<line number="288" hits="0" branch="false"/>
								<line number="290" hits="0" branch="false"/>
								<line number="292" hits="0" branch="false"/>
								<line number="293" hits="0" branch="false"/>
								<line number="294" hits="0" branch="false"/>
							</lines>
						</method>
						<method name="destroy" signature="()V" line-rate="0.0" branch-rate="1.0">
							<lines>
								<line number="100" hits="0" branch="false"/>
								<line number="101" hits="0" branch="false"/>
							</lines>
						</method>
						<method name="event" signature="(Lgriffon/core/ApplicationEvent;Ljava/util/List;)V" line-rate="0.0" branch-rate="1.0">
							<lines>
								<line number="390" hits="0" branch="false"/>
								<line number="391" hits="0" branch="false"/>
							</lines>
						</method>
						<method name="getActionManager" signature="()Lgriffon/core/controller/ActionManager;" line-rate="0.0" branch-rate="1.0">
							<lines>
								<line number="195" hits="0" branch="false"/>
							</lines>
						</method>
						<method name="getAddonManager" signature="()Lgriffon/core/addon/AddonManager;" line-rate="0.0" branch-rate="1.0">
							<lines>
								<line number="201" hits="0" branch="false"/>
							</lines>
						</method>
						<method name="getApplicationClassLoader" signature="()Lgriffon/core/ApplicationClassLoader;" line-rate="0.0" branch-rate="1.0">
							<lines>
								<line number="165" hits="0" branch="false"/>
							</lines>
						</method>
						<method name="getApplicationConfigurer" signature="()Lgriffon/core/ApplicationConfigurer;" line-rate="0.0" branch-rate="1.0">
							<lines>
								<line number="248" hits="0" branch="false"/>
							</lines>
						</method>
						<method name="getArtifactManager" signature="()Lgriffon/core/artifact/ArtifactManager;" line-rate="0.0" branch-rate="1.0">
							<lines>
								<line number="189" hits="0" branch="false"/>
							</lines>
						</method>
						<method name="getConfiguration" signature="()Lgriffon/core/Configuration;" line-rate="0.0" branch-rate="1.0">
							<lines>
								<line number="171" hits="0" branch="false"/>
							</lines>
						</method>
						<method name="getEventRouter" signature="()Lgriffon/core/event/EventRouter;" line-rate="0.0" branch-rate="1.0">
							<lines>
								<line number="183" hits="0" branch="false"/>
							</lines>
						</method>
						<method name="getInjector" signature="()Lgriffon/core/injection/Injector;" line-rate="0.0" branch-rate="1.0">
							<lines>
								<line number="237" hits="0" branch="false"/>
							</lines>
						</method>
						<method name="getLocale" signature="()Ljava/util/Locale;" line-rate="0.0" branch-rate="1.0">
							<lines>
								<line number="114" hits="0" branch="false"/>
							</lines>
						</method>
						<method name="getLog" signature="()Lorg/slf4j/Logger;" line-rate="0.0" branch-rate="1.0">
							<lines>
								<line number="124" hits="0" branch="false"/>
							</lines>
						</method>
						<method name="getMessageSource" signature="()Lgriffon/core/i18n/MessageSource;" line-rate="0.0" branch-rate="1.0">
							<lines>
								<line number="213" hits="0" branch="false"/>
							</lines>
						</method>
						<method name="getMvcGroupManager" signature="()Lgriffon/core/mvc/MVCGroupManager;" line-rate="0.0" branch-rate="1.0">
							<lines>
								<line number="207" hits="0" branch="false"/>
							</lines>
						</method>
						<method name="getPhase" signature="()Lgriffon/core/env/ApplicationPhase;" line-rate="0.0" branch-rate="1.0">
							<lines>
								<line number="150" hits="0" branch="false"/>
								<line number="151" hits="0" branch="false"/>
								<line number="152" hits="0" branch="false"/>
							</lines>
						</method>
						<method name="getResourceHandler" signature="()Lgriffon/core/resources/ResourceHandler;" line-rate="0.0" branch-rate="1.0">
							<lines>
								<line number="225" hits="0" branch="false"/>
							</lines>
						</method>
						<method name="getResourceInjector" signature="()Lgriffon/core/resources/ResourceInjector;" line-rate="0.0" branch-rate="1.0">
							<lines>
								<line number="231" hits="0" branch="false"/>
							</lines>
						</method>
						<method name="getResourceResolver" signature="()Lgriffon/core/resources/ResourceResolver;" line-rate="0.0" branch-rate="1.0">
							<lines>
								<line number="219" hits="0" branch="false"/>
							</lines>
						</method>
						<method name="getStartupArgs" signature="()[Ljava/lang/String;" line-rate="0.0" branch-rate="1.0">
							<lines>
								<line number="119" hits="0" branch="false"/>
							</lines>
						</method>
						<method name="getUIThreadManager" signature="()Lgriffon/core/threading/UIThreadManager;" line-rate="0.0" branch-rate="1.0">
							<lines>
								<line number="177" hits="0" branch="false"/>
							</lines>
						</method>
						<method name="getWindowManager" signature="()Lgriffon/core/view/WindowManager;" line-rate="0.0" branch-rate="1.0">
							<lines>
								<line number="244" hits="0" branch="false"/>
							</lines>
						</method>
						<method name="init" signature="()V" line-rate="0.0" branch-rate="1.0">
							<lines>
								<line number="85" hits="0" branch="false"/>
								<line number="86" hits="0" branch="false"/>
								<line number="87" hits="0" branch="false"/>
							</lines>
						</method>
						<method name="initialize" signature="()V" line-rate="0.0" branch-rate="0.0">
							<lines>
								<line number="252" hits="0" branch="true" condition-coverage="0% (0/2)">
									<conditions>
										<condition number="0" type="jump" coverage="0%"/>
									</conditions>
								</line>
								<line number="253" hits="0" branch="false"/>
								<line number="255" hits="0" branch="false"/>
							</lines>
						</method>
						<method name="ready" signature="()V" line-rate="0.0" branch-rate="0.0">
							<lines>
								<line number="258" hits="0" branch="true" condition-coverage="0% (0/2)">
									<conditions>
										<condition number="0" type="jump" coverage="0%"/>
									</conditions>
								</line>
								<line number="260" hits="0" branch="false"/>
								<line number="262" hits="0" branch="false"/>
								<line number="263" hits="0" branch="false"/>
								<line number="265" hits="0" branch="false"/>
								<line number="266" hits="0" branch="false"/>
								<line number="267" hits="0" branch="false"/>
								<line number="268" hits="0" branch="false"/>
							</lines>
						</method>
						<method name="removeShutdownHandler" signature="(Lgriffon/core/ShutdownHandler;)V" line-rate="0.0" branch-rate="1.0">
							<lines>
								<line number="144" hits="0" branch="false"/>
								<line number="145" hits="0" branch="false"/>
								<line number="146" hits="0" branch="false"/>
							</lines>
						</method>
						<method name="setInjector" signature="(Lgriffon/core/injection/Injector;)V" line-rate="0.0" branch-rate="1.0">
							<lines>
								<line number="106" hits="0" branch="false"/>
								<line number="107" hits="0" branch="false"/>
								<line number="108" hits="0" branch="false"/>
								<line number="109" hits="0" branch="false"/>
								<line number="110" hits="0" branch="false"/>
							</lines>
						</method>
						<method name="setLocale" signature="(Ljava/util/Locale;)V" line-rate="0.0" branch-rate="1.0">
							<lines>
								<line number="132" hits="0" branch="false"/>
								<line number="133" hits="0" branch="false"/>
								<line number="134" hits="0" branch="false"/>
								<line number="135" hits="0" branch="false"/>
								<line number="136" hits="0" branch="false"/>
							</lines>
						</method>
						<method name="setLocaleAsString" signature="(Ljava/lang/String;)V" line-rate="0.0" branch-rate="1.0">
							<lines>
								<line number="128" hits="0" branch="false"/>
								<line number="129" hits="0" branch="false"/>
							</lines>
						</method>
						<method name="setPhase" signature="(Lgriffon/core/env/ApplicationPhase;)V" line-rate="0.0" branch-rate="1.0">
							<lines>
								<line number="156" hits="0" branch="false"/>
								<line number="157" hits="0" branch="false"/>
								<line number="158" hits="0" branch="false"/>
								<line number="159" hits="0" branch="false"/>
								<line number="160" hits="0" branch="false"/>
							</lines>
						</method>
						<method name="showStartingWindow" signature="()V" line-rate="0.0" branch-rate="0.0">
							<lines>
								<line number="271" hits="0" branch="false"/>
								<line number="272" hits="0" branch="true" condition-coverage="0% (0/2)">
									<conditions>
										<condition number="0" type="jump" coverage="0%"/>
									</conditions>
								</line>
								<line number="273" hits="0" branch="false"/>
								<line number="275" hits="0" branch="false"/>
							</lines>
						</method>
						<method name="shutdown" signature="()Z" line-rate="0.0" branch-rate="0.0">
							<lines>
								<line number="300" hits="0" branch="true" condition-coverage="0% (0/2)">
									<conditions>
										<condition number="0" type="jump" coverage="0%"/>
									</conditions>
								</line>
								<line number="302" hits="0" branch="true" condition-coverage="0% (0/2)">
									<conditions>
										<condition number="0" type="jump" coverage="0%"/>
									</conditions>
								</line>
								<line number="303" hits="0" branch="false"/>
								<line number="306" hits="0" branch="false"/>
								<line number="312" hits="0" branch="false"/>
								<line number="313" hits="0" branch="true" condition-coverage="0% (0/2)">
									<conditions>
										<condition number="0" type="jump" coverage="0%"/>
									</conditions>
								</line>
								<line number="314" hits="0" branch="true" condition-coverage="0% (0/2)">
									<conditions>
										<condition number="0" type="jump" coverage="0%"/>
									</conditions>
								</line>
								<line number="315" hits="0" branch="false"/>
								<line number="323" hits="0" branch="false"/>
								<line number="325" hits="0" branch="false"/>
								<line number="326" hits="0" branch="false"/>
								<line number="328" hits="0" branch="false"/>
								<line number="332" hits="0" branch="false"/>
								<line number="333" hits="0" branch="false"/>
								<line number="334" hits="0" branch="true" condition-coverage="0% (0/2)">
									<conditions>
										<condition number="0" type="jump" coverage="0%"/>
									</conditions>
								</line>
								<line number="335" hits="0" branch="false"/>
								<line number="336" hits="0" branch="false"/>
								<line number="337" hits="0" branch="false"/>
								<line number="340" hits="0" branch="false"/>
								<line number="341" hits="0" branch="false"/>
								<line number="342" hits="0" branch="false"/>
								<line number="343" hits="0" branch="true" condition-coverage="0% (0/2)">
									<conditions>
										<condition number="0" type="jump" coverage="0%"/>
									</conditions>
								</line>
								<line number="344" hits="0" branch="false"/>
								<line number="345" hits="0" branch="false"/>
								<line number="348" hits="0" branch="false"/>
								<line number="349" hits="0" branch="false"/>
								<line number="351" hits="0" branch="false"/>
								<line number="352" hits="0" branch="false"/>
								<line number="354" hits="0" branch="false"/>
							</lines>
						</method>
						<method name="start" signature="()V" line-rate="0.0" branch-rate="1.0">
							<lines>
								<line number="90" hits="0" branch="false"/>
								<line number="91" hits="0" branch="false"/>
							</lines>
						</method>
						<method name="startup" signature="()V" line-rate="0.0" branch-rate="0.0">
							<lines>
								<line number="359" hits="0" branch="true" condition-coverage="0% (0/2)">
									<conditions>
										<condition number="0" type="jump" coverage="0%"/>
									</conditions>
								</line>
								<line number="361" hits="0" branch="false"/>
								<line number="362" hits="0" branch="false"/>
								<line number="364" hits="0" branch="false"/>
								<line number="365" hits="0" branch="true" condition-coverage="0% (0/2)">
									<conditions>
										<condition number="0" type="jump" coverage="0%"/>
									</conditions>
								</line>
								<line number="366" hits="0" branch="true" condition-coverage="0% (0/2)">
									<conditions>
										<condition number="0" type="jump" coverage="0%"/>
									</conditions>
								</line>
								<line number="367" hits="0" branch="false"/>
								<line number="370" hits="0" branch="true" condition-coverage="0% (0/2)">
									<conditions>
										<condition number="0" type="jump" coverage="0%"/>
									</conditions>
								</line>
								<line number="371" hits="0" branch="false"/>
								<line number="372" hits="0" branch="false"/>
								<line number="373" hits="0" branch="true" condition-coverage="0% (0/4)">
									<conditions>
										<condition number="0" type="jump" coverage="0%"/>
										<condition number="1" type="jump" coverage="0%"/>
									</conditions>
								</line>
								<line number="374" hits="0" branch="false"/>
								<line number="375" hits="0" branch="true" condition-coverage="0% (0/2)">
									<conditions>
										<condition number="0" type="jump" coverage="0%"/>
									</conditions>
								</line>
								<line number="376" hits="0" branch="false"/>
								<line number="379" hits="0" branch="true" condition-coverage="0% (0/2)">
									<conditions>
										<condition number="0" type="jump" coverage="0%"/>
									</conditions>
								</line>
								<line number="380" hits="0" branch="false"/>
								<line number="384" hits="0" branch="false"/>
								<line number="386" hits="0" branch="false"/>
								<line number="387" hits="0" branch="false"/>
							</lines>
						</method>
						<method name="stop" signature="()V" line-rate="0.0" branch-rate="1.0">
							<lines>
								<line number="94" hits="0" branch="false"/>
								<line number="95" hits="0" branch="false"/>
								<line number="96" hits="0" branch="false"/>
								<line number="97" hits="0" branch="false"/>
							</lines>
						</method>
					</methods>
					<lines>
						<line number="61" hits="0" branch="false"/>
						<line number="62" hits="0" branch="false"/>
						<line number="63" hits="0" branch="false"/>
						<line number="64" hits="0" branch="false"/>
						<line number="66" hits="0" branch="false"/>
						<line number="68" hits="0" branch="false"/>
						<line number="73" hits="0" branch="false"/>
						<line number="74" hits="0" branch="false"/>
						<line number="76" hits="0" branch="false"/>
						<line number="77" hits="0" branch="false"/>
						<line number="78" hits="0" branch="false"/>
						<line number="79" hits="0" branch="false"/>
						<line number="80" hits="0" branch="false"/>
						<line number="85" hits="0" branch="false"/>
						<line number="86" hits="0" branch="false"/>
						<line number="87" hits="0" branch="false"/>
						<line number="90" hits="0" branch="false"/>
						<line number="91" hits="0" branch="false"/>
						<line number="94" hits="0" branch="false"/>
						<line number="95" hits="0" branch="false"/>
						<line number="96" hits="0" branch="false"/>
						<line number="97" hits="0" branch="false"/>
						<line number="100" hits="0" branch="false"/>
						<line number="101" hits="0" branch="false"/>
						<line number="106" hits="0" branch="false"/>
						<line number="107" hits="0" branch="false"/>
						<line number="108" hits="0" branch="false"/>
						<line number="109" hits="0" branch="false"/>
						<line number="110" hits="0" branch="false"/>
						<line number="114" hits="0" branch="false"/>
						<line number="119" hits="0" branch="false"/>
						<line number="124" hits="0" branch="false"/>
						<line number="128" hits="0" branch="false"/>
						<line number="129" hits="0" branch="false"/>
						<line number="132" hits="0" branch="false"/>
						<line number="133" hits="0" branch="false"/>
						<line number="134" hits="0" branch="false"/>
						<line number="135" hits="0" branch="false"/>
						<line number="136" hits="0" branch="false"/>
						<line number="139" hits="0" branch="false"/>
						<line number="140" hits="0" branch="true" condition-coverage="0% (0/2)">
							<conditions>
								<condition number="0" type="jump" coverage="0%"/>
							</conditions>
						</line>
						<line number="141" hits="0" branch="false"/>
						<line number="144" hits="0" branch="false"/>
						<line number="145" hits="0" branch="false"/>
						<line number="146" hits="0" branch="false"/>
						<line number="150" hits="0" branch="false"/>
						<line number="151" hits="0" branch="false"/>
						<line number="152" hits="0" branch="false"/>
						<line number="156" hits="0" branch="false"/>
						<line number="157" hits="0" branch="false"/>
						<line number="158" hits="0" branch="false"/>
						<line number="159" hits="0" branch="false"/>
						<line number="160" hits="0" branch="false"/>
						<line number="165" hits="0" branch="false"/>
						<line number="171" hits="0" branch="false"/>
						<line number="177" hits="0" branch="false"/>
						<line number="183" hits="0" branch="false"/>
						<line number="189" hits="0" branch="false"/>
						<line number="195" hits="0" branch="false"/>
						<line number="201" hits="0" branch="false"/>
						<line number="207" hits="0" branch="false"/>
						<line number="213" hits="0" branch="false"/>
						<line number="219" hits="0" branch="false"/>
						<line number="225" hits="0" branch="false"/>
						<line number="231" hits="0" branch="false"/>
						<line number="237" hits="0" branch="false"/>
						<line number="244" hits="0" branch="false"/>
						<line number="248" hits="0" branch="false"/>
						<line number="252" hits="0" branch="true" condition-coverage="0% (0/2)">
							<conditions>
								<condition number="0" type="jump" coverage="0%"/>
							</conditions>
						</line>
						<line number="253" hits="0" branch="false"/>
						<line number="255" hits="0" branch="false"/>
						<line number="258" hits="0" branch="true" condition-coverage="0% (0/2)">
							<conditions>
								<condition number="0" type="jump" coverage="0%"/>
							</conditions>
						</line>
						<line number="260" hits="0" branch="false"/>
						<line number="262" hits="0" branch="false"/>
						<line number="263" hits="0" branch="false"/>
						<line number="265" hits="0" branch="false"/>
						<line number="266" hits="0" branch="false"/>
						<line number="267" hits="0" branch="false"/>
						<line number="268" hits="0" branch="false"/>
						<line number="271" hits="0" branch="false"/>
						<line number="272" hits="0" branch="true" condition-coverage="0% (0/2)">
							<conditions>
								<condition number="0" type="jump" coverage="0%"/>
							</conditions>
						</line>
						<line number="273" hits="0" branch="false"/>
						<line number="275" hits="0" branch="false"/>
						<line number="278" hits="0" branch="false"/>
						<line number="279" hits="0" branch="false"/>
						<line number="280" hits="0" branch="true" condition-coverage="0% (0/2)">
							<conditions>
								<condition number="0" type="jump" coverage="0%"/>
							</conditions>
						</line>
						<line number="281" hits="0" branch="true" condition-coverage="0% (0/2)">
							<conditions>
								<condition number="0" type="jump" coverage="0%"/>
							</conditions>
						</line>
						<line number="282" hits="0" branch="false"/>
						<line number="283" hits="0" branch="true" condition-coverage="0% (0/2)">
							<conditions>
								<condition number="0" type="jump" coverage="0%"/>
							</conditions>
						</line>
						<line number="285" hits="0" branch="false"/>
						<line number="286" hits="0" branch="false"/>
						<line number="287" hits="0" branch="false"/>
						<line number="288" hits="0" branch="false"/>
						<line number="290" hits="0" branch="false"/>
						<line number="292" hits="0" branch="false"/>
						<line number="293" hits="0" branch="false"/>
						<line number="294" hits="0" branch="false"/>
						<line number="300" hits="0" branch="true" condition-coverage="0% (0/2)">
							<conditions>
								<condition number="0" type="jump" coverage="0%"/>
							</conditions>
						</line>
						<line number="302" hits="0" branch="true" condition-coverage="0% (0/2)">
							<conditions>
								<condition number="0" type="jump" coverage="0%"/>
							</conditions>
						</line>
						<line number="303" hits="0" branch="false"/>
						<line number="306" hits="0" branch="false"/>
						<line number="312" hits="0" branch="false"/>
						<line number="313" hits="0" branch="true" condition-coverage="0% (0/2)">
							<conditions>
								<condition number="0" type="jump" coverage="0%"/>
							</conditions>
						</line>
						<line number="314" hits="0" branch="true" condition-coverage="0% (0/2)">
							<conditions>
								<condition number="0" type="jump" coverage="0%"/>
							</conditions>
						</line>
						<line number="315" hits="0" branch="false"/>
						<line number="323" hits="0" branch="false"/>
						<line number="325" hits="0" branch="false"/>
						<line number="326" hits="0" branch="false"/>
						<line number="328" hits="0" branch="false"/>
						<line number="332" hits="0" branch="false"/>
						<line number="333" hits="0" branch="false"/>
						<line number="334" hits="0" branch="true" condition-coverage="0% (0/2)">
							<conditions>
								<condition number="0" type="jump" coverage="0%"/>
							</conditions>
						</line>
						<line number="335" hits="0" branch="false"/>
						<line number="336" hits="0" branch="false"/>
						<line number="337" hits="0" branch="false"/>
						<line number="340" hits="0" branch="false"/>
						<line number="341" hits="0" branch="false"/>
						<line number="342" hits="0" branch="false"/>
						<line number="343" hits="0" branch="true" condition-coverage="0% (0/2)">
							<conditions>
								<condition number="0" type="jump" coverage="0%"/>
							</conditions>
						</line>
						<line number="344" hits="0" branch="false"/>
						<line number="345" hits="0" branch="false"/>
						<line number="348" hits="0" branch="false"/>
						<line number="349" hits="0" branch="false"/>
						<line number="351" hits="0" branch="false"/>
						<line number="352" hits="0" branch="false"/>
						<line number="354" hits="0" branch="false"/>
						<line number="359" hits="0" branch="true" condition-coverage="0% (0/2)">
							<conditions>
								<condition number="0" type="jump" coverage="0%"/>
							</conditions>
						</line>
						<line number="361" hits="0" branch="false"/>
						<line number="362" hits="0" branch="false"/>
						<line number="364" hits="0" branch="false"/>
						<line number="365" hits="0" branch="true" condition-coverage="0% (0/2)">
							<conditions>
								<condition number="0" type="jump" coverage="0%"/>
							</conditions>
						</line>
						<line number="366" hits="0" branch="true" condition-coverage="0% (0/2)">
							<conditions>
								<condition number="0" type="jump" coverage="0%"/>
							</conditions>
						</line>
						<line number="367" hits="0" branch="false"/>
						<line number="370" hits="0" branch="true" condition-coverage="0% (0/2)">
							<conditions>
								<condition number="0" type="jump" coverage="0%"/>
							</conditions>
						</line>
						<line number="371" hits="0" branch="false"/>
						<line number="372" hits="0" branch="false"/>
						<line number="373" hits="0" branch="true" condition-coverage="0% (0/4)">
							<conditions>
								<condition number="0" type="jump" coverage="0%"/>
								<condition number="1" type="jump" coverage="0%"/>
							</conditions>
						</line>
						<line number="374" hits="0" branch="false"/>
						<line number="375" hits="0" branch="true" condition-coverage="0% (0/2)">
							<conditions>
								<condition number="0" type="jump" coverage="0%"/>
							</conditions>
						</line>
						<line number="376" hits="0" branch="false"/>
						<line number="379" hits="0" branch="true" condition-coverage="0% (0/2)">
							<conditions>
								<condition number="0" type="jump" coverage="0%"/>
							</conditions>
						</line>
						<line number="380" hits="0" branch="false"/>
						<line number="384" hits="0" branch="false"/>
						<line number="386" hits="0" branch="false"/>
						<line number="387" hits="0" branch="false"/>
						<line number="390" hits="0" branch="false"/>
						<line number="391" hits="0" branch="false"/>
					</lines>
				</class>
				<class name="griffon.swing.AbstractGriffonApplet$1" filename="griffon/swing/AbstractGriffonApplet.java" line-rate="0.0" branch-rate="1.0" complexity="1.7179487179487178">
					<methods>
						<method name="&lt;init&gt;" signature="(Lgriffon/swing/AbstractGriffonApplet;Ljava/util/concurrent/CountDownLatch;)V" line-rate="1.0" branch-rate="1.0">
							<lines>
							</lines>
						</method>
						<method name="call" signature="([Ljava/lang/Object;)Ljava/lang/Object;" line-rate="0.0" branch-rate="1.0">
							<lines>
								<line number="315" hits="0" branch="false"/>
							</lines>
						</method>
						<method name="call" signature="([Ljava/lang/Object;)Ljava/lang/Void;" line-rate="0.0" branch-rate="1.0">
							<lines>
								<line number="319" hits="0" branch="false"/>
								<line number="320" hits="0" branch="false"/>
							</lines>
						</method>
					</methods>
					<lines>
						<line number="315" hits="0" branch="false"/>
						<line number="319" hits="0" branch="false"/>
						<line number="320" hits="0" branch="false"/>
					</lines>
				</class>
				<class name="griffon.swing.SwingGriffonApplet" filename="griffon/swing/SwingGriffonApplet.java" line-rate="0.0" branch-rate="0.0" complexity="3.0">
					<methods>
						<method name="&lt;init&gt;" signature="()V" line-rate="0.0" branch-rate="1.0">
							<lines>
								<line number="30" hits="0" branch="false"/>
								<line number="33" hits="0" branch="false"/>
							</lines>
						</method>
						<method name="createApplicationContainer" signature="(Ljava/util/Map;)Ljava/lang/Object;" line-rate="0.0" branch-rate="0.0">
							<lines>
								<line number="38" hits="0" branch="true" condition-coverage="0% (0/2)">
									<conditions>
										<condition number="0" type="jump" coverage="0%"/>
									</conditions>
								</line>
								<line number="39" hits="0" branch="false"/>
								<line number="41" hits="0" branch="false"/>
								<line number="42" hits="0" branch="false"/>
							</lines>
						</method>
					</methods>
					<lines>
						<line number="30" hits="0" branch="false"/>
						<line number="33" hits="0" branch="false"/>
						<line number="38" hits="0" branch="true" condition-coverage="0% (0/2)">
							<conditions>
								<condition number="0" type="jump" coverage="0%"/>
							</conditions>
						</line>
						<line number="39" hits="0" branch="false"/>
						<line number="41" hits="0" branch="false"/>
						<line number="42" hits="0" branch="false"/>
					</lines>
				</class>
				<class name="griffon.swing.SwingGriffonApplication" filename="griffon/swing/SwingGriffonApplication.java" line-rate="0.0" branch-rate="0.0" complexity="1.5">
					<methods>
						<method name="&lt;init&gt;" signature="()V" line-rate="0.0" branch-rate="1.0">
							<lines>
								<line number="31" hits="0" branch="false"/>
								<line number="32" hits="0" branch="false"/>
							</lines>
						</method>
						<method name="&lt;init&gt;" signature="([Ljava/lang/String;)V" line-rate="0.0" branch-rate="1.0">
							<lines>
								<line number="35" hits="0" branch="false"/>
								<line number="36" hits="0" branch="false"/>
							</lines>
						</method>
						<method name="createApplicationContainer" signature="(Ljava/util/Map;)Ljava/lang/Object;" line-rate="0.0" branch-rate="1.0">
							<lines>
								<line number="74" hits="0" branch="false"/>
							</lines>
						</method>
						<method name="exit" signature="()V" line-rate="0.0" branch-rate="1.0">
							<lines>
								<line number="68" hits="0" branch="false"/>
								<line number="69" hits="0" branch="false"/>
							</lines>
						</method>
						<method name="main" signature="([Ljava/lang/String;)V" line-rate="0.0" branch-rate="1.0">
							<lines>
								<line number="78" hits="0" branch="false"/>
								<line number="79" hits="0" branch="false"/>
							</lines>
						</method>
						<method name="showStartingWindow" signature="()V" line-rate="0.0" branch-rate="0.0">
							<lines>
								<line number="40" hits="0" branch="false"/>
								<line number="43" hits="0" branch="false"/>
								<line number="45" hits="0" branch="false"/>
								<line number="50" hits="0" branch="true" condition-coverage="0% (0/2)">
									<conditions>
										<condition number="0" type="jump" coverage="0%"/>
									</conditions>
								</line>
								<line number="52" hits="0" branch="false"/>
								<line number="53" hits="0" branch="false"/>
								<line number="55" hits="0" branch="false"/>
								<line number="57" hits="0" branch="false"/>
							</lines>
						</method>
						<method name="shutdown" signature="()Z" line-rate="0.0" branch-rate="0.0">
							<lines>
								<line number="61" hits="0" branch="true" condition-coverage="0% (0/2)">
									<conditions>
										<condition number="0" type="jump" coverage="0%"/>
									</conditions>
								</line>
								<line number="62" hits="0" branch="false"/>
								<line number="64" hits="0" branch="false"/>
							</lines>
						</method>
					</methods>
					<lines>
						<line number="31" hits="0" branch="false"/>
						<line number="32" hits="0" branch="false"/>
						<line number="35" hits="0" branch="false"/>
						<line number="36" hits="0" branch="false"/>
						<line number="40" hits="0" branch="false"/>
						<line number="43" hits="0" branch="false"/>
						<line number="45" hits="0" branch="false"/>
						<line number="50" hits="0" branch="true" condition-coverage="0% (0/2)">
							<conditions>
								<condition number="0" type="jump" coverage="0%"/>
							</conditions>
						</line>
						<line number="52" hits="0" branch="false"/>
						<line number="53" hits="0" branch="false"/>
						<line number="55" hits="0" branch="false"/>
						<line number="57" hits="0" branch="false"/>
						<line number="61" hits="0" branch="true" condition-coverage="0% (0/2)">
							<conditions>
								<condition number="0" type="jump" coverage="0%"/>
							</conditions>
						</line>
						<line number="62" hits="0" branch="false"/>
						<line number="64" hits="0" branch="false"/>
						<line number="68" hits="0" branch="false"/>
						<line number="69" hits="0" branch="false"/>
						<line number="74" hits="0" branch="false"/>
						<line number="78" hits="0" branch="false"/>
						<line number="79" hits="0" branch="false"/>
					</lines>
				</class>
				<class name="griffon.swing.SwingGriffonApplication$1" filename="griffon/swing/SwingGriffonApplication.java" line-rate="0.0" branch-rate="0.0" complexity="1.5">
					<methods>
						<method name="&lt;init&gt;" signature="(Lgriffon/swing/SwingGriffonApplication;[Z)V" line-rate="0.0" branch-rate="1.0">
							<lines>
								<line number="45" hits="0" branch="false"/>
							</lines>
						</method>
						<method name="run" signature="()V" line-rate="0.0" branch-rate="0.0">
							<lines>
								<line number="47" hits="0" branch="true" condition-coverage="0% (0/2)">
									<conditions>
										<condition number="0" type="jump" coverage="0%"/>
									</conditions>
								</line>
								<line number="48" hits="0" branch="false"/>
							</lines>
						</method>
					</methods>
					<lines>
						<line number="45" hits="0" branch="false"/>
						<line number="47" hits="0" branch="true" condition-coverage="0% (0/2)">
							<conditions>
								<condition number="0" type="jump" coverage="0%"/>
							</conditions>
						</line>
						<line number="48" hits="0" branch="false"/>
					</lines>
				</class>
				<class name="griffon.swing.SwingWindowDisplayHandler" filename="griffon/swing/SwingWindowDisplayHandler.java" line-rate="1.0" branch-rate="1.0" complexity="1.0">
					<methods>
					</methods>
					<lines>
					</lines>
				</class>
				<class name="griffon.swing.SwingWindowManager" filename="griffon/swing/SwingWindowManager.java" line-rate="1.0" branch-rate="1.0" complexity="0.0">
					<methods>
					</methods>
					<lines>
					</lines>
				</class>
			</classes>
		</package>
		<package name="griffon.swing.editors" line-rate="0.8779342723004695" branch-rate="0.9172297297297297" complexity="4.864516129032258">
			<classes>
				<class name="griffon.swing.editors.BufferedImagePropertyEditor" filename="griffon/swing/editors/BufferedImagePropertyEditor.java" line-rate="0.375" branch-rate="0.6666666666666666" complexity="3.857142857142857">
					<methods>
						<method name="&lt;init&gt;" signature="()V" line-rate="1.0" branch-rate="1.0">
							<lines>
								<line number="38" hits="14" branch="false"/>
							</lines>
						</method>
						<method name="handleAsFile" signature="(Ljava/io/File;)V" line-rate="0.0" branch-rate="1.0">
							<lines>
								<line number="71" hits="0" branch="false"/>
								<line number="72" hits="0" branch="false"/>
								<line number="73" hits="0" branch="false"/>
								<line number="74" hits="0" branch="false"/>
								<line number="75" hits="0" branch="false"/>
							</lines>
						</method>
						<method name="handleAsImageInputStream" signature="(Ljavax/imageio/stream/ImageInputStream;)V" line-rate="0.0" branch-rate="1.0">
							<lines>
								<line number="103" hits="0" branch="false"/>
								<line number="104" hits="0" branch="false"/>
								<line number="105" hits="0" branch="false"/>
								<line number="106" hits="0" branch="false"/>
								<line number="107" hits="0" branch="false"/>
							</lines>
						</method>
						<method name="handleAsInputStream" signature="(Ljava/io/InputStream;)V" line-rate="0.0" branch-rate="1.0">
							<lines>
								<line number="95" hits="0" branch="false"/>
								<line number="96" hits="0" branch="false"/>
								<line number="97" hits="0" branch="false"/>
								<line number="98" hits="0" branch="false"/>
								<line number="99" hits="0" branch="false"/>
							</lines>
						</method>
						<method name="handleAsString" signature="(Ljava/lang/String;)V" line-rate="1.0" branch-rate="1.0">
							<lines>
								<line number="62" hits="6" branch="true" condition-coverage="100% (2/2)">
									<conditions>
										<condition number="0" type="jump" coverage="100%"/>
									</conditions>
								</line>
								<line number="63" hits="2" branch="false"/>
								<line number="65" hits="4" branch="false"/>
								<line number="67" hits="2" branch="false"/>
							</lines>
						</method>
						<method name="handleAsURI" signature="(Ljava/net/URI;)V" line-rate="0.0" branch-rate="1.0">
							<lines>
								<line number="87" hits="0" branch="false"/>
								<line number="88" hits="0" branch="false"/>
								<line number="89" hits="0" branch="false"/>
								<line number="90" hits="0" branch="false"/>
								<line number="91" hits="0" branch="false"/>
							</lines>
						</method>
						<method name="handleAsURL" signature="(Ljava/net/URL;)V" line-rate="0.2" branch-rate="1.0">
							<lines>
								<line number="79" hits="4" branch="false"/>
								<line number="80" hits="0" branch="false"/>
								<line number="81" hits="0" branch="false"/>
								<line number="82" hits="0" branch="false"/>
								<line number="83" hits="0" branch="false"/>
							</lines>
						</method>
						<method name="setValueInternal" signature="(Ljava/lang/Object;)V" line-rate="0.6666666666666666" branch-rate="0.625">
							<lines>
								<line number="40" hits="14" branch="true" condition-coverage="100% (2/2)">
									<conditions>
										<condition number="0" type="jump" coverage="100%"/>
									</conditions>
								</line>
								<line number="41" hits="1" branch="false"/>
								<line number="42" hits="13" branch="true" condition-coverage="100% (2/2)">
									<conditions>
										<condition number="0" type="jump" coverage="100%"/>
									</conditions>
								</line>
								<line number="43" hits="6" branch="false"/>
								<line number="44" hits="7" branch="true" condition-coverage="50% (1/2)">
									<conditions>
										<condition number="0" type="jump" coverage="50%"/>
									</conditions>
								</line>
								<line number="45" hits="0" branch="false"/>
								<line number="46" hits="7" branch="true" condition-coverage="50% (1/2)">
									<conditions>
										<condition number="0" type="jump" coverage="50%"/>
									</conditions>
								</line>
								<line number="47" hits="0" branch="false"/>
								<line number="48" hits="7" branch="true" condition-coverage="50% (1/2)">
									<conditions>
										<condition number="0" type="jump" coverage="50%"/>
									</conditions>
								</line>
								<line number="49" hits="0" branch="false"/>
								<line number="50" hits="7" branch="true" condition-coverage="50% (1/2)">
									<conditions>
										<condition number="0" type="jump" coverage="50%"/>
									</conditions>
								</line>
								<line number="51" hits="0" branch="false"/>
								<line number="52" hits="7" branch="true" condition-coverage="50% (1/2)">
									<conditions>
										<condition number="0" type="jump" coverage="50%"/>
									</conditions>
								</line>
								<line number="53" hits="0" branch="false"/>
								<line number="54" hits="7" branch="true" condition-coverage="50% (1/2)">
									<conditions>
										<condition number="0" type="jump" coverage="50%"/>
									</conditions>
								</line>
								<line number="55" hits="0" branch="false"/>
								<line number="57" hits="7" branch="false"/>
								<line number="59" hits="3" branch="false"/>
							</lines>
						</method>
					</methods>
					<lines>
						<line number="38" hits="14" branch="false"/>
						<line number="40" hits="14" branch="true" condition-coverage="100% (2/2)">
							<conditions>
								<condition number="0" type="jump" coverage="100%"/>
							</conditions>
						</line>
						<line number="41" hits="1" branch="false"/>
						<line number="42" hits="13" branch="true" condition-coverage="100% (2/2)">
							<conditions>
								<condition number="0" type="jump" coverage="100%"/>
							</conditions>
						</line>
						<line number="43" hits="6" branch="false"/>
						<line number="44" hits="7" branch="true" condition-coverage="50% (1/2)">
							<conditions>
								<condition number="0" type="jump" coverage="50%"/>
							</conditions>
						</line>
						<line number="45" hits="0" branch="false"/>
						<line number="46" hits="7" branch="true" condition-coverage="50% (1/2)">
							<conditions>
								<condition number="0" type="jump" coverage="50%"/>
							</conditions>
						</line>
						<line number="47" hits="0" branch="false"/>
						<line number="48" hits="7" branch="true" condition-coverage="50% (1/2)">
							<conditions>
								<condition number="0" type="jump" coverage="50%"/>
							</conditions>
						</line>
						<line number="49" hits="0" branch="false"/>
						<line number="50" hits="7" branch="true" condition-coverage="50% (1/2)">
							<conditions>
								<condition number="0" type="jump" coverage="50%"/>
							</conditions>
						</line>
						<line number="51" hits="0" branch="false"/>
						<line number="52" hits="7" branch="true" condition-coverage="50% (1/2)">
							<conditions>
								<condition number="0" type="jump" coverage="50%"/>
							</conditions>
						</line>
						<line number="53" hits="0" branch="false"/>
						<line number="54" hits="7" branch="true" condition-coverage="50% (1/2)">
							<conditions>
								<condition number="0" type="jump" coverage="50%"/>
							</conditions>
						</line>
						<line number="55" hits="0" branch="false"/>
						<line number="57" hits="7" branch="false"/>
						<line number="59" hits="3" branch="false"/>
						<line number="62" hits="6" branch="true" condition-coverage="100% (2/2)">
							<conditions>
								<condition number="0" type="jump" coverage="100%"/>
							</conditions>
						</line>
						<line number="63" hits="2" branch="false"/>
						<line number="65" hits="4" branch="false"/>
						<line number="67" hits="2" branch="false"/>
						<line number="71" hits="0" branch="false"/>
						<line number="72" hits="0" branch="false"/>
						<line number="73" hits="0" branch="false"/>
						<line number="74" hits="0" branch="false"/>
						<line number="75" hits="0" branch="false"/>
						<line number="79" hits="4" branch="false"/>
						<line number="80" hits="0" branch="false"/>
						<line number="81" hits="0" branch="false"/>
						<line number="82" hits="0" branch="false"/>
						<line number="83" hits="0" branch="false"/>
						<line number="87" hits="0" branch="false"/>
						<line number="88" hits="0" branch="false"/>
						<line number="89" hits="0" branch="false"/>
						<line number="90" hits="0" branch="false"/>
						<line number="91" hits="0" branch="false"/>
						<line number="95" hits="0" branch="false"/>
						<line number="96" hits="0" branch="false"/>
						<line number="97" hits="0" branch="false"/>
						<line number="98" hits="0" branch="false"/>
						<line number="99" hits="0" branch="false"/>
						<line number="103" hits="0" branch="false"/>
						<line number="104" hits="0" branch="false"/>
						<line number="105" hits="0" branch="false"/>
						<line number="106" hits="0" branch="false"/>
						<line number="107" hits="0" branch="false"/>
					</lines>
				</class>
				<class name="griffon.swing.editors.ColorPropertyEditor" filename="griffon/swing/editors/ColorPropertyEditor.java" line-rate="1.0" branch-rate="1.0" complexity="4.2727272727272725">
					<methods>
						<method name="&lt;init&gt;" signature="()V" line-rate="1.0" branch-rate="1.0">
							<lines>
								<line number="38" hits="78" branch="false"/>
							</lines>
						</method>
						<method name="format" signature="(Ljava/awt/Color;)Ljava/lang/String;" line-rate="1.0" branch-rate="1.0">
							<lines>
								<line number="40" hits="11" branch="false"/>
							</lines>
						</method>
						<method name="getAsText" signature="()Ljava/lang/String;" line-rate="1.0" branch-rate="1.0">
							<lines>
								<line number="45" hits="6" branch="true" condition-coverage="100% (2/2)">
									<conditions>
										<condition number="0" type="jump" coverage="100%"/>
									</conditions>
								</line>
								<line number="46" hits="5" branch="true" condition-coverage="100% (2/2)">
									<conditions>
										<condition number="0" type="jump" coverage="100%"/>
									</conditions>
								</line>
							</lines>
						</method>
						<method name="getMapValue" signature="(Ljava/util/Map;Ljava/lang/String;I)I" line-rate="1.0" branch-rate="1.0">
							<lines>
								<line number="148" hits="33" branch="false"/>
								<line number="149" hits="33" branch="true" condition-coverage="100% (2/2)">
									<conditions>
										<condition number="0" type="jump" coverage="100%"/>
									</conditions>
								</line>
								<line number="150" hits="33" branch="true" condition-coverage="100% (2/2)">
									<conditions>
										<condition number="0" type="jump" coverage="100%"/>
									</conditions>
								</line>
								<line number="151" hits="14" branch="false"/>
								<line number="152" hits="19" branch="true" condition-coverage="100% (2/2)">
									<conditions>
										<condition number="0" type="jump" coverage="100%"/>
									</conditions>
								</line>
								<line number="153" hits="10" branch="false"/>
								<line number="154" hits="9" branch="true" condition-coverage="100% (2/2)">
									<conditions>
										<condition number="0" type="jump" coverage="100%"/>
									</conditions>
								</line>
								<line number="155" hits="8" branch="false"/>
								<line number="157" hits="1" branch="false"/>
							</lines>
						</method>
						<method name="handleAsList" signature="(Ljava/util/List;)V" line-rate="1.0" branch-rate="1.0">
							<lines>
								<line number="85" hits="14" branch="true" condition-coverage="100% (2/2)">
									<conditions>
										<condition number="0" type="jump" coverage="100%"/>
									</conditions>
								</line>
								<line number="86" hits="1" branch="false"/>
								<line number="87" hits="1" branch="false"/>
								<line number="90" hits="13" branch="false"/>
								<line number="91" hits="13" branch="false"/>
								<line number="92" hits="13" branch="true" condition-coverage="100% (3/3)">
									<conditions>
										<condition number="0" type="switch" coverage="100%"/>
									</conditions>
								</line>
								<line number="94" hits="4" branch="false"/>
								<line number="95" hits="4" branch="false"/>
								<line number="98" hits="5" branch="false"/>
								<line number="100" hits="4" branch="false"/>
								<line number="102" hits="37" branch="true" condition-coverage="100% (2/2)">
									<conditions>
										<condition number="0" type="jump" coverage="100%"/>
									</conditions>
								</line>
								<line number="103" hits="30" branch="false"/>
								<line number="104" hits="30" branch="true" condition-coverage="100% (2/2)">
									<conditions>
										<condition number="0" type="jump" coverage="100%"/>
									</conditions>
								</line>
								<line number="105" hits="15" branch="false"/>
								<line number="106" hits="15" branch="true" condition-coverage="100% (2/2)">
									<conditions>
										<condition number="0" type="jump" coverage="100%"/>
									</conditions>
								</line>
								<line number="107" hits="14" branch="false"/>
								<line number="109" hits="1" branch="false"/>
								<line number="112" hits="7" branch="false"/>
								<line number="120" hits="7" branch="false"/>
							</lines>
						</method>
						<method name="handleAsMap" signature="(Ljava/util/Map;)V" line-rate="1.0" branch-rate="1.0">
							<lines>
								<line number="123" hits="10" branch="true" condition-coverage="100% (2/2)">
									<conditions>
										<condition number="0" type="jump" coverage="100%"/>
									</conditions>
								</line>
								<line number="124" hits="1" branch="false"/>
								<line number="125" hits="1" branch="false"/>
								<line number="128" hits="9" branch="false"/>
								<line number="129" hits="8" branch="false"/>
								<line number="130" hits="8" branch="false"/>
								<line number="131" hits="8" branch="false"/>
								<line number="132" hits="8" branch="false"/>
								<line number="133" hits="8" branch="false"/>
							</lines>
						</method>
						<method name="handleAsNumber" signature="(Ljava/lang/Number;)V" line-rate="1.0" branch-rate="1.0">
							<lines>
								<line number="161" hits="1" branch="false"/>
								<line number="162" hits="1" branch="false"/>
								<line number="163" hits="1" branch="false"/>
							</lines>
						</method>
						<method name="handleAsString" signature="(Ljava/lang/String;)V" line-rate="1.0" branch-rate="1.0">
							<lines>
								<line number="74" hits="38" branch="true" condition-coverage="100% (2/2)">
									<conditions>
										<condition number="0" type="jump" coverage="100%"/>
									</conditions>
								</line>
								<line number="75" hits="2" branch="false"/>
								<line number="77" hits="36" branch="false"/>
								<line number="79" hits="4" branch="false"/>
								<line number="80" hits="4" branch="false"/>
								<line number="81" hits="34" branch="false"/>
								<line number="82" hits="34" branch="false"/>
							</lines>
						</method>
						<method name="parse" signature="(Ljava/lang/Number;)I" line-rate="1.0" branch-rate="1.0">
							<lines>
								<line number="144" hits="24" branch="false"/>
							</lines>
						</method>
						<method name="parse" signature="(Ljava/lang/String;)I" line-rate="1.0" branch-rate="1.0">
							<lines>
								<line number="137" hits="24" branch="false"/>
								<line number="138" hits="1" branch="false"/>
								<line number="139" hits="1" branch="false"/>
							</lines>
						</method>
						<method name="resolveFormatter" signature="()Lgriffon/core/formatters/Formatter;" line-rate="1.0" branch-rate="1.0">
							<lines>
								<line number="69" hits="20" branch="true" condition-coverage="100% (2/2)">
									<conditions>
										<condition number="0" type="jump" coverage="100%"/>
									</conditions>
								</line>
							</lines>
						</method>
						<method name="setValueInternal" signature="(Ljava/lang/Object;)V" line-rate="1.0" branch-rate="1.0">
							<lines>
								<line number="50" hits="112" branch="true" condition-coverage="100% (2/2)">
									<conditions>
										<condition number="0" type="jump" coverage="100%"/>
									</conditions>
								</line>
								<line number="51" hits="2" branch="false"/>
								<line number="52" hits="110" branch="true" condition-coverage="100% (2/2)">
									<conditions>
										<condition number="0" type="jump" coverage="100%"/>
									</conditions>
								</line>
								<line number="53" hits="38" branch="false"/>
								<line number="54" hits="72" branch="true" condition-coverage="100% (2/2)">
									<conditions>
										<condition number="0" type="jump" coverage="100%"/>
									</conditions>
								</line>
								<line number="55" hits="14" branch="false"/>
								<line number="56" hits="58" branch="true" condition-coverage="100% (2/2)">
									<conditions>
										<condition number="0" type="jump" coverage="100%"/>
									</conditions>
								</line>
								<line number="57" hits="10" branch="false"/>
								<line number="58" hits="48" branch="true" condition-coverage="100% (2/2)">
									<conditions>
										<condition number="0" type="jump" coverage="100%"/>
									</conditions>
								</line>
								<line number="59" hits="1" branch="false"/>
								<line number="60" hits="47" branch="true" condition-coverage="100% (2/2)">
									<conditions>
										<condition number="0" type="jump" coverage="100%"/>
									</conditions>
								</line>
								<line number="61" hits="46" branch="false"/>
								<line number="63" hits="1" branch="false"/>
								<line number="65" hits="100" branch="false"/>
							</lines>
						</method>
					</methods>
					<lines>
						<line number="38" hits="78" branch="false"/>
						<line number="40" hits="11" branch="false"/>
						<line number="45" hits="6" branch="true" condition-coverage="100% (2/2)">
							<conditions>
								<condition number="0" type="jump" coverage="100%"/>
							</conditions>
						</line>
						<line number="46" hits="5" branch="true" condition-coverage="100% (2/2)">
							<conditions>
								<condition number="0" type="jump" coverage="100%"/>
							</conditions>
						</line>
						<line number="50" hits="112" branch="true" condition-coverage="100% (2/2)">
							<conditions>
								<condition number="0" type="jump" coverage="100%"/>
							</conditions>
						</line>
						<line number="51" hits="2" branch="false"/>
						<line number="52" hits="110" branch="true" condition-coverage="100% (2/2)">
							<conditions>
								<condition number="0" type="jump" coverage="100%"/>
							</conditions>
						</line>
						<line number="53" hits="38" branch="false"/>
						<line number="54" hits="72" branch="true" condition-coverage="100% (2/2)">
							<conditions>
								<condition number="0" type="jump" coverage="100%"/>
							</conditions>
						</line>
						<line number="55" hits="14" branch="false"/>
						<line number="56" hits="58" branch="true" condition-coverage="100% (2/2)">
							<conditions>
								<condition number="0" type="jump" coverage="100%"/>
							</conditions>
						</line>
						<line number="57" hits="10" branch="false"/>
						<line number="58" hits="48" branch="true" condition-coverage="100% (2/2)">
							<conditions>
								<condition number="0" type="jump" coverage="100%"/>
							</conditions>
						</line>
						<line number="59" hits="1" branch="false"/>
						<line number="60" hits="47" branch="true" condition-coverage="100% (2/2)">
							<conditions>
								<condition number="0" type="jump" coverage="100%"/>
							</conditions>
						</line>
						<line number="61" hits="46" branch="false"/>
						<line number="63" hits="1" branch="false"/>
						<line number="65" hits="100" branch="false"/>
						<line number="69" hits="20" branch="true" condition-coverage="100% (2/2)">
							<conditions>
								<condition number="0" type="jump" coverage="100%"/>
							</conditions>
						</line>
						<line number="74" hits="38" branch="true" condition-coverage="100% (2/2)">
							<conditions>
								<condition number="0" type="jump" coverage="100%"/>
							</conditions>
						</line>
						<line number="75" hits="2" branch="false"/>
						<line number="77" hits="36" branch="false"/>
						<line number="79" hits="4" branch="false"/>
						<line number="80" hits="4" branch="false"/>
						<line number="81" hits="34" branch="false"/>
						<line number="82" hits="34" branch="false"/>
						<line number="85" hits="14" branch="true" condition-coverage="100% (2/2)">
							<conditions>
								<condition number="0" type="jump" coverage="100%"/>
							</conditions>
						</line>
						<line number="86" hits="1" branch="false"/>
						<line number="87" hits="1" branch="false"/>
						<line number="90" hits="13" branch="false"/>
						<line number="91" hits="13" branch="false"/>
						<line number="92" hits="13" branch="true" condition-coverage="100% (3/3)">
							<conditions>
								<condition number="0" type="switch" coverage="100%"/>
							</conditions>
						</line>
						<line number="94" hits="4" branch="false"/>
						<line number="95" hits="4" branch="false"/>
						<line number="98" hits="5" branch="false"/>
						<line number="100" hits="4" branch="false"/>
						<line number="102" hits="37" branch="true" condition-coverage="100% (2/2)">
							<conditions>
								<condition number="0" type="jump" coverage="100%"/>
							</conditions>
						</line>
						<line number="103" hits="30" branch="false"/>
						<line number="104" hits="30" branch="true" condition-coverage="100% (2/2)">
							<conditions>
								<condition number="0" type="jump" coverage="100%"/>
							</conditions>
						</line>
						<line number="105" hits="15" branch="false"/>
						<line number="106" hits="15" branch="true" condition-coverage="100% (2/2)">
							<conditions>
								<condition number="0" type="jump" coverage="100%"/>
							</conditions>
						</line>
						<line number="107" hits="14" branch="false"/>
						<line number="109" hits="1" branch="false"/>
						<line number="112" hits="7" branch="false"/>
						<line number="120" hits="7" branch="false"/>
						<line number="123" hits="10" branch="true" condition-coverage="100% (2/2)">
							<conditions>
								<condition number="0" type="jump" coverage="100%"/>
							</conditions>
						</line>
						<line number="124" hits="1" branch="false"/>
						<line number="125" hits="1" branch="false"/>
						<line number="128" hits="9" branch="false"/>
						<line number="129" hits="8" branch="false"/>
						<line number="130" hits="8" branch="false"/>
						<line number="131" hits="8" branch="false"/>
						<line number="132" hits="8" branch="false"/>
						<line number="133" hits="8" branch="false"/>
						<line number="137" hits="24" branch="false"/>
						<line number="138" hits="1" branch="false"/>
						<line number="139" hits="1" branch="false"/>
						<line number="144" hits="24" branch="false"/>
						<line number="148" hits="33" branch="false"/>
						<line number="149" hits="33" branch="true" condition-coverage="100% (2/2)">
							<conditions>
								<condition number="0" type="jump" coverage="100%"/>
							</conditions>
						</line>
						<line number="150" hits="33" branch="true" condition-coverage="100% (2/2)">
							<conditions>
								<condition number="0" type="jump" coverage="100%"/>
							</conditions>
						</line>
						<line number="151" hits="14" branch="false"/>
						<line number="152" hits="19" branch="true" condition-coverage="100% (2/2)">
							<conditions>
								<condition number="0" type="jump" coverage="100%"/>
							</conditions>
						</line>
						<line number="153" hits="10" branch="false"/>
						<line number="154" hits="9" branch="true" condition-coverage="100% (2/2)">
							<conditions>
								<condition number="0" type="jump" coverage="100%"/>
							</conditions>
						</line>
						<line number="155" hits="8" branch="false"/>
						<line number="157" hits="1" branch="false"/>
						<line number="161" hits="1" branch="false"/>
						<line number="162" hits="1" branch="false"/>
						<line number="163" hits="1" branch="false"/>
					</lines>
				</class>
				<class name="griffon.swing.editors.DimensionPropertyEditor" filename="griffon/swing/editors/DimensionPropertyEditor.java" line-rate="1.0" branch-rate="1.0" complexity="4.7">
					<methods>
						<method name="&lt;init&gt;" signature="()V" line-rate="1.0" branch-rate="1.0">
							<lines>
								<line number="33" hits="31" branch="false"/>
							</lines>
						</method>
						<method name="getAsText" signature="()Ljava/lang/String;" line-rate="1.0" branch-rate="1.0">
							<lines>
								<line number="35" hits="2" branch="true" condition-coverage="100% (2/2)">
									<conditions>
										<condition number="0" type="jump" coverage="100%"/>
									</conditions>
								</line>
								<line number="36" hits="1" branch="false"/>
								<line number="37" hits="1" branch="false"/>
							</lines>
						</method>
						<method name="getMapValue" signature="(Ljava/util/Map;Ljava/lang/String;I)I" line-rate="1.0" branch-rate="1.0">
							<lines>
								<line number="133" hits="13" branch="false"/>
								<line number="134" hits="13" branch="true" condition-coverage="100% (2/2)">
									<conditions>
										<condition number="0" type="jump" coverage="100%"/>
									</conditions>
								</line>
								<line number="135" hits="13" branch="true" condition-coverage="100% (2/2)">
									<conditions>
										<condition number="0" type="jump" coverage="100%"/>
									</conditions>
								</line>
								<line number="136" hits="2" branch="false"/>
								<line number="137" hits="11" branch="true" condition-coverage="100% (2/2)">
									<conditions>
										<condition number="0" type="jump" coverage="100%"/>
									</conditions>
								</line>
								<line number="138" hits="6" branch="false"/>
								<line number="139" hits="5" branch="true" condition-coverage="100% (2/2)">
									<conditions>
										<condition number="0" type="jump" coverage="100%"/>
									</conditions>
								</line>
								<line number="140" hits="4" branch="false"/>
								<line number="142" hits="1" branch="false"/>
							</lines>
						</method>
						<method name="handleAsList" signature="(Ljava/util/List;)V" line-rate="1.0" branch-rate="1.0">
							<lines>
								<line number="80" hits="7" branch="true" condition-coverage="100% (2/2)">
									<conditions>
										<condition number="0" type="jump" coverage="100%"/>
									</conditions>
								</line>
								<line number="81" hits="1" branch="false"/>
								<line number="82" hits="1" branch="false"/>
								<line number="85" hits="6" branch="true" condition-coverage="100% (3/3)">
									<conditions>
										<condition number="0" type="switch" coverage="100%"/>
									</conditions>
								</line>
								<line number="87" hits="3" branch="false"/>
								<line number="88" hits="2" branch="false"/>
								<line number="89" hits="2" branch="false"/>
								<line number="91" hits="2" branch="false"/>
								<line number="92" hits="2" branch="false"/>
								<line number="93" hits="2" branch="false"/>
								<line number="94" hits="2" branch="false"/>
								<line number="96" hits="1" branch="false"/>
								<line number="98" hits="4" branch="false"/>
							</lines>
						</method>
						<method name="handleAsMap" signature="(Ljava/util/Map;)V" line-rate="1.0" branch-rate="1.0">
							<lines>
								<line number="101" hits="9" branch="true" condition-coverage="100% (2/2)">
									<conditions>
										<condition number="0" type="jump" coverage="100%"/>
									</conditions>
								</line>
								<line number="102" hits="1" branch="false"/>
								<line number="103" hits="1" branch="false"/>
								<line number="106" hits="8" branch="false"/>
								<line number="107" hits="5" branch="false"/>
								<line number="108" hits="5" branch="false"/>
								<line number="109" hits="5" branch="false"/>
							</lines>
						</method>
						<method name="handleAsNumber" signature="(Ljava/lang/Number;)V" line-rate="1.0" branch-rate="1.0">
							<lines>
								<line number="146" hits="1" branch="false"/>
								<line number="147" hits="1" branch="false"/>
								<line number="148" hits="1" branch="false"/>
							</lines>
						</method>
						<method name="handleAsString" signature="(Ljava/lang/String;)V" line-rate="1.0" branch-rate="1.0">
							<lines>
								<line number="59" hits="9" branch="true" condition-coverage="100% (2/2)">
									<conditions>
										<condition number="0" type="jump" coverage="100%"/>
									</conditions>
								</line>
								<line number="60" hits="2" branch="false"/>
								<line number="61" hits="2" branch="false"/>
								<line number="63" hits="7" branch="false"/>
								<line number="64" hits="7" branch="true" condition-coverage="100% (3/3)">
									<conditions>
										<condition number="0" type="switch" coverage="100%"/>
									</conditions>
								</line>
								<line number="66" hits="2" branch="false"/>
								<line number="67" hits="1" branch="false"/>
								<line number="68" hits="1" branch="false"/>
								<line number="70" hits="4" branch="false"/>
								<line number="71" hits="4" branch="false"/>
								<line number="72" hits="4" branch="false"/>
								<line number="73" hits="4" branch="false"/>
								<line number="75" hits="1" branch="false"/>
								<line number="77" hits="5" branch="false"/>
							</lines>
						</method>
						<method name="parse" signature="(Ljava/lang/Number;)I" line-rate="1.0" branch-rate="1.0">
							<lines>
								<line number="129" hits="8" branch="false"/>
							</lines>
						</method>
						<method name="parse" signature="(Ljava/lang/String;)I" line-rate="1.0" branch-rate="1.0">
							<lines>
								<line number="122" hits="19" branch="false"/>
								<line number="123" hits="3" branch="false"/>
								<line number="124" hits="3" branch="false"/>
							</lines>
						</method>
						<method name="parseValue" signature="(Ljava/lang/Object;)I" line-rate="1.0" branch-rate="1.0">
							<lines>
								<line number="112" hits="17" branch="true" condition-coverage="100% (2/2)">
									<conditions>
										<condition number="0" type="jump" coverage="100%"/>
									</conditions>
								</line>
								<line number="113" hits="13" branch="false"/>
								<line number="114" hits="4" branch="true" condition-coverage="100% (2/2)">
									<conditions>
										<condition number="0" type="jump" coverage="100%"/>
									</conditions>
								</line>
								<line number="115" hits="3" branch="false"/>
								<line number="117" hits="1" branch="false"/>
							</lines>
						</method>
						<method name="setValueInternal" signature="(Ljava/lang/Object;)V" line-rate="1.0" branch-rate="1.0">
							<lines>
								<line number="41" hits="31" branch="true" condition-coverage="100% (2/2)">
									<conditions>
										<condition number="0" type="jump" coverage="100%"/>
									</conditions>
								</line>
								<line number="42" hits="2" branch="false"/>
								<line number="43" hits="29" branch="true" condition-coverage="100% (2/2)">
									<conditions>
										<condition number="0" type="jump" coverage="100%"/>
									</conditions>
								</line>
								<line number="44" hits="9" branch="false"/>
								<line number="45" hits="20" branch="true" condition-coverage="100% (2/2)">
									<conditions>
										<condition number="0" type="jump" coverage="100%"/>
									</conditions>
								</line>
								<line number="46" hits="7" branch="false"/>
								<line number="47" hits="13" branch="true" condition-coverage="100% (2/2)">
									<conditions>
										<condition number="0" type="jump" coverage="100%"/>
									</conditions>
								</line>
								<line number="48" hits="9" branch="false"/>
								<line number="49" hits="4" branch="true" condition-coverage="100% (2/2)">
									<conditions>
										<condition number="0" type="jump" coverage="100%"/>
									</conditions>
								</line>
								<line number="50" hits="1" branch="false"/>
								<line number="51" hits="3" branch="true" condition-coverage="100% (2/2)">
									<conditions>
										<condition number="0" type="jump" coverage="100%"/>
									</conditions>
								</line>
								<line number="52" hits="2" branch="false"/>
								<line number="54" hits="1" branch="false"/>
								<line number="56" hits="23" branch="false"/>
							</lines>
						</method>
					</methods>
					<lines>
						<line number="33" hits="31" branch="false"/>
						<line number="35" hits="2" branch="true" condition-coverage="100% (2/2)">
							<conditions>
								<condition number="0" type="jump" coverage="100%"/>
							</conditions>
						</line>
						<line number="36" hits="1" branch="false"/>
						<line number="37" hits="1" branch="false"/>
						<line number="41" hits="31" branch="true" condition-coverage="100% (2/2)">
							<conditions>
								<condition number="0" type="jump" coverage="100%"/>
							</conditions>
						</line>
						<line number="42" hits="2" branch="false"/>
						<line number="43" hits="29" branch="true" condition-coverage="100% (2/2)">
							<conditions>
								<condition number="0" type="jump" coverage="100%"/>
							</conditions>
						</line>
						<line number="44" hits="9" branch="false"/>
						<line number="45" hits="20" branch="true" condition-coverage="100% (2/2)">
							<conditions>
								<condition number="0" type="jump" coverage="100%"/>
							</conditions>
						</line>
						<line number="46" hits="7" branch="false"/>
						<line number="47" hits="13" branch="true" condition-coverage="100% (2/2)">
							<conditions>
								<condition number="0" type="jump" coverage="100%"/>
							</conditions>
						</line>
						<line number="48" hits="9" branch="false"/>
						<line number="49" hits="4" branch="true" condition-coverage="100% (2/2)">
							<conditions>
								<condition number="0" type="jump" coverage="100%"/>
							</conditions>
						</line>
						<line number="50" hits="1" branch="false"/>
						<line number="51" hits="3" branch="true" condition-coverage="100% (2/2)">
							<conditions>
								<condition number="0" type="jump" coverage="100%"/>
							</conditions>
						</line>
						<line number="52" hits="2" branch="false"/>
						<line number="54" hits="1" branch="false"/>
						<line number="56" hits="23" branch="false"/>
						<line number="59" hits="9" branch="true" condition-coverage="100% (2/2)">
							<conditions>
								<condition number="0" type="jump" coverage="100%"/>
							</conditions>
						</line>
						<line number="60" hits="2" branch="false"/>
						<line number="61" hits="2" branch="false"/>
						<line number="63" hits="7" branch="false"/>
						<line number="64" hits="7" branch="true" condition-coverage="100% (3/3)">
							<conditions>
								<condition number="0" type="switch" coverage="100%"/>
							</conditions>
						</line>
						<line number="66" hits="2" branch="false"/>
						<line number="67" hits="1" branch="false"/>
						<line number="68" hits="1" branch="false"/>
						<line number="70" hits="4" branch="false"/>
						<line number="71" hits="4" branch="false"/>
						<line number="72" hits="4" branch="false"/>
						<line number="73" hits="4" branch="false"/>
						<line number="75" hits="1" branch="false"/>
						<line number="77" hits="5" branch="false"/>
						<line number="80" hits="7" branch="true" condition-coverage="100% (2/2)">
							<conditions>
								<condition number="0" type="jump" coverage="100%"/>
							</conditions>
						</line>
						<line number="81" hits="1" branch="false"/>
						<line number="82" hits="1" branch="false"/>
						<line number="85" hits="6" branch="true" condition-coverage="100% (3/3)">
							<conditions>
								<condition number="0" type="switch" coverage="100%"/>
							</conditions>
						</line>
						<line number="87" hits="3" branch="false"/>
						<line number="88" hits="2" branch="false"/>
						<line number="89" hits="2" branch="false"/>
						<line number="91" hits="2" branch="false"/>
						<line number="92" hits="2" branch="false"/>
						<line number="93" hits="2" branch="false"/>
						<line number="94" hits="2" branch="false"/>
						<line number="96" hits="1" branch="false"/>
						<line number="98" hits="4" branch="false"/>
						<line number="101" hits="9" branch="true" condition-coverage="100% (2/2)">
							<conditions>
								<condition number="0" type="jump" coverage="100%"/>
							</conditions>
						</line>
						<line number="102" hits="1" branch="false"/>
						<line number="103" hits="1" branch="false"/>
						<line number="106" hits="8" branch="false"/>
						<line number="107" hits="5" branch="false"/>
						<line number="108" hits="5" branch="false"/>
						<line number="109" hits="5" branch="false"/>
						<line number="112" hits="17" branch="true" condition-coverage="100% (2/2)">
							<conditions>
								<condition number="0" type="jump" coverage="100%"/>
							</conditions>
						</line>
						<line number="113" hits="13" branch="false"/>
						<line number="114" hits="4" branch="true" condition-coverage="100% (2/2)">
							<conditions>
								<condition number="0" type="jump" coverage="100%"/>
							</conditions>
						</line>
						<line number="115" hits="3" branch="false"/>
						<line number="117" hits="1" branch="false"/>
						<line number="122" hits="19" branch="false"/>
						<line number="123" hits="3" branch="false"/>
						<line number="124" hits="3" branch="false"/>
						<line number="129" hits="8" branch="false"/>
						<line number="133" hits="13" branch="false"/>
						<line number="134" hits="13" branch="true" condition-coverage="100% (2/2)">
							<conditions>
								<condition number="0" type="jump" coverage="100%"/>
							</conditions>
						</line>
						<line number="135" hits="13" branch="true" condition-coverage="100% (2/2)">
							<conditions>
								<condition number="0" type="jump" coverage="100%"/>
							</conditions>
						</line>
						<line number="136" hits="2" branch="false"/>
						<line number="137" hits="11" branch="true" condition-coverage="100% (2/2)">
							<conditions>
								<condition number="0" type="jump" coverage="100%"/>
							</conditions>
						</line>
						<line number="138" hits="6" branch="false"/>
						<line number="139" hits="5" branch="true" condition-coverage="100% (2/2)">
							<conditions>
								<condition number="0" type="jump" coverage="100%"/>
							</conditions>
						</line>
						<line number="140" hits="4" branch="false"/>
						<line number="142" hits="1" branch="false"/>
						<line number="146" hits="1" branch="false"/>
						<line number="147" hits="1" branch="false"/>
						<line number="148" hits="1" branch="false"/>
					</lines>
				</class>
				<class name="griffon.swing.editors.FontPropertyEditor" filename="griffon/swing/editors/FontPropertyEditor.java" line-rate="1.0" branch-rate="1.0" complexity="5.666666666666667">
					<methods>
						<method name="&lt;init&gt;" signature="()V" line-rate="1.0" branch-rate="1.0">
							<lines>
								<line number="31" hits="33" branch="false"/>
							</lines>
						</method>
						<method name="formatStyle" signature="(Ljava/awt/Font;)Ljava/lang/String;" line-rate="1.0" branch-rate="1.0">
							<lines>
								<line number="39" hits="4" branch="true" condition-coverage="100% (4/4)">
									<conditions>
										<condition number="0" type="jump" coverage="100%"/>
										<condition number="1" type="jump" coverage="100%"/>
									</conditions>
								</line>
								<line number="40" hits="1" branch="false"/>
								<line number="41" hits="3" branch="true" condition-coverage="100% (2/2)">
									<conditions>
										<condition number="0" type="jump" coverage="100%"/>
									</conditions>
								</line>
								<line number="42" hits="1" branch="false"/>
								<line number="43" hits="2" branch="true" condition-coverage="100% (2/2)">
									<conditions>
										<condition number="0" type="jump" coverage="100%"/>
									</conditions>
								</line>
								<line number="44" hits="1" branch="false"/>
								<line number="46" hits="1" branch="false"/>
							</lines>
						</method>
						<method name="getAsText" signature="()Ljava/lang/String;" line-rate="1.0" branch-rate="1.0">
							<lines>
								<line number="33" hits="5" branch="true" condition-coverage="100% (2/2)">
									<conditions>
										<condition number="0" type="jump" coverage="100%"/>
									</conditions>
								</line>
								<line number="34" hits="4" branch="false"/>
								<line number="35" hits="4" branch="false"/>
							</lines>
						</method>
						<method name="getMapValue" signature="(Ljava/util/Map;Ljava/lang/String;Ljava/lang/String;)Ljava/lang/String;" line-rate="1.0" branch-rate="1.0">
							<lines>
								<line number="112" hits="16" branch="false"/>
								<line number="113" hits="16" branch="true" condition-coverage="100% (2/2)">
									<conditions>
										<condition number="0" type="jump" coverage="100%"/>
									</conditions>
								</line>
								<line number="114" hits="16" branch="true" condition-coverage="100% (2/2)">
									<conditions>
										<condition number="0" type="jump" coverage="100%"/>
									</conditions>
								</line>
								<line number="115" hits="2" branch="false"/>
								<line number="116" hits="14" branch="true" condition-coverage="100% (2/2)">
									<conditions>
										<condition number="0" type="jump" coverage="100%"/>
									</conditions>
								</line>
								<line number="117" hits="13" branch="false"/>
								<line number="119" hits="1" branch="false"/>
							</lines>
						</method>
						<method name="handleAsList" signature="(Ljava/util/List;)V" line-rate="1.0" branch-rate="1.0">
							<lines>
								<line number="83" hits="8" branch="true" condition-coverage="100% (2/2)">
									<conditions>
										<condition number="0" type="jump" coverage="100%"/>
									</conditions>
								</line>
								<line number="84" hits="1" branch="false"/>
								<line number="85" hits="1" branch="false"/>
								<line number="88" hits="7" branch="true" condition-coverage="100% (2/2)">
									<conditions>
										<condition number="0" type="jump" coverage="100%"/>
									</conditions>
								</line>
								<line number="89" hits="3" branch="false"/>
								<line number="92" hits="4" branch="false"/>
								<line number="93" hits="4" branch="false"/>
								<line number="94" hits="4" branch="false"/>
								<line number="96" hits="4" branch="false"/>
								<line number="97" hits="4" branch="false"/>
							</lines>
						</method>
						<method name="handleAsMap" signature="(Ljava/util/Map;)V" line-rate="1.0" branch-rate="1.0">
							<lines>
								<line number="100" hits="7" branch="true" condition-coverage="100% (2/2)">
									<conditions>
										<condition number="0" type="jump" coverage="100%"/>
									</conditions>
								</line>
								<line number="101" hits="1" branch="false"/>
								<line number="102" hits="1" branch="false"/>
								<line number="105" hits="6" branch="false"/>
								<line number="106" hits="5" branch="false"/>
								<line number="107" hits="5" branch="false"/>
								<line number="108" hits="5" branch="false"/>
								<line number="109" hits="4" branch="false"/>
[...]
								</line>
								<line number="249" hits="0" branch="false"/>
								<line number="252" hits="0" branch="false"/>
							</lines>
						</method>
						<method name="getInstance" signature="()Lorg/jdesktop/swinghelper/debug/EventDispatchThreadHangMonitor;" line-rate="0.0" branch-rate="1.0">
							<lines>
								<line number="225" hits="0" branch="false"/>
							</lines>
						</method>
						<method name="getNewHangNumber" signature="()I" line-rate="0.0" branch-rate="1.0">
							<lines>
								<line number="323" hits="0" branch="false"/>
							</lines>
						</method>
						<method name="getTimeout" signature="()J" line-rate="0.0" branch-rate="1.0">
							<lines>
								<line number="229" hits="0" branch="false"/>
							</lines>
						</method>
						<method name="initMonitoring" signature="()V" line-rate="0.0" branch-rate="1.0">
							<lines>
								<line number="221" hits="0" branch="false"/>
								<line number="222" hits="0" branch="false"/>
							</lines>
						</method>
						<method name="initTimer" signature="()V" line-rate="0.0" branch-rate="1.0">
							<lines>
								<line number="193" hits="0" branch="false"/>
								<line number="194" hits="0" branch="false"/>
								<line number="195" hits="0" branch="false"/>
								<line number="196" hits="0" branch="false"/>
								<line number="197" hits="0" branch="false"/>
							</lines>
						</method>
						<method name="postDispatchEvent" signature="()V" line-rate="0.0" branch-rate="0.0">
							<lines>
								<line number="267" hits="0" branch="false"/>
								<line number="269" hits="0" branch="false"/>
								<line number="270" hits="0" branch="false"/>
								<line number="274" hits="0" branch="false"/>
								<line number="275" hits="0" branch="true" condition-coverage="0% (0/2)">
									<conditions>
										<condition number="0" type="jump" coverage="0%"/>
									</conditions>
								</line>
								<line number="276" hits="0" branch="true" condition-coverage="0% (0/2)">
									<conditions>
										<condition number="0" type="jump" coverage="0%"/>
									</conditions>
								</line>
								<line number="277" hits="0" branch="false"/>
								<line number="279" hits="0" branch="false"/>
								<line number="280" hits="0" branch="false"/>
								<line number="281" hits="0" branch="false"/>
							</lines>
						</method>
						<method name="preDispatchEvent" signature="()V" line-rate="0.0" branch-rate="1.0">
							<lines>
								<line number="258" hits="0" branch="false"/>
								<line number="259" hits="0" branch="false"/>
								<line number="260" hits="0" branch="false"/>
								<line number="261" hits="0" branch="false"/>
							</lines>
						</method>
						<method name="setTimeout" signature="(J)V" line-rate="0.0" branch-rate="0.0">
							<lines>
								<line number="233" hits="0" branch="true" condition-coverage="0% (0/2)">
									<conditions>
										<condition number="0" type="jump" coverage="0%"/>
									</conditions>
								</line>
								<line number="234" hits="0" branch="false"/>
							</lines>
						</method>
						<method name="stackTraceToString" signature="([Ljava/lang/StackTraceElement;)Ljava/lang/String;" line-rate="0.0" branch-rate="0.0">
							<lines>
								<line number="310" hits="0" branch="false"/>
								<line number="315" hits="0" branch="true" condition-coverage="0% (0/2)">
									<conditions>
										<condition number="0" type="jump" coverage="0%"/>
									</conditions>
								</line>
								<line number="316" hits="0" branch="false"/>
								<line number="317" hits="0" branch="false"/>
								<line number="319" hits="0" branch="false"/>
							</lines>
						</method>
					</methods>
					<lines>
						<line number="61" hits="0" branch="false"/>
						<line number="62" hits="0" branch="false"/>
						<line number="63" hits="0" branch="false"/>
						<line number="76" hits="0" branch="false"/>
						<line number="80" hits="0" branch="false"/>
						<line number="84" hits="0" branch="false"/>
						<line number="87" hits="0" branch="false"/>
						<line number="185" hits="0" branch="false"/>
						<line number="186" hits="0" branch="false"/>
						<line number="187" hits="0" branch="false"/>
						<line number="193" hits="0" branch="false"/>
						<line number="194" hits="0" branch="false"/>
						<line number="195" hits="0" branch="false"/>
						<line number="196" hits="0" branch="false"/>
						<line number="197" hits="0" branch="false"/>
						<line number="221" hits="0" branch="false"/>
						<line number="222" hits="0" branch="false"/>
						<line number="225" hits="0" branch="false"/>
						<line number="229" hits="0" branch="false"/>
						<line number="233" hits="0" branch="true" condition-coverage="0% (0/2)">
							<conditions>
								<condition number="0" type="jump" coverage="0%"/>
							</conditions>
						</line>
						<line number="234" hits="0" branch="false"/>
						<line number="243" hits="0" branch="false"/>
						<line number="244" hits="0" branch="false"/>
						<line number="246" hits="0" branch="false"/>
						<line number="247" hits="0" branch="true" condition-coverage="0% (0/6)">
							<conditions>
								<condition number="0" type="jump" coverage="0%"/>
								<condition number="1" type="jump" coverage="0%"/>
								<condition number="2" type="jump" coverage="0%"/>
							</conditions>
						</line>
						<line number="249" hits="0" branch="false"/>
						<line number="252" hits="0" branch="false"/>
						<line number="258" hits="0" branch="false"/>
						<line number="259" hits="0" branch="false"/>
						<line number="260" hits="0" branch="false"/>
						<line number="261" hits="0" branch="false"/>
						<line number="267" hits="0" branch="false"/>
						<line number="269" hits="0" branch="false"/>
						<line number="270" hits="0" branch="false"/>
						<line number="274" hits="0" branch="false"/>
						<line number="275" hits="0" branch="true" condition-coverage="0% (0/2)">
							<conditions>
								<condition number="0" type="jump" coverage="0%"/>
							</conditions>
						</line>
						<line number="276" hits="0" branch="true" condition-coverage="0% (0/2)">
							<conditions>
								<condition number="0" type="jump" coverage="0%"/>
							</conditions>
						</line>
						<line number="277" hits="0" branch="false"/>
						<line number="279" hits="0" branch="false"/>
						<line number="280" hits="0" branch="false"/>
						<line number="281" hits="0" branch="false"/>
						<line number="284" hits="0" branch="false"/>
						<line number="285" hits="0" branch="false"/>
						<line number="286" hits="0" branch="true" condition-coverage="0% (0/2)">
							<conditions>
								<condition number="0" type="jump" coverage="0%"/>
							</conditions>
						</line>
						<line number="287" hits="0" branch="false"/>
						<line number="289" hits="0" branch="true" condition-coverage="0% (0/2)">
							<conditions>
								<condition number="0" type="jump" coverage="0%"/>
							</conditions>
						</line>
						<line number="290" hits="0" branch="false"/>
						<line number="291" hits="0" branch="false"/>
						<line number="292" hits="0" branch="true" condition-coverage="0% (0/2)">
							<conditions>
								<condition number="0" type="jump" coverage="0%"/>
							</conditions>
						</line>
						<line number="293" hits="0" branch="false"/>
						<line number="305" hits="0" branch="false"/>
						<line number="307" hits="0" branch="false"/>
						<line number="310" hits="0" branch="false"/>
						<line number="315" hits="0" branch="true" condition-coverage="0% (0/2)">
							<conditions>
								<condition number="0" type="jump" coverage="0%"/>
							</conditions>
						</line>
						<line number="316" hits="0" branch="false"/>
						<line number="317" hits="0" branch="false"/>
						<line number="319" hits="0" branch="false"/>
						<line number="323" hits="0" branch="false"/>
					</lines>
				</class>
				<class name="org.jdesktop.swinghelper.debug.EventDispatchThreadHangMonitor$1" filename="org/jdesktop/swinghelper/debug/EventDispatchThreadHangMonitor.java" line-rate="1.0" branch-rate="1.0" complexity="2.5714285714285716">
					<methods>
					</methods>
					<lines>
					</lines>
				</class>
				<class name="org.jdesktop.swinghelper.debug.EventDispatchThreadHangMonitor$DispatchInfo" filename="org/jdesktop/swinghelper/debug/EventDispatchThreadHangMonitor.java" line-rate="0.0" branch-rate="0.0" complexity="2.5714285714285716">
					<methods>
						<method name="&lt;init&gt;" signature="(J)V" line-rate="0.0" branch-rate="1.0">
							<lines>
								<line number="101" hits="0" branch="false"/>
								<line number="104" hits="0" branch="false"/>
								<line number="108" hits="0" branch="false"/>
								<line number="110" hits="0" branch="false"/>
								<line number="111" hits="0" branch="false"/>
							</lines>
						</method>
						<method name="access$700" signature="(Lorg/jdesktop/swinghelper/debug/EventDispatchThreadHangMonitor$DispatchInfo;)Ljava/lang/Thread;" line-rate="1.0" branch-rate="1.0">
							<lines>
							</lines>
						</method>
						<method name="access$802" signature="(Lorg/jdesktop/swinghelper/debug/EventDispatchThreadHangMonitor$DispatchInfo;J)J" line-rate="0.0" branch-rate="1.0">
							<lines>
								<line number="89" hits="0" branch="false"/>
							</lines>
						</method>
						<method name="checkForHang" signature="()V" line-rate="0.0" branch-rate="0.0">
							<lines>
								<line number="114" hits="0" branch="true" condition-coverage="0% (0/2)">
									<conditions>
										<condition number="0" type="jump" coverage="0%"/>
									</conditions>
								</line>
								<line number="115" hits="0" branch="false"/>
								<line number="117" hits="0" branch="false"/>
							</lines>
						</method>
						<method name="dispose" signature="()V" line-rate="0.0" branch-rate="0.0">
							<lines>
								<line number="177" hits="0" branch="true" condition-coverage="0% (0/2)">
									<conditions>
										<condition number="0" type="jump" coverage="0%"/>
									</conditions>
								</line>
								<line number="178" hits="0" branch="true" condition-coverage="0% (0/2)">
									<conditions>
										<condition number="0" type="jump" coverage="0%"/>
									</conditions>
								</line>
								<line number="179" hits="0" branch="false"/>
								<line number="182" hits="0" branch="false"/>
							</lines>
						</method>
						<method name="examineHang" signature="()V" line-rate="0.0" branch-rate="0.0">
							<lines>
								<line number="132" hits="0" branch="false"/>
								<line number="134" hits="0" branch="true" condition-coverage="0% (0/2)">
									<conditions>
										<condition number="0" type="jump" coverage="0%"/>
									</conditions>
								</line>
								<line number="137" hits="0" branch="false"/>
								<line number="140" hits="0" branch="true" condition-coverage="0% (0/2)">
									<conditions>
										<condition number="0" type="jump" coverage="0%"/>
									</conditions>
								</line>
								<line number="142" hits="0" branch="false"/>
								<line number="145" hits="0" branch="false"/>
								<line number="146" hits="0" branch="false"/>
								<line number="147" hits="0" branch="false"/>
								<line number="148" hits="0" branch="true" condition-coverage="0% (0/2)">
									<conditions>
										<condition number="0" type="jump" coverage="0%"/>
									</conditions>
								</line>
								<line number="149" hits="0" branch="false"/>
								<line number="151" hits="0" branch="false"/>
								<line number="152" hits="0" branch="false"/>
							</lines>
						</method>
						<method name="isWaitingForNextEvent" signature="([Ljava/lang/StackTraceElement;)Z" line-rate="0.0" branch-rate="0.0">
							<lines>
								<line number="128" hits="0" branch="true" condition-coverage="0% (0/6)">
									<conditions>
										<condition number="0" type="jump" coverage="0%"/>
										<condition number="1" type="jump" coverage="0%"/>
										<condition number="2" type="jump" coverage="0%"/>
									</conditions>
								</line>
							</lines>
						</method>
						<method name="stackTraceElementIs" signature="(Ljava/lang/StackTraceElement;Ljava/lang/String;Ljava/lang/String;Z)Z" line-rate="0.0" branch-rate="0.0">
							<lines>
								<line number="122" hits="0" branch="true" condition-coverage="0% (0/6)">
									<conditions>
										<condition number="0" type="jump" coverage="0%"/>
										<condition number="1" type="jump" coverage="0%"/>
										<condition number="2" type="jump" coverage="0%"/>
									</conditions>
								</line>
							</lines>
						</method>
						<method name="stacksEqual" signature="([Ljava/lang/StackTraceElement;[Ljava/lang/StackTraceElement;)Z" line-rate="0.0" branch-rate="0.0">
							<lines>
								<line number="155" hits="0" branch="true" condition-coverage="0% (0/2)">
									<conditions>
										<condition number="0" type="jump" coverage="0%"/>
									</conditions>
								</line>
								<line number="156" hits="0" branch="false"/>
								<line number="158" hits="0" branch="true" condition-coverage="0% (0/2)">
									<conditions>
										<condition number="0" type="jump" coverage="0%"/>
									</conditions>
								</line>
								<line number="159" hits="0" branch="false"/>
								<line number="161" hits="0" branch="true" condition-coverage="0% (0/2)">
									<conditions>
										<condition number="0" type="jump" coverage="0%"/>
									</conditions>
								</line>
								<line number="162" hits="0" branch="true" condition-coverage="0% (0/2)">
									<conditions>
										<condition number="0" type="jump" coverage="0%"/>
									</conditions>
								</line>
								<line number="163" hits="0" branch="false"/>
								<line number="166" hits="0" branch="false"/>
							</lines>
						</method>
						<method name="timeSoFar" signature="()J" line-rate="0.0" branch-rate="1.0">
							<lines>
								<line number="173" hits="0" branch="false"/>
							</lines>
						</method>
					</methods>
					<lines>
						<line number="89" hits="0" branch="false"/>
						<line number="101" hits="0" branch="false"/>
						<line number="104" hits="0" branch="false"/>
						<line number="108" hits="0" branch="false"/>
						<line number="110" hits="0" branch="false"/>
						<line number="111" hits="0" branch="false"/>
						<line number="114" hits="0" branch="true" condition-coverage="0% (0/2)">
							<conditions>
								<condition number="0" type="jump" coverage="0%"/>
							</conditions>
						</line>
						<line number="115" hits="0" branch="false"/>
						<line number="117" hits="0" branch="false"/>
						<line number="122" hits="0" branch="true" condition-coverage="0% (0/6)">
							<conditions>
								<condition number="0" type="jump" coverage="0%"/>
								<condition number="1" type="jump" coverage="0%"/>
								<condition number="2" type="jump" coverage="0%"/>
							</conditions>
						</line>
						<line number="128" hits="0" branch="true" condition-coverage="0% (0/6)">
							<conditions>
								<condition number="0" type="jump" coverage="0%"/>
								<condition number="1" type="jump" coverage="0%"/>
								<condition number="2" type="jump" coverage="0%"/>
							</conditions>
						</line>
						<line number="132" hits="0" branch="false"/>
						<line number="134" hits="0" branch="true" condition-coverage="0% (0/2)">
							<conditions>
								<condition number="0" type="jump" coverage="0%"/>
							</conditions>
						</line>
						<line number="137" hits="0" branch="false"/>
						<line number="140" hits="0" branch="true" condition-coverage="0% (0/2)">
							<conditions>
								<condition number="0" type="jump" coverage="0%"/>
							</conditions>
						</line>
						<line number="142" hits="0" branch="false"/>
						<line number="145" hits="0" branch="false"/>
						<line number="146" hits="0" branch="false"/>
						<line number="147" hits="0" branch="false"/>
						<line number="148" hits="0" branch="true" condition-coverage="0% (0/2)">
							<conditions>
								<condition number="0" type="jump" coverage="0%"/>
							</conditions>
						</line>
						<line number="149" hits="0" branch="false"/>
						<line number="151" hits="0" branch="false"/>
						<line number="152" hits="0" branch="false"/>
						<line number="155" hits="0" branch="true" condition-coverage="0% (0/2)">
							<conditions>
								<condition number="0" type="jump" coverage="0%"/>
							</conditions>
						</line>
						<line number="156" hits="0" branch="false"/>
						<line number="158" hits="0" branch="true" condition-coverage="0% (0/2)">
							<conditions>
								<condition number="0" type="jump" coverage="0%"/>
							</conditions>
						</line>
						<line number="159" hits="0" branch="false"/>
						<line number="161" hits="0" branch="true" condition-coverage="0% (0/2)">
							<conditions>
								<condition number="0" type="jump" coverage="0%"/>
							</conditions>
						</line>
						<line number="162" hits="0" branch="true" condition-coverage="0% (0/2)">
							<conditions>
								<condition number="0" type="jump" coverage="0%"/>
							</conditions>
						</line>
						<line number="163" hits="0" branch="false"/>
						<line number="166" hits="0" branch="false"/>
						<line number="173" hits="0" branch="false"/>
						<line number="177" hits="0" branch="true" condition-coverage="0% (0/2)">
							<conditions>
								<condition number="0" type="jump" coverage="0%"/>
							</conditions>
						</line>
						<line number="178" hits="0" branch="true" condition-coverage="0% (0/2)">
							<conditions>
								<condition number="0" type="jump" coverage="0%"/>
							</conditions>
						</line>
						<line number="179" hits="0" branch="false"/>
						<line number="182" hits="0" branch="false"/>
					</lines>
				</class>
				<class name="org.jdesktop.swinghelper.debug.EventDispatchThreadHangMonitor$HangChecker" filename="org/jdesktop/swinghelper/debug/EventDispatchThreadHangMonitor.java" line-rate="0.0" branch-rate="0.0" complexity="2.5714285714285716">
					<methods>
						<method name="&lt;init&gt;" signature="(Lorg/jdesktop/swinghelper/debug/EventDispatchThreadHangMonitor;)V" line-rate="1.0" branch-rate="1.0">
							<lines>
							</lines>
						</method>
						<method name="&lt;init&gt;" signature="(Lorg/jdesktop/swinghelper/debug/EventDispatchThreadHangMonitor;Lorg/jdesktop/swinghelper/debug/EventDispatchThreadHangMonitor$1;)V" line-rate="0.0" branch-rate="1.0">
							<lines>
								<line number="199" hits="0" branch="false"/>
							</lines>
						</method>
						<method name="run" signature="()V" line-rate="0.0" branch-rate="0.0">
							<lines>
								<line number="202" hits="0" branch="false"/>
								<line number="203" hits="0" branch="true" condition-coverage="0% (0/4)">
									<conditions>
										<condition number="0" type="jump" coverage="0%"/>
										<condition number="1" type="jump" coverage="0%"/>
									</conditions>
								</line>
								<line number="208" hits="0" branch="false"/>
								<line number="212" hits="0" branch="false"/>
								<line number="213" hits="0" branch="false"/>
								<line number="214" hits="0" branch="false"/>
							</lines>
						</method>
					</methods>
					<lines>
						<line number="199" hits="0" branch="false"/>
						<line number="202" hits="0" branch="false"/>
						<line number="203" hits="0" branch="true" condition-coverage="0% (0/4)">
							<conditions>
								<condition number="0" type="jump" coverage="0%"/>
								<condition number="1" type="jump" coverage="0%"/>
							</conditions>
						</line>
						<line number="208" hits="0" branch="false"/>
						<line number="212" hits="0" branch="false"/>
						<line number="213" hits="0" branch="false"/>
						<line number="214" hits="0" branch="false"/>
					</lines>
				</class>
			</classes>
		</package>
	</packages>
</coverage>
