<?xml version="1.0" encoding="UTF-8"?>
<testsuite name="griffon.pivot.support.adapters.ImageViewAdapterTest" tests="2" skipped="0" failures="0" errors="0" timestamp="2015-05-13T09:26:00" hostname="testing-worker-linux-e7a62211-2-31894-linux-13-62366935" time="0.001">
  <properties/>
  <testcase name="testImageChanged" classname="griffon.pivot.support.adapters.ImageViewAdapterTest" time="0.0"/>
  <testcase name="testAsynchronousChanged" classname="griffon.pivot.support.adapters.ImageViewAdapterTest" time="0.001"/>
  <system-out><![CDATA[]]></system-out>
  <system-err><![CDATA[]]></system-err>
</testsuite>
