<?xml version="1.0" encoding="UTF-8"?>
<testsuite name="integration.GriffonApplicationSpec" tests="33" skipped="0" failures="0" errors="0" timestamp="2015-05-09T11:31:16" hostname="testing-worker-linux-bb3654bb-2-27488-linux-11-61873267" time="2.035">
  <properties/>
  <testcase name="Bootstrap application" classname="integration.GriffonApplicationSpec" time="1.637"/>
  <testcase name="Check artifact controller" classname="integration.GriffonApplicationSpec" time="0.019"/>
  <testcase name="Check artifact model" classname="integration.GriffonApplicationSpec" time="0.027"/>
  <testcase name="Check artifact service" classname="integration.GriffonApplicationSpec" time="0.006"/>
  <testcase name="Check artifact view" classname="integration.GriffonApplicationSpec" time="0.006"/>
  <testcase name="Check groups" classname="integration.GriffonApplicationSpec" time="0.008"/>
  <testcase name="Invoke abort Action" classname="integration.GriffonApplicationSpec" time="0.012"/>
  <testcase name="Invoke sayHello Action" classname="integration.GriffonApplicationSpec" time="0.005"/>
  <testcase name="Invoke handleException Action" classname="integration.GriffonApplicationSpec" time="0.004"/>
  <testcase name="Invoke throwException Action" classname="integration.GriffonApplicationSpec" time="0.01"/>
  <testcase name="Invoke update Action" classname="integration.GriffonApplicationSpec" time="0.008"/>
  <testcase name="Verify ActionManager" classname="integration.GriffonApplicationSpec" time="0.022"/>
  <testcase name="Verify AddonManager" classname="integration.GriffonApplicationSpec" time="0.01"/>
  <testcase name="Verify MVCGroupManager" classname="integration.GriffonApplicationSpec" time="0.007"/>
  <testcase name="Verify ArtifactManager" classname="integration.GriffonApplicationSpec" time="0.027"/>
  <testcase name="Verify withMvcGroup(type , handler)" classname="integration.GriffonApplicationSpec" time="0.045"/>
  <testcase name="Verify withMvcGroup(type, id , handler)" classname="integration.GriffonApplicationSpec" time="0.019"/>
  <testcase name="Verify withMvcGroup(type, id, map , handler)" classname="integration.GriffonApplicationSpec" time="0.019"/>
  <testcase name="Verify withMvcGroup(type, map , handler)" classname="integration.GriffonApplicationSpec" time="0.014"/>
  <testcase name="Verify withMvcGroup(map, type, id , handler)" classname="integration.GriffonApplicationSpec" time="0.014"/>
  <testcase name="Verify withMvcGroup(map, type , handler)" classname="integration.GriffonApplicationSpec" time="0.014"/>
  <testcase name="Verify createMVCGroup(type)" classname="integration.GriffonApplicationSpec" time="0.009"/>
  <testcase name="Verify createMVCGroup(type, id)" classname="integration.GriffonApplicationSpec" time="0.007"/>
  <testcase name="Verify createMVCGroup(type, map)" classname="integration.GriffonApplicationSpec" time="0.008"/>
  <testcase name="Verify createMVCGroup(map, type)" classname="integration.GriffonApplicationSpec" time="0.008"/>
  <testcase name="Verify createMVCGroup(type, id, map)" classname="integration.GriffonApplicationSpec" time="0.007"/>
  <testcase name="Verify createMVCGroup(map, type, id)" classname="integration.GriffonApplicationSpec" time="0.007"/>
  <testcase name="Verify createMVC(type)" classname="integration.GriffonApplicationSpec" time="0.01"/>
  <testcase name="Verify createMVC(type, id)" classname="integration.GriffonApplicationSpec" time="0.006"/>
  <testcase name="Verify createMVC(type, map)" classname="integration.GriffonApplicationSpec" time="0.008"/>
  <testcase name="Verify createMVC(map, type)" classname="integration.GriffonApplicationSpec" time="0.009"/>
  <testcase name="Verify createMVC(type, id, map)" classname="integration.GriffonApplicationSpec" time="0.006"/>
  <testcase name="Verify createMVC(map, type, id)" classname="integration.GriffonApplicationSpec" time="0.006"/>
  <system-out><![CDATA[{application=integration.TestGriffonApplication@543595cb, mvcType=sample, mvcId=sample, configuration=MVCGroupConfiguration{mvcType='sample', members={model=integration.SimpleModel, view=integration.SimpleView, controller=integration.SimpleController}, config={}}, model=integration.SimpleModel@20f58134, view=integration.SimpleView@44e04f40, controller=integration.SimpleController@71a3a967, mvcGroup=org.codehaus.griffon.runtime.core.mvc.DefaultMVCGroup@2f59a97f[sample:sample]}
{application=integration.TestGriffonApplication@543595cb, mvcType=simple, mvcId=simple, configuration=MVCGroupConfiguration{mvcType='simple', members={model=integration.SimpleModel, view=integration.SimpleView, controller=integration.SimpleController}, config={}}, model=integration.SimpleModel@64ca2cc, view=integration.SimpleView@18ccfd2b, controller=integration.SimpleController@6a3b1690, mvcGroup=org.codehaus.griffon.runtime.core.mvc.DefaultMVCGroup@35562ad0[simple:simple]}
{application=integration.TestGriffonApplication@543595cb, mvcType=simple, mvcId=simple-1, configuration=MVCGroupConfiguration{mvcType='simple', members={model=integration.SimpleModel, view=integration.SimpleView, controller=integration.SimpleController}, config={}}, model=integration.SimpleModel@5bfc4a8b, view=integration.SimpleView@41abf827, controller=integration.SimpleController@2a6b63e3, mvcGroup=org.codehaus.griffon.runtime.core.mvc.DefaultMVCGroup@424a2b3[simple:simple-1]}
{application=integration.TestGriffonApplication@543595cb, mvcType=simple, mvcId=simple-2, configuration=MVCGroupConfiguration{mvcType='simple', members={model=integration.SimpleModel, view=integration.SimpleView, controller=integration.SimpleController}, config={}}, key=griffon, model=integration.SimpleModel@58dfed5e, view=integration.SimpleView@3d055f02, controller=integration.SimpleController@1dfa63ad, mvcGroup=org.codehaus.griffon.runtime.core.mvc.DefaultMVCGroup@35c43bdf[simple:simple-2]}
{application=integration.TestGriffonApplication@543595cb, mvcType=simple, mvcId=simple, configuration=MVCGroupConfiguration{mvcType='simple', members={model=integration.SimpleModel, view=integration.SimpleView, controller=integration.SimpleController}, config={}}, key=griffon, model=integration.SimpleModel@6ce451c, view=integration.SimpleView@1103830b, controller=integration.SimpleController@6b6c21af, mvcGroup=org.codehaus.griffon.runtime.core.mvc.DefaultMVCGroup@d9196df[simple:simple]}
{application=integration.TestGriffonApplication@543595cb, mvcType=simple, mvcId=simple-2, configuration=MVCGroupConfiguration{mvcType='simple', members={model=integration.SimpleModel, view=integration.SimpleView, controller=integration.SimpleController}, config={}}, key=griffon, model=integration.SimpleModel@3b18c3d1, view=integration.SimpleView@478ed7e1, controller=integration.SimpleController@4f0010b6, mvcGroup=org.codehaus.griffon.runtime.core.mvc.DefaultMVCGroup@4d4c1abe[simple:simple-2]}
{application=integration.TestGriffonApplication@543595cb, mvcType=simple, mvcId=simple, configuration=MVCGroupConfiguration{mvcType='simple', members={model=integration.SimpleModel, view=integration.SimpleView, controller=integration.SimpleController}, config={}}, key=griffon, model=integration.SimpleModel@6b75de25, view=integration.SimpleView@6b41eeb0, controller=integration.SimpleController@426e0c9d, mvcGroup=org.codehaus.griffon.runtime.core.mvc.DefaultMVCGroup@3d66b411[simple:simple]}
{application=integration.TestGriffonApplication@543595cb, mvcType=simple, mvcId=simple, configuration=MVCGroupConfiguration{mvcType='simple', members={model=integration.SimpleModel, view=integration.SimpleView, controller=integration.SimpleController}, config={}}, model=integration.SimpleModel@17b7bed1, view=integration.SimpleView@66c7dc27, controller=integration.SimpleController@4552ae09, mvcGroup=org.codehaus.griffon.runtime.core.mvc.DefaultMVCGroup@682228a5[simple:simple]}
{application=integration.TestGriffonApplication@543595cb, mvcType=simple, mvcId=simple-1, configuration=MVCGroupConfiguration{mvcType='simple', members={model=integration.SimpleModel, view=integration.SimpleView, controller=integration.SimpleController}, config={}}, model=integration.SimpleModel@19ea03e8, view=integration.SimpleView@62f68f45, controller=integration.SimpleController@570d52b9, mvcGroup=org.codehaus.griffon.runtime.core.mvc.DefaultMVCGroup@58ea4dbb[simple:simple-1]}
{application=integration.TestGriffonApplication@543595cb, mvcType=simple, mvcId=simple, configuration=MVCGroupConfiguration{mvcType='simple', members={model=integration.SimpleModel, view=integration.SimpleView, controller=integration.SimpleController}, config={}}, key=griffon, model=integration.SimpleModel@43b2e399, view=integration.SimpleView@15b302bd, controller=integration.SimpleController@67e24500, mvcGroup=org.codehaus.griffon.runtime.core.mvc.DefaultMVCGroup@2927ed40[simple:simple]}
{application=integration.TestGriffonApplication@543595cb, mvcType=simple, mvcId=simple, configuration=MVCGroupConfiguration{mvcType='simple', members={model=integration.SimpleModel, view=integration.SimpleView, controller=integration.SimpleController}, config={}}, key=griffon, model=integration.SimpleModel@c0b9726, view=integration.SimpleView@f61c865, controller=integration.SimpleController@35f47506, mvcGroup=org.codehaus.griffon.runtime.core.mvc.DefaultMVCGroup@7d1e3b3c[simple:simple]}
{application=integration.TestGriffonApplication@543595cb, mvcType=simple, mvcId=simple-2, configuration=MVCGroupConfiguration{mvcType='simple', members={model=integration.SimpleModel, view=integration.SimpleView, controller=integration.SimpleController}, config={}}, key=griffon, model=integration.SimpleModel@7d99525f, view=integration.SimpleView@3121130b, controller=integration.SimpleController@43270c21, mvcGroup=org.codehaus.griffon.runtime.core.mvc.DefaultMVCGroup@1e3395b3[simple:simple-2]}
{application=integration.TestGriffonApplication@543595cb, mvcType=simple, mvcId=simple-2, configuration=MVCGroupConfiguration{mvcType='simple', members={model=integration.SimpleModel, view=integration.SimpleView, controller=integration.SimpleController}, config={}}, key=griffon, model=integration.SimpleModel@28e05607, view=integration.SimpleView@31a7fbf0, controller=integration.SimpleController@6007f334, mvcGroup=org.codehaus.griffon.runtime.core.mvc.DefaultMVCGroup@6921e813[simple:simple-2]}
{application=integration.TestGriffonApplication@543595cb, mvcType=simple, mvcId=simple, configuration=MVCGroupConfiguration{mvcType='simple', members={model=integration.SimpleModel, view=integration.SimpleView, controller=integration.SimpleController}, config={}}, model=integration.SimpleModel@38c114cd, view=integration.SimpleView@14bc5500, controller=integration.SimpleController@4002cece, mvcGroup=org.codehaus.griffon.runtime.core.mvc.DefaultMVCGroup@6b65ec22[simple:simple]}
{application=integration.TestGriffonApplication@543595cb, mvcType=simple, mvcId=simple-1, configuration=MVCGroupConfiguration{mvcType='simple', members={model=integration.SimpleModel, view=integration.SimpleView, controller=integration.SimpleController}, config={}}, model=integration.SimpleModel@7d1ea71c, view=integration.SimpleView@d3d23d9, controller=integration.SimpleController@2addb3fb, mvcGroup=org.codehaus.griffon.runtime.core.mvc.DefaultMVCGroup@4a9e0246[simple:simple-1]}
{application=integration.TestGriffonApplication@543595cb, mvcType=simple, mvcId=simple, configuration=MVCGroupConfiguration{mvcType='simple', members={model=integration.SimpleModel, view=integration.SimpleView, controller=integration.SimpleController}, config={}}, key=griffon, model=integration.SimpleModel@7466f7e6, view=integration.SimpleView@ef1d101, controller=integration.SimpleController@2e06d19b, mvcGroup=org.codehaus.griffon.runtime.core.mvc.DefaultMVCGroup@52feea55[simple:simple]}
{application=integration.TestGriffonApplication@543595cb, mvcType=simple, mvcId=simple, configuration=MVCGroupConfiguration{mvcType='simple', members={model=integration.SimpleModel, view=integration.SimpleView, controller=integration.SimpleController}, config={}}, key=griffon, model=integration.SimpleModel@79e0eae1, view=integration.SimpleView@66dadcf4, controller=integration.SimpleController@3fc6b490, mvcGroup=org.codehaus.griffon.runtime.core.mvc.DefaultMVCGroup@1e53b94[simple:simple]}
{application=integration.TestGriffonApplication@543595cb, mvcType=simple, mvcId=simple-2, configuration=MVCGroupConfiguration{mvcType='simple', members={model=integration.SimpleModel, view=integration.SimpleView, controller=integration.SimpleController}, config={}}, key=griffon, model=integration.SimpleModel@e2471ca, view=integration.SimpleView@5df8696b, controller=integration.SimpleController@5f2bf94b, mvcGroup=org.codehaus.griffon.runtime.core.mvc.DefaultMVCGroup@27c66627[simple:simple-2]}
{application=integration.TestGriffonApplication@543595cb, mvcType=simple, mvcId=simple-2, configuration=MVCGroupConfiguration{mvcType='simple', members={model=integration.SimpleModel, view=integration.SimpleView, controller=integration.SimpleController}, config={}}, key=griffon, model=integration.SimpleModel@f9b44bd, view=integration.SimpleView@7b9cedac, controller=integration.SimpleController@60720d9c, mvcGroup=org.codehaus.griffon.runtime.core.mvc.DefaultMVCGroup@5bc8fd76[simple:simple-2]}
]]></system-out>
  <system-err><![CDATA[[Test worker] INFO org.codehaus.griffon.runtime.core.DefaultApplicationBootstrapper - Griffon 2.3.0-SNAPSHOT
[Test worker] INFO org.codehaus.griffon.runtime.core.DefaultApplicationBootstrapper - Build: 2015-05-09T11:28:41.903+0000
[Test worker] INFO org.codehaus.griffon.runtime.core.DefaultApplicationBootstrapper - JVM: 1.8.0_45 (Oracle Corporation 25.45-b02)
[Test worker] INFO org.codehaus.griffon.runtime.core.DefaultApplicationBootstrapper - OS: Linux 2.6.32-042stab090.5 amd64
[Test worker] DEBUG org.codehaus.griffon.runtime.core.DefaultApplicationBootstrapper - Creating module bindings
[Test worker] DEBUG griffon.util.AnnotationUtils - Current module order is [core, integration]
[Test worker] TRACE griffon.util.AnnotationUtils - Processing module 'core'
[Test worker] TRACE griffon.util.AnnotationUtils -   depends on '[]'
[Test worker] TRACE griffon.util.AnnotationUtils -   adding module 'core', since all dependencies have been added
[Test worker] TRACE griffon.util.AnnotationUtils - Processing module 'integration'
[Test worker] TRACE griffon.util.AnnotationUtils -   depends on '[]'
[Test worker] TRACE griffon.util.AnnotationUtils -   adding module 'integration', since all dependencies have been added
[Test worker] TRACE griffon.util.AnnotationUtils - module dependency ordering complete
[Test worker] DEBUG griffon.util.AnnotationUtils - computed module order is [core, integration]
[Test worker] DEBUG org.codehaus.griffon.runtime.core.DefaultApplicationBootstrapper - Loading module bindings from core:org.codehaus.griffon.runtime.core.DefaultApplicationModule@2568004b
[Test worker] DEBUG org.codehaus.griffon.runtime.core.DefaultApplicationBootstrapper - Loading module bindings from integration:integration.IntegrationModule@15d9e273
[Test worker] TRACE org.codehaus.griffon.runtime.core.DefaultApplicationBootstrapper - InstanceBinding[source=griffon.core.GriffonApplication, instance=integration.TestGriffonApplication@543595cb, singleton=true]
[Test worker] TRACE org.codehaus.griffon.runtime.core.DefaultApplicationBootstrapper - TargetBinding[source=griffon.core.ApplicationClassLoader, target=org.codehaus.griffon.runtime.core.DefaultApplicationClassLoader, singleton=true]
[Test worker] TRACE org.codehaus.griffon.runtime.core.DefaultApplicationBootstrapper - ProviderTypeBinding[source=griffon.core.env.Metadata, providerType=class org.codehaus.griffon.runtime.core.env.MetadataProvider, singleton=true]
[Test worker] TRACE org.codehaus.griffon.runtime.core.DefaultApplicationBootstrapper - ProviderTypeBinding[source=griffon.core.env.RunMode, providerType=class org.codehaus.griffon.runtime.core.env.RunModeProvider, singleton=true]
[Test worker] TRACE org.codehaus.griffon.runtime.core.DefaultApplicationBootstrapper - ProviderTypeBinding[source=griffon.core.env.Environment, providerType=class org.codehaus.griffon.runtime.core.env.EnvironmentProvider, singleton=true]
[Test worker] TRACE org.codehaus.griffon.runtime.core.DefaultApplicationBootstrapper - TargetBinding[source=griffon.core.Context, classifier=@javax.inject.Named(value=applicationContext), target=org.codehaus.griffon.runtime.core.DefaultContext, singleton=true]
[Test worker] TRACE org.codehaus.griffon.runtime.core.DefaultApplicationBootstrapper - TargetBinding[source=griffon.core.ApplicationConfigurer, target=org.codehaus.griffon.runtime.core.DefaultApplicationConfigurer, singleton=true]
[Test worker] TRACE org.codehaus.griffon.runtime.core.DefaultApplicationBootstrapper - TargetBinding[source=griffon.core.resources.ResourceHandler, target=org.codehaus.griffon.runtime.core.resources.DefaultResourceHandler, singleton=true]
[Test worker] TRACE org.codehaus.griffon.runtime.core.DefaultApplicationBootstrapper - TargetBinding[source=griffon.util.CompositeResourceBundleBuilder, target=org.codehaus.griffon.runtime.util.DefaultCompositeResourceBundleBuilder, singleton=true]
[Test worker] TRACE org.codehaus.griffon.runtime.core.DefaultApplicationBootstrapper - ProviderBinding[source=java.util.ResourceBundle, classifier=@javax.inject.Named(value=applicationResourceBundle), provider=org.codehaus.griffon.runtime.util.ResourceBundleProvider@244129ec, singleton=true]
[Test worker] TRACE org.codehaus.griffon.runtime.core.DefaultApplicationBootstrapper - TargetBinding[source=griffon.core.Configuration, target=org.codehaus.griffon.runtime.core.DefaultConfiguration, singleton=true]
[Test worker] TRACE org.codehaus.griffon.runtime.core.DefaultApplicationBootstrapper - TargetBinding[source=griffon.core.ExecutorServiceManager, target=org.codehaus.griffon.runtime.core.DefaultExecutorServiceManager, singleton=true]
[Test worker] TRACE org.codehaus.griffon.runtime.core.DefaultApplicationBootstrapper - TargetBinding[source=griffon.core.event.EventRouter, classifier=@javax.inject.Named(value=applicationEventRouter), target=org.codehaus.griffon.runtime.core.event.DefaultEventRouter, singleton=true]
[Test worker] TRACE org.codehaus.griffon.runtime.core.DefaultApplicationBootstrapper - TargetBinding[source=griffon.core.event.EventRouter, target=org.codehaus.griffon.runtime.core.event.DefaultEventRouter, singleton=false]
[Test worker] TRACE org.codehaus.griffon.runtime.core.DefaultApplicationBootstrapper - ProviderBinding[source=griffon.core.resources.ResourceResolver, classifier=@javax.inject.Named(value=applicationResourceResolver), provider=org.codehaus.griffon.runtime.core.resources.ResourceResolverProvider@66b2c965, singleton=true]
[Test worker] TRACE org.codehaus.griffon.runtime.core.DefaultApplicationBootstrapper - ProviderBinding[source=griffon.core.i18n.MessageSource, classifier=@javax.inject.Named(value=applicationMessageSource), provider=org.codehaus.griffon.runtime.core.i18n.MessageSourceProvider@6ef7ceec, singleton=true]
[Test worker] TRACE org.codehaus.griffon.runtime.core.DefaultApplicationBootstrapper - TargetBinding[source=griffon.core.resources.ResourceInjector, classifier=@javax.inject.Named(value=applicationResourceInjector), target=org.codehaus.griffon.runtime.core.resources.DefaultApplicationResourceInjector, singleton=true]
[Test worker] TRACE org.codehaus.griffon.runtime.core.DefaultApplicationBootstrapper - ProviderTypeBinding[source=java.util.concurrent.ExecutorService, classifier=@javax.inject.Named(value=defaultExecutorService), providerType=class org.codehaus.griffon.runtime.core.threading.DefaultExecutorServiceProvider, singleton=true]
[Test worker] TRACE org.codehaus.griffon.runtime.core.DefaultApplicationBootstrapper - TargetBinding[source=griffon.core.threading.UIThreadManager, target=org.codehaus.griffon.runtime.core.threading.DefaultUIThreadManager, singleton=true]
[Test worker] TRACE org.codehaus.griffon.runtime.core.DefaultApplicationBootstrapper - TargetBinding[source=griffon.core.mvc.MVCGroupManager, target=org.codehaus.griffon.runtime.core.mvc.DefaultMVCGroupManager, singleton=true]
[Test worker] TRACE org.codehaus.griffon.runtime.core.DefaultApplicationBootstrapper - ProviderBinding[source=griffon.core.LifecycleHandler, classifier=@javax.inject.Named(value=Initialize), provider=org.codehaus.griffon.runtime.core.LifecycleHandlerProvider@16949534, singleton=true]
[Test worker] TRACE org.codehaus.griffon.runtime.core.DefaultApplicationBootstrapper - ProviderBinding[source=griffon.core.LifecycleHandler, classifier=@javax.inject.Named(value=Startup), provider=org.codehaus.griffon.runtime.core.LifecycleHandlerProvider@3bb7c043, singleton=true]
[Test worker] TRACE org.codehaus.griffon.runtime.core.DefaultApplicationBootstrapper - ProviderBinding[source=griffon.core.LifecycleHandler, classifier=@javax.inject.Named(value=Ready), provider=org.codehaus.griffon.runtime.core.LifecycleHandlerProvider@4bbecfb1, singleton=true]
[Test worker] TRACE org.codehaus.griffon.runtime.core.DefaultApplicationBootstrapper - ProviderBinding[source=griffon.core.LifecycleHandler, classifier=@javax.inject.Named(value=Shutdown), provider=org.codehaus.griffon.runtime.core.LifecycleHandlerProvider@1beee884, singleton=true]
[Test worker] TRACE org.codehaus.griffon.runtime.core.DefaultApplicationBootstrapper - ProviderBinding[source=griffon.core.LifecycleHandler, classifier=@javax.inject.Named(value=Stop), provider=org.codehaus.griffon.runtime.core.LifecycleHandlerProvider@29e1f3f8, singleton=true]
[Test worker] TRACE org.codehaus.griffon.runtime.core.DefaultApplicationBootstrapper - TargetBinding[source=griffon.core.view.WindowManager, target=org.codehaus.griffon.runtime.core.view.NoopWindowManager, singleton=true]
[Test worker] TRACE org.codehaus.griffon.runtime.core.DefaultApplicationBootstrapper - TargetBinding[source=griffon.core.controller.ActionManager, target=org.codehaus.griffon.runtime.core.controller.DefaultActionManager, singleton=true]
[Test worker] TRACE org.codehaus.griffon.runtime.core.DefaultApplicationBootstrapper - TargetBinding[source=griffon.core.artifact.ArtifactManager, target=org.codehaus.griffon.runtime.core.artifact.DefaultArtifactManager, singleton=true]
[Test worker] TRACE org.codehaus.griffon.runtime.core.DefaultApplicationBootstrapper - TargetBinding[source=griffon.core.artifact.ArtifactHandler, classifier=@griffon.inject.Typed(value=interface griffon.core.artifact.GriffonModel), target=org.codehaus.griffon.runtime.core.artifact.ModelArtifactHandler, singleton=true]
[Test worker] TRACE org.codehaus.griffon.runtime.core.DefaultApplicationBootstrapper - TargetBinding[source=griffon.core.artifact.ArtifactHandler, classifier=@griffon.inject.Typed(value=interface griffon.core.artifact.GriffonView), target=org.codehaus.griffon.runtime.core.artifact.ViewArtifactHandler, singleton=true]
[Test worker] TRACE org.codehaus.griffon.runtime.core.DefaultApplicationBootstrapper - TargetBinding[source=griffon.core.artifact.ArtifactHandler, classifier=@griffon.inject.Typed(value=interface griffon.core.artifact.GriffonController), target=org.codehaus.griffon.runtime.core.artifact.ControllerArtifactHandler, singleton=true]
[Test worker] TRACE org.codehaus.griffon.runtime.core.DefaultApplicationBootstrapper - TargetBinding[source=griffon.core.artifact.ArtifactHandler, classifier=@griffon.inject.Typed(value=interface griffon.core.artifact.GriffonService), target=org.codehaus.griffon.runtime.core.artifact.ServiceArtifactHandler, singleton=true]
[Test worker] TRACE org.codehaus.griffon.runtime.core.DefaultApplicationBootstrapper - ProviderTypeBinding[source=griffon.core.PlatformHandler, providerType=class org.codehaus.griffon.runtime.core.PlatformHandlerProvider, singleton=true]
[Test worker] TRACE org.codehaus.griffon.runtime.core.DefaultApplicationBootstrapper - TargetBinding[source=griffon.core.addon.AddonManager, target=org.codehaus.griffon.runtime.core.addon.DefaultAddonManager, singleton=true]
[Test worker] TRACE org.codehaus.griffon.runtime.core.DefaultApplicationBootstrapper - TargetBinding[source=griffon.core.event.EventHandler, target=org.codehaus.griffon.runtime.core.event.DefaultEventHandler, singleton=true]
[Test worker] TRACE org.codehaus.griffon.runtime.core.DefaultApplicationBootstrapper - TargetBinding[source=griffon.core.GriffonExceptionHandler, target=griffon.core.GriffonExceptionHandler, singleton=true]
[Test worker] TRACE org.codehaus.griffon.runtime.core.DefaultApplicationBootstrapper - TargetBinding[source=griffon.core.addon.GriffonAddon, classifier=@javax.inject.Named(value=integration), target=integration.IntegrationAddon, singleton=true]
[Test worker] TRACE org.codehaus.griffon.runtime.core.DefaultApplicationBootstrapper - TargetBinding[source=griffon.core.controller.ActionHandler, target=integration.InvokeActionHandler, singleton=true]
[Test worker] DEBUG org.codehaus.griffon.runtime.core.DefaultApplicationBootstrapper - Creating application injector
[Test worker] DEBUG org.codehaus.griffon.runtime.core.DefaultApplicationBootstrapper - Injector will be created by integration.GuiceInjectorFactory@6bbf058a
[Test worker] DEBUG org.codehaus.griffon.runtime.core.event.AbstractEventRouter - Adding listener org.codehaus.griffon.runtime.core.MVCGroupExceptionHandler on UncaughtMVCGroupConfigurationException
[Test worker] DEBUG org.codehaus.griffon.runtime.core.event.AbstractEventRouter - Adding listener org.codehaus.griffon.runtime.core.MVCGroupExceptionHandler on UncaughtMVCGroupInstantiationException
[Test worker] DEBUG org.codehaus.griffon.runtime.core.event.AbstractEventRouter - Triggering event 'BootstrapStart' synchronously
[Test worker] DEBUG griffon.util.ServiceLoaderUtils - Reading java.beans.PropertyEditor definitions from file:/home/travis/build/griffon/griffon/subprojects/griffon-core/build/resources/main/META-INF/editors/java.beans.PropertyEditor
[Test worker] DEBUG org.codehaus.griffon.runtime.core.DefaultApplicationConfigurer - Registering griffon.core.editors.StringPropertyEditor as editor for java.lang.String
[Test worker] DEBUG org.codehaus.griffon.runtime.core.DefaultApplicationConfigurer - Registering griffon.core.editors.FilePropertyEditor as editor for java.io.File
[Test worker] DEBUG org.codehaus.griffon.runtime.core.DefaultApplicationConfigurer - Registering griffon.core.editors.URLPropertyEditor as editor for java.net.URL
[Test worker] DEBUG org.codehaus.griffon.runtime.core.DefaultApplicationConfigurer - Registering griffon.core.editors.URIPropertyEditor as editor for java.net.URI
[Test worker] DEBUG org.codehaus.griffon.runtime.core.DefaultApplicationConfigurer - Registering griffon.core.editors.BigDecimalPropertyEditor as editor for java.math.BigDecimal
[Test worker] DEBUG org.codehaus.griffon.runtime.core.DefaultApplicationConfigurer - Registering griffon.core.editors.BigIntegerPropertyEditor as editor for java.math.BigInteger
[Test worker] DEBUG org.codehaus.griffon.runtime.core.DefaultApplicationConfigurer - Registering griffon.core.editors.BooleanPropertyEditor as editor for java.lang.Boolean
[Test worker] DEBUG org.codehaus.griffon.runtime.core.DefaultApplicationConfigurer - Registering griffon.core.editors.BytePropertyEditor as editor for java.lang.Byte
[Test worker] DEBUG org.codehaus.griffon.runtime.core.DefaultApplicationConfigurer - Registering griffon.core.editors.ShortPropertyEditor as editor for java.lang.Short
[Test worker] DEBUG org.codehaus.griffon.runtime.core.DefaultApplicationConfigurer - Registering griffon.core.editors.IntegerPropertyEditor as editor for java.lang.Integer
[Test worker] DEBUG org.codehaus.griffon.runtime.core.DefaultApplicationConfigurer - Registering griffon.core.editors.LongPropertyEditor as editor for java.lang.Long
[Test worker] DEBUG org.codehaus.griffon.runtime.core.DefaultApplicationConfigurer - Registering griffon.core.editors.FloatPropertyEditor as editor for java.lang.Float
[Test worker] DEBUG org.codehaus.griffon.runtime.core.DefaultApplicationConfigurer - Registering griffon.core.editors.DoublePropertyEditor as editor for java.lang.Double
[Test worker] DEBUG org.codehaus.griffon.runtime.core.DefaultApplicationConfigurer - Registering griffon.core.editors.CalendarPropertyEditor as editor for java.util.Calendar
[Test worker] DEBUG org.codehaus.griffon.runtime.core.DefaultApplicationConfigurer - Registering griffon.core.editors.DatePropertyEditor as editor for java.util.Date
[Test worker] DEBUG org.codehaus.griffon.runtime.core.DefaultApplicationConfigurer - Registering griffon.core.editors.BooleanPropertyEditor as editor for boolean
[Test worker] DEBUG org.codehaus.griffon.runtime.core.DefaultApplicationConfigurer - Registering griffon.core.editors.BytePropertyEditor as editor for byte
[Test worker] DEBUG org.codehaus.griffon.runtime.core.DefaultApplicationConfigurer - Registering griffon.core.editors.ShortPropertyEditor as editor for short
[Test worker] DEBUG org.codehaus.griffon.runtime.core.DefaultApplicationConfigurer - Registering griffon.core.editors.IntegerPropertyEditor as editor for int
[Test worker] DEBUG org.codehaus.griffon.runtime.core.DefaultApplicationConfigurer - Registering griffon.core.editors.LongPropertyEditor as editor for long
[Test worker] DEBUG org.codehaus.griffon.runtime.core.DefaultApplicationConfigurer - Registering griffon.core.editors.FloatPropertyEditor as editor for float
[Test worker] DEBUG org.codehaus.griffon.runtime.core.DefaultApplicationConfigurer - Registering griffon.core.editors.DoublePropertyEditor as editor for double
[Test worker] DEBUG org.codehaus.griffon.runtime.core.event.AbstractEventRouter - Adding listener org.codehaus.griffon.runtime.core.DefaultApplicationConfigurer$2 on NewInstance
[Test worker] TRACE griffon.util.CompositeResourceBundle - Searching key=application
[Test worker] TRACE griffon.util.CompositeResourceBundle - Bundle griffon.util.ExpandableResourceBundle@fa98c1a; key=application; value='{startupGroups=[integration], autoShutdown=true, title=integration}'
[Test worker] TRACE griffon.util.CompositeResourceBundle - Searching key=application.startupGroups
[Test worker] TRACE griffon.util.CompositeResourceBundle - Bundle griffon.util.ExpandableResourceBundle@fa98c1a; key=application.startupGroups; value='[integration]'
[Test worker] TRACE griffon.util.CompositeResourceBundle - Searching key=mvcGroups
[Test worker] TRACE griffon.util.CompositeResourceBundle - Bundle griffon.util.ExpandableResourceBundle@fa98c1a; key=mvcGroups; value='{integration={view=integration.IntegrationView, config={color=#0000FF}, controller=integration.IntegrationController, model=integration.IntegrationModel}}'
[Test worker] TRACE griffon.util.CompositeResourceBundle - Searching key=mvcGroups.integration.view
[Test worker] TRACE griffon.util.CompositeResourceBundle - Bundle griffon.util.ExpandableResourceBundle@fa98c1a; key=mvcGroups.integration.view; value='integration.IntegrationView'
[Test worker] TRACE griffon.util.CompositeResourceBundle - Searching key=application.autoShutdown
[Test worker] TRACE griffon.util.CompositeResourceBundle - Bundle griffon.util.ExpandableResourceBundle@fa98c1a; key=application.autoShutdown; value='true'
[Test worker] TRACE griffon.util.CompositeResourceBundle - Searching key=mvcGroups.integration.config.color
[Test worker] TRACE griffon.util.CompositeResourceBundle - Bundle griffon.util.ExpandableResourceBundle@fa98c1a; key=mvcGroups.integration.config.color; value='#0000FF'
[Test worker] TRACE griffon.util.CompositeResourceBundle - Searching key=mvcGroups.integration.controller
[Test worker] TRACE griffon.util.CompositeResourceBundle - Bundle griffon.util.ExpandableResourceBundle@fa98c1a; key=mvcGroups.integration.controller; value='integration.IntegrationController'
[Test worker] TRACE griffon.util.CompositeResourceBundle - Searching key=application.title
[Test worker] TRACE griffon.util.CompositeResourceBundle - Bundle griffon.util.ExpandableResourceBundle@fa98c1a; key=application.title; value='integration'
[Test worker] TRACE griffon.util.CompositeResourceBundle - Searching key=mvcGroups.integration.model
[Test worker] TRACE griffon.util.CompositeResourceBundle - Bundle griffon.util.ExpandableResourceBundle@fa98c1a; key=mvcGroups.integration.model; value='integration.IntegrationModel'
[Test worker] TRACE griffon.util.CompositeResourceBundle - Searching key=application.lifecycle.handler.disable
[Test worker] TRACE griffon.util.CompositeResourceBundle - Searching key=application
[Test worker] TRACE griffon.util.CompositeResourceBundle - Bundle griffon.util.ExpandableResourceBundle@fa98c1a; key=application; value='{startupGroups=[integration], autoShutdown=true, title=integration}'
[Test worker] TRACE griffon.util.CompositeResourceBundle - Searching key=platform.handler.linux64
[Test worker] TRACE griffon.util.CompositeResourceBundle - Searching key=platform
[Test worker] DEBUG org.codehaus.griffon.runtime.core.PlatformHandlerProvider - Using org.codehaus.griffon.runtime.core.DefaultPlatformHandler as PlatformHandler
[Test worker] DEBUG org.codehaus.griffon.runtime.core.addon.AbstractAddonManager - Loading addons [START]
[Test worker] DEBUG griffon.util.AnnotationUtils - Current addon order is [integration]
[Test worker] TRACE griffon.util.AnnotationUtils - Processing addon 'integration'
[Test worker] TRACE griffon.util.AnnotationUtils -   depends on '[]'
[Test worker] TRACE griffon.util.AnnotationUtils -   adding addon 'integration', since all dependencies have been added
[Test worker] TRACE griffon.util.AnnotationUtils - addon dependency ordering complete
[Test worker] DEBUG griffon.util.AnnotationUtils - computed addon order is [integration]
[Test worker] DEBUG org.codehaus.griffon.runtime.core.event.AbstractEventRouter - Triggering event 'LoadAddonsStart' synchronously
[Test worker] DEBUG org.codehaus.griffon.runtime.core.addon.AbstractAddonManager - Loading addon integration with class integration.IntegrationAddon
[Test worker] DEBUG org.codehaus.griffon.runtime.core.event.AbstractEventRouter - Triggering event 'LoadAddonStart' synchronously
[Test worker] DEBUG org.codehaus.griffon.runtime.core.event.AbstractEventRouter - Adding listener integration.IntegrationAddon@1255ed5c
[Test worker] DEBUG org.codehaus.griffon.runtime.core.addon.AbstractAddonManager - Adding MVC group simple
[Test worker] DEBUG org.codehaus.griffon.runtime.core.addon.AbstractAddonManager - Adding MVC group sample
[Test worker] DEBUG org.codehaus.griffon.runtime.core.event.AbstractEventRouter - Triggering event 'LoadAddonEnd' synchronously
[Test worker] DEBUG org.codehaus.griffon.runtime.core.addon.AbstractAddonManager - Loaded addon integration
[Test worker] DEBUG org.codehaus.griffon.runtime.core.addon.AbstractAddonManager - Loading addons [END]
[Test worker] DEBUG org.codehaus.griffon.runtime.core.event.AbstractEventRouter - Triggering event 'LoadAddonsEnd' synchronously
[Test worker] TRACE griffon.util.CompositeResourceBundle - Searching key=mvcGroups
[Test worker] TRACE griffon.util.CompositeResourceBundle - Bundle griffon.util.ExpandableResourceBundle@fa98c1a; key=mvcGroups; value='{integration={view=integration.IntegrationView, config={color=#0000FF}, controller=integration.IntegrationController, model=integration.IntegrationModel}}'
[Test worker] DEBUG org.codehaus.griffon.runtime.core.DefaultApplicationConfigurer - Adding MVC group integration
[Test worker] DEBUG org.codehaus.griffon.runtime.core.event.AbstractEventRouter - Adding listener org.codehaus.griffon.runtime.core.DefaultApplicationConfigurer$3 on NewInstance
[Test worker] TRACE griffon.util.CompositeResourceBundle - Searching key=griffon.controller.action.handler.order
[Test worker] TRACE griffon.util.CompositeResourceBundle - Searching key=griffon
[Test worker] DEBUG griffon.util.AnnotationUtils - Current handler order is [invoke]
[Test worker] TRACE griffon.util.AnnotationUtils - Processing handler 'invoke'
[Test worker] TRACE griffon.util.AnnotationUtils -   depends on '[]'
[Test worker] TRACE griffon.util.AnnotationUtils -   adding handler 'invoke', since all dependencies have been added
[Test worker] TRACE griffon.util.AnnotationUtils - handler dependency ordering complete
[Test worker] DEBUG griffon.util.AnnotationUtils - computed handler order is [invoke]
[Test worker] DEBUG org.codehaus.griffon.runtime.core.artifact.AbstractArtifactManager - Registering artifact handler for type 'model': org.codehaus.griffon.runtime.core.artifact.ModelArtifactHandler@49e3acb9
[Test worker] DEBUG org.codehaus.griffon.runtime.core.artifact.AbstractArtifactManager - Registering artifact handler for type 'view': org.codehaus.griffon.runtime.core.artifact.ViewArtifactHandler@64b59aec
[Test worker] DEBUG org.codehaus.griffon.runtime.core.artifact.AbstractArtifactManager - Registering artifact handler for type 'controller': org.codehaus.griffon.runtime.core.artifact.ControllerArtifactHandler@23880113
[Test worker] DEBUG org.codehaus.griffon.runtime.core.artifact.AbstractArtifactManager - Registering artifact handler for type 'service': org.codehaus.griffon.runtime.core.artifact.ServiceArtifactHandler@2edf3f93
[Test worker] DEBUG griffon.util.ServiceLoaderUtils - Reading griffon.core.artifact.GriffonView definitions from file:/home/travis/build/griffon/griffon/subprojects/griffon-core/build/resources/test/META-INF/griffon/griffon.core.artifact.GriffonView
[Test worker] DEBUG griffon.util.ServiceLoaderUtils - Reading griffon.core.artifact.GriffonController definitions from file:/home/travis/build/griffon/griffon/subprojects/griffon-core/build/resources/test/META-INF/griffon/griffon.core.artifact.GriffonController
[Test worker] DEBUG griffon.util.ServiceLoaderUtils - Reading griffon.core.artifact.GriffonService definitions from file:/home/travis/build/griffon/griffon/subprojects/griffon-core/build/resources/test/META-INF/griffon/griffon.core.artifact.GriffonService
[Test worker] DEBUG griffon.util.ServiceLoaderUtils - Reading griffon.core.artifact.GriffonModel definitions from file:/home/travis/build/griffon/griffon/subprojects/griffon-core/build/resources/test/META-INF/griffon/griffon.core.artifact.GriffonModel
[Test worker] DEBUG org.codehaus.griffon.runtime.core.artifact.DefaultArtifactManager - Artifacts of type 'view' = 2
[Test worker] DEBUG org.codehaus.griffon.runtime.core.artifact.DefaultArtifactManager - Artifacts of type 'controller' = 2
[Test worker] DEBUG org.codehaus.griffon.runtime.core.artifact.DefaultArtifactManager - Artifacts of type 'service' = 1
[Test worker] DEBUG org.codehaus.griffon.runtime.core.artifact.DefaultArtifactManager - Artifacts of type 'model' = 2
[Test worker] TRACE org.codehaus.griffon.runtime.core.artifact.AbstractArtifactManager - InstanceBinding[source=griffon.core.artifact.GriffonClass, classifier=@griffon.inject.Typed(value=class integration.IntegrationView), instance=Artifact[view] > Integration, singleton=true]
[Test worker] TRACE org.codehaus.griffon.runtime.core.artifact.AbstractArtifactManager - TargetBinding[source=integration.IntegrationView, target=integration.IntegrationView, singleton=false]
[Test worker] TRACE org.codehaus.griffon.runtime.core.artifact.AbstractArtifactManager - InstanceBinding[source=griffon.core.artifact.GriffonClass, classifier=@griffon.inject.Typed(value=class integration.SimpleView), instance=Artifact[view] > Simple, singleton=true]
[Test worker] TRACE org.codehaus.griffon.runtime.core.artifact.AbstractArtifactManager - TargetBinding[source=integration.SimpleView, target=integration.SimpleView, singleton=false]
[Test worker] TRACE org.codehaus.griffon.runtime.core.artifact.AbstractArtifactManager - InstanceBinding[source=griffon.core.artifact.GriffonClass, classifier=@griffon.inject.Typed(value=class integration.IntegrationController), instance=Artifact[controller] > Integration, singleton=true]
[Test worker] TRACE org.codehaus.griffon.runtime.core.artifact.AbstractArtifactManager - TargetBinding[source=integration.IntegrationController, target=integration.IntegrationController, singleton=false]
[Test worker] TRACE org.codehaus.griffon.runtime.core.artifact.AbstractArtifactManager - InstanceBinding[source=griffon.core.artifact.GriffonClass, classifier=@griffon.inject.Typed(value=class integration.SimpleController), instance=Artifact[controller] > Simple, singleton=true]
[Test worker] TRACE org.codehaus.griffon.runtime.core.artifact.AbstractArtifactManager - TargetBinding[source=integration.SimpleController, target=integration.SimpleController, singleton=false]
[Test worker] TRACE org.codehaus.griffon.runtime.core.artifact.AbstractArtifactManager - InstanceBinding[source=griffon.core.artifact.GriffonClass, classifier=@griffon.inject.Typed(value=class integration.IntegrationService), instance=Artifact[service] > Integration, singleton=true]
[Test worker] TRACE org.codehaus.griffon.runtime.core.artifact.AbstractArtifactManager - TargetBinding[source=integration.IntegrationService, target=integration.IntegrationService, singleton=true]
[Test worker] TRACE org.codehaus.griffon.runtime.core.artifact.AbstractArtifactManager - InstanceBinding[source=griffon.core.artifact.GriffonClass, classifier=@griffon.inject.Typed(value=class integration.IntegrationModel), instance=Artifact[model] > Integration, singleton=true]
[Test worker] TRACE org.codehaus.griffon.runtime.core.artifact.AbstractArtifactManager - TargetBinding[source=integration.IntegrationModel, target=integration.IntegrationModel, singleton=false]
[Test worker] TRACE org.codehaus.griffon.runtime.core.artifact.AbstractArtifactManager - InstanceBinding[source=griffon.core.artifact.GriffonClass, classifier=@griffon.inject.Typed(value=class integration.SimpleModel), instance=Artifact[model] > Simple, singleton=true]
[Test worker] TRACE org.codehaus.griffon.runtime.core.artifact.AbstractArtifactManager - TargetBinding[source=integration.SimpleModel, target=integration.SimpleModel, singleton=false]
[Test worker] DEBUG org.codehaus.griffon.runtime.core.event.AbstractEventRouter - Triggering event 'BootstrapEnd' synchronously
[Test worker] DEBUG org.codehaus.griffon.runtime.core.event.AbstractEventRouter - Triggering event 'StartupStart' synchronously
[Test worker] TRACE griffon.util.CompositeResourceBundle - Searching key=application.startupGroups
[Test worker] TRACE griffon.util.CompositeResourceBundle - Bundle griffon.util.ExpandableResourceBundle@fa98c1a; key=application.startupGroups; value='[integration]'
[Test worker] INFO integration.TestGriffonApplication - Initializing all startup groups: [integration]
[Test worker] DEBUG org.codehaus.griffon.runtime.core.mvc.AbstractMVCGroupManager - Searching group integration
[Test worker] DEBUG org.codehaus.griffon.runtime.core.mvc.DefaultMVCGroupManager - Building MVC group 'integration' with name 'integration'
[Test worker] DEBUG org.codehaus.griffon.runtime.core.artifact.AbstractArtifactManager - Searching for griffonClass of integration.IntegrationView
[Test worker] DEBUG org.codehaus.griffon.runtime.core.artifact.AbstractArtifactManager - Searching for griffonClass of integration.IntegrationController
[Test worker] DEBUG org.codehaus.griffon.runtime.core.artifact.AbstractArtifactManager - Searching for griffonClass of integration.IntegrationModel
[Test worker] DEBUG org.codehaus.griffon.runtime.core.artifact.AbstractArtifactManager - Searching for griffonClass of integration.IntegrationView
[Test worker] DEBUG org.codehaus.griffon.runtime.core.artifact.AbstractArtifactManager - Searching for griffonClass of integration.IntegrationView
[Test worker] DEBUG org.codehaus.griffon.runtime.core.event.AbstractEventRouter - Triggering event 'NewInstance' synchronously
[Test worker] DEBUG org.codehaus.griffon.runtime.core.artifact.AbstractArtifactManager - Searching for griffonClass of integration.IntegrationController
[Test worker] DEBUG org.codehaus.griffon.runtime.core.artifact.AbstractArtifactManager - Searching for griffonClass of integration.IntegrationController
[Test worker] DEBUG org.codehaus.griffon.runtime.core.event.AbstractEventRouter - Triggering event 'NewInstance' synchronously
[Test worker] DEBUG org.codehaus.griffon.runtime.core.event.AbstractEventRouter - Triggering event 'NewInstance' synchronously
[Test worker] DEBUG org.codehaus.griffon.runtime.core.artifact.AbstractArtifactManager - Searching for griffonClass of integration.IntegrationController
[Test worker] TRACE griffon.util.CompositeResourceBundle - Searching key=integration.IntegrationController.action.Abort.name
[Test worker] TRACE griffon.util.CompositeResourceBundle - Searching key=application.action.Abort.name
[Test worker] TRACE org.codehaus.griffon.runtime.core.controller.AbstractActionManager - integration.IntegrationController.action.Abort.name = Abort
[Test worker] DEBUG org.codehaus.griffon.runtime.core.controller.AbstractActionManager - Configuring action integration.IntegrationController.abort with integration.InvokeActionHandler@ca7c6c
[Test worker] TRACE org.codehaus.griffon.runtime.core.controller.AbstractActionManager - Action for integration.IntegrationController.abort stored as abort
[Test worker] TRACE griffon.util.CompositeResourceBundle - Searching key=integration.IntegrationController.action.HandleException.name
[Test worker] TRACE griffon.util.CompositeResourceBundle - Searching key=application.action.HandleException.name
[Test worker] TRACE org.codehaus.griffon.runtime.core.controller.AbstractActionManager - integration.IntegrationController.action.HandleException.name = Handle Exception
[Test worker] DEBUG org.codehaus.griffon.runtime.core.controller.AbstractActionManager - Configuring action integration.IntegrationController.handleException with integration.InvokeActionHandler@ca7c6c
[Test worker] TRACE org.codehaus.griffon.runtime.core.controller.AbstractActionManager - Action for integration.IntegrationController.handleException stored as handleException
[Test worker] TRACE griffon.util.CompositeResourceBundle - Searching key=integration.IntegrationController.action.SayHello.name
[Test worker] TRACE griffon.util.CompositeResourceBundle - Searching key=application.action.SayHello.name
[Test worker] TRACE org.codehaus.griffon.runtime.core.controller.AbstractActionManager - integration.IntegrationController.action.SayHello.name = Say Hello
[Test worker] DEBUG org.codehaus.griffon.runtime.core.controller.AbstractActionManager - Configuring action integration.IntegrationController.sayHello with integration.InvokeActionHandler@ca7c6c
[Test worker] TRACE org.codehaus.griffon.runtime.core.controller.AbstractActionManager - Action for integration.IntegrationController.sayHello stored as sayHello
[Test worker] TRACE griffon.util.CompositeResourceBundle - Searching key=integration.IntegrationController.action.ThrowException.name
[Test worker] TRACE griffon.util.CompositeResourceBundle - Searching key=application.action.ThrowException.name
[Test worker] TRACE org.codehaus.griffon.runtime.core.controller.AbstractActionManager - integration.IntegrationController.action.ThrowException.name = Throw Exception
[Test worker] DEBUG org.codehaus.griffon.runtime.core.controller.AbstractActionManager - Configuring action integration.IntegrationController.throwException with integration.InvokeActionHandler@ca7c6c
[Test worker] TRACE org.codehaus.griffon.runtime.core.controller.AbstractActionManager - Action for integration.IntegrationController.throwException stored as throwException
[Test worker] DEBUG org.codehaus.griffon.runtime.core.artifact.AbstractArtifactManager - Searching for griffonClass of integration.IntegrationModel
[Test worker] DEBUG org.codehaus.griffon.runtime.core.artifact.AbstractArtifactManager - Searching for griffonClass of integration.IntegrationModel
[Test worker] DEBUG org.codehaus.griffon.runtime.core.event.AbstractEventRouter - Triggering event 'NewInstance' synchronously
[Test worker] DEBUG org.codehaus.griffon.runtime.core.event.AbstractEventRouter - Triggering event 'InitializeMVCGroup' synchronously
[Test worker] DEBUG org.codehaus.griffon.runtime.core.mvc.AbstractMVCGroupManager - Adding group integration:org.codehaus.griffon.runtime.core.mvc.DefaultMVCGroup@53a1a153[integration:integration]
[Test worker] DEBUG org.codehaus.griffon.runtime.core.mvc.DefaultMVCGroupManager - Initializing each MVC member of group 'integration'
[Test worker] DEBUG org.codehaus.griffon.runtime.core.event.AbstractEventRouter - Triggering event 'CreateMVCGroup' synchronously
[Test worker] INFO integration.TestGriffonApplication - Initializing all integration startup groups: [sample]
[Test worker] DEBUG org.codehaus.griffon.runtime.core.mvc.AbstractMVCGroupManager - Searching group sample
[Test worker] DEBUG org.codehaus.griffon.runtime.core.mvc.DefaultMVCGroupManager - Building MVC group 'sample' with name 'sample'
[Test worker] DEBUG org.codehaus.griffon.runtime.core.artifact.AbstractArtifactManager - Searching for griffonClass of integration.SimpleModel
[Test worker] DEBUG org.codehaus.griffon.runtime.core.artifact.AbstractArtifactManager - Searching for griffonClass of integration.SimpleView
[Test worker] DEBUG org.codehaus.griffon.runtime.core.artifact.AbstractArtifactManager - Searching for griffonClass of integration.SimpleController
[Test worker] DEBUG org.codehaus.griffon.runtime.core.artifact.AbstractArtifactManager - Searching for griffonClass of integration.SimpleModel
[Test worker] DEBUG org.codehaus.griffon.runtime.core.artifact.AbstractArtifactManager - Searching for griffonClass of integration.SimpleModel
[Test worker] DEBUG org.codehaus.griffon.runtime.core.event.AbstractEventRouter - Triggering event 'NewInstance' synchronously
[Test worker] DEBUG org.codehaus.griffon.runtime.core.artifact.AbstractArtifactManager - Searching for griffonClass of integration.SimpleView
[Test worker] DEBUG org.codehaus.griffon.runtime.core.artifact.AbstractArtifactManager - Searching for griffonClass of integration.SimpleView
[Test worker] DEBUG org.codehaus.griffon.runtime.core.event.AbstractEventRouter - Triggering event 'NewInstance' synchronously
[Test worker] DEBUG org.codehaus.griffon.runtime.core.artifact.AbstractArtifactManager - Searching for griffonClass of integration.SimpleController
[Test worker] DEBUG org.codehaus.griffon.runtime.core.artifact.AbstractArtifactManager - Searching for griffonClass of integration.SimpleController
[Test worker] DEBUG org.codehaus.griffon.runtime.core.event.AbstractEventRouter - Triggering event 'NewInstance' synchronously
[Test worker] DEBUG org.codehaus.griffon.runtime.core.artifact.AbstractArtifactManager - Searching for griffonClass of integration.SimpleController
[Test worker] DEBUG org.codehaus.griffon.runtime.core.event.AbstractEventRouter - Triggering event 'InitializeMVCGroup' synchronously
[Test worker] DEBUG org.codehaus.griffon.runtime.core.mvc.AbstractMVCGroupManager - Adding group sample:org.codehaus.griffon.runtime.core.mvc.DefaultMVCGroup@2f59a97f[sample:sample]
[Test worker] DEBUG org.codehaus.griffon.runtime.core.mvc.DefaultMVCGroupManager - Initializing each MVC member of group 'sample'
[Test worker] DEBUG org.codehaus.griffon.runtime.core.event.AbstractEventRouter - Triggering event 'CreateMVCGroup' synchronously
[Test worker] TRACE griffon.util.CompositeResourceBundle - Searching key=application.lifecycle.handler.disable
[Test worker] TRACE griffon.util.CompositeResourceBundle - Searching key=application
[Test worker] TRACE griffon.util.CompositeResourceBundle - Bundle griffon.util.ExpandableResourceBundle@fa98c1a; key=application; value='{startupGroups=[integration], autoShutdown=true, title=integration}'
[Test worker] DEBUG org.codehaus.griffon.runtime.core.event.AbstractEventRouter - Triggering event 'StartupEnd' synchronously
[Test worker] DEBUG org.codehaus.griffon.runtime.core.event.AbstractEventRouter - Triggering event 'ReadyStart' synchronously
[Test worker] TRACE griffon.util.CompositeResourceBundle - Searching key=application.lifecycle.handler.disable
[Test worker] TRACE griffon.util.CompositeResourceBundle - Searching key=application
[Test worker] TRACE griffon.util.CompositeResourceBundle - Bundle griffon.util.ExpandableResourceBundle@fa98c1a; key=application; value='{startupGroups=[integration], autoShutdown=true, title=integration}'
[Test worker] DEBUG org.codehaus.griffon.runtime.core.event.AbstractEventRouter - Triggering event 'ReadyEnd' synchronously
[Test worker] DEBUG org.codehaus.griffon.runtime.core.artifact.AbstractArtifactManager - Searching for griffonClass of integration.IntegrationController
[Test worker] DEBUG org.codehaus.griffon.runtime.core.artifact.AbstractArtifactManager - Searching for griffonClass of integration.IntegrationModel
[Test worker] DEBUG org.codehaus.griffon.runtime.core.mvc.AbstractMVCGroupManager - Searching group integration
[Test worker] DEBUG org.codehaus.griffon.runtime.core.artifact.AbstractArtifactManager - Searching for griffonClass of integration.IntegrationService
[Test worker] DEBUG org.codehaus.griffon.runtime.core.artifact.AbstractArtifactManager - Searching for griffonClass of integration.IntegrationView
[Test worker] DEBUG org.codehaus.griffon.runtime.core.mvc.AbstractMVCGroupManager - Searching group integration
[Test worker] DEBUG org.codehaus.griffon.runtime.core.mvc.AbstractMVCGroupManager - Searching group integration
[Test worker] TRACE griffon.util.CompositeResourceBundle - Searching key=griffon.disable.threading.injection
[Test worker] TRACE griffon.util.CompositeResourceBundle - Searching key=griffon
[Test worker] TRACE griffon.util.CompositeResourceBundle - Searching key=controller.threading.default
[Test worker] TRACE griffon.util.CompositeResourceBundle - Searching key=controller
[Test worker] DEBUG org.codehaus.griffon.runtime.core.controller.AbstractActionManager - Executing integration.IntegrationController.abort with policy OUTSIDE_UITHREAD
[Test worker] DEBUG org.codehaus.griffon.runtime.core.controller.AbstractActionManager - Executing 1 handler for integration.IntegrationController.abort
[Test worker] TRACE org.codehaus.griffon.runtime.core.controller.AbstractActionManager - Calling integration.InvokeActionHandler@ca7c6c.before() on integration.IntegrationController.abort
[Test worker] DEBUG org.codehaus.griffon.runtime.core.controller.AbstractActionManager - Execution of integration.IntegrationController.abort was aborted by integration.InvokeActionHandler@ca7c6c
[Test worker] TRACE org.codehaus.griffon.runtime.core.controller.AbstractActionManager - Status before execution of integration.IntegrationController.abort is ABORTED
[Test worker] TRACE org.codehaus.griffon.runtime.core.controller.AbstractActionManager - Calling integration.InvokeActionHandler@ca7c6c.after() on integration.IntegrationController.abort
[Test worker] DEBUG org.codehaus.griffon.runtime.core.mvc.AbstractMVCGroupManager - Searching group integration
[Test worker] TRACE griffon.util.CompositeResourceBundle - Searching key=griffon.disable.threading.injection
[Test worker] TRACE griffon.util.CompositeResourceBundle - Searching key=griffon
[Test worker] TRACE griffon.util.CompositeResourceBundle - Searching key=controller.threading.default
[Test worker] TRACE griffon.util.CompositeResourceBundle - Searching key=controller
[Test worker] DEBUG org.codehaus.griffon.runtime.core.controller.AbstractActionManager - Executing integration.IntegrationController.sayHello with policy OUTSIDE_UITHREAD
[Test worker] DEBUG org.codehaus.griffon.runtime.core.controller.AbstractActionManager - Executing 1 handler for integration.IntegrationController.sayHello
[Test worker] TRACE org.codehaus.griffon.runtime.core.controller.AbstractActionManager - Calling integration.InvokeActionHandler@ca7c6c.before() on integration.IntegrationController.sayHello
[Test worker] TRACE org.codehaus.griffon.runtime.core.controller.AbstractActionManager - Status before execution of integration.IntegrationController.sayHello is OK
[Test worker] TRACE griffon.util.CompositeResourceBundle - Searching key=greeting.parameterized
[Test worker] TRACE griffon.util.CompositeResourceBundle - Bundle griffon.util.ExpandableResourceBundle@4e3f10b3; key=greeting.parameterized; value='Hello {0}'
[Test worker] TRACE org.codehaus.griffon.runtime.core.controller.AbstractActionManager - Status after execution of integration.IntegrationController.sayHello is OK
[Test worker] TRACE org.codehaus.griffon.runtime.core.controller.AbstractActionManager - Calling integration.InvokeActionHandler@ca7c6c.after() on integration.IntegrationController.sayHello
[Test worker] DEBUG org.codehaus.griffon.runtime.core.mvc.AbstractMVCGroupManager - Searching group integration
[Test worker] TRACE griffon.util.CompositeResourceBundle - Searching key=griffon.disable.threading.injection
[Test worker] TRACE griffon.util.CompositeResourceBundle - Searching key=griffon
[Test worker] TRACE griffon.util.CompositeResourceBundle - Searching key=controller.threading.default
[Test worker] TRACE griffon.util.CompositeResourceBundle - Searching key=controller
[Test worker] DEBUG org.codehaus.griffon.runtime.core.controller.AbstractActionManager - Executing integration.IntegrationController.handleException with policy OUTSIDE_UITHREAD
[Test worker] DEBUG org.codehaus.griffon.runtime.core.controller.AbstractActionManager - Executing 1 handler for integration.IntegrationController.handleException
[Test worker] TRACE org.codehaus.griffon.runtime.core.controller.AbstractActionManager - Calling integration.InvokeActionHandler@ca7c6c.before() on integration.IntegrationController.handleException
[Test worker] TRACE org.codehaus.griffon.runtime.core.controller.AbstractActionManager - Status before execution of integration.IntegrationController.handleException is OK
[Test worker] WARN org.codehaus.griffon.runtime.core.controller.AbstractActionManager - An exception occurred when executing integration.IntegrationController.handleException
griffon.exceptions.InstanceMethodInvocationException: An error occurred while invoking instance method integration.IntegrationController.handleException()
	at griffon.util.GriffonClassUtils.invokeInstanceMethod(GriffonClassUtils.java:2418)
	at integration.GriffonApplicationSpec.$spock_feature_0_8(GriffonApplicationSpec.groovy:201)
	at org.spockframework.util.ReflectionUtil.invokeMethod(ReflectionUtil.java:153)
	at org.spockframework.runtime.model.MethodInfo.invoke(MethodInfo.java:84)
	at org.spockframework.runtime.BaseSpecRunner.invokeRaw(BaseSpecRunner.java:480)
	at org.spockframework.runtime.BaseSpecRunner.invoke(BaseSpecRunner.java:463)
	at org.spockframework.runtime.BaseSpecRunner.runFeatureMethod(BaseSpecRunner.java:405)
	at org.spockframework.runtime.BaseSpecRunner.doRunIteration(BaseSpecRunner.java:324)
	at org.spockframework.runtime.BaseSpecRunner$6.invoke(BaseSpecRunner.java:309)
	at org.spockframework.runtime.BaseSpecRunner.invokeRaw(BaseSpecRunner.java:480)
	at org.spockframework.runtime.BaseSpecRunner.invoke(BaseSpecRunner.java:463)
	at org.spockframework.runtime.BaseSpecRunner.runIteration(BaseSpecRunner.java:288)
	at org.spockframework.runtime.BaseSpecRunner.initializeAndRunIteration(BaseSpecRunner.java:278)
	at org.spockframework.runtime.BaseSpecRunner.runSimpleFeature(BaseSpecRunner.java:269)
	at org.spockframework.runtime.BaseSpecRunner.doRunFeature(BaseSpecRunner.java:263)
	at org.spockframework.runtime.BaseSpecRunner$5.invoke(BaseSpecRunner.java:246)
	at org.spockframework.runtime.BaseSpecRunner.invokeRaw(BaseSpecRunner.java:480)
	at org.spockframework.runtime.BaseSpecRunner.invoke(BaseSpecRunner.java:463)
	at org.spockframework.runtime.BaseSpecRunner.runFeature(BaseSpecRunner.java:238)
	at org.spockframework.runtime.BaseSpecRunner.runFeatures(BaseSpecRunner.java:188)
	at org.spockframework.runtime.BaseSpecRunner.doRunSpec(BaseSpecRunner.java:98)
	at org.spockframework.runtime.BaseSpecRunner$1.invoke(BaseSpecRunner.java:84)
	at org.spockframework.runtime.BaseSpecRunner.invokeRaw(BaseSpecRunner.java:480)
	at org.spockframework.runtime.BaseSpecRunner.invoke(BaseSpecRunner.java:463)
	at org.spockframework.runtime.BaseSpecRunner.runSpec(BaseSpecRunner.java:76)
	at org.spockframework.runtime.BaseSpecRunner.run(BaseSpecRunner.java:67)
	at org.spockframework.runtime.Sputnik.run(Sputnik.java:63)
	at org.gradle.api.internal.tasks.testing.junit.JUnitTestClassExecuter.runTestClass(JUnitTestClassExecuter.java:86)
	at org.gradle.api.internal.tasks.testing.junit.JUnitTestClassExecuter.execute(JUnitTestClassExecuter.java:49)
	at org.gradle.api.internal.tasks.testing.junit.JUnitTestClassProcessor.processTestClass(JUnitTestClassProcessor.java:64)
	at org.gradle.api.internal.tasks.testing.SuiteTestClassProcessor.processTestClass(SuiteTestClassProcessor.java:50)
	at org.gradle.messaging.dispatch.ReflectionDispatch.dispatch(ReflectionDispatch.java:35)
	at org.gradle.messaging.dispatch.ReflectionDispatch.dispatch(ReflectionDispatch.java:24)
	at org.gradle.messaging.dispatch.ContextClassLoaderDispatch.dispatch(ContextClassLoaderDispatch.java:32)
	at org.gradle.messaging.dispatch.ProxyDispatchAdapter$DispatchingInvocationHandler.invoke(ProxyDispatchAdapter.java:93)
	at org.gradle.api.internal.tasks.testing.worker.TestWorker.processTestClass(TestWorker.java:106)
	at org.gradle.messaging.dispatch.ReflectionDispatch.dispatch(ReflectionDispatch.java:35)
	at org.gradle.messaging.dispatch.ReflectionDispatch.dispatch(ReflectionDispatch.java:24)
	at org.gradle.messaging.remote.internal.hub.MessageHub$Handler.run(MessageHub.java:360)
	at org.gradle.internal.concurrent.DefaultExecutorFactory$StoppableExecutorImpl$1.run(DefaultExecutorFactory.java:64)
Caused by: java.lang.RuntimeException: Boom!
	at integration.IntegrationController.handleException(IntegrationController.java:51)
	at griffon.util.MethodUtils.invokeMethod(MethodUtils.java:269)
	at griffon.util.MethodUtils.invokeMethod(MethodUtils.java:215)
	at griffon.util.GriffonClassUtils.invokeInstanceMethod(GriffonClassUtils.java:2414)
	... 39 more
[Test worker] TRACE org.codehaus.griffon.runtime.core.controller.AbstractActionManager - Status after execution of integration.IntegrationController.handleException is EXCEPTION
[Test worker] TRACE org.codehaus.griffon.runtime.core.controller.AbstractActionManager - Calling integration.InvokeActionHandler@ca7c6c.exception() on integration.IntegrationController.handleException
[Test worker] TRACE org.codehaus.griffon.runtime.core.controller.AbstractActionManager - Calling integration.InvokeActionHandler@ca7c6c.after() on integration.IntegrationController.handleException
[Test worker] DEBUG org.codehaus.griffon.runtime.core.mvc.AbstractMVCGroupManager - Searching group integration
[Test worker] TRACE griffon.util.CompositeResourceBundle - Searching key=griffon.disable.threading.injection
[Test worker] TRACE griffon.util.CompositeResourceBundle - Searching key=griffon
[Test worker] TRACE griffon.util.CompositeResourceBundle - Searching key=controller.threading.default
[Test worker] TRACE griffon.util.CompositeResourceBundle - Searching key=controller
[Test worker] DEBUG org.codehaus.griffon.runtime.core.controller.AbstractActionManager - Executing integration.IntegrationController.throwException with policy OUTSIDE_UITHREAD
[Test worker] DEBUG org.codehaus.griffon.runtime.core.controller.AbstractActionManager - Executing 1 handler for integration.IntegrationController.throwException
[Test worker] TRACE org.codehaus.griffon.runtime.core.controller.AbstractActionManager - Calling integration.InvokeActionHandler@ca7c6c.before() on integration.IntegrationController.throwException
[Test worker] TRACE org.codehaus.griffon.runtime.core.controller.AbstractActionManager - Status before execution of integration.IntegrationController.throwException is OK
[Test worker] WARN org.codehaus.griffon.runtime.core.controller.AbstractActionManager - An exception occurred when executing integration.IntegrationController.throwException
griffon.exceptions.InstanceMethodInvocationException: An error occurred while invoking instance method integration.IntegrationController.throwException()
	at griffon.util.GriffonClassUtils.invokeInstanceMethod(GriffonClassUtils.java:2418)
	at integration.GriffonApplicationSpec.$spock_feature_0_9(GriffonApplicationSpec.groovy:217)
	at org.spockframework.util.ReflectionUtil.invokeMethod(ReflectionUtil.java:153)
	at org.spockframework.runtime.model.MethodInfo.invoke(MethodInfo.java:84)
	at org.spockframework.runtime.BaseSpecRunner.invokeRaw(BaseSpecRunner.java:480)
	at org.spockframework.runtime.BaseSpecRunner.invoke(BaseSpecRunner.java:463)
	at org.spockframework.runtime.BaseSpecRunner.runFeatureMethod(BaseSpecRunner.java:405)
	at org.spockframework.runtime.BaseSpecRunner.doRunIteration(BaseSpecRunner.java:324)
	at org.spockframework.runtime.BaseSpecRunner$6.invoke(BaseSpecRunner.java:309)
	at org.spockframework.runtime.BaseSpecRunner.invokeRaw(BaseSpecRunner.java:480)
	at org.spockframework.runtime.BaseSpecRunner.invoke(BaseSpecRunner.java:463)
	at org.spockframework.runtime.BaseSpecRunner.runIteration(BaseSpecRunner.java:288)
	at org.spockframework.runtime.BaseSpecRunner.initializeAndRunIteration(BaseSpecRunner.java:278)
	at org.spockframework.runtime.BaseSpecRunner.runSimpleFeature(BaseSpecRunner.java:269)
	at org.spockframework.runtime.BaseSpecRunner.doRunFeature(BaseSpecRunner.java:263)
	at org.spockframework.runtime.BaseSpecRunner$5.invoke(BaseSpecRunner.java:246)
	at org.spockframework.runtime.BaseSpecRunner.invokeRaw(BaseSpecRunner.java:480)
	at org.spockframework.runtime.BaseSpecRunner.invoke(BaseSpecRunner.java:463)
	at org.spockframework.runtime.BaseSpecRunner.runFeature(BaseSpecRunner.java:238)
	at org.spockframework.runtime.BaseSpecRunner.runFeatures(BaseSpecRunner.java:188)
	at org.spockframework.runtime.BaseSpecRunner.doRunSpec(BaseSpecRunner.java:98)
	at org.spockframework.runtime.BaseSpecRunner$1.invoke(BaseSpecRunner.java:84)
	at org.spockframework.runtime.BaseSpecRunner.invokeRaw(BaseSpecRunner.java:480)
	at org.spockframework.runtime.BaseSpecRunner.invoke(BaseSpecRunner.java:463)
	at org.spockframework.runtime.BaseSpecRunner.runSpec(BaseSpecRunner.java:76)
	at org.spockframework.runtime.BaseSpecRunner.run(BaseSpecRunner.java:67)
	at org.spockframework.runtime.Sputnik.run(Sputnik.java:63)
	at org.gradle.api.internal.tasks.testing.junit.JUnitTestClassExecuter.runTestClass(JUnitTestClassExecuter.java:86)
	at org.gradle.api.internal.tasks.testing.junit.JUnitTestClassExecuter.execute(JUnitTestClassExecuter.java:49)
	at org.gradle.api.internal.tasks.testing.junit.JUnitTestClassProcessor.processTestClass(JUnitTestClassProcessor.java:64)
	at org.gradle.api.internal.tasks.testing.SuiteTestClassProcessor.processTestClass(SuiteTestClassProcessor.java:50)
	at org.gradle.messaging.dispatch.ReflectionDispatch.dispatch(ReflectionDispatch.java:35)
	at org.gradle.messaging.dispatch.ReflectionDispatch.dispatch(ReflectionDispatch.java:24)
	at org.gradle.messaging.dispatch.ContextClassLoaderDispatch.dispatch(ContextClassLoaderDispatch.java:32)
	at org.gradle.messaging.dispatch.ProxyDispatchAdapter$DispatchingInvocationHandler.invoke(ProxyDispatchAdapter.java:93)
	at org.gradle.api.internal.tasks.testing.worker.TestWorker.processTestClass(TestWorker.java:106)
	at org.gradle.messaging.dispatch.ReflectionDispatch.dispatch(ReflectionDispatch.java:35)
	at org.gradle.messaging.dispatch.ReflectionDispatch.dispatch(ReflectionDispatch.java:24)
	at org.gradle.messaging.remote.internal.hub.MessageHub$Handler.run(MessageHub.java:360)
	at org.gradle.internal.concurrent.DefaultExecutorFactory$StoppableExecutorImpl$1.run(DefaultExecutorFactory.java:64)
Caused by: java.lang.RuntimeException: Boom!
	at integration.IntegrationController.throwException(IntegrationController.java:47)
	at griffon.util.MethodUtils.invokeMethod(MethodUtils.java:269)
	at griffon.util.MethodUtils.invokeMethod(MethodUtils.java:215)
	at griffon.util.GriffonClassUtils.invokeInstanceMethod(GriffonClassUtils.java:2414)
	... 39 more
[Test worker] TRACE org.codehaus.griffon.runtime.core.controller.AbstractActionManager - Status after execution of integration.IntegrationController.throwException is EXCEPTION
[Test worker] TRACE org.codehaus.griffon.runtime.core.controller.AbstractActionManager - Calling integration.InvokeActionHandler@ca7c6c.exception() on integration.IntegrationController.throwException
[Test worker] TRACE org.codehaus.griffon.runtime.core.controller.AbstractActionManager - Calling integration.InvokeActionHandler@ca7c6c.after() on integration.IntegrationController.throwException
[Test worker] TRACE org.codehaus.griffon.runtime.core.controller.AbstractActionManager - Calling integration.InvokeActionHandler@ca7c6c.update() on integration.IntegrationController.abort
[Test worker] TRACE org.codehaus.griffon.runtime.core.controller.AbstractActionManager - Calling integration.InvokeActionHandler@ca7c6c.update() on integration.IntegrationController.handleException
[Test worker] TRACE org.codehaus.griffon.runtime.core.controller.AbstractActionManager - Calling integration.InvokeActionHandler@ca7c6c.update() on integration.IntegrationController.sayHello
[Test worker] TRACE org.codehaus.griffon.runtime.core.controller.AbstractActionManager - Calling integration.InvokeActionHandler@ca7c6c.update() on integration.IntegrationController.throwException
[Test worker] DEBUG org.codehaus.griffon.runtime.core.mvc.AbstractMVCGroupManager - Searching group integration
[Test worker] DEBUG org.codehaus.griffon.runtime.core.mvc.AbstractMVCGroupManager - Searching group integration
[Test worker] DEBUG org.codehaus.griffon.runtime.core.artifact.AbstractArtifactManager - Searching for griffonClass of integration.SimpleModel
[Test worker] DEBUG org.codehaus.griffon.runtime.core.artifact.AbstractArtifactManager - Searching for griffonClass of model:integration.SimpleModel
[Test worker] DEBUG org.codehaus.griffon.runtime.core.artifact.AbstractArtifactManager - Searching for griffonClass of integration.SimpleModel
[Test worker] DEBUG org.codehaus.griffon.runtime.core.artifact.AbstractArtifactManager - Searching for griffonClass of model:integration.SimpleModel
[Test worker] DEBUG org.codehaus.griffon.runtime.core.artifact.AbstractArtifactManager - Searching for griffonClass of integration.IntegrationModel@32f6dccc
[Test worker] DEBUG org.codehaus.griffon.runtime.core.artifact.AbstractArtifactManager - Searching for griffonClass of integration.IntegrationModel
[Test worker] DEBUG org.codehaus.griffon.runtime.core.artifact.AbstractArtifactManager - Searching for griffonClass of integration.SampleModel
[Test worker] DEBUG org.codehaus.griffon.runtime.core.artifact.AbstractArtifactManager - Searching for griffonClass of model:integration.SampleModel
[Test worker] DEBUG org.codehaus.griffon.runtime.core.artifact.AbstractArtifactManager - Searching for griffonClass of domain:integration.SampleModel
[Test worker] DEBUG org.codehaus.griffon.runtime.core.artifact.AbstractArtifactManager - Searching for griffonClass of domain:integration.SimpleModel
[Test worker] DEBUG org.codehaus.griffon.runtime.core.artifact.AbstractArtifactManager - Searching for griffonClass of controller:integration.SimpleModel
[Test worker] DEBUG org.codehaus.griffon.runtime.core.mvc.AbstractMVCGroupManager - Searching group simple
[Test worker] DEBUG org.codehaus.griffon.runtime.core.mvc.DefaultMVCGroupManager - Building MVC group 'simple' with name 'simple'
[Test worker] DEBUG org.codehaus.griffon.runtime.core.artifact.AbstractArtifactManager - Searching for griffonClass of integration.SimpleModel
[Test worker] DEBUG org.codehaus.griffon.runtime.core.artifact.AbstractArtifactManager - Searching for griffonClass of integration.SimpleView
[Test worker] DEBUG org.codehaus.griffon.runtime.core.artifact.AbstractArtifactManager - Searching for griffonClass of integration.SimpleController
[Test worker] DEBUG org.codehaus.griffon.runtime.core.artifact.AbstractArtifactManager - Searching for griffonClass of integration.SimpleModel
[Test worker] DEBUG org.codehaus.griffon.runtime.core.artifact.AbstractArtifactManager - Searching for griffonClass of integration.SimpleModel
[Test worker] DEBUG org.codehaus.griffon.runtime.core.event.AbstractEventRouter - Triggering event 'NewInstance' synchronously
[Test worker] DEBUG org.codehaus.griffon.runtime.core.artifact.AbstractArtifactManager - Searching for griffonClass of integration.SimpleView
[Test worker] DEBUG org.codehaus.griffon.runtime.core.artifact.AbstractArtifactManager - Searching for griffonClass of integration.SimpleView
[Test worker] DEBUG org.codehaus.griffon.runtime.core.event.AbstractEventRouter - Triggering event 'NewInstance' synchronously
[Test worker] DEBUG org.codehaus.griffon.runtime.core.artifact.AbstractArtifactManager - Searching for griffonClass of integration.SimpleController
[Test worker] DEBUG org.codehaus.griffon.runtime.core.artifact.AbstractArtifactManager - Searching for griffonClass of integration.SimpleController
[Test worker] DEBUG org.codehaus.griffon.runtime.core.event.AbstractEventRouter - Triggering event 'NewInstance' synchronously
[Test worker] DEBUG org.codehaus.griffon.runtime.core.artifact.AbstractArtifactManager - Searching for griffonClass of integration.SimpleController
[Test worker] DEBUG org.codehaus.griffon.runtime.core.event.AbstractEventRouter - Triggering event 'InitializeMVCGroup' synchronously
[Test worker] DEBUG org.codehaus.griffon.runtime.core.mvc.AbstractMVCGroupManager - Adding group simple:org.codehaus.griffon.runtime.core.mvc.DefaultMVCGroup@35562ad0[simple:simple]
[Test worker] DEBUG org.codehaus.griffon.runtime.core.mvc.DefaultMVCGroupManager - Initializing each MVC member of group 'simple'
[Test worker] DEBUG org.codehaus.griffon.runtime.core.event.AbstractEventRouter - Triggering event 'CreateMVCGroup' synchronously
[Test worker] DEBUG org.codehaus.griffon.runtime.core.mvc.AbstractMVCGroupManager - Searching group simple
[Test worker] DEBUG org.codehaus.griffon.runtime.core.mvc.DefaultMVCGroupManager - Group 'simple' points to org.codehaus.griffon.runtime.core.mvc.DefaultMVCGroup@35562ad0[simple:simple]
[Test worker] DEBUG org.codehaus.griffon.runtime.core.mvc.DefaultMVCGroupManager - Destroying MVC group identified by 'simple'
[Test worker] DEBUG org.codehaus.griffon.runtime.core.event.AbstractEventRouter - Removing listener integration.SimpleController@6a3b1690
[Test worker] DEBUG org.codehaus.griffon.runtime.core.event.AbstractEventRouter - Triggering event 'DestroyInstance' synchronously
[Test worker] DEBUG org.codehaus.griffon.runtime.core.event.AbstractEventRouter - Triggering event 'DestroyInstance' synchronously
[Test worker] DEBUG org.codehaus.griffon.runtime.core.event.AbstractEventRouter - Triggering event 'DestroyInstance' synchronously
[Test worker] DEBUG org.codehaus.griffon.runtime.core.mvc.AbstractMVCGroupManager - Removing group simple:org.codehaus.griffon.runtime.core.mvc.DefaultMVCGroup@35562ad0[simple:simple]
[Test worker] DEBUG org.codehaus.griffon.runtime.core.mvc.AbstractMVCGroupManager - Searching group simple
[Test worker] DEBUG org.codehaus.griffon.runtime.core.mvc.DefaultMVCGroupManager - Group 'simple' points to null
[Test worker] DEBUG org.codehaus.griffon.runtime.core.event.AbstractEventRouter - Triggering event 'DestroyMVCGroup' synchronously
[Test worker] DEBUG org.codehaus.griffon.runtime.core.mvc.AbstractMVCGroupManager - Searching group simple-1
[Test worker] DEBUG org.codehaus.griffon.runtime.core.mvc.DefaultMVCGroupManager - Building MVC group 'simple' with name 'simple-1'
[Test worker] DEBUG org.codehaus.griffon.runtime.core.artifact.AbstractArtifactManager - Searching for griffonClass of integration.SimpleModel
[Test worker] DEBUG org.codehaus.griffon.runtime.core.artifact.AbstractArtifactManager - Searching for griffonClass of integration.SimpleView
[Test worker] DEBUG org.codehaus.griffon.runtime.core.artifact.AbstractArtifactManager - Searching for griffonClass of integration.SimpleController
[Test worker] DEBUG org.codehaus.griffon.runtime.core.artifact.AbstractArtifactManager - Searching for griffonClass of integration.SimpleModel
[Test worker] DEBUG org.codehaus.griffon.runtime.core.artifact.AbstractArtifactManager - Searching for griffonClass of integration.SimpleModel
[Test worker] DEBUG org.codehaus.griffon.runtime.core.event.AbstractEventRouter - Triggering event 'NewInstance' synchronously
[Test worker] DEBUG org.codehaus.griffon.runtime.core.artifact.AbstractArtifactManager - Searching for griffonClass of integration.SimpleView
[Test worker] DEBUG org.codehaus.griffon.runtime.core.artifact.AbstractArtifactManager - Searching for griffonClass of integration.SimpleView
[Test worker] DEBUG org.codehaus.griffon.runtime.core.event.AbstractEventRouter - Triggering event 'NewInstance' synchronously
[Test worker] DEBUG org.codehaus.griffon.runtime.core.artifact.AbstractArtifactManager - Searching for griffonClass of integration.SimpleController
[Test worker] DEBUG org.codehaus.griffon.runtime.core.artifact.AbstractArtifactManager - Searching for griffonClass of integration.SimpleController
[Test worker] DEBUG org.codehaus.griffon.runtime.core.event.AbstractEventRouter - Triggering event 'NewInstance' synchronously
[Test worker] DEBUG org.codehaus.griffon.runtime.core.artifact.AbstractArtifactManager - Searching for griffonClass of integration.SimpleController
[Test worker] DEBUG org.codehaus.griffon.runtime.core.event.AbstractEventRouter - Triggering event 'InitializeMVCGroup' synchronously
[Test worker] DEBUG org.codehaus.griffon.runtime.core.mvc.AbstractMVCGroupManager - Adding group simple-1:org.codehaus.griffon.runtime.core.mvc.DefaultMVCGroup@424a2b3[simple:simple-1]
[Test worker] DEBUG org.codehaus.griffon.runtime.core.mvc.DefaultMVCGroupManager - Initializing each MVC member of group 'simple-1'
[Test worker] DEBUG org.codehaus.griffon.runtime.core.event.AbstractEventRouter - Triggering event 'CreateMVCGroup' synchronously
[Test worker] DEBUG org.codehaus.griffon.runtime.core.mvc.AbstractMVCGroupManager - Searching group simple-1
[Test worker] DEBUG org.codehaus.griffon.runtime.core.mvc.DefaultMVCGroupManager - Group 'simple-1' points to org.codehaus.griffon.runtime.core.mvc.DefaultMVCGroup@424a2b3[simple:simple-1]
[Test worker] DEBUG org.codehaus.griffon.runtime.core.mvc.DefaultMVCGroupManager - Destroying MVC group identified by 'simple-1'
[Test worker] DEBUG org.codehaus.griffon.runtime.core.event.AbstractEventRouter - Removing listener integration.SimpleController@2a6b63e3
[Test worker] DEBUG org.codehaus.griffon.runtime.core.event.AbstractEventRouter - Triggering event 'DestroyInstance' synchronously
[Test worker] DEBUG org.codehaus.griffon.runtime.core.event.AbstractEventRouter - Triggering event 'DestroyInstance' synchronously
[Test worker] DEBUG org.codehaus.griffon.runtime.core.event.AbstractEventRouter - Triggering event 'DestroyInstance' synchronously
[Test worker] DEBUG org.codehaus.griffon.runtime.core.mvc.AbstractMVCGroupManager - Removing group simple-1:org.codehaus.griffon.runtime.core.mvc.DefaultMVCGroup@424a2b3[simple:simple-1]
[Test worker] DEBUG org.codehaus.griffon.runtime.core.mvc.AbstractMVCGroupManager - Searching group simple-1
[Test worker] DEBUG org.codehaus.griffon.runtime.core.mvc.DefaultMVCGroupManager - Group 'simple-1' points to null
[Test worker] DEBUG org.codehaus.griffon.runtime.core.event.AbstractEventRouter - Triggering event 'DestroyMVCGroup' synchronously
[Test worker] DEBUG org.codehaus.griffon.runtime.core.mvc.AbstractMVCGroupManager - Searching group simple-2
[Test worker] DEBUG org.codehaus.griffon.runtime.core.mvc.DefaultMVCGroupManager - Building MVC group 'simple' with name 'simple-2'
[Test worker] DEBUG org.codehaus.griffon.runtime.core.artifact.AbstractArtifactManager - Searching for griffonClass of integration.SimpleModel
[...]
[Test worker] DEBUG org.codehaus.griffon.runtime.core.event.AbstractEventRouter - Triggering event 'NewInstance' synchronously
[Test worker] DEBUG org.codehaus.griffon.runtime.core.artifact.AbstractArtifactManager - Searching for griffonClass of integration.SimpleView
[Test worker] DEBUG org.codehaus.griffon.runtime.core.artifact.AbstractArtifactManager - Searching for griffonClass of integration.SimpleView
[Test worker] DEBUG org.codehaus.griffon.runtime.core.event.AbstractEventRouter - Triggering event 'NewInstance' synchronously
[Test worker] DEBUG org.codehaus.griffon.runtime.core.artifact.AbstractArtifactManager - Searching for griffonClass of integration.SimpleController
[Test worker] DEBUG org.codehaus.griffon.runtime.core.artifact.AbstractArtifactManager - Searching for griffonClass of integration.SimpleController
[Test worker] DEBUG org.codehaus.griffon.runtime.core.event.AbstractEventRouter - Triggering event 'NewInstance' synchronously
[Test worker] DEBUG org.codehaus.griffon.runtime.core.artifact.AbstractArtifactManager - Searching for griffonClass of integration.SimpleController
[Test worker] DEBUG org.codehaus.griffon.runtime.core.event.AbstractEventRouter - Triggering event 'InitializeMVCGroup' synchronously
[Test worker] DEBUG org.codehaus.griffon.runtime.core.mvc.AbstractMVCGroupManager - Adding group simple:org.codehaus.griffon.runtime.core.mvc.DefaultMVCGroup@52feea55[simple:simple]
[Test worker] DEBUG org.codehaus.griffon.runtime.core.mvc.DefaultMVCGroupManager - Initializing each MVC member of group 'simple'
[Test worker] DEBUG org.codehaus.griffon.runtime.core.event.AbstractEventRouter - Triggering event 'CreateMVCGroup' synchronously
[Test worker] DEBUG org.codehaus.griffon.runtime.core.mvc.AbstractMVCGroupManager - Searching group simple
[Test worker] DEBUG org.codehaus.griffon.runtime.core.mvc.DefaultMVCGroupManager - Group 'simple' points to org.codehaus.griffon.runtime.core.mvc.DefaultMVCGroup@52feea55[simple:simple]
[Test worker] DEBUG org.codehaus.griffon.runtime.core.mvc.DefaultMVCGroupManager - Destroying MVC group identified by 'simple'
[Test worker] DEBUG org.codehaus.griffon.runtime.core.event.AbstractEventRouter - Removing listener integration.SimpleController@2e06d19b
[Test worker] DEBUG org.codehaus.griffon.runtime.core.event.AbstractEventRouter - Triggering event 'DestroyInstance' synchronously
[Test worker] DEBUG org.codehaus.griffon.runtime.core.event.AbstractEventRouter - Triggering event 'DestroyInstance' synchronously
[Test worker] DEBUG org.codehaus.griffon.runtime.core.event.AbstractEventRouter - Triggering event 'DestroyInstance' synchronously
[Test worker] DEBUG org.codehaus.griffon.runtime.core.mvc.AbstractMVCGroupManager - Removing group simple:org.codehaus.griffon.runtime.core.mvc.DefaultMVCGroup@52feea55[simple:simple]
[Test worker] DEBUG org.codehaus.griffon.runtime.core.mvc.AbstractMVCGroupManager - Searching group simple
[Test worker] DEBUG org.codehaus.griffon.runtime.core.mvc.DefaultMVCGroupManager - Group 'simple' points to null
[Test worker] DEBUG org.codehaus.griffon.runtime.core.event.AbstractEventRouter - Triggering event 'DestroyMVCGroup' synchronously
[Test worker] DEBUG org.codehaus.griffon.runtime.core.mvc.AbstractMVCGroupManager - Searching group simple
[Test worker] DEBUG org.codehaus.griffon.runtime.core.mvc.DefaultMVCGroupManager - Building MVC group 'simple' with name 'simple'
[Test worker] DEBUG org.codehaus.griffon.runtime.core.artifact.AbstractArtifactManager - Searching for griffonClass of integration.SimpleModel
[Test worker] DEBUG org.codehaus.griffon.runtime.core.artifact.AbstractArtifactManager - Searching for griffonClass of integration.SimpleView
[Test worker] DEBUG org.codehaus.griffon.runtime.core.artifact.AbstractArtifactManager - Searching for griffonClass of integration.SimpleController
[Test worker] DEBUG org.codehaus.griffon.runtime.core.artifact.AbstractArtifactManager - Searching for griffonClass of integration.SimpleModel
[Test worker] DEBUG org.codehaus.griffon.runtime.core.artifact.AbstractArtifactManager - Searching for griffonClass of integration.SimpleModel
[Test worker] DEBUG org.codehaus.griffon.runtime.core.event.AbstractEventRouter - Triggering event 'NewInstance' synchronously
[Test worker] DEBUG org.codehaus.griffon.runtime.core.artifact.AbstractArtifactManager - Searching for griffonClass of integration.SimpleView
[Test worker] DEBUG org.codehaus.griffon.runtime.core.artifact.AbstractArtifactManager - Searching for griffonClass of integration.SimpleView
[Test worker] DEBUG org.codehaus.griffon.runtime.core.event.AbstractEventRouter - Triggering event 'NewInstance' synchronously
[Test worker] DEBUG org.codehaus.griffon.runtime.core.artifact.AbstractArtifactManager - Searching for griffonClass of integration.SimpleController
[Test worker] DEBUG org.codehaus.griffon.runtime.core.artifact.AbstractArtifactManager - Searching for griffonClass of integration.SimpleController
[Test worker] DEBUG org.codehaus.griffon.runtime.core.event.AbstractEventRouter - Triggering event 'NewInstance' synchronously
[Test worker] DEBUG org.codehaus.griffon.runtime.core.artifact.AbstractArtifactManager - Searching for griffonClass of integration.SimpleController
[Test worker] DEBUG org.codehaus.griffon.runtime.core.event.AbstractEventRouter - Triggering event 'InitializeMVCGroup' synchronously
[Test worker] DEBUG org.codehaus.griffon.runtime.core.mvc.AbstractMVCGroupManager - Adding group simple:org.codehaus.griffon.runtime.core.mvc.DefaultMVCGroup@1e53b94[simple:simple]
[Test worker] DEBUG org.codehaus.griffon.runtime.core.mvc.DefaultMVCGroupManager - Initializing each MVC member of group 'simple'
[Test worker] DEBUG org.codehaus.griffon.runtime.core.event.AbstractEventRouter - Triggering event 'CreateMVCGroup' synchronously
[Test worker] DEBUG org.codehaus.griffon.runtime.core.mvc.AbstractMVCGroupManager - Searching group simple
[Test worker] DEBUG org.codehaus.griffon.runtime.core.mvc.DefaultMVCGroupManager - Group 'simple' points to org.codehaus.griffon.runtime.core.mvc.DefaultMVCGroup@1e53b94[simple:simple]
[Test worker] DEBUG org.codehaus.griffon.runtime.core.mvc.DefaultMVCGroupManager - Destroying MVC group identified by 'simple'
[Test worker] DEBUG org.codehaus.griffon.runtime.core.event.AbstractEventRouter - Removing listener integration.SimpleController@3fc6b490
[Test worker] DEBUG org.codehaus.griffon.runtime.core.event.AbstractEventRouter - Triggering event 'DestroyInstance' synchronously
[Test worker] DEBUG org.codehaus.griffon.runtime.core.event.AbstractEventRouter - Triggering event 'DestroyInstance' synchronously
[Test worker] DEBUG org.codehaus.griffon.runtime.core.event.AbstractEventRouter - Triggering event 'DestroyInstance' synchronously
[Test worker] DEBUG org.codehaus.griffon.runtime.core.mvc.AbstractMVCGroupManager - Removing group simple:org.codehaus.griffon.runtime.core.mvc.DefaultMVCGroup@1e53b94[simple:simple]
[Test worker] DEBUG org.codehaus.griffon.runtime.core.mvc.AbstractMVCGroupManager - Searching group simple
[Test worker] DEBUG org.codehaus.griffon.runtime.core.mvc.DefaultMVCGroupManager - Group 'simple' points to null
[Test worker] DEBUG org.codehaus.griffon.runtime.core.event.AbstractEventRouter - Triggering event 'DestroyMVCGroup' synchronously
[Test worker] DEBUG org.codehaus.griffon.runtime.core.mvc.AbstractMVCGroupManager - Searching group simple-2
[Test worker] DEBUG org.codehaus.griffon.runtime.core.mvc.DefaultMVCGroupManager - Building MVC group 'simple' with name 'simple-2'
[Test worker] DEBUG org.codehaus.griffon.runtime.core.artifact.AbstractArtifactManager - Searching for griffonClass of integration.SimpleModel
[Test worker] DEBUG org.codehaus.griffon.runtime.core.artifact.AbstractArtifactManager - Searching for griffonClass of integration.SimpleView
[Test worker] DEBUG org.codehaus.griffon.runtime.core.artifact.AbstractArtifactManager - Searching for griffonClass of integration.SimpleController
[Test worker] DEBUG org.codehaus.griffon.runtime.core.artifact.AbstractArtifactManager - Searching for griffonClass of integration.SimpleModel
[Test worker] DEBUG org.codehaus.griffon.runtime.core.artifact.AbstractArtifactManager - Searching for griffonClass of integration.SimpleModel
[Test worker] DEBUG org.codehaus.griffon.runtime.core.event.AbstractEventRouter - Triggering event 'NewInstance' synchronously
[Test worker] DEBUG org.codehaus.griffon.runtime.core.artifact.AbstractArtifactManager - Searching for griffonClass of integration.SimpleView
[Test worker] DEBUG org.codehaus.griffon.runtime.core.artifact.AbstractArtifactManager - Searching for griffonClass of integration.SimpleView
[Test worker] DEBUG org.codehaus.griffon.runtime.core.event.AbstractEventRouter - Triggering event 'NewInstance' synchronously
[Test worker] DEBUG org.codehaus.griffon.runtime.core.artifact.AbstractArtifactManager - Searching for griffonClass of integration.SimpleController
[Test worker] DEBUG org.codehaus.griffon.runtime.core.artifact.AbstractArtifactManager - Searching for griffonClass of integration.SimpleController
[Test worker] DEBUG org.codehaus.griffon.runtime.core.event.AbstractEventRouter - Triggering event 'NewInstance' synchronously
[Test worker] DEBUG org.codehaus.griffon.runtime.core.artifact.AbstractArtifactManager - Searching for griffonClass of integration.SimpleController
[Test worker] DEBUG org.codehaus.griffon.runtime.core.event.AbstractEventRouter - Triggering event 'InitializeMVCGroup' synchronously
[Test worker] DEBUG org.codehaus.griffon.runtime.core.mvc.AbstractMVCGroupManager - Adding group simple-2:org.codehaus.griffon.runtime.core.mvc.DefaultMVCGroup@27c66627[simple:simple-2]
[Test worker] DEBUG org.codehaus.griffon.runtime.core.mvc.DefaultMVCGroupManager - Initializing each MVC member of group 'simple-2'
[Test worker] DEBUG org.codehaus.griffon.runtime.core.event.AbstractEventRouter - Triggering event 'CreateMVCGroup' synchronously
[Test worker] DEBUG org.codehaus.griffon.runtime.core.mvc.AbstractMVCGroupManager - Searching group simple-2
[Test worker] DEBUG org.codehaus.griffon.runtime.core.mvc.DefaultMVCGroupManager - Group 'simple-2' points to org.codehaus.griffon.runtime.core.mvc.DefaultMVCGroup@27c66627[simple:simple-2]
[Test worker] DEBUG org.codehaus.griffon.runtime.core.mvc.DefaultMVCGroupManager - Destroying MVC group identified by 'simple-2'
[Test worker] DEBUG org.codehaus.griffon.runtime.core.event.AbstractEventRouter - Removing listener integration.SimpleController@5f2bf94b
[Test worker] DEBUG org.codehaus.griffon.runtime.core.event.AbstractEventRouter - Triggering event 'DestroyInstance' synchronously
[Test worker] DEBUG org.codehaus.griffon.runtime.core.event.AbstractEventRouter - Triggering event 'DestroyInstance' synchronously
[Test worker] DEBUG org.codehaus.griffon.runtime.core.event.AbstractEventRouter - Triggering event 'DestroyInstance' synchronously
[Test worker] DEBUG org.codehaus.griffon.runtime.core.mvc.AbstractMVCGroupManager - Removing group simple-2:org.codehaus.griffon.runtime.core.mvc.DefaultMVCGroup@27c66627[simple:simple-2]
[Test worker] DEBUG org.codehaus.griffon.runtime.core.mvc.AbstractMVCGroupManager - Searching group simple-2
[Test worker] DEBUG org.codehaus.griffon.runtime.core.mvc.DefaultMVCGroupManager - Group 'simple-2' points to null
[Test worker] DEBUG org.codehaus.griffon.runtime.core.event.AbstractEventRouter - Triggering event 'DestroyMVCGroup' synchronously
[Test worker] DEBUG org.codehaus.griffon.runtime.core.mvc.AbstractMVCGroupManager - Searching group simple-2
[Test worker] DEBUG org.codehaus.griffon.runtime.core.mvc.DefaultMVCGroupManager - Building MVC group 'simple' with name 'simple-2'
[Test worker] DEBUG org.codehaus.griffon.runtime.core.artifact.AbstractArtifactManager - Searching for griffonClass of integration.SimpleModel
[Test worker] DEBUG org.codehaus.griffon.runtime.core.artifact.AbstractArtifactManager - Searching for griffonClass of integration.SimpleView
[Test worker] DEBUG org.codehaus.griffon.runtime.core.artifact.AbstractArtifactManager - Searching for griffonClass of integration.SimpleController
[Test worker] DEBUG org.codehaus.griffon.runtime.core.artifact.AbstractArtifactManager - Searching for griffonClass of integration.SimpleModel
[Test worker] DEBUG org.codehaus.griffon.runtime.core.artifact.AbstractArtifactManager - Searching for griffonClass of integration.SimpleModel
[Test worker] DEBUG org.codehaus.griffon.runtime.core.event.AbstractEventRouter - Triggering event 'NewInstance' synchronously
[Test worker] DEBUG org.codehaus.griffon.runtime.core.artifact.AbstractArtifactManager - Searching for griffonClass of integration.SimpleView
[Test worker] DEBUG org.codehaus.griffon.runtime.core.artifact.AbstractArtifactManager - Searching for griffonClass of integration.SimpleView
[Test worker] DEBUG org.codehaus.griffon.runtime.core.event.AbstractEventRouter - Triggering event 'NewInstance' synchronously
[Test worker] DEBUG org.codehaus.griffon.runtime.core.artifact.AbstractArtifactManager - Searching for griffonClass of integration.SimpleController
[Test worker] DEBUG org.codehaus.griffon.runtime.core.artifact.AbstractArtifactManager - Searching for griffonClass of integration.SimpleController
[Test worker] DEBUG org.codehaus.griffon.runtime.core.event.AbstractEventRouter - Triggering event 'NewInstance' synchronously
[Test worker] DEBUG org.codehaus.griffon.runtime.core.artifact.AbstractArtifactManager - Searching for griffonClass of integration.SimpleController
[Test worker] DEBUG org.codehaus.griffon.runtime.core.event.AbstractEventRouter - Triggering event 'InitializeMVCGroup' synchronously
[Test worker] DEBUG org.codehaus.griffon.runtime.core.mvc.AbstractMVCGroupManager - Adding group simple-2:org.codehaus.griffon.runtime.core.mvc.DefaultMVCGroup@5bc8fd76[simple:simple-2]
[Test worker] DEBUG org.codehaus.griffon.runtime.core.mvc.DefaultMVCGroupManager - Initializing each MVC member of group 'simple-2'
[Test worker] DEBUG org.codehaus.griffon.runtime.core.event.AbstractEventRouter - Triggering event 'CreateMVCGroup' synchronously
[Test worker] DEBUG org.codehaus.griffon.runtime.core.mvc.AbstractMVCGroupManager - Searching group simple-2
[Test worker] DEBUG org.codehaus.griffon.runtime.core.mvc.DefaultMVCGroupManager - Group 'simple-2' points to org.codehaus.griffon.runtime.core.mvc.DefaultMVCGroup@5bc8fd76[simple:simple-2]
[Test worker] DEBUG org.codehaus.griffon.runtime.core.mvc.DefaultMVCGroupManager - Destroying MVC group identified by 'simple-2'
[Test worker] DEBUG org.codehaus.griffon.runtime.core.event.AbstractEventRouter - Removing listener integration.SimpleController@60720d9c
[Test worker] DEBUG org.codehaus.griffon.runtime.core.event.AbstractEventRouter - Triggering event 'DestroyInstance' synchronously
[Test worker] DEBUG org.codehaus.griffon.runtime.core.event.AbstractEventRouter - Triggering event 'DestroyInstance' synchronously
[Test worker] DEBUG org.codehaus.griffon.runtime.core.event.AbstractEventRouter - Triggering event 'DestroyInstance' synchronously
[Test worker] DEBUG org.codehaus.griffon.runtime.core.mvc.AbstractMVCGroupManager - Removing group simple-2:org.codehaus.griffon.runtime.core.mvc.DefaultMVCGroup@5bc8fd76[simple:simple-2]
[Test worker] DEBUG org.codehaus.griffon.runtime.core.mvc.AbstractMVCGroupManager - Searching group simple-2
[Test worker] DEBUG org.codehaus.griffon.runtime.core.mvc.DefaultMVCGroupManager - Group 'simple-2' points to null
[Test worker] DEBUG org.codehaus.griffon.runtime.core.event.AbstractEventRouter - Triggering event 'DestroyMVCGroup' synchronously
[Test worker] DEBUG org.codehaus.griffon.runtime.core.event.AbstractEventRouter - Triggering event 'ShutdownRequested' synchronously
[Test worker] INFO integration.TestGriffonApplication - Shutdown is in process
[Test worker] DEBUG integration.TestGriffonApplication - Shutdown stage 1: notify all event listeners
[Test worker] DEBUG org.codehaus.griffon.runtime.core.event.AbstractEventRouter - Adding listener org.codehaus.griffon.runtime.core.AbstractGriffonApplication$1 on ShutdownStart
[Test worker] DEBUG org.codehaus.griffon.runtime.core.event.AbstractEventRouter - Triggering event 'ShutdownStart' synchronously
[Test worker] DEBUG integration.TestGriffonApplication - Shutdown stage 2: notify all shutdown handlers
[Test worker] DEBUG integration.TestGriffonApplication - Shutdown stage 3: destroy all MVC groups
[Test worker] DEBUG org.codehaus.griffon.runtime.core.mvc.AbstractMVCGroupManager - Searching group integration
[Test worker] DEBUG org.codehaus.griffon.runtime.core.mvc.DefaultMVCGroupManager - Group 'integration' points to org.codehaus.griffon.runtime.core.mvc.DefaultMVCGroup@53a1a153[integration:integration]
[Test worker] DEBUG org.codehaus.griffon.runtime.core.mvc.DefaultMVCGroupManager - Destroying MVC group identified by 'integration'
[Test worker] DEBUG org.codehaus.griffon.runtime.core.event.AbstractEventRouter - Removing listener integration.IntegrationController@5654d280
[Test worker] DEBUG org.codehaus.griffon.runtime.core.event.AbstractEventRouter - Triggering event 'DestroyInstance' synchronously
[Test worker] DEBUG org.codehaus.griffon.runtime.core.event.AbstractEventRouter - Triggering event 'DestroyInstance' synchronously
[Test worker] DEBUG org.codehaus.griffon.runtime.core.event.AbstractEventRouter - Triggering event 'DestroyInstance' synchronously
[Test worker] DEBUG org.codehaus.griffon.runtime.core.mvc.AbstractMVCGroupManager - Removing group integration:org.codehaus.griffon.runtime.core.mvc.DefaultMVCGroup@53a1a153[integration:integration]
[Test worker] DEBUG org.codehaus.griffon.runtime.core.mvc.AbstractMVCGroupManager - Searching group integration
[Test worker] DEBUG org.codehaus.griffon.runtime.core.mvc.DefaultMVCGroupManager - Group 'integration' points to null
[Test worker] DEBUG org.codehaus.griffon.runtime.core.event.AbstractEventRouter - Triggering event 'DestroyMVCGroup' synchronously
[Test worker] DEBUG org.codehaus.griffon.runtime.core.mvc.AbstractMVCGroupManager - Searching group sample
[Test worker] DEBUG org.codehaus.griffon.runtime.core.mvc.DefaultMVCGroupManager - Group 'sample' points to org.codehaus.griffon.runtime.core.mvc.DefaultMVCGroup@2f59a97f[sample:sample]
[Test worker] DEBUG org.codehaus.griffon.runtime.core.mvc.DefaultMVCGroupManager - Destroying MVC group identified by 'sample'
[Test worker] DEBUG org.codehaus.griffon.runtime.core.event.AbstractEventRouter - Removing listener integration.SimpleController@71a3a967
[Test worker] DEBUG org.codehaus.griffon.runtime.core.event.AbstractEventRouter - Triggering event 'DestroyInstance' synchronously
[Test worker] DEBUG org.codehaus.griffon.runtime.core.event.AbstractEventRouter - Triggering event 'DestroyInstance' synchronously
[Test worker] DEBUG org.codehaus.griffon.runtime.core.event.AbstractEventRouter - Triggering event 'DestroyInstance' synchronously
[Test worker] DEBUG org.codehaus.griffon.runtime.core.mvc.AbstractMVCGroupManager - Removing group sample:org.codehaus.griffon.runtime.core.mvc.DefaultMVCGroup@2f59a97f[sample:sample]
[Test worker] DEBUG org.codehaus.griffon.runtime.core.mvc.AbstractMVCGroupManager - Searching group sample
[Test worker] DEBUG org.codehaus.griffon.runtime.core.mvc.DefaultMVCGroupManager - Group 'sample' points to null
[Test worker] DEBUG org.codehaus.griffon.runtime.core.event.AbstractEventRouter - Triggering event 'DestroyMVCGroup' synchronously
[Test worker] DEBUG integration.TestGriffonApplication - Shutdown stage 4: execute Shutdown script
[Test worker] TRACE griffon.util.CompositeResourceBundle - Searching key=application.lifecycle.handler.disable
[Test worker] TRACE griffon.util.CompositeResourceBundle - Searching key=application
[Test worker] TRACE griffon.util.CompositeResourceBundle - Bundle griffon.util.ExpandableResourceBundle@fa98c1a; key=application; value='{startupGroups=[integration], autoShutdown=true, title=integration}'
]]></system-err>
</testsuite>
