<?xml version="1.0" encoding="UTF-8"?>
<testsuite name="integration.GriffonApplicationSpec" tests="33" skipped="0" failures="0" errors="0" timestamp="2014-11-27T10:31:21" hostname="testing-worker-linux-3-2-26680-linux-18-42290416" time="1.725">
  <properties/>
  <testcase name="Bootstrap application" classname="integration.GriffonApplicationSpec" time="1.185"/>
  <testcase name="Check artifact controller" classname="integration.GriffonApplicationSpec" time="0.022"/>
  <testcase name="Check artifact model" classname="integration.GriffonApplicationSpec" time="0.031"/>
  <testcase name="Check artifact service" classname="integration.GriffonApplicationSpec" time="0.008"/>
  <testcase name="Check artifact view" classname="integration.GriffonApplicationSpec" time="0.092"/>
  <testcase name="Check groups" classname="integration.GriffonApplicationSpec" time="0.008"/>
  <testcase name="Invoke abort Action" classname="integration.GriffonApplicationSpec" time="0.015"/>
  <testcase name="Invoke sayHello Action" classname="integration.GriffonApplicationSpec" time="0.006"/>
  <testcase name="Invoke handleException Action" classname="integration.GriffonApplicationSpec" time="0.007"/>
  <testcase name="Invoke throwException Action" classname="integration.GriffonApplicationSpec" time="0.01"/>
  <testcase name="Invoke update Action" classname="integration.GriffonApplicationSpec" time="0.008"/>
  <testcase name="Verify ActionManager" classname="integration.GriffonApplicationSpec" time="0.025"/>
  <testcase name="Verify AddonManager" classname="integration.GriffonApplicationSpec" time="0.021"/>
  <testcase name="Verify MVCGroupManager" classname="integration.GriffonApplicationSpec" time="0.007"/>
  <testcase name="Verify ArtifactManager" classname="integration.GriffonApplicationSpec" time="0.035"/>
  <testcase name="Verify withMvcGroup(type , handler)" classname="integration.GriffonApplicationSpec" time="0.046"/>
  <testcase name="Verify withMvcGroup(type, id , handler)" classname="integration.GriffonApplicationSpec" time="0.018"/>
  <testcase name="Verify withMvcGroup(type, id, map , handler)" classname="integration.GriffonApplicationSpec" time="0.019"/>
  <testcase name="Verify withMvcGroup(type, map , handler)" classname="integration.GriffonApplicationSpec" time="0.017"/>
  <testcase name="Verify withMvcGroup(map, type, id , handler)" classname="integration.GriffonApplicationSpec" time="0.016"/>
  <testcase name="Verify withMvcGroup(map, type , handler)" classname="integration.GriffonApplicationSpec" time="0.015"/>
  <testcase name="Verify buildMVCGroup(type)" classname="integration.GriffonApplicationSpec" time="0.01"/>
  <testcase name="Verify buildMVCGroup(type, id)" classname="integration.GriffonApplicationSpec" time="0.008"/>
  <testcase name="Verify buildMVCGroup(type, map)" classname="integration.GriffonApplicationSpec" time="0.009"/>
  <testcase name="Verify buildMVCGroup(map, type)" classname="integration.GriffonApplicationSpec" time="0.009"/>
  <testcase name="Verify buildMVCGroup(type, id, map)" classname="integration.GriffonApplicationSpec" time="0.007"/>
  <testcase name="Verify buildMVCGroup(map, type, id)" classname="integration.GriffonApplicationSpec" time="0.007"/>
  <testcase name="Verify createMVCGroup(type)" classname="integration.GriffonApplicationSpec" time="0.011"/>
  <testcase name="Verify createMVCGroup(type, id)" classname="integration.GriffonApplicationSpec" time="0.008"/>
  <testcase name="Verify createMVCGroup(type, map)" classname="integration.GriffonApplicationSpec" time="0.009"/>
  <testcase name="Verify createMVCGroup(map, type)" classname="integration.GriffonApplicationSpec" time="0.008"/>
  <testcase name="Verify createMVCGroup(type, id, map)" classname="integration.GriffonApplicationSpec" time="0.007"/>
  <testcase name="Verify createMVCGroup(map, type, id)" classname="integration.GriffonApplicationSpec" time="0.009"/>
  <system-out><![CDATA[{application=integration.TestGriffonApplication@7dffa38c, mvcType=sample, mvcId=sample, configuration=MVCGroupConfiguration{mvcType='sample', members={model=integration.SimpleModel, view=integration.SimpleView, controller=integration.SimpleController}, config={}}, model=integration.SimpleModel@a03d17e, view=integration.SimpleView@4d043e5, controller=integration.SimpleController@58eb9024, mvcGroup=org.codehaus.griffon.runtime.core.mvc.DefaultMVCGroup@3d5273eb[sample:sample]}
{application=integration.TestGriffonApplication@7dffa38c, mvcType=simple, mvcId=simple, configuration=MVCGroupConfiguration{mvcType='simple', members={model=integration.SimpleModel, view=integration.SimpleView, controller=integration.SimpleController}, config={}}, model=integration.SimpleModel@1454c0be, view=integration.SimpleView@7065b8c3, controller=integration.SimpleController@25c85781, mvcGroup=org.codehaus.griffon.runtime.core.mvc.DefaultMVCGroup@700e5903[simple:simple]}
{application=integration.TestGriffonApplication@7dffa38c, mvcType=simple, mvcId=simple-1, configuration=MVCGroupConfiguration{mvcType='simple', members={model=integration.SimpleModel, view=integration.SimpleView, controller=integration.SimpleController}, config={}}, model=integration.SimpleModel@2a6321c1, view=integration.SimpleView@1261c6a2, controller=integration.SimpleController@6ed4249, mvcGroup=org.codehaus.griffon.runtime.core.mvc.DefaultMVCGroup@1ec7f410[simple:simple-1]}
{application=integration.TestGriffonApplication@7dffa38c, mvcType=simple, mvcId=simple-2, configuration=MVCGroupConfiguration{mvcType='simple', members={model=integration.SimpleModel, view=integration.SimpleView, controller=integration.SimpleController}, config={}}, key=griffon, model=integration.SimpleModel@5829ac5e, view=integration.SimpleView@bcaff99, controller=integration.SimpleController@7cc5d946, mvcGroup=org.codehaus.griffon.runtime.core.mvc.DefaultMVCGroup@34c9d3a1[simple:simple-2]}
{application=integration.TestGriffonApplication@7dffa38c, mvcType=simple, mvcId=simple, configuration=MVCGroupConfiguration{mvcType='simple', members={model=integration.SimpleModel, view=integration.SimpleView, controller=integration.SimpleController}, config={}}, key=griffon, model=integration.SimpleModel@cb0f5c5, view=integration.SimpleView@194ed1d7, controller=integration.SimpleController@1b3e0756, mvcGroup=org.codehaus.griffon.runtime.core.mvc.DefaultMVCGroup@3a627219[simple:simple]}
{application=integration.TestGriffonApplication@7dffa38c, mvcType=simple, mvcId=simple-2, configuration=MVCGroupConfiguration{mvcType='simple', members={model=integration.SimpleModel, view=integration.SimpleView, controller=integration.SimpleController}, config={}}, key=griffon, model=integration.SimpleModel@4f5d7768, view=integration.SimpleView@61dba4d4, controller=integration.SimpleController@75cbbde6, mvcGroup=org.codehaus.griffon.runtime.core.mvc.DefaultMVCGroup@25b66293[simple:simple-2]}
{application=integration.TestGriffonApplication@7dffa38c, mvcType=simple, mvcId=simple, configuration=MVCGroupConfiguration{mvcType='simple', members={model=integration.SimpleModel, view=integration.SimpleView, controller=integration.SimpleController}, config={}}, key=griffon, model=integration.SimpleModel@67815a15, view=integration.SimpleView@3277b89c, controller=integration.SimpleController@32cf6aa5, mvcGroup=org.codehaus.griffon.runtime.core.mvc.DefaultMVCGroup@3e2da4e5[simple:simple]}
{application=integration.TestGriffonApplication@7dffa38c, mvcType=simple, mvcId=simple, configuration=MVCGroupConfiguration{mvcType='simple', members={model=integration.SimpleModel, view=integration.SimpleView, controller=integration.SimpleController}, config={}}, model=integration.SimpleModel@1deb01fe, view=integration.SimpleView@2efe5d4b, controller=integration.SimpleController@4a740cad, mvcGroup=org.codehaus.griffon.runtime.core.mvc.DefaultMVCGroup@311e8aa8[simple:simple]}
{application=integration.TestGriffonApplication@7dffa38c, mvcType=simple, mvcId=simple-1, configuration=MVCGroupConfiguration{mvcType='simple', members={model=integration.SimpleModel, view=integration.SimpleView, controller=integration.SimpleController}, config={}}, model=integration.SimpleModel@2877865d, view=integration.SimpleView@420cf69a, controller=integration.SimpleController@7027fb9, mvcGroup=org.codehaus.griffon.runtime.core.mvc.DefaultMVCGroup@ff92574[simple:simple-1]}
{application=integration.TestGriffonApplication@7dffa38c, mvcType=simple, mvcId=simple, configuration=MVCGroupConfiguration{mvcType='simple', members={model=integration.SimpleModel, view=integration.SimpleView, controller=integration.SimpleController}, config={}}, key=griffon, model=integration.SimpleModel@1b280fb8, view=integration.SimpleView@3eb58261, controller=integration.SimpleController@2a5eddb9, mvcGroup=org.codehaus.griffon.runtime.core.mvc.DefaultMVCGroup@6c4a9f03[simple:simple]}
{application=integration.TestGriffonApplication@7dffa38c, mvcType=simple, mvcId=simple, configuration=MVCGroupConfiguration{mvcType='simple', members={model=integration.SimpleModel, view=integration.SimpleView, controller=integration.SimpleController}, config={}}, key=griffon, model=integration.SimpleModel@37c408fd, view=integration.SimpleView@257032ee, controller=integration.SimpleController@799f80ec, mvcGroup=org.codehaus.griffon.runtime.core.mvc.DefaultMVCGroup@4115aa5b[simple:simple]}
{application=integration.TestGriffonApplication@7dffa38c, mvcType=simple, mvcId=simple-2, configuration=MVCGroupConfiguration{mvcType='simple', members={model=integration.SimpleModel, view=integration.SimpleView, controller=integration.SimpleController}, config={}}, key=griffon, model=integration.SimpleModel@72c27e08, view=integration.SimpleView@775f085c, controller=integration.SimpleController@1b74339e, mvcGroup=org.codehaus.griffon.runtime.core.mvc.DefaultMVCGroup@43a64b65[simple:simple-2]}
{application=integration.TestGriffonApplication@7dffa38c, mvcType=simple, mvcId=simple-2, configuration=MVCGroupConfiguration{mvcType='simple', members={model=integration.SimpleModel, view=integration.SimpleView, controller=integration.SimpleController}, config={}}, key=griffon, model=integration.SimpleModel@22f54f27, view=integration.SimpleView@2d67becd, controller=integration.SimpleController@1735803c, mvcGroup=org.codehaus.griffon.runtime.core.mvc.DefaultMVCGroup@66b91cdc[simple:simple-2]}
{application=integration.TestGriffonApplication@7dffa38c, mvcType=simple, mvcId=simple, configuration=MVCGroupConfiguration{mvcType='simple', members={model=integration.SimpleModel, view=integration.SimpleView, controller=integration.SimpleController}, config={}}, model=integration.SimpleModel@6ebdeb5b, view=integration.SimpleView@7ebcb197, controller=integration.SimpleController@4533ea1c, mvcGroup=org.codehaus.griffon.runtime.core.mvc.DefaultMVCGroup@6bc2519a[simple:simple]}
{application=integration.TestGriffonApplication@7dffa38c, mvcType=simple, mvcId=simple-1, configuration=MVCGroupConfiguration{mvcType='simple', members={model=integration.SimpleModel, view=integration.SimpleView, controller=integration.SimpleController}, config={}}, model=integration.SimpleModel@2f32120b, view=integration.SimpleView@15c1eac9, controller=integration.SimpleController@7c4349bd, mvcGroup=org.codehaus.griffon.runtime.core.mvc.DefaultMVCGroup@43c7e170[simple:simple-1]}
{application=integration.TestGriffonApplication@7dffa38c, mvcType=simple, mvcId=simple, configuration=MVCGroupConfiguration{mvcType='simple', members={model=integration.SimpleModel, view=integration.SimpleView, controller=integration.SimpleController}, config={}}, key=griffon, model=integration.SimpleModel@7c5a0149, view=integration.SimpleView@66d73ba9, controller=integration.SimpleController@3f986f, mvcGroup=org.codehaus.griffon.runtime.core.mvc.DefaultMVCGroup@76070ab7[simple:simple]}
{application=integration.TestGriffonApplication@7dffa38c, mvcType=simple, mvcId=simple, configuration=MVCGroupConfiguration{mvcType='simple', members={model=integration.SimpleModel, view=integration.SimpleView, controller=integration.SimpleController}, config={}}, key=griffon, model=integration.SimpleModel@3fa20bfc, view=integration.SimpleView@2388b84, controller=integration.SimpleController@433522e1, mvcGroup=org.codehaus.griffon.runtime.core.mvc.DefaultMVCGroup@d29da82[simple:simple]}
{application=integration.TestGriffonApplication@7dffa38c, mvcType=simple, mvcId=simple-2, configuration=MVCGroupConfiguration{mvcType='simple', members={model=integration.SimpleModel, view=integration.SimpleView, controller=integration.SimpleController}, config={}}, key=griffon, model=integration.SimpleModel@e910200, view=integration.SimpleView@4daf249a, controller=integration.SimpleController@31c1e242, mvcGroup=org.codehaus.griffon.runtime.core.mvc.DefaultMVCGroup@1d8609bc[simple:simple-2]}
{application=integration.TestGriffonApplication@7dffa38c, mvcType=simple, mvcId=simple-2, configuration=MVCGroupConfiguration{mvcType='simple', members={model=integration.SimpleModel, view=integration.SimpleView, controller=integration.SimpleController}, config={}}, key=griffon, model=integration.SimpleModel@1b01990e, view=integration.SimpleView@2fbef500, controller=integration.SimpleController@11d3c147, mvcGroup=org.codehaus.griffon.runtime.core.mvc.DefaultMVCGroup@3cb5e128[simple:simple-2]}
]]></system-out>
  <system-err><![CDATA[[Test worker] INFO org.codehaus.griffon.runtime.core.DefaultApplicationBootstrapper - Griffon 2.1.0-SNAPSHOT
[Test worker] INFO org.codehaus.griffon.runtime.core.DefaultApplicationBootstrapper - Build: 2014-11-27T10:27:13.548+0000
[Test worker] INFO org.codehaus.griffon.runtime.core.DefaultApplicationBootstrapper - JVM: 1.8.0_25 (Oracle Corporation 25.25-b02)
[Test worker] INFO org.codehaus.griffon.runtime.core.DefaultApplicationBootstrapper - OS: Linux 2.6.32-042stab090.5 amd64
[Test worker] DEBUG org.codehaus.griffon.runtime.core.DefaultApplicationBootstrapper - Creating module bindings
[Test worker] DEBUG griffon.util.AnnotationUtils - Current module order is [core, integration]
[Test worker] TRACE griffon.util.AnnotationUtils - Processing module 'core'
[Test worker] TRACE griffon.util.AnnotationUtils -   depends on '[]'
[Test worker] TRACE griffon.util.AnnotationUtils -   adding module 'core', since all dependencies have been added
[Test worker] TRACE griffon.util.AnnotationUtils - Processing module 'integration'
[Test worker] TRACE griffon.util.AnnotationUtils -   depends on '[]'
[Test worker] TRACE griffon.util.AnnotationUtils -   adding module 'integration', since all dependencies have been added
[Test worker] TRACE griffon.util.AnnotationUtils - module dependency ordering complete
[Test worker] DEBUG griffon.util.AnnotationUtils - computed module order is [core, integration]
[Test worker] DEBUG org.codehaus.griffon.runtime.core.DefaultApplicationBootstrapper - Loading module bindings from core:org.codehaus.griffon.runtime.core.DefaultApplicationModule@61972c34
[Test worker] DEBUG org.codehaus.griffon.runtime.core.DefaultApplicationBootstrapper - Loading module bindings from integration:integration.IntegrationModule@906168
[Test worker] TRACE org.codehaus.griffon.runtime.core.DefaultApplicationBootstrapper - InstanceBinding[source=griffon.core.GriffonApplication, instance=integration.TestGriffonApplication@7dffa38c, singleton=true]
[Test worker] TRACE org.codehaus.griffon.runtime.core.DefaultApplicationBootstrapper - TargetBinding[source=griffon.core.ApplicationClassLoader, target=org.codehaus.griffon.runtime.core.DefaultApplicationClassLoader, singleton=true]
[Test worker] TRACE org.codehaus.griffon.runtime.core.DefaultApplicationBootstrapper - TargetBinding[source=griffon.core.ApplicationConfigurer, target=org.codehaus.griffon.runtime.core.DefaultApplicationConfigurer, singleton=true]
[Test worker] TRACE org.codehaus.griffon.runtime.core.DefaultApplicationBootstrapper - TargetBinding[source=griffon.core.resources.ResourceHandler, target=org.codehaus.griffon.runtime.core.resources.DefaultResourceHandler, singleton=true]
[Test worker] TRACE org.codehaus.griffon.runtime.core.DefaultApplicationBootstrapper - TargetBinding[source=griffon.util.CompositeResourceBundleBuilder, target=org.codehaus.griffon.runtime.util.DefaultCompositeResourceBundleBuilder, singleton=true]
[Test worker] TRACE org.codehaus.griffon.runtime.core.DefaultApplicationBootstrapper - ProviderBinding[source=java.util.ResourceBundle, classifier=@javax.inject.Named(value=applicationResourceBundle), provider=org.codehaus.griffon.runtime.util.ResourceBundleProvider@54c17ef8, singleton=true]
[Test worker] TRACE org.codehaus.griffon.runtime.core.DefaultApplicationBootstrapper - TargetBinding[source=griffon.core.Configuration, target=org.codehaus.griffon.runtime.core.DefaultConfiguration, singleton=true]
[Test worker] TRACE org.codehaus.griffon.runtime.core.DefaultApplicationBootstrapper - TargetBinding[source=griffon.core.ExecutorServiceManager, target=org.codehaus.griffon.runtime.core.DefaultExecutorServiceManager, singleton=true]
[Test worker] TRACE org.codehaus.griffon.runtime.core.DefaultApplicationBootstrapper - TargetBinding[source=griffon.core.event.EventRouter, classifier=@javax.inject.Named(value=applicationEventRouter), target=org.codehaus.griffon.runtime.core.event.DefaultEventRouter, singleton=true]
[Test worker] TRACE org.codehaus.griffon.runtime.core.DefaultApplicationBootstrapper - TargetBinding[source=griffon.core.event.EventRouter, target=org.codehaus.griffon.runtime.core.event.DefaultEventRouter, singleton=false]
[Test worker] TRACE org.codehaus.griffon.runtime.core.DefaultApplicationBootstrapper - ProviderBinding[source=griffon.core.resources.ResourceResolver, classifier=@javax.inject.Named(value=applicationResourceResolver), provider=org.codehaus.griffon.runtime.core.resources.ResourceResolverProvider@77abb9d3, singleton=true]
[Test worker] TRACE org.codehaus.griffon.runtime.core.DefaultApplicationBootstrapper - ProviderBinding[source=griffon.core.i18n.MessageSource, classifier=@javax.inject.Named(value=applicationMessageSource), provider=org.codehaus.griffon.runtime.core.i18n.MessageSourceProvider@1b1f2de7, singleton=true]
[Test worker] TRACE org.codehaus.griffon.runtime.core.DefaultApplicationBootstrapper - TargetBinding[source=griffon.core.resources.ResourceInjector, classifier=@javax.inject.Named(value=applicationResourceInjector), target=org.codehaus.griffon.runtime.core.resources.DefaultApplicationResourceInjector, singleton=true]
[Test worker] TRACE org.codehaus.griffon.runtime.core.DefaultApplicationBootstrapper - TargetBinding[source=griffon.core.threading.UIThreadManager, target=org.codehaus.griffon.runtime.core.threading.DefaultUIThreadManager, singleton=true]
[Test worker] TRACE org.codehaus.griffon.runtime.core.DefaultApplicationBootstrapper - TargetBinding[source=griffon.core.mvc.MVCGroupManager, target=org.codehaus.griffon.runtime.core.mvc.DefaultMVCGroupManager, singleton=true]
[Test worker] TRACE org.codehaus.griffon.runtime.core.DefaultApplicationBootstrapper - ProviderBinding[source=griffon.core.LifecycleHandler, classifier=@javax.inject.Named(value=Initialize), provider=org.codehaus.griffon.runtime.core.LifecycleHandlerProvider@1b7c1ecb, singleton=true]
[Test worker] TRACE org.codehaus.griffon.runtime.core.DefaultApplicationBootstrapper - ProviderBinding[source=griffon.core.LifecycleHandler, classifier=@javax.inject.Named(value=Startup), provider=org.codehaus.griffon.runtime.core.LifecycleHandlerProvider@441595e2, singleton=true]
[Test worker] TRACE org.codehaus.griffon.runtime.core.DefaultApplicationBootstrapper - ProviderBinding[source=griffon.core.LifecycleHandler, classifier=@javax.inject.Named(value=Ready), provider=org.codehaus.griffon.runtime.core.LifecycleHandlerProvider@6edad992, singleton=true]
[Test worker] TRACE org.codehaus.griffon.runtime.core.DefaultApplicationBootstrapper - ProviderBinding[source=griffon.core.LifecycleHandler, classifier=@javax.inject.Named(value=Shutdown), provider=org.codehaus.griffon.runtime.core.LifecycleHandlerProvider@cc8a1bb, singleton=true]
[Test worker] TRACE org.codehaus.griffon.runtime.core.DefaultApplicationBootstrapper - ProviderBinding[source=griffon.core.LifecycleHandler, classifier=@javax.inject.Named(value=Stop), provider=org.codehaus.griffon.runtime.core.LifecycleHandlerProvider@77b97caf, singleton=true]
[Test worker] TRACE org.codehaus.griffon.runtime.core.DefaultApplicationBootstrapper - TargetBinding[source=griffon.core.view.WindowManager, target=org.codehaus.griffon.runtime.core.view.NoopWindowManager, singleton=true]
[Test worker] TRACE org.codehaus.griffon.runtime.core.DefaultApplicationBootstrapper - TargetBinding[source=griffon.core.controller.ActionManager, target=org.codehaus.griffon.runtime.core.controller.DefaultActionManager, singleton=true]
[Test worker] TRACE org.codehaus.griffon.runtime.core.DefaultApplicationBootstrapper - TargetBinding[source=griffon.core.artifact.ArtifactManager, target=org.codehaus.griffon.runtime.core.artifact.DefaultArtifactManager, singleton=true]
[Test worker] TRACE org.codehaus.griffon.runtime.core.DefaultApplicationBootstrapper - TargetBinding[source=griffon.core.artifact.ArtifactHandler, classifier=@griffon.inject.Typed(value=interface griffon.core.artifact.GriffonModel), target=org.codehaus.griffon.runtime.core.artifact.ModelArtifactHandler, singleton=true]
[Test worker] TRACE org.codehaus.griffon.runtime.core.DefaultApplicationBootstrapper - TargetBinding[source=griffon.core.artifact.ArtifactHandler, classifier=@griffon.inject.Typed(value=interface griffon.core.artifact.GriffonView), target=org.codehaus.griffon.runtime.core.artifact.ViewArtifactHandler, singleton=true]
[Test worker] TRACE org.codehaus.griffon.runtime.core.DefaultApplicationBootstrapper - TargetBinding[source=griffon.core.artifact.ArtifactHandler, classifier=@griffon.inject.Typed(value=interface griffon.core.artifact.GriffonController), target=org.codehaus.griffon.runtime.core.artifact.ControllerArtifactHandler, singleton=true]
[Test worker] TRACE org.codehaus.griffon.runtime.core.DefaultApplicationBootstrapper - TargetBinding[source=griffon.core.artifact.ArtifactHandler, classifier=@griffon.inject.Typed(value=interface griffon.core.artifact.GriffonService), target=org.codehaus.griffon.runtime.core.artifact.ServiceArtifactHandler, singleton=true]
[Test worker] TRACE org.codehaus.griffon.runtime.core.DefaultApplicationBootstrapper - ProviderTypeBinding[source=griffon.core.PlatformHandler, providerType=class org.codehaus.griffon.runtime.core.PlatformHandlerProvider, singleton=true]
[Test worker] TRACE org.codehaus.griffon.runtime.core.DefaultApplicationBootstrapper - TargetBinding[source=griffon.core.addon.AddonManager, target=org.codehaus.griffon.runtime.core.addon.DefaultAddonManager, singleton=true]
[Test worker] TRACE org.codehaus.griffon.runtime.core.DefaultApplicationBootstrapper - TargetBinding[source=griffon.core.event.EventHandler, target=org.codehaus.griffon.runtime.core.event.DefaultEventHandler, singleton=true]
[Test worker] TRACE org.codehaus.griffon.runtime.core.DefaultApplicationBootstrapper - TargetBinding[source=griffon.core.GriffonExceptionHandler, target=griffon.core.GriffonExceptionHandler, singleton=true]
[Test worker] TRACE org.codehaus.griffon.runtime.core.DefaultApplicationBootstrapper - TargetBinding[source=griffon.core.addon.GriffonAddon, classifier=@javax.inject.Named(value=integration), target=integration.IntegrationAddon, singleton=true]
[Test worker] TRACE org.codehaus.griffon.runtime.core.DefaultApplicationBootstrapper - TargetBinding[source=griffon.core.controller.ActionHandler, target=integration.InvokeActionHandler, singleton=true]
[Test worker] DEBUG org.codehaus.griffon.runtime.core.DefaultApplicationBootstrapper - Creating application injector
[Test worker] DEBUG org.codehaus.griffon.runtime.core.DefaultApplicationBootstrapper - Injector will be created by integration.GuiceInjectorFactory@5507742f
[Test worker] DEBUG org.codehaus.griffon.runtime.core.event.AbstractEventRouter - Adding listener org.codehaus.griffon.runtime.core.MVCGroupExceptionHandler on UncaughtMVCGroupConfigurationException
[Test worker] DEBUG org.codehaus.griffon.runtime.core.event.AbstractEventRouter - Adding listener org.codehaus.griffon.runtime.core.MVCGroupExceptionHandler on UncaughtMVCGroupInstantiationException
[Test worker] DEBUG org.codehaus.griffon.runtime.core.event.AbstractEventRouter - Triggering event 'BootstrapStart' synchronously
[Test worker] DEBUG griffon.util.ServiceLoaderUtils - Reading java.beans.PropertyEditor definitions from file:/home/travis/build/griffon/griffon/subprojects/griffon-core/build/resources/main/META-INF/editors/java.beans.PropertyEditor
[Test worker] DEBUG org.codehaus.griffon.runtime.core.DefaultApplicationConfigurer - Registering griffon.core.editors.StringPropertyEditor as editor for java.lang.String
[Test worker] DEBUG org.codehaus.griffon.runtime.core.DefaultApplicationConfigurer - Registering griffon.core.editors.FilePropertyEditor as editor for java.io.File
[Test worker] DEBUG org.codehaus.griffon.runtime.core.DefaultApplicationConfigurer - Registering griffon.core.editors.URLPropertyEditor as editor for java.net.URL
[Test worker] DEBUG org.codehaus.griffon.runtime.core.DefaultApplicationConfigurer - Registering griffon.core.editors.URIPropertyEditor as editor for java.net.URI
[Test worker] DEBUG org.codehaus.griffon.runtime.core.DefaultApplicationConfigurer - Registering griffon.core.editors.BigDecimalPropertyEditor as editor for java.math.BigDecimal
[Test worker] DEBUG org.codehaus.griffon.runtime.core.DefaultApplicationConfigurer - Registering griffon.core.editors.BigIntegerPropertyEditor as editor for java.math.BigInteger
[Test worker] DEBUG org.codehaus.griffon.runtime.core.DefaultApplicationConfigurer - Registering griffon.core.editors.BooleanPropertyEditor as editor for java.lang.Boolean
[Test worker] DEBUG org.codehaus.griffon.runtime.core.DefaultApplicationConfigurer - Registering griffon.core.editors.BytePropertyEditor as editor for java.lang.Byte
[Test worker] DEBUG org.codehaus.griffon.runtime.core.DefaultApplicationConfigurer - Registering griffon.core.editors.ShortPropertyEditor as editor for java.lang.Short
[Test worker] DEBUG org.codehaus.griffon.runtime.core.DefaultApplicationConfigurer - Registering griffon.core.editors.IntegerPropertyEditor as editor for java.lang.Integer
[Test worker] DEBUG org.codehaus.griffon.runtime.core.DefaultApplicationConfigurer - Registering griffon.core.editors.LongPropertyEditor as editor for java.lang.Long
[Test worker] DEBUG org.codehaus.griffon.runtime.core.DefaultApplicationConfigurer - Registering griffon.core.editors.FloatPropertyEditor as editor for java.lang.Float
[Test worker] DEBUG org.codehaus.griffon.runtime.core.DefaultApplicationConfigurer - Registering griffon.core.editors.DoublePropertyEditor as editor for java.lang.Double
[Test worker] DEBUG org.codehaus.griffon.runtime.core.DefaultApplicationConfigurer - Registering griffon.core.editors.CalendarPropertyEditor as editor for java.util.Calendar
[Test worker] DEBUG org.codehaus.griffon.runtime.core.DefaultApplicationConfigurer - Registering griffon.core.editors.DatePropertyEditor as editor for java.util.Date
[Test worker] DEBUG org.codehaus.griffon.runtime.core.DefaultApplicationConfigurer - Registering griffon.core.editors.BooleanPropertyEditor as editor for boolean
[Test worker] DEBUG org.codehaus.griffon.runtime.core.DefaultApplicationConfigurer - Registering griffon.core.editors.BytePropertyEditor as editor for byte
[Test worker] DEBUG org.codehaus.griffon.runtime.core.DefaultApplicationConfigurer - Registering griffon.core.editors.ShortPropertyEditor as editor for short
[Test worker] DEBUG org.codehaus.griffon.runtime.core.DefaultApplicationConfigurer - Registering griffon.core.editors.IntegerPropertyEditor as editor for int
[Test worker] DEBUG org.codehaus.griffon.runtime.core.DefaultApplicationConfigurer - Registering griffon.core.editors.LongPropertyEditor as editor for long
[Test worker] DEBUG org.codehaus.griffon.runtime.core.DefaultApplicationConfigurer - Registering griffon.core.editors.FloatPropertyEditor as editor for float
[Test worker] DEBUG org.codehaus.griffon.runtime.core.DefaultApplicationConfigurer - Registering griffon.core.editors.DoublePropertyEditor as editor for double
[Test worker] DEBUG org.codehaus.griffon.runtime.core.event.AbstractEventRouter - Adding listener org.codehaus.griffon.runtime.core.DefaultApplicationConfigurer$2 on NewInstance
[Test worker] TRACE griffon.util.CompositeResourceBundle - Searching key=application
[Test worker] TRACE griffon.util.CompositeResourceBundle - Bundle griffon.util.ExpandableResourceBundle@3210446b; key=application; value='{startupGroups=[integration], autoShutdown=true, title=integration}'
[Test worker] TRACE griffon.util.CompositeResourceBundle - Searching key=application.startupGroups
[Test worker] TRACE griffon.util.CompositeResourceBundle - Bundle griffon.util.ExpandableResourceBundle@3210446b; key=application.startupGroups; value='[integration]'
[Test worker] TRACE griffon.util.CompositeResourceBundle - Searching key=mvcGroups
[Test worker] TRACE griffon.util.CompositeResourceBundle - Bundle griffon.util.ExpandableResourceBundle@3210446b; key=mvcGroups; value='{integration={view=integration.IntegrationView, config={color=#0000FF}, controller=integration.IntegrationController, model=integration.IntegrationModel}}'
[Test worker] TRACE griffon.util.CompositeResourceBundle - Searching key=mvcGroups.integration.view
[Test worker] TRACE griffon.util.CompositeResourceBundle - Bundle griffon.util.ExpandableResourceBundle@3210446b; key=mvcGroups.integration.view; value='integration.IntegrationView'
[Test worker] TRACE griffon.util.CompositeResourceBundle - Searching key=application.autoShutdown
[Test worker] TRACE griffon.util.CompositeResourceBundle - Bundle griffon.util.ExpandableResourceBundle@3210446b; key=application.autoShutdown; value='true'
[Test worker] TRACE griffon.util.CompositeResourceBundle - Searching key=mvcGroups.integration.config.color
[Test worker] TRACE griffon.util.CompositeResourceBundle - Bundle griffon.util.ExpandableResourceBundle@3210446b; key=mvcGroups.integration.config.color; value='#0000FF'
[Test worker] TRACE griffon.util.CompositeResourceBundle - Searching key=mvcGroups.integration.controller
[Test worker] TRACE griffon.util.CompositeResourceBundle - Bundle griffon.util.ExpandableResourceBundle@3210446b; key=mvcGroups.integration.controller; value='integration.IntegrationController'
[Test worker] TRACE griffon.util.CompositeResourceBundle - Searching key=application.title
[Test worker] TRACE griffon.util.CompositeResourceBundle - Bundle griffon.util.ExpandableResourceBundle@3210446b; key=application.title; value='integration'
[Test worker] TRACE griffon.util.CompositeResourceBundle - Searching key=mvcGroups.integration.model
[Test worker] TRACE griffon.util.CompositeResourceBundle - Bundle griffon.util.ExpandableResourceBundle@3210446b; key=mvcGroups.integration.model; value='integration.IntegrationModel'
[Test worker] TRACE griffon.util.CompositeResourceBundle - Searching key=application.lifecycle.handler.disable
[Test worker] TRACE griffon.util.CompositeResourceBundle - Searching key=application
[Test worker] TRACE griffon.util.CompositeResourceBundle - Bundle griffon.util.ExpandableResourceBundle@3210446b; key=application; value='{startupGroups=[integration], autoShutdown=true, title=integration}'
[Test worker] TRACE griffon.util.CompositeResourceBundle - Searching key=platform.handler.linux64
[Test worker] TRACE griffon.util.CompositeResourceBundle - Searching key=platform
[Test worker] DEBUG org.codehaus.griffon.runtime.core.PlatformHandlerProvider - Using org.codehaus.griffon.runtime.core.DefaultPlatformHandler as PlatformHandler
[Test worker] DEBUG org.codehaus.griffon.runtime.core.addon.AbstractAddonManager - Loading addons [START]
[Test worker] DEBUG griffon.util.AnnotationUtils - Current addon order is [integration]
[Test worker] TRACE griffon.util.AnnotationUtils - Processing addon 'integration'
[Test worker] TRACE griffon.util.AnnotationUtils -   depends on '[]'
[Test worker] TRACE griffon.util.AnnotationUtils -   adding addon 'integration', since all dependencies have been added
[Test worker] TRACE griffon.util.AnnotationUtils - addon dependency ordering complete
[Test worker] DEBUG griffon.util.AnnotationUtils - computed addon order is [integration]
[Test worker] DEBUG org.codehaus.griffon.runtime.core.event.AbstractEventRouter - Triggering event 'LoadAddonsStart' synchronously
[Test worker] DEBUG org.codehaus.griffon.runtime.core.addon.AbstractAddonManager - Loading addon integration with class integration.IntegrationAddon
[Test worker] DEBUG org.codehaus.griffon.runtime.core.event.AbstractEventRouter - Triggering event 'LoadAddonStart' synchronously
[Test worker] DEBUG org.codehaus.griffon.runtime.core.event.AbstractEventRouter - Adding listener integration.IntegrationAddon@3f55fe00
[Test worker] DEBUG org.codehaus.griffon.runtime.core.addon.AbstractAddonManager - Adding MVC group simple
[Test worker] DEBUG org.codehaus.griffon.runtime.core.addon.AbstractAddonManager - Adding MVC group sample
[Test worker] DEBUG org.codehaus.griffon.runtime.core.event.AbstractEventRouter - Triggering event 'LoadAddonEnd' synchronously
[Test worker] DEBUG org.codehaus.griffon.runtime.core.addon.AbstractAddonManager - Loaded addon integration
[Test worker] DEBUG org.codehaus.griffon.runtime.core.addon.AbstractAddonManager - Loading addons [END]
[Test worker] DEBUG org.codehaus.griffon.runtime.core.event.AbstractEventRouter - Triggering event 'LoadAddonsEnd' synchronously
[Test worker] TRACE griffon.util.CompositeResourceBundle - Searching key=mvcGroups
[Test worker] TRACE griffon.util.CompositeResourceBundle - Bundle griffon.util.ExpandableResourceBundle@3210446b; key=mvcGroups; value='{integration={view=integration.IntegrationView, config={color=#0000FF}, controller=integration.IntegrationController, model=integration.IntegrationModel}}'
[Test worker] DEBUG org.codehaus.griffon.runtime.core.DefaultApplicationConfigurer - Adding MVC group integration
[Test worker] DEBUG org.codehaus.griffon.runtime.core.event.AbstractEventRouter - Adding listener org.codehaus.griffon.runtime.core.DefaultApplicationConfigurer$3 on NewInstance
[Test worker] TRACE griffon.util.CompositeResourceBundle - Searching key=griffon.controller.action.handler.order
[Test worker] TRACE griffon.util.CompositeResourceBundle - Searching key=griffon
[Test worker] DEBUG griffon.util.AnnotationUtils - Current handler order is [invoke]
[Test worker] TRACE griffon.util.AnnotationUtils - Processing handler 'invoke'
[Test worker] TRACE griffon.util.AnnotationUtils -   depends on '[]'
[Test worker] TRACE griffon.util.AnnotationUtils -   adding handler 'invoke', since all dependencies have been added
[Test worker] TRACE griffon.util.AnnotationUtils - handler dependency ordering complete
[Test worker] DEBUG griffon.util.AnnotationUtils - computed handler order is [invoke]
[Test worker] DEBUG org.codehaus.griffon.runtime.core.artifact.AbstractArtifactManager - Registering artifact handler for type 'model': org.codehaus.griffon.runtime.core.artifact.ModelArtifactHandler@4030623f
[Test worker] DEBUG org.codehaus.griffon.runtime.core.artifact.AbstractArtifactManager - Registering artifact handler for type 'view': org.codehaus.griffon.runtime.core.artifact.ViewArtifactHandler@196e17fa
[Test worker] DEBUG org.codehaus.griffon.runtime.core.artifact.AbstractArtifactManager - Registering artifact handler for type 'controller': org.codehaus.griffon.runtime.core.artifact.ControllerArtifactHandler@3bd6059
[Test worker] DEBUG org.codehaus.griffon.runtime.core.artifact.AbstractArtifactManager - Registering artifact handler for type 'service': org.codehaus.griffon.runtime.core.artifact.ServiceArtifactHandler@9759f5e
[Test worker] DEBUG griffon.util.ServiceLoaderUtils - Reading griffon.core.artifact.GriffonView definitions from file:/home/travis/build/griffon/griffon/subprojects/griffon-core/build/resources/test/META-INF/griffon/griffon.core.artifact.GriffonView
[Test worker] DEBUG griffon.util.ServiceLoaderUtils - Reading griffon.core.artifact.GriffonController definitions from file:/home/travis/build/griffon/griffon/subprojects/griffon-core/build/resources/test/META-INF/griffon/griffon.core.artifact.GriffonController
[Test worker] DEBUG griffon.util.ServiceLoaderUtils - Reading griffon.core.artifact.GriffonService definitions from file:/home/travis/build/griffon/griffon/subprojects/griffon-core/build/resources/test/META-INF/griffon/griffon.core.artifact.GriffonService
[Test worker] DEBUG griffon.util.ServiceLoaderUtils - Reading griffon.core.artifact.GriffonModel definitions from file:/home/travis/build/griffon/griffon/subprojects/griffon-core/build/resources/test/META-INF/griffon/griffon.core.artifact.GriffonModel
[Test worker] DEBUG org.codehaus.griffon.runtime.core.artifact.DefaultArtifactManager - Artifacts of type 'view' = 2
[Test worker] DEBUG org.codehaus.griffon.runtime.core.artifact.DefaultArtifactManager - Artifacts of type 'controller' = 2
[Test worker] DEBUG org.codehaus.griffon.runtime.core.artifact.DefaultArtifactManager - Artifacts of type 'service' = 1
[Test worker] DEBUG org.codehaus.griffon.runtime.core.artifact.DefaultArtifactManager - Artifacts of type 'model' = 2
[Test worker] TRACE org.codehaus.griffon.runtime.core.artifact.AbstractArtifactManager - InstanceBinding[source=griffon.core.artifact.GriffonClass, classifier=@griffon.inject.Typed(value=class integration.IntegrationView), instance=Artifact[view] > Integration, singleton=true]
[Test worker] TRACE org.codehaus.griffon.runtime.core.artifact.AbstractArtifactManager - TargetBinding[source=integration.IntegrationView, target=integration.IntegrationView, singleton=false]
[Test worker] TRACE org.codehaus.griffon.runtime.core.artifact.AbstractArtifactManager - InstanceBinding[source=griffon.core.artifact.GriffonClass, classifier=@griffon.inject.Typed(value=class integration.SimpleView), instance=Artifact[view] > Simple, singleton=true]
[Test worker] TRACE org.codehaus.griffon.runtime.core.artifact.AbstractArtifactManager - TargetBinding[source=integration.SimpleView, target=integration.SimpleView, singleton=false]
[Test worker] TRACE org.codehaus.griffon.runtime.core.artifact.AbstractArtifactManager - InstanceBinding[source=griffon.core.artifact.GriffonClass, classifier=@griffon.inject.Typed(value=class integration.IntegrationController), instance=Artifact[controller] > Integration, singleton=true]
[Test worker] TRACE org.codehaus.griffon.runtime.core.artifact.AbstractArtifactManager - TargetBinding[source=integration.IntegrationController, target=integration.IntegrationController, singleton=false]
[Test worker] TRACE org.codehaus.griffon.runtime.core.artifact.AbstractArtifactManager - InstanceBinding[source=griffon.core.artifact.GriffonClass, classifier=@griffon.inject.Typed(value=class integration.SimpleController), instance=Artifact[controller] > Simple, singleton=true]
[Test worker] TRACE org.codehaus.griffon.runtime.core.artifact.AbstractArtifactManager - TargetBinding[source=integration.SimpleController, target=integration.SimpleController, singleton=false]
[Test worker] TRACE org.codehaus.griffon.runtime.core.artifact.AbstractArtifactManager - InstanceBinding[source=griffon.core.artifact.GriffonClass, classifier=@griffon.inject.Typed(value=class integration.IntegrationService), instance=Artifact[service] > Integration, singleton=true]
[Test worker] TRACE org.codehaus.griffon.runtime.core.artifact.AbstractArtifactManager - TargetBinding[source=integration.IntegrationService, target=integration.IntegrationService, singleton=true]
[Test worker] TRACE org.codehaus.griffon.runtime.core.artifact.AbstractArtifactManager - InstanceBinding[source=griffon.core.artifact.GriffonClass, classifier=@griffon.inject.Typed(value=class integration.IntegrationModel), instance=Artifact[model] > Integration, singleton=true]
[Test worker] TRACE org.codehaus.griffon.runtime.core.artifact.AbstractArtifactManager - TargetBinding[source=integration.IntegrationModel, target=integration.IntegrationModel, singleton=false]
[Test worker] TRACE org.codehaus.griffon.runtime.core.artifact.AbstractArtifactManager - InstanceBinding[source=griffon.core.artifact.GriffonClass, classifier=@griffon.inject.Typed(value=class integration.SimpleModel), instance=Artifact[model] > Simple, singleton=true]
[Test worker] TRACE org.codehaus.griffon.runtime.core.artifact.AbstractArtifactManager - TargetBinding[source=integration.SimpleModel, target=integration.SimpleModel, singleton=false]
[Test worker] DEBUG org.codehaus.griffon.runtime.core.event.AbstractEventRouter - Triggering event 'BootstrapEnd' synchronously
[Test worker] DEBUG org.codehaus.griffon.runtime.core.event.AbstractEventRouter - Triggering event 'StartupStart' synchronously
[Test worker] TRACE griffon.util.CompositeResourceBundle - Searching key=application.startupGroups
[Test worker] TRACE griffon.util.CompositeResourceBundle - Bundle griffon.util.ExpandableResourceBundle@3210446b; key=application.startupGroups; value='[integration]'
[Test worker] INFO integration.TestGriffonApplication - Initializing all startup groups: [integration]
[Test worker] DEBUG org.codehaus.griffon.runtime.core.mvc.AbstractMVCGroupManager - Searching group integration
[Test worker] DEBUG org.codehaus.griffon.runtime.core.mvc.DefaultMVCGroupManager - Building MVC group 'integration' with name 'integration'
[Test worker] DEBUG org.codehaus.griffon.runtime.core.artifact.AbstractArtifactManager - Searching for griffonClass of integration.IntegrationView
[Test worker] DEBUG org.codehaus.griffon.runtime.core.artifact.AbstractArtifactManager - Searching for griffonClass of integration.IntegrationController
[Test worker] DEBUG org.codehaus.griffon.runtime.core.artifact.AbstractArtifactManager - Searching for griffonClass of integration.IntegrationModel
[Test worker] DEBUG org.codehaus.griffon.runtime.core.artifact.AbstractArtifactManager - Searching for griffonClass of integration.IntegrationView
[Test worker] DEBUG org.codehaus.griffon.runtime.core.artifact.AbstractArtifactManager - Searching for griffonClass of integration.IntegrationView
[Test worker] DEBUG org.codehaus.griffon.runtime.core.event.AbstractEventRouter - Triggering event 'NewInstance' synchronously
[Test worker] DEBUG org.codehaus.griffon.runtime.core.artifact.AbstractArtifactManager - Searching for griffonClass of integration.IntegrationController
[Test worker] DEBUG org.codehaus.griffon.runtime.core.artifact.AbstractArtifactManager - Searching for griffonClass of integration.IntegrationController
[Test worker] DEBUG org.codehaus.griffon.runtime.core.event.AbstractEventRouter - Triggering event 'NewInstance' synchronously
[Test worker] DEBUG org.codehaus.griffon.runtime.core.event.AbstractEventRouter - Triggering event 'NewInstance' synchronously
[Test worker] DEBUG org.codehaus.griffon.runtime.core.artifact.AbstractArtifactManager - Searching for griffonClass of integration.IntegrationController
[Test worker] TRACE griffon.util.CompositeResourceBundle - Searching key=integration.IntegrationController.action.Abort.name
[Test worker] TRACE griffon.util.CompositeResourceBundle - Searching key=application.action.Abort.name
[Test worker] TRACE org.codehaus.griffon.runtime.core.controller.AbstractActionManager - integration.IntegrationController.action.Abort.name = Abort
[Test worker] DEBUG org.codehaus.griffon.runtime.core.controller.AbstractActionManager - Configuring action integration.IntegrationController.abort with integration.InvokeActionHandler@2ab30658
[Test worker] TRACE org.codehaus.griffon.runtime.core.controller.AbstractActionManager - Action for integration.IntegrationController.abort stored as abort
[Test worker] TRACE griffon.util.CompositeResourceBundle - Searching key=integration.IntegrationController.action.HandleException.name
[Test worker] TRACE griffon.util.CompositeResourceBundle - Searching key=application.action.HandleException.name
[Test worker] TRACE org.codehaus.griffon.runtime.core.controller.AbstractActionManager - integration.IntegrationController.action.HandleException.name = Handle Exception
[Test worker] DEBUG org.codehaus.griffon.runtime.core.controller.AbstractActionManager - Configuring action integration.IntegrationController.handleException with integration.InvokeActionHandler@2ab30658
[Test worker] TRACE org.codehaus.griffon.runtime.core.controller.AbstractActionManager - Action for integration.IntegrationController.handleException stored as handleException
[Test worker] TRACE griffon.util.CompositeResourceBundle - Searching key=integration.IntegrationController.action.SayHello.name
[Test worker] TRACE griffon.util.CompositeResourceBundle - Searching key=application.action.SayHello.name
[Test worker] TRACE org.codehaus.griffon.runtime.core.controller.AbstractActionManager - integration.IntegrationController.action.SayHello.name = Say Hello
[Test worker] DEBUG org.codehaus.griffon.runtime.core.controller.AbstractActionManager - Configuring action integration.IntegrationController.sayHello with integration.InvokeActionHandler@2ab30658
[Test worker] TRACE org.codehaus.griffon.runtime.core.controller.AbstractActionManager - Action for integration.IntegrationController.sayHello stored as sayHello
[Test worker] TRACE griffon.util.CompositeResourceBundle - Searching key=integration.IntegrationController.action.ThrowException.name
[Test worker] TRACE griffon.util.CompositeResourceBundle - Searching key=application.action.ThrowException.name
[Test worker] TRACE org.codehaus.griffon.runtime.core.controller.AbstractActionManager - integration.IntegrationController.action.ThrowException.name = Throw Exception
[Test worker] DEBUG org.codehaus.griffon.runtime.core.controller.AbstractActionManager - Configuring action integration.IntegrationController.throwException with integration.InvokeActionHandler@2ab30658
[Test worker] TRACE org.codehaus.griffon.runtime.core.controller.AbstractActionManager - Action for integration.IntegrationController.throwException stored as throwException
[Test worker] DEBUG org.codehaus.griffon.runtime.core.artifact.AbstractArtifactManager - Searching for griffonClass of integration.IntegrationModel
[Test worker] DEBUG org.codehaus.griffon.runtime.core.artifact.AbstractArtifactManager - Searching for griffonClass of integration.IntegrationModel
[Test worker] DEBUG org.codehaus.griffon.runtime.core.event.AbstractEventRouter - Triggering event 'NewInstance' synchronously
[Test worker] DEBUG org.codehaus.griffon.runtime.core.event.AbstractEventRouter - Triggering event 'InitializeMVCGroup' synchronously
[Test worker] DEBUG org.codehaus.griffon.runtime.core.mvc.AbstractMVCGroupManager - Adding group integration:org.codehaus.griffon.runtime.core.mvc.DefaultMVCGroup@49c1cf36[integration:integration]
[Test worker] DEBUG org.codehaus.griffon.runtime.core.mvc.DefaultMVCGroupManager - Initializing each MVC member of group 'integration'
[Test worker] DEBUG org.codehaus.griffon.runtime.core.event.AbstractEventRouter - Triggering event 'CreateMVCGroup' synchronously
[Test worker] INFO integration.TestGriffonApplication - Initializing all integration startup groups: [sample]
[Test worker] DEBUG org.codehaus.griffon.runtime.core.mvc.AbstractMVCGroupManager - Searching group sample
[Test worker] DEBUG org.codehaus.griffon.runtime.core.mvc.DefaultMVCGroupManager - Building MVC group 'sample' with name 'sample'
[Test worker] DEBUG org.codehaus.griffon.runtime.core.artifact.AbstractArtifactManager - Searching for griffonClass of integration.SimpleModel
[Test worker] DEBUG org.codehaus.griffon.runtime.core.artifact.AbstractArtifactManager - Searching for griffonClass of integration.SimpleView
[Test worker] DEBUG org.codehaus.griffon.runtime.core.artifact.AbstractArtifactManager - Searching for griffonClass of integration.SimpleController
[Test worker] DEBUG org.codehaus.griffon.runtime.core.artifact.AbstractArtifactManager - Searching for griffonClass of integration.SimpleModel
[Test worker] DEBUG org.codehaus.griffon.runtime.core.artifact.AbstractArtifactManager - Searching for griffonClass of integration.SimpleModel
[Test worker] DEBUG org.codehaus.griffon.runtime.core.event.AbstractEventRouter - Triggering event 'NewInstance' synchronously
[Test worker] DEBUG org.codehaus.griffon.runtime.core.artifact.AbstractArtifactManager - Searching for griffonClass of integration.SimpleView
[Test worker] DEBUG org.codehaus.griffon.runtime.core.artifact.AbstractArtifactManager - Searching for griffonClass of integration.SimpleView
[Test worker] DEBUG org.codehaus.griffon.runtime.core.event.AbstractEventRouter - Triggering event 'NewInstance' synchronously
[Test worker] DEBUG org.codehaus.griffon.runtime.core.artifact.AbstractArtifactManager - Searching for griffonClass of integration.SimpleController
[Test worker] DEBUG org.codehaus.griffon.runtime.core.artifact.AbstractArtifactManager - Searching for griffonClass of integration.SimpleController
[Test worker] DEBUG org.codehaus.griffon.runtime.core.event.AbstractEventRouter - Triggering event 'NewInstance' synchronously
[Test worker] DEBUG org.codehaus.griffon.runtime.core.artifact.AbstractArtifactManager - Searching for griffonClass of integration.SimpleController
[Test worker] DEBUG org.codehaus.griffon.runtime.core.event.AbstractEventRouter - Triggering event 'InitializeMVCGroup' synchronously
[Test worker] DEBUG org.codehaus.griffon.runtime.core.mvc.AbstractMVCGroupManager - Adding group sample:org.codehaus.griffon.runtime.core.mvc.DefaultMVCGroup@3d5273eb[sample:sample]
[Test worker] DEBUG org.codehaus.griffon.runtime.core.mvc.DefaultMVCGroupManager - Initializing each MVC member of group 'sample'
[Test worker] DEBUG org.codehaus.griffon.runtime.core.event.AbstractEventRouter - Triggering event 'CreateMVCGroup' synchronously
[Test worker] TRACE griffon.util.CompositeResourceBundle - Searching key=application.lifecycle.handler.disable
[Test worker] TRACE griffon.util.CompositeResourceBundle - Searching key=application
[Test worker] TRACE griffon.util.CompositeResourceBundle - Bundle griffon.util.ExpandableResourceBundle@3210446b; key=application; value='{startupGroups=[integration], autoShutdown=true, title=integration}'
[Test worker] DEBUG org.codehaus.griffon.runtime.core.event.AbstractEventRouter - Triggering event 'StartupEnd' synchronously
[Test worker] DEBUG org.codehaus.griffon.runtime.core.event.AbstractEventRouter - Triggering event 'ReadyStart' synchronously
[Test worker] TRACE griffon.util.CompositeResourceBundle - Searching key=application.lifecycle.handler.disable
[Test worker] TRACE griffon.util.CompositeResourceBundle - Searching key=application
[Test worker] TRACE griffon.util.CompositeResourceBundle - Bundle griffon.util.ExpandableResourceBundle@3210446b; key=application; value='{startupGroups=[integration], autoShutdown=true, title=integration}'
[Test worker] DEBUG org.codehaus.griffon.runtime.core.event.AbstractEventRouter - Triggering event 'ReadyEnd' synchronously
[Test worker] DEBUG org.codehaus.griffon.runtime.core.artifact.AbstractArtifactManager - Searching for griffonClass of integration.IntegrationController
[Test worker] DEBUG org.codehaus.griffon.runtime.core.artifact.AbstractArtifactManager - Searching for griffonClass of integration.IntegrationModel
[Test worker] DEBUG org.codehaus.griffon.runtime.core.mvc.AbstractMVCGroupManager - Searching group integration
[Test worker] DEBUG org.codehaus.griffon.runtime.core.artifact.AbstractArtifactManager - Searching for griffonClass of integration.IntegrationService
[Test worker] DEBUG org.codehaus.griffon.runtime.core.artifact.AbstractArtifactManager - Searching for griffonClass of integration.IntegrationView
[Test worker] DEBUG org.codehaus.griffon.runtime.core.mvc.AbstractMVCGroupManager - Searching group integration
[Test worker] DEBUG org.codehaus.griffon.runtime.core.mvc.AbstractMVCGroupManager - Searching group integration
[Test worker] TRACE griffon.util.CompositeResourceBundle - Searching key=griffon.disable.threading.injection
[Test worker] TRACE griffon.util.CompositeResourceBundle - Searching key=griffon
[Test worker] TRACE griffon.util.CompositeResourceBundle - Searching key=controller.threading.default
[Test worker] TRACE griffon.util.CompositeResourceBundle - Searching key=controller
[Test worker] DEBUG org.codehaus.griffon.runtime.core.controller.AbstractActionManager - Executing integration.IntegrationController.abort with policy OUTSIDE_UITHREAD
[Test worker] DEBUG org.codehaus.griffon.runtime.core.controller.AbstractActionManager - Executing 1 handler for integration.IntegrationController.abort
[Test worker] TRACE org.codehaus.griffon.runtime.core.controller.AbstractActionManager - Calling integration.InvokeActionHandler@2ab30658.before() on integration.IntegrationController.abort
[Test worker] DEBUG org.codehaus.griffon.runtime.core.controller.AbstractActionManager - Execution of integration.IntegrationController.abort was aborted by integration.InvokeActionHandler@2ab30658
[Test worker] TRACE org.codehaus.griffon.runtime.core.controller.AbstractActionManager - Status before execution of integration.IntegrationController.abort is ABORTED
[Test worker] TRACE org.codehaus.griffon.runtime.core.controller.AbstractActionManager - Calling integration.InvokeActionHandler@2ab30658.after() on integration.IntegrationController.abort
[Test worker] DEBUG org.codehaus.griffon.runtime.core.mvc.AbstractMVCGroupManager - Searching group integration
[Test worker] TRACE griffon.util.CompositeResourceBundle - Searching key=griffon.disable.threading.injection
[Test worker] TRACE griffon.util.CompositeResourceBundle - Searching key=griffon
[Test worker] TRACE griffon.util.CompositeResourceBundle - Searching key=controller.threading.default
[Test worker] TRACE griffon.util.CompositeResourceBundle - Searching key=controller
[Test worker] DEBUG org.codehaus.griffon.runtime.core.controller.AbstractActionManager - Executing integration.IntegrationController.sayHello with policy OUTSIDE_UITHREAD
[Test worker] DEBUG org.codehaus.griffon.runtime.core.controller.AbstractActionManager - Executing 1 handler for integration.IntegrationController.sayHello
[Test worker] TRACE org.codehaus.griffon.runtime.core.controller.AbstractActionManager - Calling integration.InvokeActionHandler@2ab30658.before() on integration.IntegrationController.sayHello
[Test worker] TRACE org.codehaus.griffon.runtime.core.controller.AbstractActionManager - Status before execution of integration.IntegrationController.sayHello is OK
[Test worker] TRACE griffon.util.CompositeResourceBundle - Searching key=greeting.parameterized
[Test worker] TRACE griffon.util.CompositeResourceBundle - Bundle griffon.util.ExpandableResourceBundle@7648544b; key=greeting.parameterized; value='Hello {0}'
[Test worker] TRACE org.codehaus.griffon.runtime.core.controller.AbstractActionManager - Status after execution of integration.IntegrationController.sayHello is OK
[Test worker] TRACE org.codehaus.griffon.runtime.core.controller.AbstractActionManager - Calling integration.InvokeActionHandler@2ab30658.after() on integration.IntegrationController.sayHello
[Test worker] DEBUG org.codehaus.griffon.runtime.core.mvc.AbstractMVCGroupManager - Searching group integration
[Test worker] TRACE griffon.util.CompositeResourceBundle - Searching key=griffon.disable.threading.injection
[Test worker] TRACE griffon.util.CompositeResourceBundle - Searching key=griffon
[Test worker] TRACE griffon.util.CompositeResourceBundle - Searching key=controller.threading.default
[Test worker] TRACE griffon.util.CompositeResourceBundle - Searching key=controller
[Test worker] DEBUG org.codehaus.griffon.runtime.core.controller.AbstractActionManager - Executing integration.IntegrationController.handleException with policy OUTSIDE_UITHREAD
[Test worker] DEBUG org.codehaus.griffon.runtime.core.controller.AbstractActionManager - Executing 1 handler for integration.IntegrationController.handleException
[Test worker] TRACE org.codehaus.griffon.runtime.core.controller.AbstractActionManager - Calling integration.InvokeActionHandler@2ab30658.before() on integration.IntegrationController.handleException
[Test worker] TRACE org.codehaus.griffon.runtime.core.controller.AbstractActionManager - Status before execution of integration.IntegrationController.handleException is OK
[Test worker] WARN org.codehaus.griffon.runtime.core.controller.AbstractActionManager - An exception occurred when executing integration.IntegrationController.handleException
griffon.exceptions.InstanceMethodInvocationException: An error occurred while invoking instance method integration.IntegrationController.handleException()
	at griffon.util.GriffonClassUtils.invokeExactInstanceMethod(GriffonClassUtils.java:2353)
	at integration.GriffonApplicationSpec.$spock_feature_0_8(GriffonApplicationSpec.groovy:194)
	at org.spockframework.util.ReflectionUtil.invokeMethod(ReflectionUtil.java:138)
	at org.spockframework.runtime.BaseSpecRunner.invokeRaw(BaseSpecRunner.java:330)
	at org.spockframework.runtime.BaseSpecRunner.invoke(BaseSpecRunner.java:311)
	at org.spockframework.runtime.BaseSpecRunner.invokeFeatureMethod(BaseSpecRunner.java:285)
	at org.spockframework.runtime.BaseSpecRunner.doRunIteration(BaseSpecRunner.java:256)
	at org.spockframework.util.ReflectionUtil.invokeMethod(ReflectionUtil.java:138)
	at org.spockframework.runtime.BaseSpecRunner.invokeRaw(BaseSpecRunner.java:330)
	at org.spockframework.runtime.BaseSpecRunner.invoke(BaseSpecRunner.java:311)
	at org.spockframework.runtime.BaseSpecRunner.runIteration(BaseSpecRunner.java:223)
	at org.spockframework.runtime.BaseSpecRunner.initializeAndRunIteration(BaseSpecRunner.java:214)
	at org.spockframework.runtime.BaseSpecRunner.runSimpleFeature(BaseSpecRunner.java:205)
	at org.spockframework.runtime.BaseSpecRunner.doRunFeature(BaseSpecRunner.java:199)
	at org.spockframework.util.ReflectionUtil.invokeMethod(ReflectionUtil.java:138)
	at org.spockframework.runtime.BaseSpecRunner.invokeRaw(BaseSpecRunner.java:330)
	at org.spockframework.runtime.BaseSpecRunner.invoke(BaseSpecRunner.java:311)
	at org.spockframework.runtime.BaseSpecRunner.runFeature(BaseSpecRunner.java:175)
	at org.spockframework.runtime.BaseSpecRunner.runFeatures(BaseSpecRunner.java:152)
	at org.spockframework.runtime.BaseSpecRunner.doRunSpec(BaseSpecRunner.java:112)
	at org.spockframework.util.ReflectionUtil.invokeMethod(ReflectionUtil.java:138)
	at org.spockframework.runtime.BaseSpecRunner.invokeRaw(BaseSpecRunner.java:330)
	at org.spockframework.runtime.BaseSpecRunner.invoke(BaseSpecRunner.java:311)
	at org.spockframework.runtime.BaseSpecRunner.runSpec(BaseSpecRunner.java:91)
	at org.spockframework.runtime.BaseSpecRunner.run(BaseSpecRunner.java:82)
	at org.spockframework.runtime.Sputnik.run(Sputnik.java:63)
	at org.gradle.api.internal.tasks.testing.junit.JUnitTestClassExecuter.runTestClass(JUnitTestClassExecuter.java:86)
	at org.gradle.api.internal.tasks.testing.junit.JUnitTestClassExecuter.execute(JUnitTestClassExecuter.java:49)
	at org.gradle.api.internal.tasks.testing.junit.JUnitTestClassProcessor.processTestClass(JUnitTestClassProcessor.java:69)
	at org.gradle.api.internal.tasks.testing.SuiteTestClassProcessor.processTestClass(SuiteTestClassProcessor.java:48)
	at org.gradle.messaging.dispatch.ReflectionDispatch.dispatch(ReflectionDispatch.java:35)
	at org.gradle.messaging.dispatch.ReflectionDispatch.dispatch(ReflectionDispatch.java:24)
	at org.gradle.messaging.dispatch.ContextClassLoaderDispatch.dispatch(ContextClassLoaderDispatch.java:32)
	at org.gradle.messaging.dispatch.ProxyDispatchAdapter$DispatchingInvocationHandler.invoke(ProxyDispatchAdapter.java:93)
	at org.gradle.api.internal.tasks.testing.worker.TestWorker.processTestClass(TestWorker.java:105)
	at org.gradle.messaging.dispatch.ReflectionDispatch.dispatch(ReflectionDispatch.java:35)
	at org.gradle.messaging.dispatch.ReflectionDispatch.dispatch(ReflectionDispatch.java:24)
	at org.gradle.messaging.remote.internal.hub.MessageHub$Handler.run(MessageHub.java:355)
	at org.gradle.internal.concurrent.DefaultExecutorFactory$StoppableExecutorImpl$1.run(DefaultExecutorFactory.java:64)
Caused by: java.lang.RuntimeException: Boom!
	at integration.IntegrationController.handleException(IntegrationController.java:51)
	at griffon.util.MethodUtils.invokeExactMethod(MethodUtils.java:388)
	at griffon.util.MethodUtils.invokeExactMethod(MethodUtils.java:339)
	at griffon.util.GriffonClassUtils.invokeExactInstanceMethod(GriffonClassUtils.java:2349)
	... 38 more
[Test worker] TRACE org.codehaus.griffon.runtime.core.controller.AbstractActionManager - Status after execution of integration.IntegrationController.handleException is EXCEPTION
[Test worker] TRACE org.codehaus.griffon.runtime.core.controller.AbstractActionManager - Calling integration.InvokeActionHandler@2ab30658.exception() on integration.IntegrationController.handleException
[Test worker] TRACE org.codehaus.griffon.runtime.core.controller.AbstractActionManager - Calling integration.InvokeActionHandler@2ab30658.after() on integration.IntegrationController.handleException
[Test worker] DEBUG org.codehaus.griffon.runtime.core.mvc.AbstractMVCGroupManager - Searching group integration
[Test worker] TRACE griffon.util.CompositeResourceBundle - Searching key=griffon.disable.threading.injection
[Test worker] TRACE griffon.util.CompositeResourceBundle - Searching key=griffon
[Test worker] TRACE griffon.util.CompositeResourceBundle - Searching key=controller.threading.default
[Test worker] TRACE griffon.util.CompositeResourceBundle - Searching key=controller
[Test worker] DEBUG org.codehaus.griffon.runtime.core.controller.AbstractActionManager - Executing integration.IntegrationController.throwException with policy OUTSIDE_UITHREAD
[Test worker] DEBUG org.codehaus.griffon.runtime.core.controller.AbstractActionManager - Executing 1 handler for integration.IntegrationController.throwException
[Test worker] TRACE org.codehaus.griffon.runtime.core.controller.AbstractActionManager - Calling integration.InvokeActionHandler@2ab30658.before() on integration.IntegrationController.throwException
[Test worker] TRACE org.codehaus.griffon.runtime.core.controller.AbstractActionManager - Status before execution of integration.IntegrationController.throwException is OK
[Test worker] WARN org.codehaus.griffon.runtime.core.controller.AbstractActionManager - An exception occurred when executing integration.IntegrationController.throwException
griffon.exceptions.InstanceMethodInvocationException: An error occurred while invoking instance method integration.IntegrationController.throwException()
	at griffon.util.GriffonClassUtils.invokeExactInstanceMethod(GriffonClassUtils.java:2353)
	at integration.GriffonApplicationSpec.$spock_feature_0_9(GriffonApplicationSpec.groovy:210)
	at org.spockframework.util.ReflectionUtil.invokeMethod(ReflectionUtil.java:138)
	at org.spockframework.runtime.BaseSpecRunner.invokeRaw(BaseSpecRunner.java:330)
	at org.spockframework.runtime.BaseSpecRunner.invoke(BaseSpecRunner.java:311)
	at org.spockframework.runtime.BaseSpecRunner.invokeFeatureMethod(BaseSpecRunner.java:285)
	at org.spockframework.runtime.BaseSpecRunner.doRunIteration(BaseSpecRunner.java:256)
	at org.spockframework.util.ReflectionUtil.invokeMethod(ReflectionUtil.java:138)
	at org.spockframework.runtime.BaseSpecRunner.invokeRaw(BaseSpecRunner.java:330)
	at org.spockframework.runtime.BaseSpecRunner.invoke(BaseSpecRunner.java:311)
	at org.spockframework.runtime.BaseSpecRunner.runIteration(BaseSpecRunner.java:223)
	at org.spockframework.runtime.BaseSpecRunner.initializeAndRunIteration(BaseSpecRunner.java:214)
	at org.spockframework.runtime.BaseSpecRunner.runSimpleFeature(BaseSpecRunner.java:205)
	at org.spockframework.runtime.BaseSpecRunner.doRunFeature(BaseSpecRunner.java:199)
	at org.spockframework.util.ReflectionUtil.invokeMethod(ReflectionUtil.java:138)
	at org.spockframework.runtime.BaseSpecRunner.invokeRaw(BaseSpecRunner.java:330)
	at org.spockframework.runtime.BaseSpecRunner.invoke(BaseSpecRunner.java:311)
	at org.spockframework.runtime.BaseSpecRunner.runFeature(BaseSpecRunner.java:175)
	at org.spockframework.runtime.BaseSpecRunner.runFeatures(BaseSpecRunner.java:152)
	at org.spockframework.runtime.BaseSpecRunner.doRunSpec(BaseSpecRunner.java:112)
	at org.spockframework.util.ReflectionUtil.invokeMethod(ReflectionUtil.java:138)
	at org.spockframework.runtime.BaseSpecRunner.invokeRaw(BaseSpecRunner.java:330)
	at org.spockframework.runtime.BaseSpecRunner.invoke(BaseSpecRunner.java:311)
	at org.spockframework.runtime.BaseSpecRunner.runSpec(BaseSpecRunner.java:91)
	at org.spockframework.runtime.BaseSpecRunner.run(BaseSpecRunner.java:82)
	at org.spockframework.runtime.Sputnik.run(Sputnik.java:63)
	at org.gradle.api.internal.tasks.testing.junit.JUnitTestClassExecuter.runTestClass(JUnitTestClassExecuter.java:86)
	at org.gradle.api.internal.tasks.testing.junit.JUnitTestClassExecuter.execute(JUnitTestClassExecuter.java:49)
	at org.gradle.api.internal.tasks.testing.junit.JUnitTestClassProcessor.processTestClass(JUnitTestClassProcessor.java:69)
	at org.gradle.api.internal.tasks.testing.SuiteTestClassProcessor.processTestClass(SuiteTestClassProcessor.java:48)
	at org.gradle.messaging.dispatch.ReflectionDispatch.dispatch(ReflectionDispatch.java:35)
	at org.gradle.messaging.dispatch.ReflectionDispatch.dispatch(ReflectionDispatch.java:24)
	at org.gradle.messaging.dispatch.ContextClassLoaderDispatch.dispatch(ContextClassLoaderDispatch.java:32)
	at org.gradle.messaging.dispatch.ProxyDispatchAdapter$DispatchingInvocationHandler.invoke(ProxyDispatchAdapter.java:93)
	at org.gradle.api.internal.tasks.testing.worker.TestWorker.processTestClass(TestWorker.java:105)
	at org.gradle.messaging.dispatch.ReflectionDispatch.dispatch(ReflectionDispatch.java:35)
	at org.gradle.messaging.dispatch.ReflectionDispatch.dispatch(ReflectionDispatch.java:24)
	at org.gradle.messaging.remote.internal.hub.MessageHub$Handler.run(MessageHub.java:355)
	at org.gradle.internal.concurrent.DefaultExecutorFactory$StoppableExecutorImpl$1.run(DefaultExecutorFactory.java:64)
Caused by: java.lang.RuntimeException: Boom!
	at integration.IntegrationController.throwException(IntegrationController.java:47)
	at griffon.util.MethodUtils.invokeExactMethod(MethodUtils.java:388)
	at griffon.util.MethodUtils.invokeExactMethod(MethodUtils.java:339)
	at griffon.util.GriffonClassUtils.invokeExactInstanceMethod(GriffonClassUtils.java:2349)
	... 38 more
[Test worker] TRACE org.codehaus.griffon.runtime.core.controller.AbstractActionManager - Status after execution of integration.IntegrationController.throwException is EXCEPTION
[Test worker] TRACE org.codehaus.griffon.runtime.core.controller.AbstractActionManager - Calling integration.InvokeActionHandler@2ab30658.exception() on integration.IntegrationController.throwException
[Test worker] TRACE org.codehaus.griffon.runtime.core.controller.AbstractActionManager - Calling integration.InvokeActionHandler@2ab30658.after() on integration.IntegrationController.throwException
[Test worker] TRACE org.codehaus.griffon.runtime.core.controller.AbstractActionManager - Calling integration.InvokeActionHandler@2ab30658.update() on integration.IntegrationController.abort
[Test worker] TRACE org.codehaus.griffon.runtime.core.controller.AbstractActionManager - Calling integration.InvokeActionHandler@2ab30658.update() on integration.IntegrationController.handleException
[Test worker] TRACE org.codehaus.griffon.runtime.core.controller.AbstractActionManager - Calling integration.InvokeActionHandler@2ab30658.update() on integration.IntegrationController.sayHello
[Test worker] TRACE org.codehaus.griffon.runtime.core.controller.AbstractActionManager - Calling integration.InvokeActionHandler@2ab30658.update() on integration.IntegrationController.throwException
[Test worker] DEBUG org.codehaus.griffon.runtime.core.mvc.AbstractMVCGroupManager - Searching group integration
[Test worker] DEBUG org.codehaus.griffon.runtime.core.mvc.AbstractMVCGroupManager - Searching group integration
[Test worker] DEBUG org.codehaus.griffon.runtime.core.artifact.AbstractArtifactManager - Searching for griffonClass of integration.SimpleModel
[Test worker] DEBUG org.codehaus.griffon.runtime.core.artifact.AbstractArtifactManager - Searching for griffonClass of model:integration.SimpleModel
[Test worker] DEBUG org.codehaus.griffon.runtime.core.artifact.AbstractArtifactManager - Searching for griffonClass of integration.SimpleModel
[Test worker] DEBUG org.codehaus.griffon.runtime.core.artifact.AbstractArtifactManager - Searching for griffonClass of model:integration.SimpleModel
[Test worker] DEBUG org.codehaus.griffon.runtime.core.artifact.AbstractArtifactManager - Searching for griffonClass of integration.IntegrationModel@197c8b7
[Test worker] DEBUG org.codehaus.griffon.runtime.core.artifact.AbstractArtifactManager - Searching for griffonClass of integration.IntegrationModel
[Test worker] DEBUG org.codehaus.griffon.runtime.core.artifact.AbstractArtifactManager - Searching for griffonClass of integration.SampleModel
[Test worker] DEBUG org.codehaus.griffon.runtime.core.artifact.AbstractArtifactManager - Searching for griffonClass of model:integration.SampleModel
[Test worker] DEBUG org.codehaus.griffon.runtime.core.artifact.AbstractArtifactManager - Searching for griffonClass of domain:integration.SampleModel
[Test worker] DEBUG org.codehaus.griffon.runtime.core.artifact.AbstractArtifactManager - Searching for griffonClass of domain:integration.SimpleModel
[Test worker] DEBUG org.codehaus.griffon.runtime.core.artifact.AbstractArtifactManager - Searching for griffonClass of controller:integration.SimpleModel
[Test worker] DEBUG org.codehaus.griffon.runtime.core.mvc.AbstractMVCGroupManager - Searching group simple
[Test worker] DEBUG org.codehaus.griffon.runtime.core.mvc.DefaultMVCGroupManager - Building MVC group 'simple' with name 'simple'
[Test worker] DEBUG org.codehaus.griffon.runtime.core.artifact.AbstractArtifactManager - Searching for griffonClass of integration.SimpleModel
[Test worker] DEBUG org.codehaus.griffon.runtime.core.artifact.AbstractArtifactManager - Searching for griffonClass of integration.SimpleView
[Test worker] DEBUG org.codehaus.griffon.runtime.core.artifact.AbstractArtifactManager - Searching for griffonClass of integration.SimpleController
[Test worker] DEBUG org.codehaus.griffon.runtime.core.artifact.AbstractArtifactManager - Searching for griffonClass of integration.SimpleModel
[Test worker] DEBUG org.codehaus.griffon.runtime.core.artifact.AbstractArtifactManager - Searching for griffonClass of integration.SimpleModel
[Test worker] DEBUG org.codehaus.griffon.runtime.core.event.AbstractEventRouter - Triggering event 'NewInstance' synchronously
[Test worker] DEBUG org.codehaus.griffon.runtime.core.artifact.AbstractArtifactManager - Searching for griffonClass of integration.SimpleView
[Test worker] DEBUG org.codehaus.griffon.runtime.core.artifact.AbstractArtifactManager - Searching for griffonClass of integration.SimpleView
[Test worker] DEBUG org.codehaus.griffon.runtime.core.event.AbstractEventRouter - Triggering event 'NewInstance' synchronously
[Test worker] DEBUG org.codehaus.griffon.runtime.core.artifact.AbstractArtifactManager - Searching for griffonClass of integration.SimpleController
[Test worker] DEBUG org.codehaus.griffon.runtime.core.artifact.AbstractArtifactManager - Searching for griffonClass of integration.SimpleController
[Test worker] DEBUG org.codehaus.griffon.runtime.core.event.AbstractEventRouter - Triggering event 'NewInstance' synchronously
[Test worker] DEBUG org.codehaus.griffon.runtime.core.artifact.AbstractArtifactManager - Searching for griffonClass of integration.SimpleController
[Test worker] DEBUG org.codehaus.griffon.runtime.core.event.AbstractEventRouter - Triggering event 'InitializeMVCGroup' synchronously
[Test worker] DEBUG org.codehaus.griffon.runtime.core.mvc.AbstractMVCGroupManager - Adding group simple:org.codehaus.griffon.runtime.core.mvc.DefaultMVCGroup@700e5903[simple:simple]
[Test worker] DEBUG org.codehaus.griffon.runtime.core.mvc.DefaultMVCGroupManager - Initializing each MVC member of group 'simple'
[Test worker] DEBUG org.codehaus.griffon.runtime.core.event.AbstractEventRouter - Triggering event 'CreateMVCGroup' synchronously
[Test worker] DEBUG org.codehaus.griffon.runtime.core.mvc.AbstractMVCGroupManager - Searching group simple
[Test worker] DEBUG org.codehaus.griffon.runtime.core.mvc.DefaultMVCGroupManager - Group 'simple' points to org.codehaus.griffon.runtime.core.mvc.DefaultMVCGroup@700e5903[simple:simple]
[Test worker] DEBUG org.codehaus.griffon.runtime.core.mvc.DefaultMVCGroupManager - Destroying MVC group identified by 'simple'
[Test worker] DEBUG org.codehaus.griffon.runtime.core.event.AbstractEventRouter - Removing listener integration.SimpleController@25c85781
[Test worker] DEBUG org.codehaus.griffon.runtime.core.event.AbstractEventRouter - Triggering event 'DestroyInstance' synchronously
[Test worker] DEBUG org.codehaus.griffon.runtime.core.event.AbstractEventRouter - Triggering event 'DestroyInstance' synchronously
[Test worker] DEBUG org.codehaus.griffon.runtime.core.event.AbstractEventRouter - Triggering event 'DestroyInstance' synchronously
[Test worker] DEBUG org.codehaus.griffon.runtime.core.mvc.AbstractMVCGroupManager - Removing group simple:org.codehaus.griffon.runtime.core.mvc.DefaultMVCGroup@700e5903[simple:simple]
[Test worker] DEBUG org.codehaus.griffon.runtime.core.mvc.AbstractMVCGroupManager - Searching group simple
[Test worker] DEBUG org.codehaus.griffon.runtime.core.mvc.DefaultMVCGroupManager - Group 'simple' points to null
[Test worker] DEBUG org.codehaus.griffon.runtime.core.event.AbstractEventRouter - Triggering event 'DestroyMVCGroup' synchronously
[Test worker] DEBUG org.codehaus.griffon.runtime.core.mvc.AbstractMVCGroupManager - Searching group simple-1
[Test worker] DEBUG org.codehaus.griffon.runtime.core.mvc.DefaultMVCGroupManager - Building MVC group 'simple' with name 'simple-1'
[Test worker] DEBUG org.codehaus.griffon.runtime.core.artifact.AbstractArtifactManager - Searching for griffonClass of integration.SimpleModel
[Test worker] DEBUG org.codehaus.griffon.runtime.core.artifact.AbstractArtifactManager - Searching for griffonClass of integration.SimpleView
[Test worker] DEBUG org.codehaus.griffon.runtime.core.artifact.AbstractArtifactManager - Searching for griffonClass of integration.SimpleController
[Test worker] DEBUG org.codehaus.griffon.runtime.core.artifact.AbstractArtifactManager - Searching for griffonClass of integration.SimpleModel
[Test worker] DEBUG org.codehaus.griffon.runtime.core.artifact.AbstractArtifactManager - Searching for griffonClass of integration.SimpleModel
[Test worker] DEBUG org.codehaus.griffon.runtime.core.event.AbstractEventRouter - Triggering event 'NewInstance' synchronously
[Test worker] DEBUG org.codehaus.griffon.runtime.core.artifact.AbstractArtifactManager - Searching for griffonClass of integration.SimpleView
[Test worker] DEBUG org.codehaus.griffon.runtime.core.artifact.AbstractArtifactManager - Searching for griffonClass of integration.SimpleView
[Test worker] DEBUG org.codehaus.griffon.runtime.core.event.AbstractEventRouter - Triggering event 'NewInstance' synchronously
[Test worker] DEBUG org.codehaus.griffon.runtime.core.artifact.AbstractArtifactManager - Searching for griffonClass of integration.SimpleController
[Test worker] DEBUG org.codehaus.griffon.runtime.core.artifact.AbstractArtifactManager - Searching for griffonClass of integration.SimpleController
[Test worker] DEBUG org.codehaus.griffon.runtime.core.event.AbstractEventRouter - Triggering event 'NewInstance' synchronously
[Test worker] DEBUG org.codehaus.griffon.runtime.core.artifact.AbstractArtifactManager - Searching for griffonClass of integration.SimpleController
[Test worker] DEBUG org.codehaus.griffon.runtime.core.event.AbstractEventRouter - Triggering event 'InitializeMVCGroup' synchronously
[Test worker] DEBUG org.codehaus.griffon.runtime.core.mvc.AbstractMVCGroupManager - Adding group simple-1:org.codehaus.griffon.runtime.core.mvc.DefaultMVCGroup@1ec7f410[simple:simple-1]
[Test worker] DEBUG org.codehaus.griffon.runtime.core.mvc.DefaultMVCGroupManager - Initializing each MVC member of group 'simple-1'
[Test worker] DEBUG org.codehaus.griffon.runtime.core.event.AbstractEventRouter - Triggering event 'CreateMVCGroup' synchronously
[Test worker] DEBUG org.codehaus.griffon.runtime.core.mvc.AbstractMVCGroupManager - Searching group simple-1
[Test worker] DEBUG org.codehaus.griffon.runtime.core.mvc.DefaultMVCGroupManager - Group 'simple-1' points to org.codehaus.griffon.runtime.core.mvc.DefaultMVCGroup@1ec7f410[simple:simple-1]
[Test worker] DEBUG org.codehaus.griffon.runtime.core.mvc.DefaultMVCGroupManager - Destroying MVC group identified by 'simple-1'
[Test worker] DEBUG org.codehaus.griffon.runtime.core.event.AbstractEventRouter - Removing listener integration.SimpleController@6ed4249
[Test worker] DEBUG org.codehaus.griffon.runtime.core.event.AbstractEventRouter - Triggering event 'DestroyInstance' synchronously
[Test worker] DEBUG org.codehaus.griffon.runtime.core.event.AbstractEventRouter - Triggering event 'DestroyInstance' synchronously
[Test worker] DEBUG org.codehaus.griffon.runtime.core.event.AbstractEventRouter - Triggering event 'DestroyInstance' synchronously
[Test worker] DEBUG org.codehaus.griffon.runtime.core.mvc.AbstractMVCGroupManager - Removing group simple-1:org.codehaus.griffon.runtime.core.mvc.DefaultMVCGroup@1ec7f410[simple:simple-1]
[Test worker] DEBUG org.codehaus.griffon.runtime.core.mvc.AbstractMVCGroupManager - Searching group simple-1
[Test worker] DEBUG org.codehaus.griffon.runtime.core.mvc.DefaultMVCGroupManager - Group 'simple-1' points to null
[Test worker] DEBUG org.codehaus.griffon.runtime.core.event.AbstractEventRouter - Triggering event 'DestroyMVCGroup' synchronously
[Test worker] DEBUG org.codehaus.griffon.runtime.core.mvc.AbstractMVCGroupManager - Searching group simple-2
[Test worker] DEBUG org.codehaus.griffon.runtime.core.mvc.DefaultMVCGroupManager - Building MVC group 'simple' with name 'simple-2'
[Test worker] DEBUG org.codehaus.griffon.runtime.core.artifact.AbstractArtifactManager - Searching for griffonClass of integration.SimpleModel
[Test worker] DEBUG org.codehaus.griffon.runtime.core.artifact.AbstractArtifactManager - Searching for griffonClass of integration.SimpleView
[Test worker] DEBUG org.codehaus.griffon.runtime.core.artifact.AbstractArtifactManager - Searching for griffonClass of integration.SimpleController
[Test worker] DEBUG org.codehaus.griffon.runtime.core.artifact.AbstractArtifactManager - Searching for griffonClass of integration.SimpleModel
[Test worker] DEBUG org.codehaus.griffon.runtime.core.artifact.AbstractArtifactManager - Searching for griffonClass of integration.SimpleModel
[Test worker] DEBUG org.codehaus.griffon.runtime.core.event.AbstractEventRouter - Triggering event 'NewInstance' synchronously
[Test worker] DEBUG org.codehaus.griffon.runtime.core.artifact.AbstractArtifactManager - Searching for griffonClass of integration.SimpleView
[Test worker] DEBUG org.codehaus.griffon.runtime.core.artifact.AbstractArtifactManager - Searching for griffonClass of integration.SimpleView
[Test worker] DEBUG org.codehaus.griffon.runtime.core.event.AbstractEventRouter - Triggering event 'NewInstance' synchronously
[Test worker] DEBUG org.codehaus.griffon.runtime.core.artifact.AbstractArtifactManager - Searching for griffonClass of integration.SimpleController
[Test worker] DEBUG org.codehaus.griffon.runtime.core.artifact.AbstractArtifactManager - Searching for griffonClass of integration.SimpleController
[...]
[Test worker] DEBUG org.codehaus.griffon.runtime.core.event.AbstractEventRouter - Triggering event 'NewInstance' synchronously
[Test worker] DEBUG org.codehaus.griffon.runtime.core.artifact.AbstractArtifactManager - Searching for griffonClass of integration.SimpleView
[Test worker] DEBUG org.codehaus.griffon.runtime.core.artifact.AbstractArtifactManager - Searching for griffonClass of integration.SimpleView
[Test worker] DEBUG org.codehaus.griffon.runtime.core.event.AbstractEventRouter - Triggering event 'NewInstance' synchronously
[Test worker] DEBUG org.codehaus.griffon.runtime.core.artifact.AbstractArtifactManager - Searching for griffonClass of integration.SimpleController
[Test worker] DEBUG org.codehaus.griffon.runtime.core.artifact.AbstractArtifactManager - Searching for griffonClass of integration.SimpleController
[Test worker] DEBUG org.codehaus.griffon.runtime.core.event.AbstractEventRouter - Triggering event 'NewInstance' synchronously
[Test worker] DEBUG org.codehaus.griffon.runtime.core.artifact.AbstractArtifactManager - Searching for griffonClass of integration.SimpleController
[Test worker] DEBUG org.codehaus.griffon.runtime.core.event.AbstractEventRouter - Triggering event 'InitializeMVCGroup' synchronously
[Test worker] DEBUG org.codehaus.griffon.runtime.core.mvc.AbstractMVCGroupManager - Adding group simple:org.codehaus.griffon.runtime.core.mvc.DefaultMVCGroup@76070ab7[simple:simple]
[Test worker] DEBUG org.codehaus.griffon.runtime.core.mvc.DefaultMVCGroupManager - Initializing each MVC member of group 'simple'
[Test worker] DEBUG org.codehaus.griffon.runtime.core.event.AbstractEventRouter - Triggering event 'CreateMVCGroup' synchronously
[Test worker] DEBUG org.codehaus.griffon.runtime.core.mvc.AbstractMVCGroupManager - Searching group simple
[Test worker] DEBUG org.codehaus.griffon.runtime.core.mvc.DefaultMVCGroupManager - Group 'simple' points to org.codehaus.griffon.runtime.core.mvc.DefaultMVCGroup@76070ab7[simple:simple]
[Test worker] DEBUG org.codehaus.griffon.runtime.core.mvc.DefaultMVCGroupManager - Destroying MVC group identified by 'simple'
[Test worker] DEBUG org.codehaus.griffon.runtime.core.event.AbstractEventRouter - Removing listener integration.SimpleController@3f986f
[Test worker] DEBUG org.codehaus.griffon.runtime.core.event.AbstractEventRouter - Triggering event 'DestroyInstance' synchronously
[Test worker] DEBUG org.codehaus.griffon.runtime.core.event.AbstractEventRouter - Triggering event 'DestroyInstance' synchronously
[Test worker] DEBUG org.codehaus.griffon.runtime.core.event.AbstractEventRouter - Triggering event 'DestroyInstance' synchronously
[Test worker] DEBUG org.codehaus.griffon.runtime.core.mvc.AbstractMVCGroupManager - Removing group simple:org.codehaus.griffon.runtime.core.mvc.DefaultMVCGroup@76070ab7[simple:simple]
[Test worker] DEBUG org.codehaus.griffon.runtime.core.mvc.AbstractMVCGroupManager - Searching group simple
[Test worker] DEBUG org.codehaus.griffon.runtime.core.mvc.DefaultMVCGroupManager - Group 'simple' points to null
[Test worker] DEBUG org.codehaus.griffon.runtime.core.event.AbstractEventRouter - Triggering event 'DestroyMVCGroup' synchronously
[Test worker] DEBUG org.codehaus.griffon.runtime.core.mvc.AbstractMVCGroupManager - Searching group simple
[Test worker] DEBUG org.codehaus.griffon.runtime.core.mvc.DefaultMVCGroupManager - Building MVC group 'simple' with name 'simple'
[Test worker] DEBUG org.codehaus.griffon.runtime.core.artifact.AbstractArtifactManager - Searching for griffonClass of integration.SimpleModel
[Test worker] DEBUG org.codehaus.griffon.runtime.core.artifact.AbstractArtifactManager - Searching for griffonClass of integration.SimpleView
[Test worker] DEBUG org.codehaus.griffon.runtime.core.artifact.AbstractArtifactManager - Searching for griffonClass of integration.SimpleController
[Test worker] DEBUG org.codehaus.griffon.runtime.core.artifact.AbstractArtifactManager - Searching for griffonClass of integration.SimpleModel
[Test worker] DEBUG org.codehaus.griffon.runtime.core.artifact.AbstractArtifactManager - Searching for griffonClass of integration.SimpleModel
[Test worker] DEBUG org.codehaus.griffon.runtime.core.event.AbstractEventRouter - Triggering event 'NewInstance' synchronously
[Test worker] DEBUG org.codehaus.griffon.runtime.core.artifact.AbstractArtifactManager - Searching for griffonClass of integration.SimpleView
[Test worker] DEBUG org.codehaus.griffon.runtime.core.artifact.AbstractArtifactManager - Searching for griffonClass of integration.SimpleView
[Test worker] DEBUG org.codehaus.griffon.runtime.core.event.AbstractEventRouter - Triggering event 'NewInstance' synchronously
[Test worker] DEBUG org.codehaus.griffon.runtime.core.artifact.AbstractArtifactManager - Searching for griffonClass of integration.SimpleController
[Test worker] DEBUG org.codehaus.griffon.runtime.core.artifact.AbstractArtifactManager - Searching for griffonClass of integration.SimpleController
[Test worker] DEBUG org.codehaus.griffon.runtime.core.event.AbstractEventRouter - Triggering event 'NewInstance' synchronously
[Test worker] DEBUG org.codehaus.griffon.runtime.core.artifact.AbstractArtifactManager - Searching for griffonClass of integration.SimpleController
[Test worker] DEBUG org.codehaus.griffon.runtime.core.event.AbstractEventRouter - Triggering event 'InitializeMVCGroup' synchronously
[Test worker] DEBUG org.codehaus.griffon.runtime.core.mvc.AbstractMVCGroupManager - Adding group simple:org.codehaus.griffon.runtime.core.mvc.DefaultMVCGroup@d29da82[simple:simple]
[Test worker] DEBUG org.codehaus.griffon.runtime.core.mvc.DefaultMVCGroupManager - Initializing each MVC member of group 'simple'
[Test worker] DEBUG org.codehaus.griffon.runtime.core.event.AbstractEventRouter - Triggering event 'CreateMVCGroup' synchronously
[Test worker] DEBUG org.codehaus.griffon.runtime.core.mvc.AbstractMVCGroupManager - Searching group simple
[Test worker] DEBUG org.codehaus.griffon.runtime.core.mvc.DefaultMVCGroupManager - Group 'simple' points to org.codehaus.griffon.runtime.core.mvc.DefaultMVCGroup@d29da82[simple:simple]
[Test worker] DEBUG org.codehaus.griffon.runtime.core.mvc.DefaultMVCGroupManager - Destroying MVC group identified by 'simple'
[Test worker] DEBUG org.codehaus.griffon.runtime.core.event.AbstractEventRouter - Removing listener integration.SimpleController@433522e1
[Test worker] DEBUG org.codehaus.griffon.runtime.core.event.AbstractEventRouter - Triggering event 'DestroyInstance' synchronously
[Test worker] DEBUG org.codehaus.griffon.runtime.core.event.AbstractEventRouter - Triggering event 'DestroyInstance' synchronously
[Test worker] DEBUG org.codehaus.griffon.runtime.core.event.AbstractEventRouter - Triggering event 'DestroyInstance' synchronously
[Test worker] DEBUG org.codehaus.griffon.runtime.core.mvc.AbstractMVCGroupManager - Removing group simple:org.codehaus.griffon.runtime.core.mvc.DefaultMVCGroup@d29da82[simple:simple]
[Test worker] DEBUG org.codehaus.griffon.runtime.core.mvc.AbstractMVCGroupManager - Searching group simple
[Test worker] DEBUG org.codehaus.griffon.runtime.core.mvc.DefaultMVCGroupManager - Group 'simple' points to null
[Test worker] DEBUG org.codehaus.griffon.runtime.core.event.AbstractEventRouter - Triggering event 'DestroyMVCGroup' synchronously
[Test worker] DEBUG org.codehaus.griffon.runtime.core.mvc.AbstractMVCGroupManager - Searching group simple-2
[Test worker] DEBUG org.codehaus.griffon.runtime.core.mvc.DefaultMVCGroupManager - Building MVC group 'simple' with name 'simple-2'
[Test worker] DEBUG org.codehaus.griffon.runtime.core.artifact.AbstractArtifactManager - Searching for griffonClass of integration.SimpleModel
[Test worker] DEBUG org.codehaus.griffon.runtime.core.artifact.AbstractArtifactManager - Searching for griffonClass of integration.SimpleView
[Test worker] DEBUG org.codehaus.griffon.runtime.core.artifact.AbstractArtifactManager - Searching for griffonClass of integration.SimpleController
[Test worker] DEBUG org.codehaus.griffon.runtime.core.artifact.AbstractArtifactManager - Searching for griffonClass of integration.SimpleModel
[Test worker] DEBUG org.codehaus.griffon.runtime.core.artifact.AbstractArtifactManager - Searching for griffonClass of integration.SimpleModel
[Test worker] DEBUG org.codehaus.griffon.runtime.core.event.AbstractEventRouter - Triggering event 'NewInstance' synchronously
[Test worker] DEBUG org.codehaus.griffon.runtime.core.artifact.AbstractArtifactManager - Searching for griffonClass of integration.SimpleView
[Test worker] DEBUG org.codehaus.griffon.runtime.core.artifact.AbstractArtifactManager - Searching for griffonClass of integration.SimpleView
[Test worker] DEBUG org.codehaus.griffon.runtime.core.event.AbstractEventRouter - Triggering event 'NewInstance' synchronously
[Test worker] DEBUG org.codehaus.griffon.runtime.core.artifact.AbstractArtifactManager - Searching for griffonClass of integration.SimpleController
[Test worker] DEBUG org.codehaus.griffon.runtime.core.artifact.AbstractArtifactManager - Searching for griffonClass of integration.SimpleController
[Test worker] DEBUG org.codehaus.griffon.runtime.core.event.AbstractEventRouter - Triggering event 'NewInstance' synchronously
[Test worker] DEBUG org.codehaus.griffon.runtime.core.artifact.AbstractArtifactManager - Searching for griffonClass of integration.SimpleController
[Test worker] DEBUG org.codehaus.griffon.runtime.core.event.AbstractEventRouter - Triggering event 'InitializeMVCGroup' synchronously
[Test worker] DEBUG org.codehaus.griffon.runtime.core.mvc.AbstractMVCGroupManager - Adding group simple-2:org.codehaus.griffon.runtime.core.mvc.DefaultMVCGroup@1d8609bc[simple:simple-2]
[Test worker] DEBUG org.codehaus.griffon.runtime.core.mvc.DefaultMVCGroupManager - Initializing each MVC member of group 'simple-2'
[Test worker] DEBUG org.codehaus.griffon.runtime.core.event.AbstractEventRouter - Triggering event 'CreateMVCGroup' synchronously
[Test worker] DEBUG org.codehaus.griffon.runtime.core.mvc.AbstractMVCGroupManager - Searching group simple-2
[Test worker] DEBUG org.codehaus.griffon.runtime.core.mvc.DefaultMVCGroupManager - Group 'simple-2' points to org.codehaus.griffon.runtime.core.mvc.DefaultMVCGroup@1d8609bc[simple:simple-2]
[Test worker] DEBUG org.codehaus.griffon.runtime.core.mvc.DefaultMVCGroupManager - Destroying MVC group identified by 'simple-2'
[Test worker] DEBUG org.codehaus.griffon.runtime.core.event.AbstractEventRouter - Removing listener integration.SimpleController@31c1e242
[Test worker] DEBUG org.codehaus.griffon.runtime.core.event.AbstractEventRouter - Triggering event 'DestroyInstance' synchronously
[Test worker] DEBUG org.codehaus.griffon.runtime.core.event.AbstractEventRouter - Triggering event 'DestroyInstance' synchronously
[Test worker] DEBUG org.codehaus.griffon.runtime.core.event.AbstractEventRouter - Triggering event 'DestroyInstance' synchronously
[Test worker] DEBUG org.codehaus.griffon.runtime.core.mvc.AbstractMVCGroupManager - Removing group simple-2:org.codehaus.griffon.runtime.core.mvc.DefaultMVCGroup@1d8609bc[simple:simple-2]
[Test worker] DEBUG org.codehaus.griffon.runtime.core.mvc.AbstractMVCGroupManager - Searching group simple-2
[Test worker] DEBUG org.codehaus.griffon.runtime.core.mvc.DefaultMVCGroupManager - Group 'simple-2' points to null
[Test worker] DEBUG org.codehaus.griffon.runtime.core.event.AbstractEventRouter - Triggering event 'DestroyMVCGroup' synchronously
[Test worker] DEBUG org.codehaus.griffon.runtime.core.mvc.AbstractMVCGroupManager - Searching group simple-2
[Test worker] DEBUG org.codehaus.griffon.runtime.core.mvc.DefaultMVCGroupManager - Building MVC group 'simple' with name 'simple-2'
[Test worker] DEBUG org.codehaus.griffon.runtime.core.artifact.AbstractArtifactManager - Searching for griffonClass of integration.SimpleModel
[Test worker] DEBUG org.codehaus.griffon.runtime.core.artifact.AbstractArtifactManager - Searching for griffonClass of integration.SimpleView
[Test worker] DEBUG org.codehaus.griffon.runtime.core.artifact.AbstractArtifactManager - Searching for griffonClass of integration.SimpleController
[Test worker] DEBUG org.codehaus.griffon.runtime.core.artifact.AbstractArtifactManager - Searching for griffonClass of integration.SimpleModel
[Test worker] DEBUG org.codehaus.griffon.runtime.core.artifact.AbstractArtifactManager - Searching for griffonClass of integration.SimpleModel
[Test worker] DEBUG org.codehaus.griffon.runtime.core.event.AbstractEventRouter - Triggering event 'NewInstance' synchronously
[Test worker] DEBUG org.codehaus.griffon.runtime.core.artifact.AbstractArtifactManager - Searching for griffonClass of integration.SimpleView
[Test worker] DEBUG org.codehaus.griffon.runtime.core.artifact.AbstractArtifactManager - Searching for griffonClass of integration.SimpleView
[Test worker] DEBUG org.codehaus.griffon.runtime.core.event.AbstractEventRouter - Triggering event 'NewInstance' synchronously
[Test worker] DEBUG org.codehaus.griffon.runtime.core.artifact.AbstractArtifactManager - Searching for griffonClass of integration.SimpleController
[Test worker] DEBUG org.codehaus.griffon.runtime.core.artifact.AbstractArtifactManager - Searching for griffonClass of integration.SimpleController
[Test worker] DEBUG org.codehaus.griffon.runtime.core.event.AbstractEventRouter - Triggering event 'NewInstance' synchronously
[Test worker] DEBUG org.codehaus.griffon.runtime.core.artifact.AbstractArtifactManager - Searching for griffonClass of integration.SimpleController
[Test worker] DEBUG org.codehaus.griffon.runtime.core.event.AbstractEventRouter - Triggering event 'InitializeMVCGroup' synchronously
[Test worker] DEBUG org.codehaus.griffon.runtime.core.mvc.AbstractMVCGroupManager - Adding group simple-2:org.codehaus.griffon.runtime.core.mvc.DefaultMVCGroup@3cb5e128[simple:simple-2]
[Test worker] DEBUG org.codehaus.griffon.runtime.core.mvc.DefaultMVCGroupManager - Initializing each MVC member of group 'simple-2'
[Test worker] DEBUG org.codehaus.griffon.runtime.core.event.AbstractEventRouter - Triggering event 'CreateMVCGroup' synchronously
[Test worker] DEBUG org.codehaus.griffon.runtime.core.mvc.AbstractMVCGroupManager - Searching group simple-2
[Test worker] DEBUG org.codehaus.griffon.runtime.core.mvc.DefaultMVCGroupManager - Group 'simple-2' points to org.codehaus.griffon.runtime.core.mvc.DefaultMVCGroup@3cb5e128[simple:simple-2]
[Test worker] DEBUG org.codehaus.griffon.runtime.core.mvc.DefaultMVCGroupManager - Destroying MVC group identified by 'simple-2'
[Test worker] DEBUG org.codehaus.griffon.runtime.core.event.AbstractEventRouter - Removing listener integration.SimpleController@11d3c147
[Test worker] DEBUG org.codehaus.griffon.runtime.core.event.AbstractEventRouter - Triggering event 'DestroyInstance' synchronously
[Test worker] DEBUG org.codehaus.griffon.runtime.core.event.AbstractEventRouter - Triggering event 'DestroyInstance' synchronously
[Test worker] DEBUG org.codehaus.griffon.runtime.core.event.AbstractEventRouter - Triggering event 'DestroyInstance' synchronously
[Test worker] DEBUG org.codehaus.griffon.runtime.core.mvc.AbstractMVCGroupManager - Removing group simple-2:org.codehaus.griffon.runtime.core.mvc.DefaultMVCGroup@3cb5e128[simple:simple-2]
[Test worker] DEBUG org.codehaus.griffon.runtime.core.mvc.AbstractMVCGroupManager - Searching group simple-2
[Test worker] DEBUG org.codehaus.griffon.runtime.core.mvc.DefaultMVCGroupManager - Group 'simple-2' points to null
[Test worker] DEBUG org.codehaus.griffon.runtime.core.event.AbstractEventRouter - Triggering event 'DestroyMVCGroup' synchronously
[Test worker] DEBUG org.codehaus.griffon.runtime.core.event.AbstractEventRouter - Triggering event 'ShutdownRequested' synchronously
[Test worker] INFO integration.TestGriffonApplication - Shutdown is in process
[Test worker] DEBUG integration.TestGriffonApplication - Shutdown stage 1: notify all event listeners
[Test worker] DEBUG org.codehaus.griffon.runtime.core.event.AbstractEventRouter - Adding listener org.codehaus.griffon.runtime.core.AbstractGriffonApplication$1 on ShutdownStart
[Test worker] DEBUG org.codehaus.griffon.runtime.core.event.AbstractEventRouter - Triggering event 'ShutdownStart' synchronously
[Test worker] DEBUG integration.TestGriffonApplication - Shutdown stage 2: notify all shutdown handlers
[Test worker] DEBUG integration.TestGriffonApplication - Shutdown stage 3: destroy all MVC groups
[Test worker] DEBUG org.codehaus.griffon.runtime.core.mvc.AbstractMVCGroupManager - Searching group integration
[Test worker] DEBUG org.codehaus.griffon.runtime.core.mvc.DefaultMVCGroupManager - Group 'integration' points to org.codehaus.griffon.runtime.core.mvc.DefaultMVCGroup@49c1cf36[integration:integration]
[Test worker] DEBUG org.codehaus.griffon.runtime.core.mvc.DefaultMVCGroupManager - Destroying MVC group identified by 'integration'
[Test worker] DEBUG org.codehaus.griffon.runtime.core.event.AbstractEventRouter - Removing listener integration.IntegrationController@5b8741aa
[Test worker] DEBUG org.codehaus.griffon.runtime.core.event.AbstractEventRouter - Triggering event 'DestroyInstance' synchronously
[Test worker] DEBUG org.codehaus.griffon.runtime.core.event.AbstractEventRouter - Triggering event 'DestroyInstance' synchronously
[Test worker] DEBUG org.codehaus.griffon.runtime.core.event.AbstractEventRouter - Triggering event 'DestroyInstance' synchronously
[Test worker] DEBUG org.codehaus.griffon.runtime.core.mvc.AbstractMVCGroupManager - Removing group integration:org.codehaus.griffon.runtime.core.mvc.DefaultMVCGroup@49c1cf36[integration:integration]
[Test worker] DEBUG org.codehaus.griffon.runtime.core.mvc.AbstractMVCGroupManager - Searching group integration
[Test worker] DEBUG org.codehaus.griffon.runtime.core.mvc.DefaultMVCGroupManager - Group 'integration' points to null
[Test worker] DEBUG org.codehaus.griffon.runtime.core.event.AbstractEventRouter - Triggering event 'DestroyMVCGroup' synchronously
[Test worker] DEBUG org.codehaus.griffon.runtime.core.mvc.AbstractMVCGroupManager - Searching group sample
[Test worker] DEBUG org.codehaus.griffon.runtime.core.mvc.DefaultMVCGroupManager - Group 'sample' points to org.codehaus.griffon.runtime.core.mvc.DefaultMVCGroup@3d5273eb[sample:sample]
[Test worker] DEBUG org.codehaus.griffon.runtime.core.mvc.DefaultMVCGroupManager - Destroying MVC group identified by 'sample'
[Test worker] DEBUG org.codehaus.griffon.runtime.core.event.AbstractEventRouter - Removing listener integration.SimpleController@58eb9024
[Test worker] DEBUG org.codehaus.griffon.runtime.core.event.AbstractEventRouter - Triggering event 'DestroyInstance' synchronously
[Test worker] DEBUG org.codehaus.griffon.runtime.core.event.AbstractEventRouter - Triggering event 'DestroyInstance' synchronously
[Test worker] DEBUG org.codehaus.griffon.runtime.core.event.AbstractEventRouter - Triggering event 'DestroyInstance' synchronously
[Test worker] DEBUG org.codehaus.griffon.runtime.core.mvc.AbstractMVCGroupManager - Removing group sample:org.codehaus.griffon.runtime.core.mvc.DefaultMVCGroup@3d5273eb[sample:sample]
[Test worker] DEBUG org.codehaus.griffon.runtime.core.mvc.AbstractMVCGroupManager - Searching group sample
[Test worker] DEBUG org.codehaus.griffon.runtime.core.mvc.DefaultMVCGroupManager - Group 'sample' points to null
[Test worker] DEBUG org.codehaus.griffon.runtime.core.event.AbstractEventRouter - Triggering event 'DestroyMVCGroup' synchronously
[Test worker] DEBUG integration.TestGriffonApplication - Shutdown stage 4: execute Shutdown script
[Test worker] TRACE griffon.util.CompositeResourceBundle - Searching key=application.lifecycle.handler.disable
[Test worker] TRACE griffon.util.CompositeResourceBundle - Searching key=application
[Test worker] TRACE griffon.util.CompositeResourceBundle - Bundle griffon.util.ExpandableResourceBundle@3210446b; key=application; value='{startupGroups=[integration], autoShutdown=true, title=integration}'
]]></system-err>
</testsuite>
