<?xml version="1.0"?>
<!DOCTYPE coverage SYSTEM "http://cobertura.sourceforge.net/xml/coverage-04.dtd">

<coverage line-rate="0.56" branch-rate="0.5619047619047619" lines-covered="392" lines-valid="700" branches-covered="118" branches-valid="210" complexity="1.6272189349112427" version="2.0.3" timestamp="1421233446086">
	<sources>
		<source>/home/travis/build/griffon/griffon/subprojects/griffon-groovy/src/main/java</source>
		<source>/home/travis/build/griffon/griffon/subprojects/griffon-groovy/src/main/groovy</source>
	</sources>
	<packages>
		<package name="griffon.builder.core" line-rate="1.0" branch-rate="1.0" complexity="1.0">
			<classes>
				<class name="griffon.builder.core.CoreBuilderCustomizer" filename="griffon/builder/core/CoreBuilderCustomizer.java" line-rate="1.0" branch-rate="1.0" complexity="1.0">
					<methods>
						<method name="&lt;init&gt;" signature="()V" line-rate="1.0" branch-rate="1.0">
							<lines>
								<line number="32" hits="4" branch="false"/>
								<line number="33" hits="4" branch="false"/>
								<line number="34" hits="4" branch="false"/>
								<line number="35" hits="4" branch="false"/>
								<line number="36" hits="4" branch="false"/>
								<line number="37" hits="4" branch="false"/>
							</lines>
						</method>
					</methods>
					<lines>
						<line number="32" hits="4" branch="false"/>
						<line number="33" hits="4" branch="false"/>
						<line number="34" hits="4" branch="false"/>
						<line number="35" hits="4" branch="false"/>
						<line number="36" hits="4" branch="false"/>
						<line number="37" hits="4" branch="false"/>
					</lines>
				</class>
			</classes>
		</package>
		<package name="griffon.builder.core.factory" line-rate="0.39622641509433965" branch-rate="0.4375" complexity="0.0">
			<classes>
				<class name="griffon.builder.core.factory.MetaComponentFactory" filename="griffon/builder/core/factory/MetaComponentFactory.groovy" line-rate="0.0" branch-rate="0.0" complexity="0.0">
					<methods>
						<method name="isHandlesNodeChildren" signature="()Z" line-rate="0.0" branch-rate="1.0">
							<lines>
								<line number="78" hits="0" branch="false"/>
							</lines>
						</method>
						<method name="newInstance" signature="(Lgroovy/util/FactoryBuilderSupport;Ljava/lang/Object;Ljava/lang/Object;Ljava/util/Map;)Ljava/lang/Object;" line-rate="0.0" branch-rate="0.0">
							<lines>
								<line number="30" hits="0" branch="false"/>
								<line number="31" hits="0" branch="true" condition-coverage="0% (0/6)">
									<conditions>
										<condition number="0" type="jump" coverage="0%"/>
										<condition number="1" type="jump" coverage="0%"/>
										<condition number="2" type="jump" coverage="0%"/>
									</conditions>
								</line>
								<line number="32" hits="0" branch="false"/>
								<line number="34" hits="0" branch="false"/>
								<line number="37" hits="0" branch="false"/>
								<line number="38" hits="0" branch="true" condition-coverage="0% (0/2)">
									<conditions>
										<condition number="0" type="jump" coverage="0%"/>
									</conditions>
								</line>
								<line number="40" hits="0" branch="false"/>
								<line number="41" hits="0" branch="false"/>
								<line number="43" hits="0" branch="false"/>
								<line number="44" hits="0" branch="false"/>
								<line number="50" hits="0" branch="false"/>
								<line number="52" hits="0" branch="false"/>
								<line number="53" hits="0" branch="false"/>
								<line number="54" hits="0" branch="false"/>
							</lines>
						</method>
						<method name="onHandleNodeAttributes" signature="(Lgroovy/util/FactoryBuilderSupport;Ljava/lang/Object;Ljava/util/Map;)Z" line-rate="0.0" branch-rate="1.0">
							<lines>
								<line number="59" hits="0" branch="false"/>
								<line number="61" hits="0" branch="false"/>
							</lines>
						</method>
						<method name="onNodeChildren" signature="(Lgroovy/util/FactoryBuilderSupport;Ljava/lang/Object;Lgroovy/lang/Closure;)Z" line-rate="0.0" branch-rate="0.0">
							<lines>
								<line number="66" hits="0" branch="false"/>
								<line number="67" hits="0" branch="false"/>
								<line number="68" hits="0" branch="false"/>
								<line number="69" hits="0" branch="true" condition-coverage="0% (0/2)">
									<conditions>
										<condition number="0" type="jump" coverage="0%"/>
									</conditions>
								</line>
								<line number="70" hits="0" branch="false"/>
								<line number="72" hits="0" branch="false"/>
								<line number="74" hits="0" branch="false"/>
							</lines>
						</method>
						<method name="onNodeCompleted" signature="(Lgroovy/util/FactoryBuilderSupport;Ljava/lang/Object;Ljava/lang/Object;)V" line-rate="0.0" branch-rate="1.0">
							<lines>
								<line number="93" hits="0" branch="false"/>
							</lines>
						</method>
						<method name="safeInvoke" signature="(Ljava/lang/Object;Ljava/lang/String;[Ljava/lang/Object;)Ljava/lang/Object;" line-rate="0.0" branch-rate="1.0">
							<lines>
								<line number="98" hits="0" branch="false"/>
								<line number="100" hits="0" branch="false"/>
							</lines>
						</method>
						<method name="setChild" signature="(Lgroovy/util/FactoryBuilderSupport;Ljava/lang/Object;Ljava/lang/Object;)V" line-rate="0.0" branch-rate="1.0">
							<lines>
								<line number="83" hits="0" branch="false"/>
							</lines>
						</method>
						<method name="setParent" signature="(Lgroovy/util/FactoryBuilderSupport;Ljava/lang/Object;Ljava/lang/Object;)V" line-rate="0.0" branch-rate="1.0">
							<lines>
								<line number="88" hits="0" branch="false"/>
							</lines>
						</method>
					</methods>
					<lines>
						<line number="30" hits="0" branch="false"/>
						<line number="31" hits="0" branch="true" condition-coverage="0% (0/6)">
							<conditions>
								<condition number="0" type="jump" coverage="0%"/>
								<condition number="1" type="jump" coverage="0%"/>
								<condition number="2" type="jump" coverage="0%"/>
							</conditions>
						</line>
						<line number="32" hits="0" branch="false"/>
						<line number="34" hits="0" branch="false"/>
						<line number="37" hits="0" branch="false"/>
						<line number="38" hits="0" branch="true" condition-coverage="0% (0/2)">
							<conditions>
								<condition number="0" type="jump" coverage="0%"/>
							</conditions>
						</line>
						<line number="40" hits="0" branch="false"/>
						<line number="41" hits="0" branch="false"/>
						<line number="43" hits="0" branch="false"/>
						<line number="44" hits="0" branch="false"/>
						<line number="50" hits="0" branch="false"/>
						<line number="52" hits="0" branch="false"/>
						<line number="53" hits="0" branch="false"/>
						<line number="54" hits="0" branch="false"/>
						<line number="59" hits="0" branch="false"/>
						<line number="61" hits="0" branch="false"/>
						<line number="66" hits="0" branch="false"/>
						<line number="67" hits="0" branch="false"/>
						<line number="68" hits="0" branch="false"/>
						<line number="69" hits="0" branch="true" condition-coverage="0% (0/2)">
							<conditions>
								<condition number="0" type="jump" coverage="0%"/>
							</conditions>
						</line>
						<line number="70" hits="0" branch="false"/>
						<line number="72" hits="0" branch="false"/>
						<line number="74" hits="0" branch="false"/>
						<line number="78" hits="0" branch="false"/>
						<line number="83" hits="0" branch="false"/>
						<line number="88" hits="0" branch="false"/>
						<line number="93" hits="0" branch="false"/>
						<line number="98" hits="0" branch="false"/>
						<line number="100" hits="0" branch="false"/>
					</lines>
				</class>
				<class name="griffon.builder.core.factory.MetaComponentFactory$_newInstance_closure1" filename="griffon/builder/core/factory/MetaComponentFactory.groovy" line-rate="0.0" branch-rate="0.0" complexity="0.0">
					<methods>
						<method name="doCall" signature="(Ljava/lang/String;Lgriffon/core/mvc/MVCGroup;Lgriffon/core/mvc/MVCGroup;)Ljava/lang/Object;" line-rate="0.0" branch-rate="0.0">
							<lines>
								<line number="45" hits="0" branch="true" condition-coverage="0% (0/2)">
									<conditions>
										<condition number="0" type="jump" coverage="0%"/>
									</conditions>
								</line>
								<line number="46" hits="0" branch="false"/>
								<line number="47" hits="0" branch="false"/>
							</lines>
						</method>
					</methods>
					<lines>
						<line number="45" hits="0" branch="true" condition-coverage="0% (0/2)">
							<conditions>
								<condition number="0" type="jump" coverage="0%"/>
							</conditions>
						</line>
						<line number="46" hits="0" branch="false"/>
						<line number="47" hits="0" branch="false"/>
					</lines>
				</class>
				<class name="griffon.builder.core.factory.RootFactory" filename="griffon/builder/core/factory/RootFactory.groovy" line-rate="1.0" branch-rate="0.7" complexity="0.0">
					<methods>
						<method name="newInstance" signature="(Lgroovy/util/FactoryBuilderSupport;Ljava/lang/Object;Ljava/lang/Object;Ljava/util/Map;)Ljava/lang/Object;" line-rate="1.0" branch-rate="0.7">
							<lines>
								<line number="28" hits="8" branch="true" condition-coverage="100% (2/2)">
									<conditions>
										<condition number="0" type="jump" coverage="100%"/>
									</conditions>
								</line>
								<line number="29" hits="8" branch="false"/>
								<line number="30" hits="8" branch="true" condition-coverage="100% (2/2)">
									<conditions>
										<condition number="0" type="jump" coverage="100%"/>
									</conditions>
								</line>
								<line number="31" hits="1" branch="false"/>
								<line number="32" hits="1" branch="true" condition-coverage="50% (2/4)">
									<conditions>
										<condition number="0" type="jump" coverage="50%"/>
										<condition number="1" type="jump" coverage="50%"/>
									</conditions>
								</line>
								<line number="33" hits="1" branch="false"/>
								<line number="34" hits="1" branch="false"/>
								<line number="35" hits="7" branch="true" condition-coverage="100% (2/2)">
									<conditions>
										<condition number="0" type="jump" coverage="100%"/>
									</conditions>
								</line>
								<line number="36" hits="1" branch="false"/>
								<line number="37" hits="1" branch="true" condition-coverage="50% (2/4)">
									<conditions>
										<condition number="0" type="jump" coverage="50%"/>
										<condition number="1" type="jump" coverage="50%"/>
									</conditions>
								</line>
								<line number="38" hits="1" branch="false"/>
								<line number="39" hits="1" branch="false"/>
								<line number="40" hits="6" branch="true" condition-coverage="100% (2/2)">
									<conditions>
										<condition number="0" type="jump" coverage="100%"/>
									</conditions>
								</line>
								<line number="41" hits="2" branch="false"/>
								<line number="42" hits="2" branch="false"/>
								<line number="44" hits="4" branch="false"/>
								<line number="45" hits="4" branch="true" condition-coverage="50% (2/4)">
									<conditions>
										<condition number="0" type="jump" coverage="50%"/>
										<condition number="1" type="jump" coverage="50%"/>
									</conditions>
								</line>
								<line number="46" hits="4" branch="false"/>
								<line number="47" hits="4" branch="false"/>
								<line number="48" hits="4" branch="false"/>
								<line number="50" hits="6" branch="false"/>
							</lines>
						</method>
					</methods>
					<lines>
						<line number="28" hits="8" branch="true" condition-coverage="100% (2/2)">
							<conditions>
								<condition number="0" type="jump" coverage="100%"/>
							</conditions>
						</line>
						<line number="29" hits="8" branch="false"/>
						<line number="30" hits="8" branch="true" condition-coverage="100% (2/2)">
							<conditions>
								<condition number="0" type="jump" coverage="100%"/>
							</conditions>
						</line>
						<line number="31" hits="1" branch="false"/>
						<line number="32" hits="1" branch="true" condition-coverage="50% (2/4)">
							<conditions>
								<condition number="0" type="jump" coverage="50%"/>
								<condition number="1" type="jump" coverage="50%"/>
							</conditions>
						</line>
						<line number="33" hits="1" branch="false"/>
						<line number="34" hits="1" branch="false"/>
						<line number="35" hits="7" branch="true" condition-coverage="100% (2/2)">
							<conditions>
								<condition number="0" type="jump" coverage="100%"/>
							</conditions>
						</line>
						<line number="36" hits="1" branch="false"/>
						<line number="37" hits="1" branch="true" condition-coverage="50% (2/4)">
							<conditions>
								<condition number="0" type="jump" coverage="50%"/>
								<condition number="1" type="jump" coverage="50%"/>
							</conditions>
						</line>
						<line number="38" hits="1" branch="false"/>
						<line number="39" hits="1" branch="false"/>
						<line number="40" hits="6" branch="true" condition-coverage="100% (2/2)">
							<conditions>
								<condition number="0" type="jump" coverage="100%"/>
							</conditions>
						</line>
						<line number="41" hits="2" branch="false"/>
						<line number="42" hits="2" branch="false"/>
						<line number="44" hits="4" branch="false"/>
						<line number="45" hits="4" branch="true" condition-coverage="50% (2/4)">
							<conditions>
								<condition number="0" type="jump" coverage="50%"/>
								<condition number="1" type="jump" coverage="50%"/>
							</conditions>
						</line>
						<line number="46" hits="4" branch="false"/>
						<line number="47" hits="4" branch="false"/>
						<line number="48" hits="4" branch="false"/>
						<line number="50" hits="6" branch="false"/>
					</lines>
				</class>
			</classes>
		</package>
		<package name="griffon.util" line-rate="0.7902298850574713" branch-rate="0.6857142857142857" complexity="2.5918367346938775">
			<classes>
				<class name="griffon.util.BindUtils" filename="griffon/util/BindUtils.java" line-rate="0.0" branch-rate="1.0" complexity="1.6666666666666667">
					<methods>
						<method name="&lt;init&gt;" signature="()V" line-rate="0.0" branch-rate="1.0">
							<lines>
								<line number="36" hits="0" branch="false"/>
								<line number="45" hits="0" branch="false"/>
							</lines>
						</method>
						<method name="binding" signature="()Lgriffon/util/BindUtils$BindingBuilder;" line-rate="0.0" branch-rate="1.0">
							<lines>
								<line number="42" hits="0" branch="false"/>
							</lines>
						</method>
					</methods>
					<lines>
						<line number="36" hits="0" branch="false"/>
						<line number="42" hits="0" branch="false"/>
						<line number="45" hits="0" branch="false"/>
					</lines>
				</class>
				<class name="griffon.util.BindUtils$BindingBuilder" filename="griffon/util/BindUtils.java" line-rate="0.0" branch-rate="0.0" complexity="1.6666666666666667">
					<methods>
						<method name="&lt;init&gt;" signature="()V" line-rate="0.0" branch-rate="1.0">
							<lines>
								<line number="45" hits="0" branch="false"/>
							</lines>
						</method>
						<method name="make" signature="(Lgroovy/util/FactoryBuilderSupport;)V" line-rate="0.0" branch-rate="0.0">
							<lines>
								<line number="97" hits="0" branch="false"/>
								<line number="98" hits="0" branch="false"/>
								<line number="99" hits="0" branch="false"/>
								<line number="101" hits="0" branch="false"/>
								<line number="103" hits="0" branch="true" condition-coverage="0% (0/2)">
									<conditions>
										<condition number="0" type="jump" coverage="0%"/>
									</conditions>
								</line>
								<line number="104" hits="0" branch="true" condition-coverage="0% (0/2)">
									<conditions>
										<condition number="0" type="jump" coverage="0%"/>
									</conditions>
								</line>
								<line number="105" hits="0" branch="false"/>
								<line number="107" hits="0" branch="true" condition-coverage="0% (0/2)">
									<conditions>
										<condition number="0" type="jump" coverage="0%"/>
									</conditions>
								</line>
								<line number="109" hits="0" branch="false"/>
								<line number="110" hits="0" branch="false"/>
								<line number="111" hits="0" branch="false"/>
								<line number="112" hits="0" branch="false"/>
								<line number="113" hits="0" branch="false"/>
								<line number="115" hits="0" branch="true" condition-coverage="0% (0/2)">
									<conditions>
										<condition number="0" type="jump" coverage="0%"/>
									</conditions>
								</line>
								<line number="116" hits="0" branch="false"/>
								<line number="118" hits="0" branch="true" condition-coverage="0% (0/2)">
									<conditions>
										<condition number="0" type="jump" coverage="0%"/>
									</conditions>
								</line>
								<line number="119" hits="0" branch="false"/>
								<line number="122" hits="0" branch="false"/>
								<line number="123" hits="0" branch="false"/>
							</lines>
						</method>
						<method name="makeClosure" signature="(Lgroovy/util/FactoryBuilderSupport;Lgriffon/core/CallableWithArgs;)Lgroovy/lang/Closure;" line-rate="0.0" branch-rate="0.0">
							<lines>
								<line number="126" hits="0" branch="true" condition-coverage="0% (0/2)">
									<conditions>
										<condition number="0" type="jump" coverage="0%"/>
									</conditions>
								</line>
								<line number="127" hits="0" branch="false"/>
								<line number="129" hits="0" branch="false"/>
							</lines>
						</method>
						<method name="withConverter" signature="(Lgriffon/core/CallableWithArgs;)Lgriffon/util/BindUtils$BindingBuilder;" line-rate="0.0" branch-rate="1.0">
							<lines>
								<line number="80" hits="0" branch="false"/>
								<line number="81" hits="0" branch="false"/>
							</lines>
						</method>
						<method name="withMutual" signature="(Z)Lgriffon/util/BindUtils$BindingBuilder;" line-rate="0.0" branch-rate="1.0">
							<lines>
								<line number="92" hits="0" branch="false"/>
								<line number="93" hits="0" branch="false"/>
							</lines>
						</method>
						<method name="withSource" signature="(Ljava/lang/Object;)Lgriffon/util/BindUtils$BindingBuilder;" line-rate="0.0" branch-rate="1.0">
							<lines>
								<line number="56" hits="0" branch="false"/>
								<line number="57" hits="0" branch="false"/>
							</lines>
						</method>
						<method name="withSourceProperty" signature="(Ljava/lang/String;)Lgriffon/util/BindUtils$BindingBuilder;" line-rate="0.0" branch-rate="1.0">
							<lines>
								<line number="68" hits="0" branch="false"/>
								<line number="69" hits="0" branch="false"/>
							</lines>
						</method>
						<method name="withTarget" signature="(Ljava/lang/Object;)Lgriffon/util/BindUtils$BindingBuilder;" line-rate="0.0" branch-rate="1.0">
							<lines>
								<line number="62" hits="0" branch="false"/>
								<line number="63" hits="0" branch="false"/>
							</lines>
						</method>
						<method name="withTargetProperty" signature="(Ljava/lang/String;)Lgriffon/util/BindUtils$BindingBuilder;" line-rate="0.0" branch-rate="1.0">
							<lines>
								<line number="74" hits="0" branch="false"/>
								<line number="75" hits="0" branch="false"/>
							</lines>
						</method>
						<method name="withValidator" signature="(Lgriffon/core/CallableWithArgs;)Lgriffon/util/BindUtils$BindingBuilder;" line-rate="0.0" branch-rate="1.0">
							<lines>
								<line number="86" hits="0" branch="false"/>
								<line number="87" hits="0" branch="false"/>
							</lines>
						</method>
					</methods>
					<lines>
						<line number="45" hits="0" branch="false"/>
						<line number="56" hits="0" branch="false"/>
						<line number="57" hits="0" branch="false"/>
						<line number="62" hits="0" branch="false"/>
						<line number="63" hits="0" branch="false"/>
						<line number="68" hits="0" branch="false"/>
						<line number="69" hits="0" branch="false"/>
						<line number="74" hits="0" branch="false"/>
						<line number="75" hits="0" branch="false"/>
						<line number="80" hits="0" branch="false"/>
						<line number="81" hits="0" branch="false"/>
						<line number="86" hits="0" branch="false"/>
						<line number="87" hits="0" branch="false"/>
						<line number="92" hits="0" branch="false"/>
						<line number="93" hits="0" branch="false"/>
						<line number="97" hits="0" branch="false"/>
						<line number="98" hits="0" branch="false"/>
						<line number="99" hits="0" branch="false"/>
						<line number="101" hits="0" branch="false"/>
						<line number="103" hits="0" branch="true" condition-coverage="0% (0/2)">
							<conditions>
								<condition number="0" type="jump" coverage="0%"/>
							</conditions>
						</line>
						<line number="104" hits="0" branch="true" condition-coverage="0% (0/2)">
							<conditions>
								<condition number="0" type="jump" coverage="0%"/>
							</conditions>
						</line>
						<line number="105" hits="0" branch="false"/>
						<line number="107" hits="0" branch="true" condition-coverage="0% (0/2)">
							<conditions>
								<condition number="0" type="jump" coverage="0%"/>
							</conditions>
						</line>
						<line number="109" hits="0" branch="false"/>
						<line number="110" hits="0" branch="false"/>
						<line number="111" hits="0" branch="false"/>
						<line number="112" hits="0" branch="false"/>
						<line number="113" hits="0" branch="false"/>
						<line number="115" hits="0" branch="true" condition-coverage="0% (0/2)">
							<conditions>
								<condition number="0" type="jump" coverage="0%"/>
							</conditions>
						</line>
						<line number="116" hits="0" branch="false"/>
						<line number="118" hits="0" branch="true" condition-coverage="0% (0/2)">
							<conditions>
								<condition number="0" type="jump" coverage="0%"/>
							</conditions>
						</line>
						<line number="119" hits="0" branch="false"/>
						<line number="122" hits="0" branch="false"/>
						<line number="123" hits="0" branch="false"/>
						<line number="126" hits="0" branch="true" condition-coverage="0% (0/2)">
							<conditions>
								<condition number="0" type="jump" coverage="0%"/>
							</conditions>
						</line>
						<line number="127" hits="0" branch="false"/>
						<line number="129" hits="0" branch="false"/>
					</lines>
				</class>
				<class name="griffon.util.BindUtils$BindingBuilder$1" filename="griffon/util/BindUtils.java" line-rate="0.0" branch-rate="1.0" complexity="1.6666666666666667">
					<methods>
						<method name="&lt;init&gt;" signature="(Lgriffon/util/BindUtils$BindingBuilder;Ljava/lang/Object;Lgriffon/core/CallableWithArgs;)V" line-rate="0.0" branch-rate="1.0">
							<lines>
								<line number="129" hits="0" branch="false"/>
							</lines>
						</method>
						<method name="call" signature="(Ljava/lang/Object;)Ljava/lang/Object;" line-rate="0.0" branch-rate="1.0">
							<lines>
								<line number="139" hits="0" branch="false"/>
							</lines>
						</method>
						<method name="call" signature="([Ljava/lang/Object;)Ljava/lang/Object;" line-rate="0.0" branch-rate="1.0">
							<lines>
								<line number="134" hits="0" branch="false"/>
							</lines>
						</method>
					</methods>
					<lines>
						<line number="129" hits="0" branch="false"/>
						<line number="134" hits="0" branch="false"/>
						<line number="139" hits="0" branch="false"/>
					</lines>
				</class>
				<class name="griffon.util.BuilderCustomizer" filename="griffon/util/BuilderCustomizer.java" line-rate="1.0" branch-rate="1.0" complexity="1.0">
					<methods>
					</methods>
					<lines>
					</lines>
				</class>
				<class name="griffon.util.CompositeBuilder" filename="griffon/util/CompositeBuilder.java" line-rate="0.921875" branch-rate="0.8846153846153846" complexity="3.9166666666666665">
					<methods>
						<method name="&lt;init&gt;" signature="([Lgriffon/util/BuilderCustomizer;)V" line-rate="0.96" branch-rate="0.875">
							<lines>
								<line number="38" hits="11" branch="false"/>
								<line number="39" hits="11" branch="false"/>
								<line number="40" hits="33" branch="true" condition-coverage="100% (2/2)">
									<conditions>
										<condition number="0" type="jump" coverage="100%"/>
									</conditions>
								</line>
								<line number="41" hits="22" branch="false"/>
								<line number="42" hits="22" branch="false"/>
								<line number="43" hits="22" branch="false"/>
								<line number="44" hits="22" branch="false"/>
								<line number="45" hits="22" branch="false"/>
								<line number="48" hits="11" branch="false"/>
								<line number="49" hits="11" branch="false"/>
								<line number="50" hits="33" branch="true" condition-coverage="100% (2/2)">
									<conditions>
										<condition number="0" type="jump" coverage="100%"/>
									</conditions>
								</line>
								<line number="51" hits="22" branch="false"/>
								<line number="52" hits="22" branch="false"/>
								<line number="53" hits="22" branch="false"/>
								<line number="54" hits="22" branch="false"/>
								<line number="55" hits="22" branch="false"/>
								<line number="56" hits="22" branch="true" condition-coverage="100% (2/2)">
									<conditions>
										<condition number="0" type="jump" coverage="100%"/>
									</conditions>
								</line>
								<line number="57" hits="3" branch="false"/>
								<line number="59" hits="22" branch="true" condition-coverage="50% (1/2)">
									<conditions>
										<condition number="0" type="jump" coverage="50%"/>
									</conditions>
								</line>
								<line number="60" hits="0" branch="false"/>
								<line number="64" hits="11" branch="false"/>
								<line number="65" hits="11" branch="false"/>
								<line number="92" hits="11" branch="false"/>
								<line number="93" hits="11" branch="false"/>
								<line number="119" hits="11" branch="false"/>
							</lines>
						</method>
						<method name="doDisposalClosures" signature="(Lgriffon/util/BuilderCustomizer;)V" line-rate="0.5" branch-rate="0.5">
							<lines>
								<line number="173" hits="22" branch="true" condition-coverage="50% (1/2)">
									<conditions>
										<condition number="0" type="jump" coverage="50%"/>
									</conditions>
								</line>
								<line number="174" hits="0" branch="false"/>
								<line number="175" hits="0" branch="false"/>
								<line number="176" hits="22" branch="false"/>
							</lines>
						</method>
						<method name="doRegisterAttributeDelegates" signature="(Lgriffon/util/BuilderCustomizer;)V" line-rate="1.0" branch-rate="1.0">
							<lines>
								<line number="149" hits="22" branch="true" condition-coverage="100% (2/2)">
									<conditions>
										<condition number="0" type="jump" coverage="100%"/>
									</conditions>
								</line>
								<line number="150" hits="14" branch="false"/>
								<line number="151" hits="14" branch="false"/>
								<line number="152" hits="22" branch="false"/>
							</lines>
						</method>
						<method name="doRegisterFactories" signature="(Lgriffon/util/BuilderCustomizer;)V" line-rate="1.0" branch-rate="1.0">
							<lines>
								<line number="128" hits="22" branch="true" condition-coverage="100% (2/2)">
									<conditions>
										<condition number="0" type="jump" coverage="100%"/>
									</conditions>
								</line>
								<line number="129" hits="30" branch="false"/>
								<line number="130" hits="30" branch="false"/>
								<line number="131" hits="22" branch="false"/>
							</lines>
						</method>
						<method name="doRegisterMethods" signature="(Lgriffon/util/BuilderCustomizer;)V" line-rate="1.0" branch-rate="1.0">
							<lines>
								<line number="134" hits="22" branch="true" condition-coverage="100% (2/2)">
									<conditions>
										<condition number="0" type="jump" coverage="100%"/>
									</conditions>
								</line>
								<line number="135" hits="14" branch="false"/>
								<line number="136" hits="14" branch="false"/>
								<line number="137" hits="22" branch="false"/>
							</lines>
						</method>
						<method name="doRegisterPostInstantiateDelegates" signature="(Lgriffon/util/BuilderCustomizer;)V" line-rate="1.0" branch-rate="1.0">
							<lines>
								<line number="161" hits="22" branch="true" condition-coverage="100% (2/2)">
									<conditions>
										<condition number="0" type="jump" coverage="100%"/>
									</conditions>
								</line>
								<line number="162" hits="14" branch="false"/>
								<line number="163" hits="14" branch="false"/>
								<line number="164" hits="22" branch="false"/>
							</lines>
						</method>
						<method name="doRegisterPostNodeCompletionDelegates" signature="(Lgriffon/util/BuilderCustomizer;)V" line-rate="1.0" branch-rate="1.0">
							<lines>
								<line number="167" hits="22" branch="true" condition-coverage="100% (2/2)">
									<conditions>
										<condition number="0" type="jump" coverage="100%"/>
									</conditions>
								</line>
								<line number="168" hits="14" branch="false"/>
								<line number="169" hits="14" branch="false"/>
								<line number="170" hits="22" branch="false"/>
							</lines>
						</method>
						<method name="doRegisterPreInstantiateDelegates" signature="(Lgriffon/util/BuilderCustomizer;)V" line-rate="1.0" branch-rate="1.0">
							<lines>
								<line number="155" hits="22" branch="true" condition-coverage="100% (2/2)">
									<conditions>
										<condition number="0" type="jump" coverage="100%"/>
									</conditions>
								</line>
								<line number="156" hits="14" branch="false"/>
								<line number="157" hits="14" branch="false"/>
								<line number="158" hits="22" branch="false"/>
							</lines>
						</method>
						<method name="doRegisterProps" signature="(Lgriffon/util/BuilderCustomizer;)V" line-rate="1.0" branch-rate="1.0">
							<lines>
								<line number="140" hits="22" branch="true" condition-coverage="100% (2/2)">
									<conditions>
										<condition number="0" type="jump" coverage="100%"/>
									</conditions>
								</line>
								<line number="141" hits="14" branch="false"/>
								<line number="142" hits="14" branch="false"/>
								<line number="143" hits="14" branch="false"/>
								<line number="144" hits="14" branch="false"/>
								<line number="145" hits="14" branch="false"/>
								<line number="146" hits="22" branch="false"/>
							</lines>
						</method>
						<method name="doRegisterVariables" signature="(Lgriffon/util/BuilderCustomizer;)V" line-rate="0.5" branch-rate="0.5">
							<lines>
								<line number="122" hits="22" branch="true" condition-coverage="50% (1/2)">
									<conditions>
										<condition number="0" type="jump" coverage="50%"/>
									</conditions>
								</line>
								<line number="123" hits="0" branch="false"/>
								<line number="124" hits="0" branch="false"/>
								<line number="125" hits="22" branch="false"/>
							</lines>
						</method>
					</methods>
					<lines>
						<line number="38" hits="11" branch="false"/>
						<line number="39" hits="11" branch="false"/>
						<line number="40" hits="33" branch="true" condition-coverage="100% (2/2)">
							<conditions>
								<condition number="0" type="jump" coverage="100%"/>
							</conditions>
						</line>
						<line number="41" hits="22" branch="false"/>
						<line number="42" hits="22" branch="false"/>
						<line number="43" hits="22" branch="false"/>
						<line number="44" hits="22" branch="false"/>
						<line number="45" hits="22" branch="false"/>
						<line number="48" hits="11" branch="false"/>
						<line number="49" hits="11" branch="false"/>
						<line number="50" hits="33" branch="true" condition-coverage="100% (2/2)">
							<conditions>
								<condition number="0" type="jump" coverage="100%"/>
							</conditions>
						</line>
						<line number="51" hits="22" branch="false"/>
						<line number="52" hits="22" branch="false"/>
						<line number="53" hits="22" branch="false"/>
						<line number="54" hits="22" branch="false"/>
						<line number="55" hits="22" branch="false"/>
						<line number="56" hits="22" branch="true" condition-coverage="100% (2/2)">
							<conditions>
								<condition number="0" type="jump" coverage="100%"/>
							</conditions>
						</line>
						<line number="57" hits="3" branch="false"/>
						<line number="59" hits="22" branch="true" condition-coverage="50% (1/2)">
							<conditions>
								<condition number="0" type="jump" coverage="50%"/>
							</conditions>
						</line>
						<line number="60" hits="0" branch="false"/>
						<line number="64" hits="11" branch="false"/>
						<line number="65" hits="11" branch="false"/>
						<line number="92" hits="11" branch="false"/>
						<line number="93" hits="11" branch="false"/>
						<line number="119" hits="11" branch="false"/>
						<line number="122" hits="22" branch="true" condition-coverage="50% (1/2)">
							<conditions>
								<condition number="0" type="jump" coverage="50%"/>
							</conditions>
						</line>
						<line number="123" hits="0" branch="false"/>
						<line number="124" hits="0" branch="false"/>
						<line number="125" hits="22" branch="false"/>
						<line number="128" hits="22" branch="true" condition-coverage="100% (2/2)">
							<conditions>
								<condition number="0" type="jump" coverage="100%"/>
							</conditions>
						</line>
						<line number="129" hits="30" branch="false"/>
						<line number="130" hits="30" branch="false"/>
						<line number="131" hits="22" branch="false"/>
						<line number="134" hits="22" branch="true" condition-coverage="100% (2/2)">
							<conditions>
								<condition number="0" type="jump" coverage="100%"/>
							</conditions>
						</line>
						<line number="135" hits="14" branch="false"/>
						<line number="136" hits="14" branch="false"/>
						<line number="137" hits="22" branch="false"/>
						<line number="140" hits="22" branch="true" condition-coverage="100% (2/2)">
							<conditions>
								<condition number="0" type="jump" coverage="100%"/>
							</conditions>
						</line>
						<line number="141" hits="14" branch="false"/>
						<line number="142" hits="14" branch="false"/>
						<line number="143" hits="14" branch="false"/>
						<line number="144" hits="14" branch="false"/>
						<line number="145" hits="14" branch="false"/>
						<line number="146" hits="22" branch="false"/>
						<line number="149" hits="22" branch="true" condition-coverage="100% (2/2)">
							<conditions>
								<condition number="0" type="jump" coverage="100%"/>
							</conditions>
						</line>
						<line number="150" hits="14" branch="false"/>
						<line number="151" hits="14" branch="false"/>
						<line number="152" hits="22" branch="false"/>
						<line number="155" hits="22" branch="true" condition-coverage="100% (2/2)">
							<conditions>
								<condition number="0" type="jump" coverage="100%"/>
							</conditions>
						</line>
						<line number="156" hits="14" branch="false"/>
						<line number="157" hits="14" branch="false"/>
						<line number="158" hits="22" branch="false"/>
						<line number="161" hits="22" branch="true" condition-coverage="100% (2/2)">
							<conditions>
								<condition number="0" type="jump" coverage="100%"/>
							</conditions>
						</line>
						<line number="162" hits="14" branch="false"/>
						<line number="163" hits="14" branch="false"/>
						<line number="164" hits="22" branch="false"/>
						<line number="167" hits="22" branch="true" condition-coverage="100% (2/2)">
							<conditions>
								<condition number="0" type="jump" coverage="100%"/>
							</conditions>
						</line>
						<line number="168" hits="14" branch="false"/>
						<line number="169" hits="14" branch="false"/>
						<line number="170" hits="22" branch="false"/>
						<line number="173" hits="22" branch="true" condition-coverage="50% (1/2)">
							<conditions>
								<condition number="0" type="jump" coverage="50%"/>
							</conditions>
						</line>
						<line number="174" hits="0" branch="false"/>
						<line number="175" hits="0" branch="false"/>
						<line number="176" hits="22" branch="false"/>
					</lines>
				</class>
				<class name="griffon.util.CompositeBuilder$1" filename="griffon/util/CompositeBuilder.java" line-rate="0.7142857142857143" branch-rate="0.5" complexity="3.9166666666666665">
					<methods>
						<method name="&lt;init&gt;" signature="(Lgriffon/util/CompositeBuilder;Ljava/lang/Object;Ljava/util/List;Lgroovy/lang/Closure;)V" line-rate="1.0" branch-rate="1.0">
							<lines>
								<line number="65" hits="11" branch="false"/>
							</lines>
						</method>
						<method name="doCall" signature="([Ljava/lang/Object;)Ljava/lang/Object;" line-rate="0.6923076923076923" branch-rate="0.5">
							<lines>
								<line number="69" hits="9" branch="false"/>
								<line number="70" hits="9" branch="true" condition-coverage="100% (2/2)">
									<conditions>
										<condition number="0" type="jump" coverage="100%"/>
									</conditions>
								</line>
								<line number="72" hits="2" branch="false"/>
								<line number="73" hits="1" branch="false"/>
								<line number="74" hits="1" branch="true" condition-coverage="50% (1/2)">
									<conditions>
										<condition number="0" type="jump" coverage="50%"/>
									</conditions>
								</line>
								<line number="76" hits="0" branch="false"/>
								<line number="78" hits="7" branch="true" condition-coverage="50% (1/2)">
									<conditions>
										<condition number="0" type="jump" coverage="50%"/>
									</conditions>
								</line>
								<line number="80" hits="0" branch="false"/>
								<line number="81" hits="0" branch="false"/>
								<line number="82" hits="0" branch="true" condition-coverage="0% (0/2)">
									<conditions>
										<condition number="0" type="jump" coverage="0%"/>
									</conditions>
								</line>
								<line number="86" hits="7" branch="false"/>
								<line number="87" hits="7" branch="false"/>
								<line number="88" hits="7" branch="false"/>
							</lines>
						</method>
					</methods>
					<lines>
						<line number="65" hits="11" branch="false"/>
						<line number="69" hits="9" branch="false"/>
						<line number="70" hits="9" branch="true" condition-coverage="100% (2/2)">
							<conditions>
								<condition number="0" type="jump" coverage="100%"/>
							</conditions>
						</line>
						<line number="72" hits="2" branch="false"/>
						<line number="73" hits="1" branch="false"/>
						<line number="74" hits="1" branch="true" condition-coverage="50% (1/2)">
							<conditions>
								<condition number="0" type="jump" coverage="50%"/>
							</conditions>
						</line>
						<line number="76" hits="0" branch="false"/>
						<line number="78" hits="7" branch="true" condition-coverage="50% (1/2)">
							<conditions>
								<condition number="0" type="jump" coverage="50%"/>
							</conditions>
						</line>
						<line number="80" hits="0" branch="false"/>
						<line number="81" hits="0" branch="false"/>
						<line number="82" hits="0" branch="true" condition-coverage="0% (0/2)">
							<conditions>
								<condition number="0" type="jump" coverage="0%"/>
							</conditions>
						</line>
						<line number="86" hits="7" branch="false"/>
						<line number="87" hits="7" branch="false"/>
						<line number="88" hits="7" branch="false"/>
					</lines>
				</class>
				<class name="griffon.util.CompositeBuilder$2" filename="griffon/util/CompositeBuilder.java" line-rate="0.5714285714285714" branch-rate="0.375" complexity="3.9166666666666665">
					<methods>
						<method name="&lt;init&gt;" signature="(Lgriffon/util/CompositeBuilder;Ljava/lang/Object;Ljava/util/List;Lgroovy/lang/Closure;)V" line-rate="1.0" branch-rate="1.0">
							<lines>
								<line number="93" hits="11" branch="false"/>
							</lines>
						</method>
						<method name="doCall" signature="([Ljava/lang/Object;)Ljava/lang/Object;" line-rate="0.5384615384615384" branch-rate="0.375">
							<lines>
								<line number="97" hits="4" branch="false"/>
								<line number="98" hits="4" branch="true" condition-coverage="50% (1/2)">
									<conditions>
										<condition number="0" type="jump" coverage="50%"/>
									</conditions>
								</line>
								<line number="100" hits="0" branch="false"/>
								<line number="101" hits="0" branch="false"/>
								<line number="102" hits="0" branch="true" condition-coverage="0% (0/2)">
									<conditions>
										<condition number="0" type="jump" coverage="0%"/>
									</conditions>
								</line>
								<line number="103" hits="0" branch="false"/>
								<line number="105" hits="0" branch="false"/>
								<line number="107" hits="4" branch="true" condition-coverage="50% (1/2)">
									<conditions>
										<condition number="0" type="jump" coverage="50%"/>
									</conditions>
								</line>
								<line number="109" hits="4" branch="false"/>
								<line number="110" hits="4" branch="false"/>
								<line number="111" hits="4" branch="true" condition-coverage="50% (1/2)">
									<conditions>
										<condition number="0" type="jump" coverage="50%"/>
									</conditions>
								</line>
								<line number="112" hits="0" branch="false"/>
								<line number="116" hits="4" branch="false"/>
							</lines>
						</method>
					</methods>
					<lines>
						<line number="93" hits="11" branch="false"/>
						<line number="97" hits="4" branch="false"/>
						<line number="98" hits="4" branch="true" condition-coverage="50% (1/2)">
							<conditions>
								<condition number="0" type="jump" coverage="50%"/>
							</conditions>
						</line>
						<line number="100" hits="0" branch="false"/>
						<line number="101" hits="0" branch="false"/>
						<line number="102" hits="0" branch="true" condition-coverage="0% (0/2)">
							<conditions>
								<condition number="0" type="jump" coverage="0%"/>
							</conditions>
						</line>
						<line number="103" hits="0" branch="false"/>
						<line number="105" hits="0" branch="false"/>
						<line number="107" hits="4" branch="true" condition-coverage="50% (1/2)">
							<conditions>
								<condition number="0" type="jump" coverage="50%"/>
							</conditions>
						</line>
						<line number="109" hits="4" branch="false"/>
						<line number="110" hits="4" branch="false"/>
						<line number="111" hits="4" branch="true" condition-coverage="50% (1/2)">
							<conditions>
								<condition number="0" type="jump" coverage="50%"/>
							</conditions>
						</line>
						<line number="112" hits="0" branch="false"/>
						<line number="116" hits="4" branch="false"/>
					</lines>
				</class>
				<class name="griffon.util.ConfigReader" filename="griffon/util/ConfigReader.groovy" line-rate="0.9491525423728814" branch-rate="0.8333333333333334" complexity="0.0">
					<methods>
						<method name="&lt;init&gt;" signature="(Lgriffon/core/ApplicationClassLoader;)V" line-rate="1.0" branch-rate="1.0">
							<lines>
								<line number="46" hits="31" branch="false"/>
								<line number="48" hits="31" branch="false"/>
								<line number="70" hits="31" branch="false"/>
							</lines>
						</method>
						<method name="getConditionalBlockValues" signature="()Ljava/util/Map;" line-rate="0.0" branch-rate="1.0">
							<lines>
								<line number="84" hits="0" branch="false"/>
							</lines>
						</method>
						<method name="getEnvironment" signature="()Ljava/lang/String;" line-rate="0.0" branch-rate="1.0">
							<lines>
								<line number="88" hits="0" branch="false"/>
							</lines>
						</method>
						<method name="parse" signature="(Lgroovy/lang/Script;)Lgroovy/util/ConfigObject;" line-rate="1.0" branch-rate="1.0">
							<lines>
								<line number="164" hits="36" branch="false"/>
							</lines>
						</method>
						<method name="parse" signature="(Lgroovy/lang/Script;Ljava/net/URL;)Lgroovy/util/ConfigObject;" line-rate="1.0" branch-rate="1.0">
							<lines>
								<line number="186" hits="40" branch="true" condition-coverage="100% (2/2)">
									<conditions>
										<condition number="0" type="jump" coverage="100%"/>
									</conditions>
								</line>
								<line number="187" hits="40" branch="false"/>
								<line number="188" hits="40" branch="false"/>
								<line number="189" hits="40" branch="false"/>
								<line number="190" hits="40" branch="false"/>
								<line number="191" hits="40" branch="false"/>
								<line number="192" hits="40" branch="false"/>
								<line number="195" hits="40" branch="false"/>
								<line number="215" hits="40" branch="false"/>
								<line number="233" hits="40" branch="false"/>
								<line number="234" hits="40" branch="false"/>
								<line number="293" hits="40" branch="false"/>
								<line number="295" hits="40" branch="false"/>
								<line number="298" hits="40" branch="false"/>
								<line number="299" hits="40" branch="true" condition-coverage="100% (2/2)">
									<conditions>
										<condition number="0" type="jump" coverage="100%"/>
									</conditions>
								</line>
								<line number="300" hits="13" branch="false"/>
								<line number="302" hits="40" branch="false"/>
								<line number="304" hits="40" branch="false"/>
								<line number="306" hits="40" branch="false"/>
								<line number="308" hits="40" branch="false"/>
							</lines>
						</method>
						<method name="parse" signature="(Ljava/lang/Class;)Lgroovy/util/ConfigObject;" line-rate="1.0" branch-rate="1.0">
							<lines>
								<line number="155" hits="35" branch="false"/>
							</lines>
						</method>
						<method name="parse" signature="(Ljava/lang/String;)Lgroovy/util/ConfigObject;" line-rate="1.0" branch-rate="1.0">
							<lines>
								<line number="146" hits="32" branch="false"/>
							</lines>
						</method>
						<method name="parse" signature="(Ljava/net/URL;)Lgroovy/util/ConfigObject;" line-rate="1.0" branch-rate="1.0">
							<lines>
								<line number="174" hits="4" branch="false"/>
							</lines>
						</method>
						<method name="parse" signature="(Ljava/util/Properties;)Lgroovy/util/ConfigObject;" line-rate="1.0" branch-rate="0.9285714285714286">
							<lines>
								<line number="104" hits="2" branch="false"/>
								<line number="105" hits="2" branch="true" condition-coverage="100% (2/2)">
									<conditions>
										<condition number="0" type="jump" coverage="100%"/>
									</conditions>
								</line>
								<line number="106" hits="10" branch="false"/>
								<line number="108" hits="10" branch="false"/>
								<line number="109" hits="10" branch="false"/>
								<line number="110" hits="10" branch="false"/>
								<line number="111" hits="10" branch="false"/>
								<line number="112" hits="10" branch="true" condition-coverage="100% (2/2)">
									<conditions>
										<condition number="0" type="jump" coverage="100%"/>
									</conditions>
								</line>
								<line number="113" hits="38" branch="true" condition-coverage="100% (2/2)">
									<conditions>
										<condition number="0" type="jump" coverage="100%"/>
									</conditions>
								</line>
								<line number="116" hits="2" branch="false"/>
								<line number="117" hits="2" branch="false"/>
								<line number="119" hits="36" branch="false"/>
								<line number="120" hits="36" branch="false"/>
								<line number="121" hits="36" branch="false"/>
								<line number="122" hits="36" branch="true" condition-coverage="100% (4/4)">
									<conditions>
										<condition number="0" type="jump" coverage="100%"/>
										<condition number="1" type="jump" coverage="100%"/>
									</conditions>
								</line>
								<line number="126" hits="10" branch="true" condition-coverage="50% (1/2)">
									<conditions>
										<condition number="0" type="jump" coverage="50%"/>
									</conditions>
								</line>
								<line number="127" hits="10" branch="true" condition-coverage="100% (2/2)">
									<conditions>
										<condition number="0" type="jump" coverage="100%"/>
									</conditions>
								</line>
								<line number="128" hits="1" branch="false"/>
								<line number="129" hits="1" branch="false"/>
								<line number="130" hits="1" branch="false"/>
								<line number="131" hits="1" branch="false"/>
								<line number="133" hits="9" branch="false"/>
								<line number="136" hits="10" branch="false"/>
								<line number="138" hits="2" branch="false"/>
							</lines>
						</method>
						<method name="registerConditionalBlock" signature="(Ljava/lang/String;Ljava/lang/String;)V" line-rate="0.75" branch-rate="0.5">
							<lines>
								<line number="74" hits="14" branch="true" condition-coverage="50% (2/4)">
									<conditions>
										<condition number="0" type="jump" coverage="50%"/>
										<condition number="1" type="jump" coverage="50%"/>
									</conditions>
								</line>
								<line number="75" hits="14" branch="true" condition-coverage="50% (1/2)">
									<conditions>
										<condition number="0" type="jump" coverage="50%"/>
									</conditions>
								</line>
								<line number="76" hits="0" branch="false"/>
								<line number="78" hits="14" branch="false"/>
							</lines>
						</method>
						<method name="setBinding" signature="(Ljava/util/Map;)V" line-rate="1.0" branch-rate="1.0">
							<lines>
								<line number="96" hits="5" branch="false"/>
							</lines>
						</method>
						<method name="setEnvironment" signature="(Ljava/lang/String;)V" line-rate="1.0" branch-rate="1.0">
							<lines>
								<line number="92" hits="2" branch="false"/>
							</lines>
						</method>
					</methods>
					<lines>
						<line number="46" hits="31" branch="false"/>
						<line number="48" hits="31" branch="false"/>
						<line number="70" hits="31" branch="false"/>
						<line number="74" hits="14" branch="true" condition-coverage="50% (2/4)">
							<conditions>
								<condition number="0" type="jump" coverage="50%"/>
								<condition number="1" type="jump" coverage="50%"/>
							</conditions>
						</line>
						<line number="75" hits="14" branch="true" condition-coverage="50% (1/2)">
							<conditions>
								<condition number="0" type="jump" coverage="50%"/>
							</conditions>
						</line>
						<line number="76" hits="0" branch="false"/>
						<line number="78" hits="14" branch="false"/>
						<line number="84" hits="0" branch="false"/>
						<line number="88" hits="0" branch="false"/>
						<line number="92" hits="2" branch="false"/>
						<line number="96" hits="5" branch="false"/>
						<line number="104" hits="2" branch="false"/>
						<line number="105" hits="2" branch="true" condition-coverage="100% (2/2)">
							<conditions>
								<condition number="0" type="jump" coverage="100%"/>
							</conditions>
						</line>
						<line number="106" hits="10" branch="false"/>
						<line number="108" hits="10" branch="false"/>
						<line number="109" hits="10" branch="false"/>
						<line number="110" hits="10" branch="false"/>
						<line number="111" hits="10" branch="false"/>
						<line number="112" hits="10" branch="true" condition-coverage="100% (2/2)">
							<conditions>
								<condition number="0" type="jump" coverage="100%"/>
							</conditions>
						</line>
						<line number="113" hits="38" branch="true" condition-coverage="100% (2/2)">
							<conditions>
								<condition number="0" type="jump" coverage="100%"/>
							</conditions>
						</line>
						<line number="116" hits="2" branch="false"/>
						<line number="117" hits="2" branch="false"/>
						<line number="119" hits="36" branch="false"/>
						<line number="120" hits="36" branch="false"/>
						<line number="121" hits="36" branch="false"/>
						<line number="122" hits="36" branch="true" condition-coverage="100% (4/4)">
							<conditions>
								<condition number="0" type="jump" coverage="100%"/>
								<condition number="1" type="jump" coverage="100%"/>
							</conditions>
						</line>
						<line number="126" hits="10" branch="true" condition-coverage="50% (1/2)">
							<conditions>
								<condition number="0" type="jump" coverage="50%"/>
							</conditions>
						</line>
						<line number="127" hits="10" branch="true" condition-coverage="100% (2/2)">
							<conditions>
								<condition number="0" type="jump" coverage="100%"/>
							</conditions>
						</line>
						<line number="128" hits="1" branch="false"/>
						<line number="129" hits="1" branch="false"/>
						<line number="130" hits="1" branch="false"/>
						<line number="131" hits="1" branch="false"/>
						<line number="133" hits="9" branch="false"/>
						<line number="136" hits="10" branch="false"/>
						<line number="138" hits="2" branch="false"/>
						<line number="146" hits="32" branch="false"/>
						<line number="155" hits="35" branch="false"/>
						<line number="164" hits="36" branch="false"/>
						<line number="174" hits="4" branch="false"/>
						<line number="186" hits="40" branch="true" condition-coverage="100% (2/2)">
							<conditions>
								<condition number="0" type="jump" coverage="100%"/>
							</conditions>
						</line>
						<line number="187" hits="40" branch="false"/>
						<line number="188" hits="40" branch="false"/>
						<line number="189" hits="40" branch="false"/>
						<line number="190" hits="40" branch="false"/>
						<line number="191" hits="40" branch="false"/>
						<line number="192" hits="40" branch="false"/>
						<line number="195" hits="40" branch="false"/>
						<line number="215" hits="40" branch="false"/>
						<line number="233" hits="40" branch="false"/>
						<line number="234" hits="40" branch="false"/>
						<line number="293" hits="40" branch="false"/>
						<line number="295" hits="40" branch="false"/>
						<line number="298" hits="40" branch="false"/>
						<line number="299" hits="40" branch="true" condition-coverage="100% (2/2)">
							<conditions>
								<condition number="0" type="jump" coverage="100%"/>
							</conditions>
						</line>
						<line number="300" hits="13" branch="false"/>
						<line number="302" hits="40" branch="false"/>
						<line number="304" hits="40" branch="false"/>
						<line number="306" hits="40" branch="false"/>
						<line number="308" hits="40" branch="false"/>
					</lines>
				</class>
				<class name="griffon.util.ConfigReader$Provider" filename="griffon/util/ConfigReader.groovy" line-rate="1.0" branch-rate="1.0" complexity="0.0">
					<methods>
						<method name="get" signature="()Lgriffon/util/ConfigReader;" line-rate="1.0" branch-rate="1.0">
							<lines>
								<line number="55" hits="2" branch="false"/>
								<line number="56" hits="2" branch="false"/>
								<line number="57" hits="2" branch="false"/>
								<line number="58" hits="2" branch="false"/>
								<line number="59" hits="2" branch="false"/>
								<line number="60" hits="2" branch="false"/>
								<line number="61" hits="2" branch="false"/>
								<line number="62" hits="2" branch="false"/>
								<line number="63" hits="2" branch="false"/>
								<line number="64" hits="2" branch="false"/>
							</lines>
						</method>
					</methods>
					<lines>
						<line number="55" hits="2" branch="false"/>
						<line number="56" hits="2" branch="false"/>
						<line number="57" hits="2" branch="false"/>
						<line number="58" hits="2" branch="false"/>
						<line number="59" hits="2" branch="false"/>
						<line number="60" hits="2" branch="false"/>
						<line number="61" hits="2" branch="false"/>
						<line number="62" hits="2" branch="false"/>
						<line number="63" hits="2" branch="false"/>
						<line number="64" hits="2" branch="false"/>
					</lines>
				</class>
				<class name="griffon.util.ConfigReader$_parse_closure1" filename="griffon/util/ConfigReader.groovy" line-rate="1.0" branch-rate="1.0" complexity="0.0">
					<methods>
						<method name="doCall" signature="(Ljava/lang/Object;Ljava/lang/Object;)Ljava/lang/Object;" line-rate="1.0" branch-rate="1.0">
							<lines>
								<line number="130" hits="1" branch="false"/>
							</lines>
						</method>
					</methods>
					<lines>
						<line number="130" hits="1" branch="false"/>
					</lines>
				</class>
				<class name="griffon.util.ConfigReader$_parse_closure2" filename="griffon/util/ConfigReader.groovy" line-rate="1.0" branch-rate="1.0" complexity="0.0">
					<methods>
						<method name="doCall" signature="(Ljava/lang/Object;)Ljava/lang/Object;" line-rate="1.0" branch-rate="1.0">
							<lines>
								<line number="193" hits="94" branch="false"/>
							</lines>
						</method>
					</methods>
					<lines>
						<line number="193" hits="94" branch="false"/>
					</lines>
				</class>
				<class name="griffon.util.ConfigReader$_parse_closure3" filename="griffon/util/ConfigReader.groovy" line-rate="1.0" branch-rate="1.0" complexity="0.0">
					<methods>
						<method name="doCall" signature="(Ljava/lang/Object;Ljava/lang/Object;)Ljava/lang/Object;" line-rate="1.0" branch-rate="1.0">
							<lines>
								<line number="196" hits="212" branch="false"/>
								<line number="212" hits="212" branch="false"/>
								<line number="213" hits="212" branch="false"/>
							</lines>
						</method>
					</methods>
					<lines>
						<line number="196" hits="212" branch="false"/>
						<line number="212" hits="212" branch="false"/>
						<line number="213" hits="212" branch="false"/>
					</lines>
				</class>
				<class name="griffon.util.ConfigReader$_parse_closure4" filename="griffon/util/ConfigReader.groovy" line-rate="1.0" branch-rate="1.0" complexity="0.0">
					<methods>
						<method name="doCall" signature="(Ljava/lang/String;)Ljava/lang/Object;" line-rate="1.0" branch-rate="1.0">
							<lines>
								<line number="216" hits="74" branch="false"/>
								<line number="217" hits="74" branch="false"/>
								<line number="218" hits="74" branch="true" condition-coverage="100% (2/2)">
									<conditions>
										<condition number="0" type="jump" coverage="100%"/>
									</conditions>
								</line>
								<line number="219" hits="28" branch="false"/>
								<line number="220" hits="46" branch="true" condition-coverage="100% (2/2)">
									<conditions>
										<condition number="0" type="jump" coverage="100%"/>
									</conditions>
								</line>
								<line number="221" hits="8" branch="false"/>
								<line number="224" hits="38" branch="false"/>
								<line number="226" hits="38" branch="false"/>
								<line number="227" hits="38" branch="false"/>
								<line number="230" hits="74" branch="false"/>
							</lines>
						</method>
					</methods>
					<lines>
						<line number="216" hits="74" branch="false"/>
						<line number="217" hits="74" branch="false"/>
						<line number="218" hits="74" branch="true" condition-coverage="100% (2/2)">
							<conditions>
								<condition number="0" type="jump" coverage="100%"/>
							</conditions>
						</line>
						<line number="219" hits="28" branch="false"/>
						<line number="220" hits="46" branch="true" condition-coverage="100% (2/2)">
							<conditions>
								<condition number="0" type="jump" coverage="100%"/>
							</conditions>
						</line>
						<line number="221" hits="8" branch="false"/>
						<line number="224" hits="38" branch="false"/>
						<line number="226" hits="38" branch="false"/>
						<line number="227" hits="38" branch="false"/>
						<line number="230" hits="74" branch="false"/>
					</lines>
				</class>
				<class name="griffon.util.ConfigReader$_parse_closure5" filename="griffon/util/ConfigReader.groovy" line-rate="0.9736842105263158" branch-rate="0.7666666666666667" complexity="0.0">
					<methods>
						<method name="doCall" signature="(Ljava/lang/String;Ljava/lang/Object;)Ljava/lang/Object;" line-rate="0.9736842105263158" branch-rate="0.7666666666666667">
							<lines>
								<line number="235" hits="187" branch="false"/>
								<line number="236" hits="187" branch="true" condition-coverage="83% (5/6)">
									<conditions>
										<condition number="0" type="jump" coverage="100%"/>
										<condition number="1" type="jump" coverage="50%"/>
										<condition number="2" type="jump" coverage="100%"/>
									</conditions>
								</line>
								<line number="237" hits="142" branch="true" condition-coverage="100% (2/2)">
									<conditions>
										<condition number="0" type="jump" coverage="100%"/>
									</conditions>
								</line>
								<line number="239" hits="21" branch="false"/>
								<line number="240" hits="21" branch="false"/>
								<line number="241" hits="21" branch="false"/>
								<line number="243" hits="21" branch="false"/>
								<line number="244" hits="21" branch="true" condition-coverage="50% (2/4)">
									<conditions>
										<condition number="0" type="jump" coverage="100%"/>
										<condition number="1" type="jump" coverage="0%"/>
									</conditions>
								</line>
								<line number="245" hits="10" branch="false"/>
								<line number="246" hits="10" branch="true" condition-coverage="50% (2/4)">
									<conditions>
										<condition number="0" type="jump" coverage="100%"/>
										<condition number="1" type="jump" coverage="0%"/>
									</conditions>
								</line>
								<line number="249" hits="121" branch="true" condition-coverage="100% (2/2)">
									<conditions>
										<condition number="0" type="jump" coverage="100%"/>
									</conditions>
								</line>
								<line number="250" hits="37" branch="false"/>
								<line number="251" hits="37" branch="true" condition-coverage="100% (2/2)">
									<conditions>
										<condition number="0" type="jump" coverage="100%"/>
									</conditions>
								</line>
								<line number="252" hits="10" branch="false"/>
								<line number="253" hits="10" branch="false"/>
								<line number="255" hits="10" branch="false"/>
								<line number="257" hits="10" branch="false"/>
								<line number="258" hits="10" branch="false"/>
								<line number="260" hits="10" branch="false"/>
								<line number="262" hits="10" branch="false"/>
								<line number="265" hits="84" branch="false"/>
								<line number="266" hits="84" branch="true" condition-coverage="100% (2/2)">
									<conditions>
										<condition number="0" type="jump" coverage="100%"/>
									</conditions>
								</line>
								<line number="267" hits="6" branch="false"/>
								<line number="269" hits="78" branch="false"/>
								<line number="272" hits="84" branch="false"/>
								<line number="273" hits="84" branch="false"/>
								<line number="274" hits="84" branch="false"/>
								<line number="275" hits="84" branch="false"/>
								<line number="277" hits="45" branch="true" condition-coverage="83% (5/6)">
									<conditions>
										<condition number="0" type="jump" coverage="100%"/>
										<condition number="1" type="jump" coverage="50%"/>
										<condition number="2" type="jump" coverage="100%"/>
									</conditions>
								</line>
								<line number="279" hits="5" branch="false"/>
								<line number="280" hits="5" branch="false"/>
								<line number="281" hits="5" branch="false"/>
								<line number="282" hits="5" branch="false"/>
								<line number="284" hits="40" branch="false"/>
								<line number="285" hits="40" branch="true" condition-coverage="50% (1/2)">
									<conditions>
										<condition number="0" type="jump" coverage="50%"/>
									</conditions>
								</line>
								<line number="286" hits="40" branch="false"/>
								<line number="288" hits="0" branch="false"/>
								<line number="291" hits="187" branch="false"/>
							</lines>
						</method>
					</methods>
					<lines>
						<line number="235" hits="187" branch="false"/>
						<line number="236" hits="187" branch="true" condition-coverage="83% (5/6)">
							<conditions>
								<condition number="0" type="jump" coverage="100%"/>
								<condition number="1" type="jump" coverage="50%"/>
								<condition number="2" type="jump" coverage="100%"/>
							</conditions>
						</line>
						<line number="237" hits="142" branch="true" condition-coverage="100% (2/2)">
							<conditions>
								<condition number="0" type="jump" coverage="100%"/>
							</conditions>
						</line>
						<line number="239" hits="21" branch="false"/>
						<line number="240" hits="21" branch="false"/>
						<line number="241" hits="21" branch="false"/>
						<line number="243" hits="21" branch="false"/>
						<line number="244" hits="21" branch="true" condition-coverage="50% (2/4)">
							<conditions>
								<condition number="0" type="jump" coverage="100%"/>
								<condition number="1" type="jump" coverage="0%"/>
							</conditions>
						</line>
						<line number="245" hits="10" branch="false"/>
						<line number="246" hits="10" branch="true" condition-coverage="50% (2/4)">
							<conditions>
								<condition number="0" type="jump" coverage="100%"/>
								<condition number="1" type="jump" coverage="0%"/>
							</conditions>
						</line>
						<line number="249" hits="121" branch="true" condition-coverage="100% (2/2)">
							<conditions>
								<condition number="0" type="jump" coverage="100%"/>
							</conditions>
						</line>
						<line number="250" hits="37" branch="false"/>
						<line number="251" hits="37" branch="true" condition-coverage="100% (2/2)">
							<conditions>
								<condition number="0" type="jump" coverage="100%"/>
							</conditions>
						</line>
						<line number="252" hits="10" branch="false"/>
						<line number="253" hits="10" branch="false"/>
						<line number="255" hits="10" branch="false"/>
						<line number="257" hits="10" branch="false"/>
						<line number="258" hits="10" branch="false"/>
						<line number="260" hits="10" branch="false"/>
						<line number="262" hits="10" branch="false"/>
						<line number="265" hits="84" branch="false"/>
						<line number="266" hits="84" branch="true" condition-coverage="100% (2/2)">
							<conditions>
								<condition number="0" type="jump" coverage="100%"/>
							</conditions>
						</line>
						<line number="267" hits="6" branch="false"/>
						<line number="269" hits="78" branch="false"/>
						<line number="272" hits="84" branch="false"/>
						<line number="273" hits="84" branch="false"/>
						<line number="274" hits="84" branch="false"/>
						<line number="275" hits="84" branch="false"/>
						<line number="277" hits="45" branch="true" condition-coverage="83% (5/6)">
							<conditions>
								<condition number="0" type="jump" coverage="100%"/>
								<condition number="1" type="jump" coverage="50%"/>
								<condition number="2" type="jump" coverage="100%"/>
							</conditions>
						</line>
						<line number="279" hits="5" branch="false"/>
						<line number="280" hits="5" branch="false"/>
						<line number="281" hits="5" branch="false"/>
						<line number="282" hits="5" branch="false"/>
						<line number="284" hits="40" branch="false"/>
						<line number="285" hits="40" branch="true" condition-coverage="50% (1/2)">
							<conditions>
								<condition number="0" type="jump" coverage="50%"/>
							</conditions>
						</line>
						<line number="286" hits="40" branch="false"/>
						<line number="288" hits="0" branch="false"/>
						<line number="291" hits="187" branch="false"/>
					</lines>
				</class>
				<class name="griffon.util.ConfigReader$_parse_closure6" filename="griffon/util/ConfigReader.groovy" line-rate="1.0" branch-rate="1.0" complexity="0.0">
					<methods>
						<method name="doCall" signature="(Ljava/lang/String;Ljava/lang/Object;)Ljava/lang/Object;" line-rate="1.0" branch-rate="1.0">
							<lines>
								<line number="296" hits="85" branch="false"/>
							</lines>
						</method>
					</methods>
					<lines>
						<line number="296" hits="85" branch="false"/>
					</lines>
				</class>
				<class name="griffon.util.Xml2Groovy" filename="griffon/util/Xml2Groovy.java" line-rate="0.8777777777777778" branch-rate="0.6785714285714286" complexity="3.5">
					<methods>
						<method name="&lt;clinit&gt;" signature="()V" line-rate="1.0" branch-rate="1.0">
							<lines>
								<line number="85" hits="1" branch="false"/>
								<line number="86" hits="1" branch="false"/>
							</lines>
						</method>
						<method name="&lt;init&gt;" signature="()V" line-rate="1.0" branch-rate="1.0">
							<lines>
								<line number="92" hits="1" branch="false"/>
								<line number="94" hits="1" branch="false"/>
							</lines>
						</method>
						<method name="createIndentPrinter" signature="(Ljava/io/OutputStream;)Lgroovy/util/IndentPrinter;" line-rate="1.0" branch-rate="1.0">
							<lines>
								<line number="166" hits="6" branch="false"/>
								<line number="167" hits="6" branch="false"/>
							</lines>
						</method>
						<method name="getInstance" signature="()Lgriffon/util/Xml2Groovy;" line-rate="1.0" branch-rate="1.0">
							<lines>
								<line number="89" hits="11" branch="false"/>
							</lines>
						</method>
						<method name="newXmlSlurper" signature="()Lgroovy/util/XmlSlurper;" line-rate="0.3333333333333333" branch-rate="1.0">
							<lines>
								<line number="150" hits="10" branch="false"/>
								<line number="151" hits="0" branch="false"/>
								<line number="152" hits="0" branch="false"/>
							</lines>
						</method>
						<method name="parse" signature="(Lgroovy/util/slurpersupport/GPathResult;)Ljava/lang/String;" line-rate="1.0" branch-rate="1.0">
							<lines>
								<line number="137" hits="1" branch="false"/>
							</lines>
						</method>
						<method name="parse" signature="(Ljava/io/File;)Ljava/lang/String;" line-rate="1.0" branch-rate="1.0">
							<lines>
								<line number="98" hits="2" branch="false"/>
								<line number="99" hits="1" branch="false"/>
								<line number="100" hits="1" branch="false"/>
							</lines>
						</method>
						<method name="parse" signature="(Ljava/io/InputStream;)Ljava/lang/String;" line-rate="1.0" branch-rate="1.0">
							<lines>
								<line number="114" hits="2" branch="false"/>
								<line number="115" hits="1" branch="false"/>
								<line number="116" hits="1" branch="false"/>
							</lines>
						</method>
						<method name="parse" signature="(Ljava/io/Reader;)Ljava/lang/String;" line-rate="1.0" branch-rate="1.0">
							<lines>
								<line number="122" hits="2" branch="false"/>
								<line number="123" hits="1" branch="false"/>
								<line number="124" hits="1" branch="false"/>
							</lines>
						</method>
						<method name="parse" signature="(Ljava/lang/String;)Ljava/lang/String;" line-rate="1.0" branch-rate="1.0">
							<lines>
								<line number="130" hits="2" branch="false"/>
								<line number="131" hits="1" branch="false"/>
								<line number="132" hits="1" branch="false"/>
							</lines>
						</method>
						<method name="parse" signature="(Lorg/xml/sax/InputSource;)Ljava/lang/String;" line-rate="0.0" branch-rate="1.0">
							<lines>
								<line number="106" hits="0" branch="false"/>
								<line number="107" hits="0" branch="false"/>
								<line number="108" hits="0" branch="false"/>
							</lines>
						</method>
						<method name="parseText" signature="(Ljava/lang/String;)Ljava/lang/String;" line-rate="1.0" branch-rate="1.0">
							<lines>
								<line number="142" hits="2" branch="false"/>
								<line number="143" hits="1" branch="false"/>
								<line number="144" hits="1" branch="false"/>
							</lines>
						</method>
						<method name="translate" signature="(Lgroovy/util/slurpersupport/GPathResult;)Ljava/lang/String;" line-rate="1.0" branch-rate="1.0">
							<lines>
								<line number="157" hits="6" branch="false"/>
								<line number="158" hits="6" branch="false"/>
								<line number="159" hits="6" branch="false"/>
								<line number="160" hits="6" branch="false"/>
								<line number="162" hits="6" branch="false"/>
							</lines>
						</method>
						<method name="walkXml" signature="(Lgroovy/util/IndentPrinter;Lgroovy/util/slurpersupport/Node;)V" line-rate="0.9285714285714286" branch-rate="0.7857142857142857">
							<lines>
								<line number="206" hits="36" branch="false"/>
								<line number="207" hits="36" branch="false"/>
								<line number="208" hits="36" branch="true" condition-coverage="100% (2/2)">
									<conditions>
										<condition number="0" type="jump" coverage="100%"/>
									</conditions>
								</line>
								<line number="209" hits="30" branch="false"/>
								<line number="210" hits="30" branch="false"/>
								<line number="211" hits="30" branch="true" condition-coverage="100% (2/2)">
									<conditions>
										<condition number="0" type="jump" coverage="100%"/>
									</conditions>
								</line>
								<line number="212" hits="78" branch="false"/>
								<line number="213" hits="78" branch="false"/>
								<line number="214" hits="78" branch="false"/>
								<line number="215" hits="30" branch="false"/>
								<line number="216" hits="30" branch="false"/>
								<line number="219" hits="36" branch="true" condition-coverage="100% (2/2)">
									<conditions>
										<condition number="0" type="jump" coverage="100%"/>
									</conditions>
								</line>
								<line number="220" hits="6" branch="false"/>
								<line number="221" hits="6" branch="false"/>
								<line number="222" hits="6" branch="true" condition-coverage="100% (2/2)">
									<conditions>
										<condition number="0" type="jump" coverage="100%"/>
									</conditions>
								</line>
								<line number="223" hits="6" branch="false"/>
								<line number="224" hits="6" branch="true" condition-coverage="50% (1/2)">
									<conditions>
										<condition number="0" type="jump" coverage="50%"/>
									</conditions>
								</line>
								<line number="225" hits="0" branch="false"/>
								<line number="226" hits="6" branch="true" condition-coverage="50% (1/2)">
									<conditions>
										<condition number="0" type="jump" coverage="50%"/>
									</conditions>
								</line>
								<line number="227" hits="6" branch="false"/>
								<line number="229" hits="6" branch="false"/>
								<line number="230" hits="6" branch="false"/>
								<line number="231" hits="6" branch="false"/>
								<line number="232" hits="6" branch="false"/>
								<line number="233" hits="30" branch="true" condition-coverage="50% (1/2)">
									<conditions>
										<condition number="0" type="jump" coverage="50%"/>
									</conditions>
								</line>
								<line number="234" hits="30" branch="false"/>
								<line number="236" hits="0" branch="false"/>
								<line number="238" hits="36" branch="false"/>
							</lines>
						</method>
						<method name="walkXml" signature="(Lgroovy/util/IndentPrinter;Lgroovy/util/slurpersupport/NodeChild;)V" line-rate="0.8571428571428571" branch-rate="0.5714285714285714">
							<lines>
								<line number="171" hits="6" branch="false"/>
								<line number="172" hits="6" branch="false"/>
								<line number="173" hits="6" branch="true" condition-coverage="50% (1/2)">
									<conditions>
										<condition number="0" type="jump" coverage="50%"/>
									</conditions>
								</line>
								<line number="174" hits="6" branch="false"/>
								<line number="175" hits="6" branch="false"/>
								<line number="176" hits="6" branch="true" condition-coverage="100% (2/2)">
									<conditions>
										<condition number="0" type="jump" coverage="100%"/>
									</conditions>
								</line>
								<line number="177" hits="12" branch="false"/>
								<line number="178" hits="12" branch="false"/>
								<line number="179" hits="12" branch="false"/>
								<line number="180" hits="6" branch="false"/>
								<line number="181" hits="6" branch="false"/>
								<line number="184" hits="6" branch="true" condition-coverage="50% (1/2)">
									<conditions>
										<condition number="0" type="jump" coverage="50%"/>
									</conditions>
								</line>
								<line number="185" hits="6" branch="false"/>
								<line number="186" hits="6" branch="false"/>
								<line number="187" hits="6" branch="true" condition-coverage="100% (2/2)">
									<conditions>
										<condition number="0" type="jump" coverage="100%"/>
									</conditions>
								</line>
								<line number="188" hits="30" branch="false"/>
								<line number="189" hits="30" branch="true" condition-coverage="50% (1/2)">
									<conditions>
										<condition number="0" type="jump" coverage="50%"/>
									</conditions>
								</line>
								<line number="190" hits="0" branch="false"/>
								<line number="191" hits="30" branch="true" condition-coverage="50% (1/2)">
									<conditions>
										<condition number="0" type="jump" coverage="50%"/>
									</conditions>
								</line>
								<line number="192" hits="30" branch="false"/>
								<line number="194" hits="30" branch="false"/>
								<line number="195" hits="6" branch="false"/>
								<line number="196" hits="6" branch="false"/>
								<line number="197" hits="6" branch="false"/>
								<line number="198" hits="0" branch="true" condition-coverage="0% (0/2)">
									<conditions>
										<condition number="0" type="jump" coverage="0%"/>
									</conditions>
								</line>
								<line number="199" hits="0" branch="false"/>
								<line number="201" hits="0" branch="false"/>
								<line number="203" hits="6" branch="false"/>
							</lines>
						</method>
					</methods>
					<lines>
						<line number="85" hits="1" branch="false"/>
						<line number="86" hits="1" branch="false"/>
						<line number="89" hits="11" branch="false"/>
						<line number="92" hits="1" branch="false"/>
						<line number="94" hits="1" branch="false"/>
						<line number="98" hits="2" branch="false"/>
						<line number="99" hits="1" branch="false"/>
						<line number="100" hits="1" branch="false"/>
						<line number="106" hits="0" branch="false"/>
						<line number="107" hits="0" branch="false"/>
						<line number="108" hits="0" branch="false"/>
						<line number="114" hits="2" branch="false"/>
						<line number="115" hits="1" branch="false"/>
						<line number="116" hits="1" branch="false"/>
						<line number="122" hits="2" branch="false"/>
						<line number="123" hits="1" branch="false"/>
						<line number="124" hits="1" branch="false"/>
						<line number="130" hits="2" branch="false"/>
						<line number="131" hits="1" branch="false"/>
						<line number="132" hits="1" branch="false"/>
						<line number="137" hits="1" branch="false"/>
						<line number="142" hits="2" branch="false"/>
						<line number="143" hits="1" branch="false"/>
						<line number="144" hits="1" branch="false"/>
						<line number="150" hits="10" branch="false"/>
						<line number="151" hits="0" branch="false"/>
						<line number="152" hits="0" branch="false"/>
						<line number="157" hits="6" branch="false"/>
						<line number="158" hits="6" branch="false"/>
						<line number="159" hits="6" branch="false"/>
						<line number="160" hits="6" branch="false"/>
						<line number="162" hits="6" branch="false"/>
						<line number="166" hits="6" branch="false"/>
						<line number="167" hits="6" branch="false"/>
						<line number="171" hits="6" branch="false"/>
						<line number="172" hits="6" branch="false"/>
						<line number="173" hits="6" branch="true" condition-coverage="50% (1/2)">
							<conditions>
								<condition number="0" type="jump" coverage="50%"/>
							</conditions>
						</line>
						<line number="174" hits="6" branch="false"/>
						<line number="175" hits="6" branch="false"/>
						<line number="176" hits="6" branch="true" condition-coverage="100% (2/2)">
[...]
										<condition number="0" type="jump" coverage="50%"/>
									</conditions>
								</line>
								<line number="64" hits="0" branch="false"/>
								<line number="65" hits="0" branch="false"/>
								<line number="67" hits="0" branch="false"/>
								<line number="69" hits="2" branch="false"/>
								<line number="72" hits="14" branch="false"/>
							</lines>
						</method>
					</methods>
					<lines>
						<line number="43" hits="2" branch="false"/>
						<line number="44" hits="2" branch="false"/>
						<line number="45" hits="2" branch="false"/>
						<line number="51" hits="18" branch="false"/>
						<line number="52" hits="18" branch="false"/>
						<line number="53" hits="18" branch="true" condition-coverage="100% (2/2)">
							<conditions>
								<condition number="0" type="jump" coverage="100%"/>
							</conditions>
						</line>
						<line number="54" hits="4" branch="false"/>
						<line number="55" hits="4" branch="false"/>
						<line number="58" hits="14" branch="false"/>
						<line number="59" hits="14" branch="true" condition-coverage="100% (2/2)">
							<conditions>
								<condition number="0" type="jump" coverage="100%"/>
							</conditions>
						</line>
						<line number="60" hits="2" branch="false"/>
						<line number="62" hits="2" branch="false"/>
						<line number="63" hits="2" branch="true" condition-coverage="50% (1/2)">
							<conditions>
								<condition number="0" type="jump" coverage="50%"/>
							</conditions>
						</line>
						<line number="64" hits="0" branch="false"/>
						<line number="65" hits="0" branch="false"/>
						<line number="67" hits="0" branch="false"/>
						<line number="69" hits="2" branch="false"/>
						<line number="72" hits="14" branch="false"/>
					</lines>
				</class>
				<class name="org.codehaus.griffon.runtime.groovy.util.GroovyScriptResourceBundle" filename="org/codehaus/griffon/runtime/groovy/util/GroovyScriptResourceBundle.java" line-rate="0.9130434782608695" branch-rate="0.5" complexity="1.4545454545454546">
					<methods>
						<method name="&lt;init&gt;" signature="(Lgriffon/util/ConfigReader;Lgroovy/lang/Script;)V" line-rate="1.0" branch-rate="1.0">
							<lines>
								<line number="51" hits="1" branch="false"/>
								<line number="52" hits="1" branch="false"/>
							</lines>
						</method>
						<method name="&lt;init&gt;" signature="(Lgriffon/util/ConfigReader;Ljava/lang/Class;)V" line-rate="1.0" branch-rate="1.0">
							<lines>
								<line number="59" hits="3" branch="false"/>
								<line number="60" hits="3" branch="false"/>
							</lines>
						</method>
						<method name="&lt;init&gt;" signature="(Lgriffon/util/ConfigReader;Ljava/lang/String;)V" line-rate="1.0" branch-rate="1.0">
							<lines>
								<line number="55" hits="1" branch="false"/>
								<line number="56" hits="1" branch="false"/>
							</lines>
						</method>
						<method name="&lt;init&gt;" signature="(Lgriffon/util/ConfigReader;Ljava/net/URL;)V" line-rate="1.0" branch-rate="1.0">
							<lines>
								<line number="47" hits="4" branch="false"/>
								<line number="48" hits="4" branch="false"/>
							</lines>
						</method>
						<method name="&lt;init&gt;" signature="(Lgroovy/util/ConfigObject;Ljava/lang/String;)V" line-rate="1.0" branch-rate="1.0">
							<lines>
								<line number="43" hits="9" branch="false"/>
								<line number="63" hits="9" branch="false"/>
								<line number="64" hits="9" branch="false"/>
								<line number="65" hits="9" branch="false"/>
								<line number="66" hits="9" branch="false"/>
								<line number="67" hits="9" branch="false"/>
							</lines>
						</method>
						<method name="getKeys" signature="()Ljava/util/Enumeration;" line-rate="1.0" branch-rate="1.0">
							<lines>
								<line number="94" hits="4" branch="false"/>
								<line number="95" hits="4" branch="false"/>
							</lines>
						</method>
						<method name="getSource" signature="()Ljava/lang/String;" line-rate="1.0" branch-rate="1.0">
							<lines>
								<line number="71" hits="2" branch="false"/>
							</lines>
						</method>
						<method name="handleGetObject" signature="(Ljava/lang/String;)Ljava/lang/Object;" line-rate="0.8" branch-rate="0.5">
							<lines>
								<line number="83" hits="13" branch="false"/>
								<line number="84" hits="13" branch="true" condition-coverage="100% (2/2)">
									<conditions>
										<condition number="0" type="jump" coverage="100%"/>
									</conditions>
								</line>
								<line number="85" hits="11" branch="true" condition-coverage="50% (1/2)">
									<conditions>
										<condition number="0" type="jump" coverage="50%"/>
									</conditions>
								</line>
								<line number="86" hits="0" branch="true" condition-coverage="0% (0/2)">
									<conditions>
										<condition number="0" type="jump" coverage="0%"/>
									</conditions>
								</line>
								<line number="88" hits="11" branch="false"/>
							</lines>
						</method>
						<method name="toString" signature="()Ljava/lang/String;" line-rate="0.0" branch-rate="1.0">
							<lines>
								<line number="76" hits="0" branch="false"/>
							</lines>
						</method>
					</methods>
					<lines>
						<line number="43" hits="9" branch="false"/>
						<line number="47" hits="4" branch="false"/>
						<line number="48" hits="4" branch="false"/>
						<line number="51" hits="1" branch="false"/>
						<line number="52" hits="1" branch="false"/>
						<line number="55" hits="1" branch="false"/>
						<line number="56" hits="1" branch="false"/>
						<line number="59" hits="3" branch="false"/>
						<line number="60" hits="3" branch="false"/>
						<line number="63" hits="9" branch="false"/>
						<line number="64" hits="9" branch="false"/>
						<line number="65" hits="9" branch="false"/>
						<line number="66" hits="9" branch="false"/>
						<line number="67" hits="9" branch="false"/>
						<line number="71" hits="2" branch="false"/>
						<line number="76" hits="0" branch="false"/>
						<line number="83" hits="13" branch="false"/>
						<line number="84" hits="13" branch="true" condition-coverage="100% (2/2)">
							<conditions>
								<condition number="0" type="jump" coverage="100%"/>
							</conditions>
						</line>
						<line number="85" hits="11" branch="true" condition-coverage="50% (1/2)">
							<conditions>
								<condition number="0" type="jump" coverage="50%"/>
							</conditions>
						</line>
						<line number="86" hits="0" branch="true" condition-coverage="0% (0/2)">
							<conditions>
								<condition number="0" type="jump" coverage="0%"/>
							</conditions>
						</line>
						<line number="88" hits="11" branch="false"/>
						<line number="94" hits="4" branch="false"/>
						<line number="95" hits="4" branch="false"/>
					</lines>
				</class>
				<class name="org.codehaus.griffon.runtime.groovy.util.GroovyScriptResourceBundle$1" filename="org/codehaus/griffon/runtime/groovy/util/GroovyScriptResourceBundle.java" line-rate="1.0" branch-rate="1.0" complexity="1.4545454545454546">
					<methods>
						<method name="&lt;init&gt;" signature="(Lorg/codehaus/griffon/runtime/groovy/util/GroovyScriptResourceBundle;Ljava/util/Iterator;)V" line-rate="1.0" branch-rate="1.0">
							<lines>
							</lines>
						</method>
						<method name="hasMoreElements" signature="()Z" line-rate="1.0" branch-rate="1.0">
							<lines>
								<line number="97" hits="8" branch="false"/>
							</lines>
						</method>
						<method name="nextElement" signature="()Ljava/lang/Object;" line-rate="1.0" branch-rate="1.0">
							<lines>
								<line number="95" hits="8" branch="false"/>
							</lines>
						</method>
						<method name="nextElement" signature="()Ljava/lang/String;" line-rate="1.0" branch-rate="1.0">
							<lines>
								<line number="101" hits="4" branch="false"/>
							</lines>
						</method>
					</methods>
					<lines>
						<line number="95" hits="8" branch="false"/>
						<line number="97" hits="8" branch="false"/>
						<line number="101" hits="4" branch="false"/>
					</lines>
				</class>
			</classes>
		</package>
		<package name="org.codehaus.griffon.runtime.groovy.view" line-rate="0.7727272727272727" branch-rate="1.0" complexity="1.0">
			<classes>
				<class name="org.codehaus.griffon.runtime.groovy.view.AbstractBuilderCustomizer" filename="org/codehaus/griffon/runtime/groovy/view/AbstractBuilderCustomizer.java" line-rate="0.8360655737704918" branch-rate="1.0" complexity="1.0">
					<methods>
						<method name="&lt;init&gt;" signature="()V" line-rate="1.0" branch-rate="1.0">
							<lines>
								<line number="38" hits="22" branch="false"/>
								<line number="39" hits="22" branch="false"/>
								<line number="40" hits="22" branch="false"/>
								<line number="41" hits="22" branch="false"/>
								<line number="42" hits="22" branch="false"/>
								<line number="43" hits="22" branch="false"/>
								<line number="44" hits="22" branch="false"/>
								<line number="45" hits="22" branch="false"/>
								<line number="46" hits="22" branch="false"/>
								<line number="47" hits="22" branch="false"/>
							</lines>
						</method>
						<method name="getAttributeDelegates" signature="()Ljava/util/List;" line-rate="1.0" branch-rate="1.0">
							<lines>
								<line number="97" hits="22" branch="false"/>
							</lines>
						</method>
						<method name="getDisposalClosures" signature="()Ljava/util/List;" line-rate="1.0" branch-rate="1.0">
							<lines>
								<line number="141" hits="22" branch="false"/>
							</lines>
						</method>
						<method name="getFactories" signature="()Ljava/util/Map;" line-rate="1.0" branch-rate="1.0">
							<lines>
								<line number="64" hits="22" branch="false"/>
							</lines>
						</method>
						<method name="getMethodMissingDelegate" signature="()Lgroovy/lang/Closure;" line-rate="1.0" branch-rate="1.0">
							<lines>
								<line number="152" hits="25" branch="false"/>
							</lines>
						</method>
						<method name="getMethods" signature="()Ljava/util/Map;" line-rate="1.0" branch-rate="1.0">
							<lines>
								<line number="75" hits="22" branch="false"/>
							</lines>
						</method>
						<method name="getPostInstantiateDelegates" signature="()Ljava/util/List;" line-rate="1.0" branch-rate="1.0">
							<lines>
								<line number="108" hits="22" branch="false"/>
							</lines>
						</method>
						<method name="getPostNodeCompletionDelegates" signature="()Ljava/util/List;" line-rate="1.0" branch-rate="1.0">
							<lines>
								<line number="119" hits="22" branch="false"/>
							</lines>
						</method>
						<method name="getPreInstantiateDelegates" signature="()Ljava/util/List;" line-rate="1.0" branch-rate="1.0">
							<lines>
								<line number="130" hits="22" branch="false"/>
							</lines>
						</method>
						<method name="getPropertyMissingDelegate" signature="()Lgroovy/lang/Closure;" line-rate="1.0" branch-rate="1.0">
							<lines>
								<line number="161" hits="22" branch="false"/>
							</lines>
						</method>
						<method name="getProps" signature="()Ljava/util/Map;" line-rate="1.0" branch-rate="1.0">
							<lines>
								<line number="86" hits="22" branch="false"/>
							</lines>
						</method>
						<method name="getVariables" signature="()Ljava/util/Map;" line-rate="1.0" branch-rate="1.0">
							<lines>
								<line number="53" hits="22" branch="false"/>
							</lines>
						</method>
						<method name="setAttributeDelegates" signature="(Ljava/util/List;)V" line-rate="1.0" branch-rate="1.0">
							<lines>
								<line number="101" hits="14" branch="false"/>
								<line number="102" hits="14" branch="false"/>
								<line number="103" hits="14" branch="false"/>
								<line number="104" hits="14" branch="false"/>
							</lines>
						</method>
						<method name="setDisposalClosures" signature="(Ljava/util/List;)V" line-rate="0.0" branch-rate="1.0">
							<lines>
								<line number="145" hits="0" branch="false"/>
								<line number="146" hits="0" branch="false"/>
								<line number="147" hits="0" branch="false"/>
								<line number="148" hits="0" branch="false"/>
							</lines>
						</method>
						<method name="setFactories" signature="(Ljava/util/Map;)V" line-rate="1.0" branch-rate="1.0">
							<lines>
								<line number="68" hits="22" branch="false"/>
								<line number="69" hits="22" branch="false"/>
								<line number="70" hits="22" branch="false"/>
								<line number="71" hits="22" branch="false"/>
							</lines>
						</method>
						<method name="setMethodMissingDelegate" signature="(Lgroovy/lang/Closure;)V" line-rate="1.0" branch-rate="1.0">
							<lines>
								<line number="156" hits="3" branch="false"/>
								<line number="157" hits="3" branch="false"/>
							</lines>
						</method>
						<method name="setMethods" signature="(Ljava/util/Map;)V" line-rate="1.0" branch-rate="1.0">
							<lines>
								<line number="79" hits="14" branch="false"/>
								<line number="80" hits="14" branch="false"/>
								<line number="81" hits="14" branch="false"/>
								<line number="82" hits="14" branch="false"/>
							</lines>
						</method>
						<method name="setPostInstantiateDelegates" signature="(Ljava/util/List;)V" line-rate="1.0" branch-rate="1.0">
							<lines>
								<line number="112" hits="14" branch="false"/>
								<line number="113" hits="14" branch="false"/>
								<line number="114" hits="14" branch="false"/>
								<line number="115" hits="14" branch="false"/>
							</lines>
						</method>
						<method name="setPostNodeCompletionDelegates" signature="(Ljava/util/List;)V" line-rate="1.0" branch-rate="1.0">
							<lines>
								<line number="123" hits="14" branch="false"/>
								<line number="124" hits="14" branch="false"/>
								<line number="125" hits="14" branch="false"/>
								<line number="126" hits="14" branch="false"/>
							</lines>
						</method>
						<method name="setPreInstantiateDelegates" signature="(Ljava/util/List;)V" line-rate="1.0" branch-rate="1.0">
							<lines>
								<line number="134" hits="14" branch="false"/>
								<line number="135" hits="14" branch="false"/>
								<line number="136" hits="14" branch="false"/>
								<line number="137" hits="14" branch="false"/>
							</lines>
						</method>
						<method name="setPropertyMissingDelegate" signature="(Lgroovy/lang/Closure;)V" line-rate="0.0" branch-rate="1.0">
							<lines>
								<line number="165" hits="0" branch="false"/>
								<line number="166" hits="0" branch="false"/>
							</lines>
						</method>
						<method name="setProps" signature="(Ljava/util/Map;)V" line-rate="1.0" branch-rate="1.0">
							<lines>
								<line number="90" hits="14" branch="false"/>
								<line number="91" hits="14" branch="false"/>
								<line number="92" hits="14" branch="false"/>
								<line number="93" hits="14" branch="false"/>
							</lines>
						</method>
						<method name="setVariables" signature="(Ljava/util/Map;)V" line-rate="0.0" branch-rate="1.0">
							<lines>
								<line number="57" hits="0" branch="false"/>
								<line number="58" hits="0" branch="false"/>
								<line number="59" hits="0" branch="false"/>
								<line number="60" hits="0" branch="false"/>
							</lines>
						</method>
					</methods>
					<lines>
						<line number="38" hits="22" branch="false"/>
						<line number="39" hits="22" branch="false"/>
						<line number="40" hits="22" branch="false"/>
						<line number="41" hits="22" branch="false"/>
						<line number="42" hits="22" branch="false"/>
						<line number="43" hits="22" branch="false"/>
						<line number="44" hits="22" branch="false"/>
						<line number="45" hits="22" branch="false"/>
						<line number="46" hits="22" branch="false"/>
						<line number="47" hits="22" branch="false"/>
						<line number="53" hits="22" branch="false"/>
						<line number="57" hits="0" branch="false"/>
						<line number="58" hits="0" branch="false"/>
						<line number="59" hits="0" branch="false"/>
						<line number="60" hits="0" branch="false"/>
						<line number="64" hits="22" branch="false"/>
						<line number="68" hits="22" branch="false"/>
						<line number="69" hits="22" branch="false"/>
						<line number="70" hits="22" branch="false"/>
						<line number="71" hits="22" branch="false"/>
						<line number="75" hits="22" branch="false"/>
						<line number="79" hits="14" branch="false"/>
						<line number="80" hits="14" branch="false"/>
						<line number="81" hits="14" branch="false"/>
						<line number="82" hits="14" branch="false"/>
						<line number="86" hits="22" branch="false"/>
						<line number="90" hits="14" branch="false"/>
						<line number="91" hits="14" branch="false"/>
						<line number="92" hits="14" branch="false"/>
						<line number="93" hits="14" branch="false"/>
						<line number="97" hits="22" branch="false"/>
						<line number="101" hits="14" branch="false"/>
						<line number="102" hits="14" branch="false"/>
						<line number="103" hits="14" branch="false"/>
						<line number="104" hits="14" branch="false"/>
						<line number="108" hits="22" branch="false"/>
						<line number="112" hits="14" branch="false"/>
						<line number="113" hits="14" branch="false"/>
						<line number="114" hits="14" branch="false"/>
						<line number="115" hits="14" branch="false"/>
						<line number="119" hits="22" branch="false"/>
						<line number="123" hits="14" branch="false"/>
						<line number="124" hits="14" branch="false"/>
						<line number="125" hits="14" branch="false"/>
						<line number="126" hits="14" branch="false"/>
						<line number="130" hits="22" branch="false"/>
						<line number="134" hits="14" branch="false"/>
						<line number="135" hits="14" branch="false"/>
						<line number="136" hits="14" branch="false"/>
						<line number="137" hits="14" branch="false"/>
						<line number="141" hits="22" branch="false"/>
						<line number="145" hits="0" branch="false"/>
						<line number="146" hits="0" branch="false"/>
						<line number="147" hits="0" branch="false"/>
						<line number="148" hits="0" branch="false"/>
						<line number="152" hits="25" branch="false"/>
						<line number="156" hits="3" branch="false"/>
						<line number="157" hits="3" branch="false"/>
						<line number="161" hits="22" branch="false"/>
						<line number="165" hits="0" branch="false"/>
						<line number="166" hits="0" branch="false"/>
					</lines>
				</class>
				<class name="org.codehaus.griffon.runtime.groovy.view.AbstractGriffonViewScript" filename="org/codehaus/griffon/runtime/groovy/view/AbstractGriffonViewScript.java" line-rate="0.0" branch-rate="1.0" complexity="1.0">
					<methods>
						<method name="&lt;init&gt;" signature="()V" line-rate="0.0" branch-rate="1.0">
							<lines>
								<line number="33" hits="0" branch="false"/>
							</lines>
						</method>
						<method name="getArtifactType" signature="()Ljava/lang/String;" line-rate="0.0" branch-rate="1.0">
							<lines>
								<line number="39" hits="0" branch="false"/>
							</lines>
						</method>
						<method name="getBuilder" signature="()Lgroovy/util/FactoryBuilderSupport;" line-rate="0.0" branch-rate="1.0">
							<lines>
								<line number="44" hits="0" branch="false"/>
							</lines>
						</method>
						<method name="setBuilder" signature="(Lgroovy/util/FactoryBuilderSupport;)V" line-rate="0.0" branch-rate="1.0">
							<lines>
								<line number="48" hits="0" branch="false"/>
								<line number="49" hits="0" branch="false"/>
							</lines>
						</method>
					</methods>
					<lines>
						<line number="33" hits="0" branch="false"/>
						<line number="39" hits="0" branch="false"/>
						<line number="44" hits="0" branch="false"/>
						<line number="48" hits="0" branch="false"/>
						<line number="49" hits="0" branch="false"/>
					</lines>
				</class>
			</classes>
		</package>
	</packages>
</coverage>
